<testsuites><testsuite errors="8" failures="1" name="Sanitycheck" skipped="16" tests="771" time="3068.838268"><testcase classname="iotdk:portability.posix.common" name="portability.posix.common.posix_pthread_execution" time="43.021730"><failure message="failed" type="failure">*** Booting Zephyr OS build zephyr-v2.2.0-273-g350dc0601d15  ***
Running test suite posix_apis
===================================================================
starting test - test_posix_pthread_execution

    Assertion failed at ZEPHYR_BASE/tests/posix/common/src/pthread.c:294: test_posix_pthread_execution: (ret not equal to ESRCH)
uninitialized getname!
FAIL - test_posix_pthread_execution
===================================================================
starting test - test_posix_pthread_termination
Thread 0 starting with a priority of 4
Cancelling thread 0
Thread 1 starting with a priority of 3
Cancelling thread 1
Thread 1 could not be cancelled
Thread 2 starting with a priority of 2
Cancelling thread 2
Thread 3 starting with a priority of 1
Cancelling thread 3
Thread 3 could not be cancelled
PASS - test_posix_pthread_termination
===================================================================
starting test - test_posix_multiple_threads_single_key

Different threads set different values to same key:
thread 0: set value = -2147478908 and retrieved value = -2147478908
thread 1: set value = -2147478652 and retrieved value = -2147478652

PASS - test_posix_multiple_threads_single_key
===================================================================
starting test - test_posix_single_thread_multiple_keys

Single thread associates its value with different keys:
key 0: set value = -2147479164 and retrieved value = -2147479164
key 1: set value = -2147479164 and retrieved value = -2147479164

PASS - test_posix_single_thread_multiple_keys
===================================================================
starting test - test_posix_clock
POSIX clock APIs
POSIX clock APIs test done
PASS - test_posix_clock
===================================================================
starting test - test_posix_semaphore
PASS - test_posix_semaphore
===================================================================
starting test - test_posix_normal_mutex
mutex lock is taken
PASS - test_posix_normal_mutex
===================================================================
starting test - test_posix_recursive_mutex
recrusive mutex lock is taken
PASS - test_posix_recursive_mutex
===================================================================
starting test - test_posix_mqueue
PASS - test_posix_mqueue
===================================================================
starting test - test_posix_realtime
POSIX clock set APIs
POSIX clock set APIs test done
PASS - test_posix_realtime
===================================================================
starting test - test_posix_timer
POSIX timer test
Timer fires every 0 secs and  100000000 nsecs
Time remaining to fire 0 secs and  899000000 nsecs
Handler Signal value :20 for 1 times
Handler Signal value :20 for 2 times
Handler Signal value :20 for 3 times
Handler Signal value :20 for 4 times
Handler Signal value :20 for 5 times
Handler Signal value :20 for 6 times
Handler Signal value :20 for 7 times
Handler Signal value :20 for 8 times
Handler Signal value :20 for 9 times
Handler Signal value :20 for 10 times
Handler Signal value :20 for 11 times
Handler Signal value :20 for 12 times
PASS - test_posix_timer
===================================================================
starting test - test_posix_rw_lock

main acquire WR lock and 3 threads acquire RD lock
Thread 2 schParent thread releasing WR lock
eduling polParent thread acquiring WR lock again
Parent thread acquired WR lock again
icy = 1 &amp; pParent thread releasing WR lock again

3 threads acquire WR lock
Main thread acquiring RD lock
Main thread acquired RD lock
riority 3 sMain thread releasing RD lock
tarted
Thread 2 got RD lock
Thread 1 scThread 2 releasing RD lock
Thread 2 acquiring WR lock
Thread 2 acquired WR lock
heduling poThread 2 releasing WR lock
licy = 1 &amp; priority 2 started
Thread 1 got RD lock
Thread 0 scThread 1 releasing RD lock
Thread 1 acquiring WR lock
Thread 1 acquired WR lock
heduling poThread 1 releasing WR lock
licy = 1 &amp; priority 1 started
Thread 0 got RD lock
Thread 0 releasing RD lock
Thread 0 acquiring WR lock
Thread 0 acquired WR lock
Thread 0 releasing WR lock
PASS - test_posix_rw_lock
===================================================================
Test suite posix_apis failed.
===================================================================
PROJECT EXECUTION FAILED
</failure></testcase><testcase classname="iotdk:portability.posix.common" name="portability.posix.common.posix_pthread_termination" time="43.021730" /><testcase classname="iotdk:portability.posix.common" name="portability.posix.common.posix_multiple_threads_single_key" time="43.021730" /><testcase classname="iotdk:portability.posix.common" name="portability.posix.common.posix_single_thread_multiple_keys" time="43.021730" /><testcase classname="iotdk:portability.posix.common" name="portability.posix.common.posix_clock" time="43.021730" /><testcase classname="iotdk:portability.posix.common" name="portability.posix.common.posix_semaphore" time="43.021730" /><testcase classname="iotdk:portability.posix.common" name="portability.posix.common.posix_normal_mutex" time="43.021730" /><testcase classname="iotdk:portability.posix.common" name="portability.posix.common.posix_recursive_mutex" time="43.021730" /><testcase classname="iotdk:portability.posix.common" name="portability.posix.common.posix_mqueue" time="43.021730" /><testcase classname="iotdk:portability.posix.common" name="portability.posix.common.posix_realtime" time="43.021730" /><testcase classname="iotdk:portability.posix.common" name="portability.posix.common.posix_timer" time="43.021730" /><testcase classname="iotdk:portability.posix.common" name="portability.posix.common.posix_rw_lock" time="43.021730" /><testcase classname="iotdk:portability.posix.common.newlib" name="portability.posix.common.newlib.posix_pthread_execution" time="43.918539" /><testcase classname="iotdk:portability.posix.common.newlib" name="portability.posix.common.newlib.posix_pthread_termination" time="43.918539" /><testcase classname="iotdk:portability.posix.common.newlib" name="portability.posix.common.newlib.posix_multiple_threads_single_key" time="43.918539" /><testcase classname="iotdk:portability.posix.common.newlib" name="portability.posix.common.newlib.posix_single_thread_multiple_keys" time="43.918539" /><testcase classname="iotdk:portability.posix.common.newlib" name="portability.posix.common.newlib.posix_clock" time="43.918539" /><testcase classname="iotdk:portability.posix.common.newlib" name="portability.posix.common.newlib.posix_semaphore" time="43.918539" /><testcase classname="iotdk:portability.posix.common.newlib" name="portability.posix.common.newlib.posix_normal_mutex" time="43.918539" /><testcase classname="iotdk:portability.posix.common.newlib" name="portability.posix.common.newlib.posix_recursive_mutex" time="43.918539" /><testcase classname="iotdk:portability.posix.common.newlib" name="portability.posix.common.newlib.posix_mqueue" time="43.918539" /><testcase classname="iotdk:portability.posix.common.newlib" name="portability.posix.common.newlib.posix_realtime" time="43.918539" /><testcase classname="iotdk:portability.posix.common.newlib" name="portability.posix.common.newlib.posix_timer" time="43.918539" /><testcase classname="iotdk:portability.posix.common.newlib" name="portability.posix.common.newlib.posix_rw_lock" time="43.918539" /><testcase classname="iotdk:portability.posix.fs" name="portability.posix.fs.fs_mount" time="30.681820" /><testcase classname="iotdk:portability.posix.fs" name="portability.posix.fs.fs_open" time="30.681820" /><testcase classname="iotdk:portability.posix.fs" name="portability.posix.fs.fs_write" time="30.681820" /><testcase classname="iotdk:portability.posix.fs" name="portability.posix.fs.fs_read" time="30.681820" /><testcase classname="iotdk:portability.posix.fs" name="portability.posix.fs.fs_close" time="30.681820" /><testcase classname="iotdk:portability.posix.fs" name="portability.posix.fs.fs_fd_leak" time="30.681820" /><testcase classname="iotdk:portability.posix.fs" name="portability.posix.fs.fs_unlink" time="30.681820" /><testcase classname="iotdk:portability.posix.fs" name="portability.posix.fs.fs_mkdir" time="30.681820" /><testcase classname="iotdk:portability.posix.fs" name="portability.posix.fs.fs_readdir" time="30.681820" /><testcase classname="iotdk:portability.posix.fs.newlib" name="portability.posix.fs.newlib.fs_mount" time="30.870902" /><testcase classname="iotdk:portability.posix.fs.newlib" name="portability.posix.fs.newlib.fs_open" time="30.870902" /><testcase classname="iotdk:portability.posix.fs.newlib" name="portability.posix.fs.newlib.fs_write" time="30.870902" /><testcase classname="iotdk:portability.posix.fs.newlib" name="portability.posix.fs.newlib.fs_read" time="30.870902" /><testcase classname="iotdk:portability.posix.fs.newlib" name="portability.posix.fs.newlib.fs_close" time="30.870902" /><testcase classname="iotdk:portability.posix.fs.newlib" name="portability.posix.fs.newlib.fs_fd_leak" time="30.870902" /><testcase classname="iotdk:portability.posix.fs.newlib" name="portability.posix.fs.newlib.fs_unlink" time="30.870902" /><testcase classname="iotdk:portability.posix.fs.newlib" name="portability.posix.fs.newlib.fs_mkdir" time="30.870902" /><testcase classname="iotdk:portability.posix.fs.newlib" name="portability.posix.fs.newlib.fs_readdir" time="30.870902" /><testcase classname="iotdk:benchmark.kernel.timing.default" name="benchmark.kernel.timing.default" time="38.701875" /><testcase classname="iotdk:benchmark.kernel.timing.userspace" name="benchmark.kernel.timing.userspace" time="38.941306" /><testcase classname="iotdk:application_development.cpp.libcxx" name="application_development.cpp.libcxx.array" time="30.574433" /><testcase classname="iotdk:application_development.cpp.libcxx" name="application_development.cpp.libcxx.vector" time="30.574433" /><testcase classname="iotdk:application_development.cpp.libcxx" name="application_development.cpp.libcxx.make_unique" time="30.574433" /><testcase classname="iotdk:application_development.cpp.libcxx.exceptions" name="application_development.cpp.libcxx.exceptions.array" time="30.590182" /><testcase classname="iotdk:application_development.cpp.libcxx.exceptions" name="application_development.cpp.libcxx.exceptions.vector" time="30.590182" /><testcase classname="iotdk:application_development.cpp.libcxx.exceptions" name="application_development.cpp.libcxx.exceptions.make_unique" time="30.590182" /><testcase classname="iotdk:application_development.cpp.main" name="application_development.cpp.main.new_delete" time="30.526773" /><testcase classname="iotdk:buildsystem.include_file" name="buildsystem.include_file.gen_inc_file" time="30.556411" /><testcase classname="iotdk:buildsystem.include_file" name="buildsystem.include_file.gen_gz_inc_file_no_mtime" time="30.556411" /><testcase classname="iotdk:buildsystem.include_file" name="buildsystem.include_file.gen_gz_inc_file_mtime_arg" time="30.556411" /><testcase classname="iotdk:testing.ztest.mock" name="testing.ztest.mock.parameter_tests" time="30.532118" /><testcase classname="iotdk:testing.ztest.mock" name="testing.ztest.mock.return_value_tests" time="30.532118" /><testcase classname="iotdk:testing.ztest.mock" name="testing.ztest.mock.multi_value_tests" time="30.532118" /><testcase classname="iotdk:testing.ztest.regular_output" name="testing.ztest.regular_output.assert_pass" time="30.525857" /><testcase classname="iotdk:testing.ztest.regular_output" name="testing.ztest.regular_output.assert_skip" time="30.525857"><skipped message="Skipped" type="skipped" /></testcase><testcase classname="iotdk:testing.ztest.verbose_0" name="testing.ztest.verbose_0.empty_test" time="30.509931" /><testcase classname="iotdk:testing.ztest.verbose_0" name="testing.ztest.verbose_0.assert_tests" time="30.509931" /><testcase classname="iotdk:testing.ztest.verbose_0" name="testing.ztest.verbose_0.assert_mem_equal" time="30.509931" /><testcase classname="iotdk:testing.ztest.verbose_1" name="testing.ztest.verbose_1.empty_test" time="30.510946" /><testcase classname="iotdk:testing.ztest.verbose_1" name="testing.ztest.verbose_1.assert_tests" time="30.510946" /><testcase classname="iotdk:testing.ztest.verbose_1" name="testing.ztest.verbose_1.assert_mem_equal" time="30.510946" /><testcase classname="iotdk:testing.ztest.verbose_2" name="testing.ztest.verbose_2.empty_test" time="30.574298" /><testcase classname="iotdk:testing.ztest.verbose_2" name="testing.ztest.verbose_2.assert_tests" time="30.574298" /><testcase classname="iotdk:testing.ztest.verbose_2" name="testing.ztest.verbose_2.assert_mem_equal" time="30.574298" /><testcase classname="iotdk:drivers.device_id" name="drivers.device_id.device_id_get" time="30.510652" /><testcase classname="iotdk:drivers.device_id" name="drivers.device_id.device_id_enotsup" time="30.510652" /><testcase classname="iotdk:logging.log_core" name="logging.log_core.log_backend_runtime_filtering" time="30.509063" /><testcase classname="iotdk:logging.log_core" name="logging.log_core.log_overflow" time="30.509063" /><testcase classname="iotdk:logging.log_core" name="logging.log_core.log_arguments" time="30.509063" /><testcase classname="iotdk:logging.log_core" name="logging.log_core.log_from_declared_module" time="30.509063" /><testcase classname="iotdk:logging.log_core" name="logging.log_core.log_strdup_gc" time="30.509063" /><testcase classname="iotdk:logging.log_core" name="logging.log_core.log_strdup_detect_miss" time="30.509063" /><testcase classname="iotdk:logging.log_core" name="logging.log_core.strdup_trimming" time="30.509063" /><testcase classname="iotdk:logging.log_core" name="logging.log_core.log_msg_dropped_notification" time="30.509063" /><testcase classname="iotdk:logging.log_core" name="logging.log_core.z_log_get_s_mask" time="30.509063" /><testcase classname="iotdk:logging.log_core" name="logging.log_core.log_panic" time="30.509063" /><testcase classname="iotdk:logging.log_output" name="logging.log_output.log_output_raw_string" time="30.638634" /><testcase classname="iotdk:logging.log_output" name="logging.log_output.log_output_string" time="30.638634" /><testcase classname="iotdk:logging.log_msg" name="logging.log_msg.log_std_msg" time="30.524630" /><testcase classname="iotdk:logging.log_msg" name="logging.log_msg.log_hexdump_msg" time="30.524630" /><testcase classname="iotdk:logging.log_msg" name="logging.log_msg.log_hexdump_data_get_single_chunk" time="30.524630" /><testcase classname="iotdk:logging.log_msg" name="logging.log_msg.log_hexdump_data_get_two_chunks" time="30.524630" /><testcase classname="iotdk:logging.log_msg" name="logging.log_msg.log_hexdump_data_get_multiple_chunks" time="30.524630" /><testcase classname="iotdk:logging.log_list" name="logging.log_list.log_list" time="30.540679" /><testcase classname="iotdk:logging.log_list" name="logging.log_list.log_list_multiple_items" time="30.540679" /><testcase classname="iotdk:libraries.encoding.jwt" name="libraries.encoding.jwt.jwt" time="30.684149" /><testcase classname="iotdk:tracing.backends.openocd" name="tracing.backends.openocd" time="1.751572" /><testcase classname="iotdk:shell.history" name="shell.history.history_add_get" time="30.574682" /><testcase classname="iotdk:shell.history" name="shell.history.history_purge" time="30.574682" /><testcase classname="iotdk:shell.history" name="shell.history.history_get_up_and_down" time="30.574682" /><testcase classname="iotdk:shell.history" name="shell.history.too_long_line_not_stored" time="30.574682" /><testcase classname="iotdk:shell.history" name="shell.history.no_duplicates_in_a_row" time="30.574682" /><testcase classname="iotdk:shell.history" name="shell.history.storing_long_buffers" time="30.574682" /><testcase classname="iotdk:libraries.onoff" name="libraries.onoff.service_init_validation" time="30.749918" /><testcase classname="iotdk:libraries.onoff" name="libraries.onoff.client_init_validation" time="30.749918" /><testcase classname="iotdk:libraries.onoff" name="libraries.onoff.validate_args" time="30.749918" /><testcase classname="iotdk:libraries.onoff" name="libraries.onoff.reset" time="30.749918" /><testcase classname="iotdk:libraries.onoff" name="libraries.onoff.request" time="30.749918" /><testcase classname="iotdk:libraries.onoff" name="libraries.onoff.sync" time="30.749918" /><testcase classname="iotdk:libraries.onoff" name="libraries.onoff.async" time="30.749918" /><testcase classname="iotdk:libraries.onoff" name="libraries.onoff.half_sync" time="30.749918" /><testcase classname="iotdk:libraries.onoff" name="libraries.onoff.cancel_request_waits" time="30.749918" /><testcase classname="iotdk:libraries.onoff" name="libraries.onoff.cancel_request_ok" time="30.749918" /><testcase classname="iotdk:libraries.onoff" name="libraries.onoff.blocked_restart" time="30.749918" /><testcase classname="iotdk:libraries.onoff" name="libraries.onoff.cancel_release" time="30.749918" /><testcase classname="iotdk:libraries.data_structures" name="libraries.data_structures.ringbuffer_init" time="30.524705" /><testcase classname="iotdk:libraries.data_structures" name="libraries.data_structures.ringbuffer_declare_pow2" time="30.524705" /><testcase classname="iotdk:libraries.data_structures" name="libraries.data_structures.ringbuffer_declare_size" time="30.524705" /><testcase classname="iotdk:libraries.data_structures" name="libraries.data_structures.ringbuffer_put_get_thread" time="30.524705" /><testcase classname="iotdk:libraries.data_structures" name="libraries.data_structures.ringbuffer_put_get_isr" time="30.524705" /><testcase classname="iotdk:libraries.data_structures" name="libraries.data_structures.ringbuffer_put_get_thread_isr" time="30.524705" /><testcase classname="iotdk:libraries.data_structures" name="libraries.data_structures.ringbuffer_pow2_put_get_thread_isr" time="30.524705" /><testcase classname="iotdk:libraries.data_structures" name="libraries.data_structures.ringbuffer_size_put_get_thread_isr" time="30.524705" /><testcase classname="iotdk:libraries.data_structures" name="libraries.data_structures.ring_buffer_main" time="30.524705" /><testcase classname="iotdk:libraries.data_structures" name="libraries.data_structures.ringbuffer_raw" time="30.524705" /><testcase classname="iotdk:libraries.data_structures" name="libraries.data_structures.ringbuffer_alloc_put" time="30.524705" /><testcase classname="iotdk:libraries.data_structures" name="libraries.data_structures.byte_put_free" time="30.524705" /><testcase classname="iotdk:libraries.data_structures" name="libraries.data_structures.capacity" time="30.524705" /><testcase classname="iotdk:libraries.data_structures" name="libraries.data_structures.reset" time="30.524705" /><testcase classname="iotdk:libraries.libc.sprintf" name="libraries.libc.sprintf.sprintf_double" time="30.524703" /><testcase classname="iotdk:libraries.libc.sprintf" name="libraries.libc.sprintf.sprintf_integer" time="30.524703" /><testcase classname="iotdk:libraries.libc.sprintf" name="libraries.libc.sprintf.vsprintf" time="30.524703" /><testcase classname="iotdk:libraries.libc.sprintf" name="libraries.libc.sprintf.vsnprintf" time="30.524703" /><testcase classname="iotdk:libraries.libc.sprintf" name="libraries.libc.sprintf.sprintf_string" time="30.524703" /><testcase classname="iotdk:libraries.libc.sprintf" name="libraries.libc.sprintf.sprintf_misc" time="30.524703" /><testcase classname="iotdk:libraries.encoding.json" name="libraries.encoding.json.json_encoding" time="30.590302" /><testcase classname="iotdk:libraries.encoding.json" name="libraries.encoding.json.json_decoding" time="30.590302" /><testcase classname="iotdk:libraries.encoding.json" name="libraries.encoding.json.json_decoding_array_array" time="30.590302" /><testcase classname="iotdk:libraries.encoding.json" name="libraries.encoding.json.json_obj_arr_encoding" time="30.590302" /><testcase classname="iotdk:libraries.encoding.json" name="libraries.encoding.json.json_obj_arr_decoding" time="30.590302" /><testcase classname="iotdk:libraries.encoding.json" name="libraries.encoding.json.json_invalid_string" time="30.590302" /><testcase classname="iotdk:libraries.encoding.json" name="libraries.encoding.json.json_invalid_bool" time="30.590302" /><testcase classname="iotdk:libraries.encoding.json" name="libraries.encoding.json.json_invalid_null" time="30.590302" /><testcase classname="iotdk:libraries.encoding.json" name="libraries.encoding.json.json_invalid_number" time="30.590302" /><testcase classname="iotdk:libraries.encoding.json" name="libraries.encoding.json.json_missing_quote" time="30.590302" /><testcase classname="iotdk:libraries.encoding.json" name="libraries.encoding.json.json_wrong_token" time="30.590302" /><testcase classname="iotdk:libraries.encoding.json" name="libraries.encoding.json.json_item_wrong_type" time="30.590302" /><testcase classname="iotdk:libraries.encoding.json" name="libraries.encoding.json.json_key_not_in_descr" time="30.590302" /><testcase classname="iotdk:libraries.encoding.json" name="libraries.encoding.json.json_escape" time="30.590302" /><testcase classname="iotdk:libraries.encoding.json" name="libraries.encoding.json.json_escape_one" time="30.590302" /><testcase classname="iotdk:libraries.encoding.json" name="libraries.encoding.json.json_escape_empty" time="30.590302" /><testcase classname="iotdk:libraries.encoding.json" name="libraries.encoding.json.json_escape_no_op" time="30.590302" /><testcase classname="iotdk:libraries.encoding.json" name="libraries.encoding.json.json_escape_bounds_check" time="30.590302" /><testcase classname="iotdk:libraries.libc.minimal.mem_alloc" name="libraries.libc.minimal.mem_alloc.malloc" time="60.940202" /><testcase classname="iotdk:libraries.libc.minimal.mem_alloc" name="libraries.libc.minimal.mem_alloc.free" time="60.940202" /><testcase classname="iotdk:libraries.libc.minimal.mem_alloc" name="libraries.libc.minimal.mem_alloc.calloc" time="60.940202" /><testcase classname="iotdk:libraries.libc.minimal.mem_alloc" name="libraries.libc.minimal.mem_alloc.realloc" time="60.940202"><error message="failed" type="failure">*** Booting Zephyr OS build zephyr-v2.2.0-273-g350dc0601d15  ***
Running test suite test_c_lib_dynamic_memalloc
===================================================================
starting test - test_malloc
PASS - test_malloc
===================================================================
starting test - test_free
PASS - test_free
===================================================================
starting test - test_calloc
PASS - test_calloc
===================================================================
starting test - test_realloc
E: ***** Exception vector: 0x2, cause code: 0x0, parameter 0x0
E: Address 0x20000704
E: Faulting instruction address = 0x20000704
E: &gt;&gt;&gt; ZEPHYR FATAL ERROR 0: CPU exception on CPU 0
E: Current thread: 0x80001904 (unknown)
E: Halting system
</error></testcase><testcase classname="iotdk:libraries.libc.minimal.mem_alloc" name="libraries.libc.minimal.mem_alloc.reallocarray" time="60.940202"><error message="failed" type="failure">*** Booting Zephyr OS build zephyr-v2.2.0-273-g350dc0601d15  ***
Running test suite test_c_lib_dynamic_memalloc
===================================================================
starting test - test_malloc
PASS - test_malloc
===================================================================
starting test - test_free
PASS - test_free
===================================================================
starting test - test_calloc
PASS - test_calloc
===================================================================
starting test - test_realloc
E: ***** Exception vector: 0x2, cause code: 0x0, parameter 0x0
E: Address 0x20000704
E: Faulting instruction address = 0x20000704
E: &gt;&gt;&gt; ZEPHYR FATAL ERROR 0: CPU exception on CPU 0
E: Current thread: 0x80001904 (unknown)
E: Halting system
</error></testcase><testcase classname="iotdk:libraries.libc.minimal.mem_alloc" name="libraries.libc.minimal.mem_alloc.memalloc_all" time="60.940202"><error message="failed" type="failure">*** Booting Zephyr OS build zephyr-v2.2.0-273-g350dc0601d15  ***
Running test suite test_c_lib_dynamic_memalloc
===================================================================
starting test - test_malloc
PASS - test_malloc
===================================================================
starting test - test_free
PASS - test_free
===================================================================
starting test - test_calloc
PASS - test_calloc
===================================================================
starting test - test_realloc
E: ***** Exception vector: 0x2, cause code: 0x0, parameter 0x0
E: Address 0x20000704
E: Faulting instruction address = 0x20000704
E: &gt;&gt;&gt; ZEPHYR FATAL ERROR 0: CPU exception on CPU 0
E: Current thread: 0x80001904 (unknown)
E: Halting system
</error></testcase><testcase classname="iotdk:libraries.libc.minimal.mem_alloc" name="libraries.libc.minimal.mem_alloc.memalloc_max" time="60.940202"><error message="failed" type="failure">*** Booting Zephyr OS build zephyr-v2.2.0-273-g350dc0601d15  ***
Running test suite test_c_lib_dynamic_memalloc
===================================================================
starting test - test_malloc
PASS - test_malloc
===================================================================
starting test - test_free
PASS - test_free
===================================================================
starting test - test_calloc
PASS - test_calloc
===================================================================
starting test - test_realloc
E: ***** Exception vector: 0x2, cause code: 0x0, parameter 0x0
E: Address 0x20000704
E: Faulting instruction address = 0x20000704
E: &gt;&gt;&gt; ZEPHYR FATAL ERROR 0: CPU exception on CPU 0
E: Current thread: 0x80001904 (unknown)
E: Halting system
</error></testcase><testcase classname="iotdk:libraries.libc.newlib" name="libraries.libc.newlib.malloc" time="30.780151" /><testcase classname="iotdk:libraries.libc.newlib" name="libraries.libc.newlib.free" time="30.780151" /><testcase classname="iotdk:libraries.libc.newlib" name="libraries.libc.newlib.calloc" time="30.780151" /><testcase classname="iotdk:libraries.libc.newlib" name="libraries.libc.newlib.realloc" time="30.780151" /><testcase classname="iotdk:libraries.libc.newlib" name="libraries.libc.newlib.reallocarray" time="30.780151"><skipped message="Skipped" type="skipped" /></testcase><testcase classname="iotdk:libraries.libc.newlib" name="libraries.libc.newlib.memalloc_all" time="30.780151" /><testcase classname="iotdk:libraries.libc.newlib" name="libraries.libc.newlib.memalloc_max" time="30.780151" /><testcase classname="iotdk:libraries.libc" name="libraries.libc.limits" time="30.524843" /><testcase classname="iotdk:libraries.libc" name="libraries.libc.ssize_t" time="30.524843" /><testcase classname="iotdk:libraries.libc" name="libraries.libc.stdbool" time="30.524843" /><testcase classname="iotdk:libraries.libc" name="libraries.libc.stddef" time="30.524843" /><testcase classname="iotdk:libraries.libc" name="libraries.libc.stdint" time="30.524843" /><testcase classname="iotdk:libraries.libc" name="libraries.libc.memcmp" time="30.524843" /><testcase classname="iotdk:libraries.libc" name="libraries.libc.strchr" time="30.524843" /><testcase classname="iotdk:libraries.libc" name="libraries.libc.strcpy" time="30.524843" /><testcase classname="iotdk:libraries.libc" name="libraries.libc.strncpy" time="30.524843" /><testcase classname="iotdk:libraries.libc" name="libraries.libc.memset" time="30.524843" /><testcase classname="iotdk:libraries.libc" name="libraries.libc.strlen" time="30.524843" /><testcase classname="iotdk:libraries.libc" name="libraries.libc.strcmp" time="30.524843" /><testcase classname="iotdk:libraries.libc" name="libraries.libc.strxspn" time="30.524843" /><testcase classname="iotdk:libraries.libc" name="libraries.libc.bsearch" time="30.524843" /><testcase classname="iotdk:libraries.os.fdtable" name="libraries.os.fdtable.z_reserve_fd" time="30.524553" /><testcase classname="iotdk:libraries.os.fdtable" name="libraries.os.fdtable.z_get_fd_obj_and_vtable" time="30.524553" /><testcase classname="iotdk:libraries.os.fdtable" name="libraries.os.fdtable.z_get_fd_obj" time="30.524553" /><testcase classname="iotdk:libraries.os.fdtable" name="libraries.os.fdtable.z_finalize_fd" time="30.524553" /><testcase classname="iotdk:libraries.os.fdtable" name="libraries.os.fdtable.z_alloc_fd" time="30.524553" /><testcase classname="iotdk:libraries.os.fdtable" name="libraries.os.fdtable.z_free_fd" time="30.524553" /><testcase classname="iotdk:shell.core" name="shell.core.cmd_help" time="30.585281" /><testcase classname="iotdk:shell.core" name="shell.core.cmd_clear" time="30.585281" /><testcase classname="iotdk:shell.core" name="shell.core.cmd_shell" time="30.585281" /><testcase classname="iotdk:shell.core" name="shell.core.cmd_history" time="30.585281" /><testcase classname="iotdk:shell.core" name="shell.core.cmd_select" time="30.585281" /><testcase classname="iotdk:shell.core" name="shell.core.cmd_resize" time="30.585281" /><testcase classname="iotdk:shell.core" name="shell.core.shell_module" time="30.585281" /><testcase classname="iotdk:shell.core" name="shell.core.shell_wildcards_static" time="30.585281" /><testcase classname="iotdk:shell.core" name="shell.core.shell_wildcards_dynamic" time="30.585281" /><testcase classname="iotdk:crypto.rand32" name="crypto.rand32.rand32" time="30.592209" /><testcase classname="iotdk:crypto.rand32.random_sw_systimer" name="crypto.rand32.random_sw_systimer.rand32" time="30.541857" /><testcase classname="iotdk:crypto.mbedtls" name="crypto.mbedtls.mbedtls" time="30.894666" /><testcase classname="iotdk:portability.cmsis_rtos_v1" name="portability.cmsis_rtos_v1.kernel_start" time="12.189240" /><testcase classname="iotdk:portability.cmsis_rtos_v1" name="portability.cmsis_rtos_v1.kernel_systick" time="12.189240" /><testcase classname="iotdk:portability.cmsis_rtos_v1" name="portability.cmsis_rtos_v1.thread_apis" time="12.189240" /><testcase classname="iotdk:portability.cmsis_rtos_v1" name="portability.cmsis_rtos_v1.thread_prio" time="12.189240" /><testcase classname="iotdk:portability.cmsis_rtos_v1" name="portability.cmsis_rtos_v1.thread_instances" time="12.189240" /><testcase classname="iotdk:portability.cmsis_rtos_v1" name="portability.cmsis_rtos_v1.timer" time="12.189240" /><testcase classname="iotdk:portability.cmsis_rtos_v1" name="portability.cmsis_rtos_v1.mutex" time="12.189240" /><testcase classname="iotdk:portability.cmsis_rtos_v1" name="portability.cmsis_rtos_v1.mutex_lock_timeout" time="12.189240" /><testcase classname="iotdk:portability.cmsis_rtos_v1" name="portability.cmsis_rtos_v1.semaphore" time="12.189240" /><testcase classname="iotdk:portability.cmsis_rtos_v1" name="portability.cmsis_rtos_v1.mempool" time="12.189240" /><testcase classname="iotdk:portability.cmsis_rtos_v1" name="portability.cmsis_rtos_v1.mailq" time="12.189240" /><testcase classname="iotdk:portability.cmsis_rtos_v1" name="portability.cmsis_rtos_v1.messageq" time="12.189240" /><testcase classname="iotdk:portability.cmsis_rtos_v1" name="portability.cmsis_rtos_v1.signal_events_no_wait" time="12.189240" /><testcase classname="iotdk:portability.cmsis_rtos_v1" name="portability.cmsis_rtos_v1.signal_events_timeout" time="12.189240" /><testcase classname="iotdk:portability.cmsis_rtos_v1" name="portability.cmsis_rtos_v1.signal_events_signalled" time="12.189240" /><testcase classname="iotdk:portability.cmsis_rtos_v1" name="portability.cmsis_rtos_v1.signal_events_isr" time="12.189240" /><testcase classname="iotdk:portability.cmsis_rtos_v2" name="portability.cmsis_rtos_v2.kernel_apis" time="36.190222" /><testcase classname="iotdk:portability.cmsis_rtos_v2" name="portability.cmsis_rtos_v2.delay" time="36.190222" /><testcase classname="iotdk:portability.cmsis_rtos_v2" name="portability.cmsis_rtos_v2.thread_apis" time="36.190222" /><testcase classname="iotdk:portability.cmsis_rtos_v2" name="portability.cmsis_rtos_v2.thread_apis_dynamic" time="36.190222" /><testcase classname="iotdk:portability.cmsis_rtos_v2" name="portability.cmsis_rtos_v2.thread_prio" time="36.190222" /><testcase classname="iotdk:portability.cmsis_rtos_v2" name="portability.cmsis_rtos_v2.thread_prio_dynamic" time="36.190222" /><testcase classname="iotdk:portability.cmsis_rtos_v2" name="portability.cmsis_rtos_v2.timer" time="36.190222" /><testcase classname="iotdk:portability.cmsis_rtos_v2" name="portability.cmsis_rtos_v2.mutex" time="36.190222" /><testcase classname="iotdk:portability.cmsis_rtos_v2" name="portability.cmsis_rtos_v2.mutex_lock_timeout" time="36.190222" /><testcase classname="iotdk:portability.cmsis_rtos_v2" name="portability.cmsis_rtos_v2.semaphore" time="36.190222" /><testcase classname="iotdk:portability.cmsis_rtos_v2" name="portability.cmsis_rtos_v2.mempool" time="36.190222" /><testcase classname="iotdk:portability.cmsis_rtos_v2" name="portability.cmsis_rtos_v2.mempool_dynamic" time="36.190222" /><testcase classname="iotdk:portability.cmsis_rtos_v2" name="portability.cmsis_rtos_v2.messageq" time="36.190222" /><testcase classname="iotdk:portability.cmsis_rtos_v2" name="portability.cmsis_rtos_v2.event_flags_no_wait_timeout" time="36.190222" /><testcase classname="iotdk:portability.cmsis_rtos_v2" name="portability.cmsis_rtos_v2.event_flags_signalled" time="36.190222" /><testcase classname="iotdk:portability.cmsis_rtos_v2" name="portability.cmsis_rtos_v2.event_flags_isr" time="36.190222" /><testcase classname="iotdk:portability.cmsis_rtos_v2" name="portability.cmsis_rtos_v2.thread_flags_no_wait_timeout" time="36.190222" /><testcase classname="iotdk:portability.cmsis_rtos_v2" name="portability.cmsis_rtos_v2.thread_flags_signalled" time="36.190222" /><testcase classname="iotdk:portability.cmsis_rtos_v2" name="portability.cmsis_rtos_v2.thread_flags_isr" time="36.190222" /><testcase classname="iotdk:portability.cmsis_rtos_v2" name="portability.cmsis_rtos_v2.thread_join" time="36.190222" /><testcase classname="iotdk:portability.cmsis_rtos_v2" name="portability.cmsis_rtos_v2.thread_detached" time="36.190222" /><testcase classname="iotdk:portability.cmsis_rtos_v2" name="portability.cmsis_rtos_v2.thread_joinable_detach" time="36.190222" /><testcase classname="iotdk:portability.cmsis_rtos_v2" name="portability.cmsis_rtos_v2.thread_joinable_terminate" time="36.190222" /><testcase classname="iotdk:kernel.semaphore" name="kernel.semaphore.k_sema_init" time="45.617050" /><testcase classname="iotdk:kernel.semaphore" name="kernel.semaphore.sema_thread2thread" time="45.617050" /><testcase classname="iotdk:kernel.semaphore" name="kernel.semaphore.sema_thread2isr" time="45.617050" /><testcase classname="iotdk:kernel.semaphore" name="kernel.semaphore.sema_reset" time="45.617050" /><testcase classname="iotdk:kernel.semaphore" name="kernel.semaphore.sema_count_get" time="45.617050" /><testcase classname="iotdk:kernel.semaphore" name="kernel.semaphore.simple_sem_from_isr" time="45.617050" /><testcase classname="iotdk:kernel.semaphore" name="kernel.semaphore.simple_sem_from_task" time="45.617050" /><testcase classname="iotdk:kernel.semaphore" name="kernel.semaphore.sem_take_no_wait" time="45.617050" /><testcase classname="iotdk:kernel.semaphore" name="kernel.semaphore.sem_take_no_wait_fails" time="45.617050" /><testcase classname="iotdk:kernel.semaphore" name="kernel.semaphore.sem_take_timeout_fails" time="45.617050" /><testcase classname="iotdk:kernel.semaphore" name="kernel.semaphore.sem_take_timeout" time="45.617050" /><testcase classname="iotdk:kernel.semaphore" name="kernel.semaphore.sem_take_timeout_forever" time="45.617050" /><testcase classname="iotdk:kernel.semaphore" name="kernel.semaphore.sem_take_timeout_isr" time="45.617050" /><testcase classname="iotdk:kernel.semaphore" name="kernel.semaphore.sem_take_multiple" time="45.617050" /><testcase classname="iotdk:kernel.semaphore" name="kernel.semaphore.sem_give_take_from_isr" time="45.617050" /><testcase classname="iotdk:kernel.semaphore" name="kernel.semaphore.sem_multiple_threads_wait" time="45.617050" /><testcase classname="iotdk:kernel.semaphore" name="kernel.semaphore.sem_measure_timeouts" time="45.617050" /><testcase classname="iotdk:kernel.semaphore" name="kernel.semaphore.sem_measure_timeout_from_thread" time="45.617050" /><testcase classname="iotdk:kernel.semaphore" name="kernel.semaphore.sem_multiple_take_and_timeouts" time="45.617050" /><testcase classname="iotdk:kernel.semaphore" name="kernel.semaphore.sem_multi_take_timeout_diff_sem" time="45.617050" /><testcase classname="iotdk:kernel.common.stack_protection" name="kernel.common.stack_protection.fatal" time="30.745784" /><testcase classname="iotdk:kernel.common.stack_sentinel" name="kernel.common.stack_sentinel.fatal" time="0.943670" /><testcase classname="iotdk:kernel.threads.init" name="kernel.threads.init.kdefine_preempt_thread" time="34.958528" /><testcase classname="iotdk:kernel.threads.init" name="kernel.threads.init.kdefine_coop_thread" time="34.958528" /><testcase classname="iotdk:kernel.threads.init" name="kernel.threads.init.kinit_preempt_thread" time="34.958528" /><testcase classname="iotdk:kernel.threads.init" name="kernel.threads.init.kinit_coop_thread" time="34.958528" /><testcase classname="iotdk:kernel.threads.apis" name="kernel.threads.apis.threads_spawn_params" time="34.925095" /><testcase classname="iotdk:kernel.threads.apis" name="kernel.threads.apis.threads_spawn_priority" time="34.925095" /><testcase classname="iotdk:kernel.threads.apis" name="kernel.threads.apis.threads_spawn_delay" time="34.925095" /><testcase classname="iotdk:kernel.threads.apis" name="kernel.threads.apis.threads_spawn_forever" time="34.925095" /><testcase classname="iotdk:kernel.threads.apis" name="kernel.threads.apis.thread_start" time="34.925095" /><testcase classname="iotdk:kernel.threads.apis" name="kernel.threads.apis.threads_suspend_resume_cooperative" time="34.925095" /><testcase classname="iotdk:kernel.threads.apis" name="kernel.threads.apis.threads_suspend_resume_preemptible" time="34.925095" /><testcase classname="iotdk:kernel.threads.apis" name="kernel.threads.apis.threads_priority_set" time="34.925095" /><testcase classname="iotdk:kernel.threads.apis" name="kernel.threads.apis.threads_abort_self" time="34.925095" /><testcase classname="iotdk:kernel.threads.apis" name="kernel.threads.apis.threads_abort_others" time="34.925095" /><testcase classname="iotdk:kernel.threads.apis" name="kernel.threads.apis.threads_abort_repeat" time="34.925095" /><testcase classname="iotdk:kernel.threads.apis" name="kernel.threads.apis.abort_handler" time="34.925095" /><testcase classname="iotdk:kernel.threads.apis" name="kernel.threads.apis.delayed_thread_abort" time="34.925095" /><testcase classname="iotdk:kernel.threads.apis" name="kernel.threads.apis.essential_thread_operation" time="34.925095" /><testcase classname="iotdk:kernel.threads.apis" name="kernel.threads.apis.systhreads_main" time="34.925095" /><testcase classname="iotdk:kernel.threads.apis" name="kernel.threads.apis.systhreads_idle" time="34.925095" /><testcase classname="iotdk:kernel.threads.apis" name="kernel.threads.apis.customdata_get_set_coop" time="34.925095" /><testcase classname="iotdk:kernel.threads.apis" name="kernel.threads.apis.customdata_get_set_preempt" time="34.925095" /><testcase classname="iotdk:kernel.threads.apis" name="kernel.threads.apis.k_thread_foreach" time="34.925095" /><testcase classname="iotdk:kernel.threads.apis" name="kernel.threads.apis.thread_name_get_set" time="34.925095" /><testcase classname="iotdk:kernel.threads.apis" name="kernel.threads.apis.thread_name_user_get_set" time="34.925095" /><testcase classname="iotdk:kernel.threads.apis" name="kernel.threads.apis.user_mode" time="34.925095"><skipped message="Skipped" type="skipped" /></testcase><testcase classname="iotdk:kernel.threads.apis" name="kernel.threads.apis.threads_cpu_mask" time="34.925095" /><testcase classname="iotdk:kernel.threads.apis" name="kernel.threads.apis.threads_suspend_timeout" time="34.925095" /><testcase classname="iotdk:kernel.threads.apis" name="kernel.threads.apis.threads_suspend" time="34.925095" /><testcase classname="iotdk:kernel.threads.dynamic" name="kernel.threads.dynamic.kernel_create_dyn_user_thread" time="31.772769" /><testcase classname="iotdk:kernel.threads.dynamic" name="kernel.threads.dynamic.user_create_dyn_user_thread" time="31.772769" /><testcase classname="iotdk:kernel.threads.dynamic" name="kernel.threads.dynamic.dyn_thread_perms" time="31.772769" /><testcase classname="iotdk:kernel.threads.dynamic" name="kernel.threads.dynamic.thread_index_management" time="31.772769" /><testcase classname="iotdk:kernel.lifo" name="kernel.lifo.lifo_thread2thread" time="30.709041" /><testcase classname="iotdk:kernel.lifo" name="kernel.lifo.lifo_thread2isr" time="30.709041" /><testcase classname="iotdk:kernel.lifo" name="kernel.lifo.lifo_isr2thread" time="30.709041" /><testcase classname="iotdk:kernel.lifo" name="kernel.lifo.lifo_get_fail" time="30.709041" /><testcase classname="iotdk:kernel.lifo" name="kernel.lifo.lifo_loop" time="30.709041" /><testcase classname="iotdk:kernel.lifo.usage" name="kernel.lifo.usage.lifo_nowait" time="30.652940" /><testcase classname="iotdk:kernel.lifo.usage" name="kernel.lifo.usage.lifo_wait" time="30.652940" /><testcase classname="iotdk:kernel.lifo.usage" name="kernel.lifo.usage.timeout_empty_lifo" time="30.652940" /><testcase classname="iotdk:kernel.lifo.usage" name="kernel.lifo.usage.timeout_non_empty_lifo" time="30.652940" /><testcase classname="iotdk:kernel.lifo.usage" name="kernel.lifo.usage.timeout_lifo_thread" time="30.652940" /><testcase classname="iotdk:kernel.lifo.usage" name="kernel.lifo.usage.timeout_threads_pend_on_lifo" time="30.652940" /><testcase classname="iotdk:kernel.memory_protection.stackprot" name="kernel.memory_protection.stackprot.create_alt_thread" time="30.860766" /><testcase classname="iotdk:kernel.memory_protection.stackprot" name="kernel.memory_protection.stackprot.stackprot" time="30.860766" /><testcase classname="iotdk:kernel.memory_protection" name="kernel.memory_protection.permission_inheritance" time="31.861908" /><testcase classname="iotdk:kernel.memory_protection" name="kernel.memory_protection.mem_domain_valid_access" time="31.861908" /><testcase classname="iotdk:kernel.memory_protection" name="kernel.memory_protection.mem_domain_invalid_access" time="31.861908" /><testcase classname="iotdk:kernel.memory_protection" name="kernel.memory_protection.mem_domain_partitions_user_rw" time="31.861908" /><testcase classname="iotdk:kernel.memory_protection" name="kernel.memory_protection.mem_domain_partitions_supervisor_rw" time="31.861908" /><testcase classname="iotdk:kernel.memory_protection" name="kernel.memory_protection.mem_domain_partitions_user_ro" time="31.861908" /><testcase classname="iotdk:kernel.memory_protection" name="kernel.memory_protection.mem_domain_add_partitions_invalid" time="31.861908" /><testcase classname="iotdk:kernel.memory_protection" name="kernel.memory_protection.mem_domain_add_partitions_simple" time="31.861908" /><testcase classname="iotdk:kernel.memory_protection" name="kernel.memory_protection.mem_domain_remove_partitions_simple" time="31.861908" /><testcase classname="iotdk:kernel.memory_protection" name="kernel.memory_protection.mem_domain_remove_partitions" time="31.861908" /><testcase classname="iotdk:kernel.memory_protection" name="kernel.memory_protection.mem_domain_remove_thread" time="31.861908" /><testcase classname="iotdk:kernel.memory_protection" name="kernel.memory_protection.mem_domain_destroy" time="31.861908" /><testcase classname="iotdk:kernel.memory_protection" name="kernel.memory_protection.kobject_access_grant" time="31.861908" /><testcase classname="iotdk:kernel.memory_protection" name="kernel.memory_protection.syscall_invalid_kobject" time="31.861908" /><testcase classname="iotdk:kernel.memory_protection" name="kernel.memory_protection.thread_without_kobject_permission" time="31.861908" /><testcase classname="iotdk:kernel.memory_protection" name="kernel.memory_protection.kobject_revoke_access" time="31.861908" /><testcase classname="iotdk:kernel.memory_protection" name="kernel.memory_protection.kobject_grant_access_kobj" time="31.861908" /><testcase classname="iotdk:kernel.memory_protection" name="kernel.memory_protection.kobject_grant_access_kobj_invalid" time="31.861908" /><testcase classname="iotdk:kernel.memory_protection" name="kernel.memory_protection.kobject_release_from_user" time="31.861908" /><testcase classname="iotdk:kernel.memory_protection" name="kernel.memory_protection.kobject_access_all_grant" time="31.861908" /><testcase classname="iotdk:kernel.memory_protection" name="kernel.memory_protection.thread_has_residual_permissions" time="31.861908" /><testcase classname="iotdk:kernel.memory_protection" name="kernel.memory_protection.kobject_access_grant_to_invalid_thread" time="31.861908" /><testcase classname="iotdk:kernel.memory_protection" name="kernel.memory_protection.kobject_access_invalid_kobject" time="31.861908" /><testcase classname="iotdk:kernel.memory_protection" name="kernel.memory_protection.access_kobject_without_init_access" time="31.861908" /><testcase classname="iotdk:kernel.memory_protection" name="kernel.memory_protection.access_kobject_without_init_with_access" time="31.861908" /><testcase classname="iotdk:kernel.memory_protection" name="kernel.memory_protection.kobject_reinitialize_thread_kobj" time="31.861908" /><testcase classname="iotdk:kernel.memory_protection" name="kernel.memory_protection.create_new_thread_from_user" time="31.861908" /><testcase classname="iotdk:kernel.memory_protection" name="kernel.memory_protection.create_new_thread_from_user_no_access_stack" time="31.861908" /><testcase classname="iotdk:kernel.memory_protection" name="kernel.memory_protection.create_new_thread_from_user_invalid_stacksize" time="31.861908"><skipped message="Skipped" type="skipped" /></testcase><testcase classname="iotdk:kernel.memory_protection" name="kernel.memory_protection.create_new_thread_from_user_huge_stacksize" time="31.861908"><skipped message="Skipped" type="skipped" /></testcase><testcase classname="iotdk:kernel.memory_protection" name="kernel.memory_protection.create_new_supervisor_thread_from_user" time="31.861908" /><testcase classname="iotdk:kernel.memory_protection" name="kernel.memory_protection.create_new_essential_thread_from_user" time="31.861908" /><testcase classname="iotdk:kernel.memory_protection" name="kernel.memory_protection.create_new_higher_prio_thread_from_user" time="31.861908" /><testcase classname="iotdk:kernel.memory_protection" name="kernel.memory_protection.create_new_invalid_prio_thread_from_user" time="31.861908" /><testcase classname="iotdk:kernel.memory_protection.userspace" name="kernel.memory_protection.userspace.stack_buffer" time="31.699470" /><testcase classname="iotdk:kernel.memory_protection.userspace" name="kernel.memory_protection.userspace.unimplemented_syscall" time="31.699470" /><testcase classname="iotdk:kernel.memory_protection.userspace" name="kernel.memory_protection.userspace.bad_syscall" time="31.699470" /><testcase classname="iotdk:kernel.memory_protection.userspace" name="kernel.memory_protection.userspace.oops_panic" time="31.699470" /><testcase classname="iotdk:kernel.memory_protection.userspace" name="kernel.memory_protection.userspace.oops_oops" time="31.699470" /><testcase classname="iotdk:kernel.memory_protection.userspace" name="kernel.memory_protection.userspace.oops_exception" time="31.699470" /><testcase classname="iotdk:kernel.memory_protection.userspace" name="kernel.memory_protection.userspace.oops_maxint" time="31.699470" /><testcase classname="iotdk:kernel.memory_protection.userspace" name="kernel.memory_protection.userspace.oops_stackcheck" time="31.699470" /><testcase classname="iotdk:kernel.memory_protection.userspace" name="kernel.memory_protection.userspace.object_recycle" time="31.699470" /><testcase classname="iotdk:kernel.memory_protection.userspace" name="kernel.memory_protection.userspace.syscall_context" time="31.699470" /><testcase classname="iotdk:kernel.memory_protection.sys_sem" name="kernel.memory_protection.sys_sem.basic_sem_test" time="31.598145" /><testcase classname="iotdk:kernel.memory_protection.sys_sem" name="kernel.memory_protection.sys_sem.simple_sem_from_isr" time="31.598145" /><testcase classname="iotdk:kernel.memory_protection.sys_sem" name="kernel.memory_protection.sys_sem.sem_take_timeout_isr" time="31.598145" /><testcase classname="iotdk:kernel.memory_protection.sys_sem" name="kernel.memory_protection.sys_sem.sem_give_take_from_isr" time="31.598145" /><testcase classname="iotdk:kernel.memory_protection.sys_sem" name="kernel.memory_protection.sys_sem.simple_sem_from_task" time="31.598145" /><testcase classname="iotdk:kernel.memory_protection.sys_sem" name="kernel.memory_protection.sys_sem.sem_take_no_wait" time="31.598145" /><testcase classname="iotdk:kernel.memory_protection.sys_sem" name="kernel.memory_protection.sys_sem.sem_take_no_wait_fails" time="31.598145" /><testcase classname="iotdk:kernel.memory_protection.sys_sem" name="kernel.memory_protection.sys_sem.sem_take_timeout_fails" time="31.598145" /><testcase classname="iotdk:kernel.memory_protection.sys_sem" name="kernel.memory_protection.sys_sem.sem_take_timeout" time="31.598145" /><testcase classname="iotdk:kernel.memory_protection.sys_sem" name="kernel.memory_protection.sys_sem.sem_take_timeout_forever" time="31.598145" /><testcase classname="iotdk:kernel.memory_protection.sys_sem" name="kernel.memory_protection.sys_sem.sem_take_multiple" time="31.598145" /><testcase classname="iotdk:kernel.memory_protection.sys_sem" name="kernel.memory_protection.sys_sem.sem_give_limit" time="31.598145" /><testcase classname="iotdk:kernel.memory_protection.sys_sem" name="kernel.memory_protection.sys_sem.sem_multiple_threads_wait" time="31.598145" /><testcase classname="iotdk:kernel.memory_protection.sys_sem.nouser" name="kernel.memory_protection.sys_sem.nouser.simple_sem_from_isr" time="31.233755" /><testcase classname="iotdk:kernel.memory_protection.sys_sem.nouser" name="kernel.memory_protection.sys_sem.nouser.sem_take_timeout_isr" time="31.233755" /><testcase classname="iotdk:kernel.memory_protection.sys_sem.nouser" name="kernel.memory_protection.sys_sem.nouser.sem_give_take_from_isr" time="31.233755" /><testcase classname="iotdk:kernel.memory_protection.sys_sem.nouser" name="kernel.memory_protection.sys_sem.nouser.simple_sem_from_task" time="31.233755" /><testcase classname="iotdk:kernel.memory_protection.sys_sem.nouser" name="kernel.memory_protection.sys_sem.nouser.sem_take_no_wait" time="31.233755" /><testcase classname="iotdk:kernel.memory_protection.sys_sem.nouser" name="kernel.memory_protection.sys_sem.nouser.sem_take_no_wait_fails" time="31.233755" /><testcase classname="iotdk:kernel.memory_protection.sys_sem.nouser" name="kernel.memory_protection.sys_sem.nouser.sem_take_timeout_fails" time="31.233755" /><testcase classname="iotdk:kernel.memory_protection.sys_sem.nouser" name="kernel.memory_protection.sys_sem.nouser.sem_take_timeout" time="31.233755" /><testcase classname="iotdk:kernel.memory_protection.sys_sem.nouser" name="kernel.memory_protection.sys_sem.nouser.sem_take_timeout_forever" time="31.233755" /><testcase classname="iotdk:kernel.memory_protection.sys_sem.nouser" name="kernel.memory_protection.sys_sem.nouser.sem_take_multiple" time="31.233755" /><testcase classname="iotdk:kernel.memory_protection.sys_sem.nouser" name="kernel.memory_protection.sys_sem.nouser.sem_give_limit" time="31.233755" /><testcase classname="iotdk:kernel.memory_protection.sys_sem.nouser" name="kernel.memory_protection.sys_sem.nouser.sem_multiple_threads_wait" time="31.233755" /><testcase classname="iotdk:kernel.memory_protection.syscalls" name="kernel.memory_protection.syscalls.string_nlen" time="16.095001" /><testcase classname="iotdk:kernel.memory_protection.syscalls" name="kernel.memory_protection.syscalls.to_copy" time="16.095001" /><testcase classname="iotdk:kernel.memory_protection.syscalls" name="kernel.memory_protection.syscalls.user_string_copy" time="16.095001" /><testcase classname="iotdk:kernel.memory_protection.syscalls" name="kernel.memory_protection.syscalls.user_string_alloc_copy" time="16.095001" /><testcase classname="iotdk:kernel.memory_protection.syscalls" name="kernel.memory_protection.syscalls.arg64" time="16.095001" /><testcase classname="iotdk:kernel.memory_protection.syscalls" name="kernel.memory_protection.syscalls.syscall_torture" time="16.095001" /><testcase classname="iotdk:kernel.memory_protection.stack_random" name="kernel.memory_protection.stack_random.stack_pt_randomization" time="30.524470" /><testcase classname="iotdk:kernel.memory_protection.obj_validation" name="kernel.memory_protection.obj_validation.generic_object" time="30.732707" /><testcase classname="iotdk:kernel.futex" name="kernel.futex.user_futex_bad" time="31.214447" /><testcase classname="iotdk:kernel.futex" name="kernel.futex.futex_wait_forever_wake" time="31.214447" /><testcase classname="iotdk:kernel.futex" name="kernel.futex.futex_wait_timeout_wake" time="31.214447" /><testcase classname="iotdk:kernel.futex" name="kernel.futex.futex_wait_nowait_wake" time="31.214447" /><testcase classname="iotdk:kernel.futex" name="kernel.futex.futex_wait_forever_wake_from_isr" time="31.214447" /><testcase classname="iotdk:kernel.futex" name="kernel.futex.futex_multiple_threads_wait_wake" time="31.214447" /><testcase classname="iotdk:kernel.futex" name="kernel.futex.multiple_futex_wait_wake" time="31.214447" /><testcase classname="iotdk:kernel.futex" name="kernel.futex.futex_wait_forever" time="31.214447" /><testcase classname="iotdk:kernel.futex" name="kernel.futex.futex_wait_timeout" time="31.214447" /><testcase classname="iotdk:kernel.futex" name="kernel.futex.futex_wait_nowait" time="31.214447" /><testcase classname="iotdk:kernel.memory_heap" name="kernel.memory_heap.mheap_malloc_free" time="30.508912" /><testcase classname="iotdk:kernel.memory_heap" name="kernel.memory_heap.mheap_calloc" time="30.508912" /><testcase classname="iotdk:kernel.memory_heap" name="kernel.memory_heap.mheap_malloc_align4" time="30.508912" /><testcase classname="iotdk:kernel.memory_heap" name="kernel.memory_heap.mheap_min_block_size" time="30.508912" /><testcase classname="iotdk:kernel.memory_heap" name="kernel.memory_heap.mheap_block_desc" time="30.508912" /><testcase classname="iotdk:kernel.queue" name="kernel.queue.queue_supv_to_user" time="30.991813" /><testcase classname="iotdk:kernel.queue" name="kernel.queue.queue_alloc_prepend_user" time="30.991813" /><testcase classname="iotdk:kernel.queue" name="kernel.queue.queue_alloc_append_user" time="30.991813" /><testcase classname="iotdk:kernel.queue" name="kernel.queue.auto_free" time="30.991813" /><testcase classname="iotdk:kernel.queue" name="kernel.queue.queue_thread2thread" time="30.991813" /><testcase classname="iotdk:kernel.queue" name="kernel.queue.queue_thread2isr" time="30.991813" /><testcase classname="iotdk:kernel.queue" name="kernel.queue.queue_isr2thread" time="30.991813" /><testcase classname="iotdk:kernel.queue" name="kernel.queue.queue_get_2threads" time="30.991813" /><testcase classname="iotdk:kernel.queue" name="kernel.queue.queue_get_fail" time="30.991813" /><testcase classname="iotdk:kernel.queue" name="kernel.queue.queue_loop" time="30.991813" /><testcase classname="iotdk:kernel.queue" name="kernel.queue.queue_alloc" time="30.991813" /><testcase classname="iotdk:kernel.queue.poll" name="kernel.queue.poll.queue_supv_to_user" time="31.006543" /><testcase classname="iotdk:kernel.queue.poll" name="kernel.queue.poll.queue_alloc_prepend_user" time="31.006543" /><testcase classname="iotdk:kernel.queue.poll" name="kernel.queue.poll.queue_alloc_append_user" time="31.006543" /><testcase classname="iotdk:kernel.queue.poll" name="kernel.queue.poll.auto_free" time="31.006543" /><testcase classname="iotdk:kernel.queue.poll" name="kernel.queue.poll.queue_thread2thread" time="31.006543" /><testcase classname="iotdk:kernel.queue.poll" name="kernel.queue.poll.queue_thread2isr" time="31.006543" /><testcase classname="iotdk:kernel.queue.poll" name="kernel.queue.poll.queue_isr2thread" time="31.006543" /><testcase classname="iotdk:kernel.queue.poll" name="kernel.queue.poll.queue_get_2threads" time="31.006543" /><testcase classname="iotdk:kernel.queue.poll" name="kernel.queue.poll.queue_get_fail" time="31.006543" /><testcase classname="iotdk:kernel.queue.poll" name="kernel.queue.poll.queue_loop" time="31.006543" /><testcase classname="iotdk:kernel.queue.poll" name="kernel.queue.poll.queue_alloc" time="31.006543" /><testcase classname="iotdk:kernel.fifo.timeout" name="kernel.fifo.timeout.timeout_empty_fifo" time="30.859099" /><testcase classname="iotdk:kernel.fifo.timeout" name="kernel.fifo.timeout.timeout_non_empty_fifo" time="30.859099" /><testcase classname="iotdk:kernel.fifo.timeout" name="kernel.fifo.timeout.timeout_fifo_thread" time="30.859099" /><testcase classname="iotdk:kernel.fifo.timeout" name="kernel.fifo.timeout.timeout_threads_pend_on_fifo" time="30.859099" /><testcase classname="iotdk:kernel.fifo.timeout" name="kernel.fifo.timeout.timeout_threads_pend_on_dual_fifos" time="30.859099" /><testcase classname="iotdk:kernel.fifo.timeout" name="kernel.fifo.timeout.timeout_threads_pend_fail_on_fifo" time="30.859099" /><testcase classname="iotdk:kernel.fifo.timeout.poll" name="kernel.fifo.timeout.poll.timeout_empty_fifo" time="30.830263" /><testcase classname="iotdk:kernel.fifo.timeout.poll" name="kernel.fifo.timeout.poll.timeout_non_empty_fifo" time="30.830263" /><testcase classname="iotdk:kernel.fifo.timeout.poll" name="kernel.fifo.timeout.poll.timeout_fifo_thread" time="30.830263" /><testcase classname="iotdk:kernel.fifo.timeout.poll" name="kernel.fifo.timeout.poll.timeout_threads_pend_on_fifo" time="30.830263" /><testcase classname="iotdk:kernel.fifo.timeout.poll" name="kernel.fifo.timeout.poll.timeout_threads_pend_on_dual_fifos" time="30.830263" /><testcase classname="iotdk:kernel.fifo.timeout.poll" name="kernel.fifo.timeout.poll.timeout_threads_pend_fail_on_fifo" time="30.830263" /><testcase classname="iotdk:kernel.fifo.usage" name="kernel.fifo.usage.single_fifo_play" time="30.554316" /><testcase classname="iotdk:kernel.fifo.usage" name="kernel.fifo.usage.dual_fifo_play" time="30.554316" /><testcase classname="iotdk:kernel.fifo.usage" name="kernel.fifo.usage.isr_fifo_play" time="30.554316" /><testcase classname="iotdk:kernel.fifo.usage.poll" name="kernel.fifo.usage.poll.single_fifo_play" time="30.543172" /><testcase classname="iotdk:kernel.fifo.usage.poll" name="kernel.fifo.usage.poll.dual_fifo_play" time="30.543172" /><testcase classname="iotdk:kernel.fifo.usage.poll" name="kernel.fifo.usage.poll.isr_fifo_play" time="30.543172" /><testcase classname="iotdk:kernel.fifo" name="kernel.fifo.fifo_thread2thread" time="1.854460" /><testcase classname="iotdk:kernel.fifo" name="kernel.fifo.fifo_thread2isr" time="1.854460" /><testcase classname="iotdk:kernel.fifo" name="kernel.fifo.fifo_isr2thread" time="1.854460" /><testcase classname="iotdk:kernel.fifo" name="kernel.fifo.fifo_get_fail" time="1.854460" /><testcase classname="iotdk:kernel.fifo" name="kernel.fifo.fifo_loop" time="1.854460" /><testcase classname="iotdk:kernel.fifo" name="kernel.fifo.fifo_cancel_wait" time="1.854460" /><testcase classname="iotdk:kernel.fifo" name="kernel.fifo.fifo_is_empty_thread" time="1.854460" /><testcase classname="iotdk:kernel.fifo" name="kernel.fifo.fifo_is_empty_isr" time="1.854460" /><testcase classname="iotdk:kernel.fifo.poll" name="kernel.fifo.poll.fifo_thread2thread" time="1.934893" /><testcase classname="iotdk:kernel.fifo.poll" name="kernel.fifo.poll.fifo_thread2isr" time="1.934893" /><testcase classname="iotdk:kernel.fifo.poll" name="kernel.fifo.poll.fifo_isr2thread" time="1.934893" /><testcase classname="iotdk:kernel.fifo.poll" name="kernel.fifo.poll.fifo_get_fail" time="1.934893" /><testcase classname="iotdk:kernel.fifo.poll" name="kernel.fifo.poll.fifo_loop" time="1.934893" /><testcase classname="iotdk:kernel.fifo.poll" name="kernel.fifo.poll.fifo_cancel_wait" time="1.934893" /><testcase classname="iotdk:kernel.fifo.poll" name="kernel.fifo.poll.fifo_is_empty_thread" time="1.934893" /><testcase classname="iotdk:kernel.fifo.poll" name="kernel.fifo.poll.fifo_is_empty_isr" time="1.934893" /><testcase classname="iotdk:kernel.common.profiling" name="kernel.common.profiling.call_stacks_analyze_main" time="30.702276" /><testcase classname="iotdk:kernel.common.profiling" name="kernel.common.profiling.call_stacks_analyze_idle" time="30.702276" /><testcase classname="iotdk:kernel.common.profiling" name="kernel.common.profiling.call_stacks_analyze_workq" time="30.702276" /><testcase classname="iotdk:kernel.tickless.concept" name="kernel.tickless.concept.tickless_sysclock" time="1.869014" /><testcase classname="iotdk:kernel.tickless.concept" name="kernel.tickless.concept.tickless_slice" time="1.869014" /><testcase classname="iotdk:kernel.timer.monotonic" name="kernel.timer.monotonic.timer" time="32.414236" /><testcase classname="iotdk:kernel.timer" name="kernel.timer.time_conversions" time="3.755628" /><testcase classname="iotdk:kernel.timer" name="kernel.timer.timer_duration_period" time="3.755628" /><testcase classname="iotdk:kernel.timer" name="kernel.timer.timer_period_0" time="3.755628" /><testcase classname="iotdk:kernel.timer" name="kernel.timer.timer_expirefn_null" time="3.755628" /><testcase classname="iotdk:kernel.timer" name="kernel.timer.timer_periodicity" time="3.755628" /><testcase classname="iotdk:kernel.timer" name="kernel.timer.timer_status_get" time="3.755628" /><testcase classname="iotdk:kernel.timer" name="kernel.timer.timer_status_get_anytime" time="3.755628" /><testcase classname="iotdk:kernel.timer" name="kernel.timer.timer_status_sync" time="3.755628" /><testcase classname="iotdk:kernel.timer" name="kernel.timer.timer_k_define" time="3.755628" /><testcase classname="iotdk:kernel.timer" name="kernel.timer.timer_user_data" time="3.755628" /><testcase classname="iotdk:kernel.timer" name="kernel.timer.timer_remaining_get" time="3.755628" /><testcase classname="iotdk:kernel.timer.tickless" name="kernel.timer.tickless.time_conversions" time="3.839324" /><testcase classname="iotdk:kernel.timer.tickless" name="kernel.timer.tickless.timer_duration_period" time="3.839324" /><testcase classname="iotdk:kernel.timer.tickless" name="kernel.timer.tickless.timer_period_0" time="3.839324" /><testcase classname="iotdk:kernel.timer.tickless" name="kernel.timer.tickless.timer_expirefn_null" time="3.839324" /><testcase classname="iotdk:kernel.timer.tickless" name="kernel.timer.tickless.timer_periodicity" time="3.839324" /><testcase classname="iotdk:kernel.timer.tickless" name="kernel.timer.tickless.timer_status_get" time="3.839324" /><testcase classname="iotdk:kernel.timer.tickless" name="kernel.timer.tickless.timer_status_get_anytime" time="3.839324" /><testcase classname="iotdk:kernel.timer.tickless" name="kernel.timer.tickless.timer_status_sync" time="3.839324" /><testcase classname="iotdk:kernel.timer.tickless" name="kernel.timer.tickless.timer_k_define" time="3.839324" /><testcase classname="iotdk:kernel.timer.tickless" name="kernel.timer.tickless.timer_user_data" time="3.839324" /><testcase classname="iotdk:kernel.timer.tickless" name="kernel.timer.tickless.timer_remaining_get" time="3.839324" /><testcase classname="iotdk:kernel.poll" name="kernel.poll.poll_no_wait" time="4.559122" /><testcase classname="iotdk:kernel.poll" name="kernel.poll.poll_wait" time="4.559122" /><testcase classname="iotdk:kernel.poll" name="kernel.poll.poll_zero_events" time="4.559122" /><testcase classname="iotdk:kernel.poll" name="kernel.poll.poll_cancel_main_low_prio" time="4.559122" /><testcase classname="iotdk:kernel.poll" name="kernel.poll.poll_cancel_main_high_prio" time="4.559122" /><testcase classname="iotdk:kernel.poll" name="kernel.poll.poll_multi" time="4.559122" /><testcase classname="iotdk:kernel.poll" name="kernel.poll.poll_threadstate" time="4.559122" /><testcase classname="iotdk:kernel.common.sleep" name="kernel.common.sleep.early_sleep" time="32.061773" /><testcase classname="iotdk:kernel.memory_slabs.api" name="kernel.memory_slabs.api.mslab" time="30.636743" /><testcase classname="iotdk:kernel.memory_slabs.api" name="kernel.memory_slabs.api.mslab_kinit" time="36.620725" /><testcase classname="iotdk:kernel.memory_slabs.api" name="kernel.memory_slabs.api.mslab_kdefine" time="36.620725" /><testcase classname="iotdk:kernel.memory_slabs.api" name="kernel.memory_slabs.api.mslab_kdefine_extern" time="36.620725" /><testcase classname="iotdk:kernel.memory_slabs.api" name="kernel.memory_slabs.api.mslab_alloc_free_thread" time="36.620725" /><testcase classname="iotdk:kernel.memory_slabs.api" name="kernel.memory_slabs.api.mslab_alloc_align" time="36.620725" /><testcase classname="iotdk:kernel.memory_slabs.api" name="kernel.memory_slabs.api.mslab_alloc_timeout" time="36.620725" /><testcase classname="iotdk:kernel.memory_slabs.api" name="kernel.memory_slabs.api.mslab_used_get" time="36.620725" /><testcase classname="iotdk:kernel.memory_slabs.threadsafe" name="kernel.memory_slabs.threadsafe.mslab_threadsafe" time="0.736279" /><testcase classname="iotdk:kernel.memory_slabs.concept" name="kernel.memory_slabs.concept.mslab_alloc_wait_prio" time="32.542150" /><testcase classname="iotdk:arch.interrupt" name="arch.interrupt.isr_dynamic" time="60.727483" /><testcase classname="iotdk:arch.interrupt" name="arch.interrupt.nested_isr" time="60.727483" /><testcase classname="iotdk:arch.interrupt" name="arch.interrupt.prevent_interruption" time="60.727483"><error message="failed" type="failure">*** Booting Zephyr OS build zephyr-v2.2.0-273-g350dc0601d15  ***
Running test suite interrupt_feature
===================================================================
starting test - test_isr_dynamic
PASS - test_isr_dynamic
===================================================================
starting test - test_nested_isr
Triggering irq : 93
isr0 running !!
Triggering irq : 92
isr1 ran !!
isr0 execution completed !!
PASS - test_nested_isr
===================================================================
starting test - test_prevent_interruption
locking interrupts
</error></testcase><testcase classname="iotdk:kernel.stack.usage" name="kernel.stack.usage.stack_thread2thread" time="30.988430" /><testcase classname="iotdk:kernel.stack.usage" name="kernel.stack.usage.stack_user_thread2thread" time="30.988430" /><testcase classname="iotdk:kernel.stack.usage" name="kernel.stack.usage.stack_thread2isr" time="30.988430" /><testcase classname="iotdk:kernel.stack.usage" name="kernel.stack.usage.stack_pop_fail" time="30.988430" /><testcase classname="iotdk:kernel.stack.usage" name="kernel.stack.usage.stack_user_pop_fail" time="30.988430" /><testcase classname="iotdk:kernel.stack.usage" name="kernel.stack.usage.stack_alloc_thread2thread" time="30.988430" /><testcase classname="iotdk:kernel.stack.usage" name="kernel.stack.usage.single_stack_play" time="30.988430" /><testcase classname="iotdk:kernel.stack.usage" name="kernel.stack.usage.dual_stack_play" time="30.988430" /><testcase classname="iotdk:kernel.stack.usage" name="kernel.stack.usage.isr_stack_play" time="30.988430" /><testcase classname="iotdk:kernel.common" name="kernel.common.verify_bootdelay" time="2.042538" /><testcase classname="iotdk:kernel.common" name="kernel.common.irq_offload" time="2.042538" /><testcase classname="iotdk:kernel.common" name="kernel.common.byteorder_memcpy_swap" time="2.042538" /><testcase classname="iotdk:kernel.common" name="kernel.common.byteorder_mem_swap" time="2.042538" /><testcase classname="iotdk:kernel.common" name="kernel.common.sys_get_be64" time="2.042538" /><testcase classname="iotdk:kernel.common" name="kernel.common.sys_put_be64" time="2.042538" /><testcase classname="iotdk:kernel.common" name="kernel.common.sys_get_be32" time="2.042538" /><testcase classname="iotdk:kernel.common" name="kernel.common.sys_put_be32" time="2.042538" /><testcase classname="iotdk:kernel.common" name="kernel.common.sys_get_be16" time="2.042538" /><testcase classname="iotdk:kernel.common" name="kernel.common.sys_put_be16" time="2.042538" /><testcase classname="iotdk:kernel.common" name="kernel.common.sys_get_le16" time="2.042538" /><testcase classname="iotdk:kernel.common" name="kernel.common.sys_put_le16" time="2.042538" /><testcase classname="iotdk:kernel.common" name="kernel.common.sys_get_le32" time="2.042538" /><testcase classname="iotdk:kernel.common" name="kernel.common.sys_put_le32" time="2.042538" /><testcase classname="iotdk:kernel.common" name="kernel.common.sys_get_le64" time="2.042538" /><testcase classname="iotdk:kernel.common" name="kernel.common.sys_put_le64" time="2.042538" /><testcase classname="iotdk:kernel.common" name="kernel.common.atomic" time="2.042538" /><testcase classname="iotdk:kernel.common" name="kernel.common.bitfield" time="2.042538" /><testcase classname="iotdk:kernel.common" name="kernel.common.printk" time="2.042538" /><testcase classname="iotdk:kernel.common" name="kernel.common.timeout_order" time="2.042538" /><testcase classname="iotdk:kernel.common" name="kernel.common.clock_uptime" time="2.042538" /><testcase classname="iotdk:kernel.common" name="kernel.common.clock_cycle" time="2.042538" /><testcase classname="iotdk:kernel.common" name="kernel.common.version" time="2.042538" /><testcase classname="iotdk:kernel.common" name="kernel.common.multilib" time="2.042538" /><testcase classname="iotdk:kernel.common" name="kernel.common.thread_context" time="2.042538" /><testcase classname="iotdk:kernel.common" name="kernel.common.bounds_check_mitigation" time="2.042538" /><testcase classname="iotdk:kernel.common.misra" name="kernel.common.misra.verify_bootdelay" time="2.047068" /><testcase classname="iotdk:kernel.common.misra" name="kernel.common.misra.irq_offload" time="2.047068" /><testcase classname="iotdk:kernel.common.misra" name="kernel.common.misra.byteorder_memcpy_swap" time="2.047068" /><testcase classname="iotdk:kernel.common.misra" name="kernel.common.misra.byteorder_mem_swap" time="2.047068" /><testcase classname="iotdk:kernel.common.misra" name="kernel.common.misra.sys_get_be64" time="2.047068" /><testcase classname="iotdk:kernel.common.misra" name="kernel.common.misra.sys_put_be64" time="2.047068" /><testcase classname="iotdk:kernel.common.misra" name="kernel.common.misra.sys_get_be32" time="2.047068" /><testcase classname="iotdk:kernel.common.misra" name="kernel.common.misra.sys_put_be32" time="2.047068" /><testcase classname="iotdk:kernel.common.misra" name="kernel.common.misra.sys_get_be16" time="2.047068" /><testcase classname="iotdk:kernel.common.misra" name="kernel.common.misra.sys_put_be16" time="2.047068" /><testcase classname="iotdk:kernel.common.misra" name="kernel.common.misra.sys_get_le16" time="2.047068" /><testcase classname="iotdk:kernel.common.misra" name="kernel.common.misra.sys_put_le16" time="2.047068" /><testcase classname="iotdk:kernel.common.misra" name="kernel.common.misra.sys_get_le32" time="2.047068" /><testcase classname="iotdk:kernel.common.misra" name="kernel.common.misra.sys_put_le32" time="2.047068" /><testcase classname="iotdk:kernel.common.misra" name="kernel.common.misra.sys_get_le64" time="2.047068" /><testcase classname="iotdk:kernel.common.misra" name="kernel.common.misra.sys_put_le64" time="2.047068" /><testcase classname="iotdk:kernel.common.misra" name="kernel.common.misra.atomic" time="2.047068" /><testcase classname="iotdk:kernel.common.misra" name="kernel.common.misra.bitfield" time="2.047068" /><testcase classname="iotdk:kernel.common.misra" name="kernel.common.misra.printk" time="2.047068" /><testcase classname="iotdk:kernel.common.misra" name="kernel.common.misra.timeout_order" time="2.047068" /><testcase classname="iotdk:kernel.common.misra" name="kernel.common.misra.clock_uptime" time="2.047068" /><testcase classname="iotdk:kernel.common.misra" name="kernel.common.misra.clock_cycle" time="2.047068" /><testcase classname="iotdk:kernel.common.misra" name="kernel.common.misra.version" time="2.047068" /><testcase classname="iotdk:kernel.common.misra" name="kernel.common.misra.multilib" time="2.047068" /><testcase classname="iotdk:kernel.common.misra" name="kernel.common.misra.thread_context" time="2.047068" /><testcase classname="iotdk:kernel.common.misra" name="kernel.common.misra.bounds_check_mitigation" time="2.047068" /><testcase classname="iotdk:kernel.common.timing" name="kernel.common.timing.sleep" time="33.804208" /><testcase classname="iotdk:kernel.common.timing" name="kernel.common.timing.usleep" time="33.804208" /><testcase classname="iotdk:kernel.common.timing" name="kernel.common.timing.sleep_forever" time="33.804208" /><testcase classname="iotdk:kernel.mailbox.api" name="kernel.mailbox.api.mbox_kinit" time="31.185422" /><testcase classname="iotdk:kernel.mailbox.api" name="kernel.mailbox.api.mbox_kdefine" time="31.185422" /><testcase classname="iotdk:kernel.mailbox.api" name="kernel.mailbox.api.mbox_put_get_null" time="31.185422" /><testcase classname="iotdk:kernel.mailbox.api" name="kernel.mailbox.api.mbox_put_get_buffer" time="31.185422" /><testcase classname="iotdk:kernel.mailbox.api" name="kernel.mailbox.api.mbox_async_put_get_buffer" time="31.185422" /><testcase classname="iotdk:kernel.mailbox.api" name="kernel.mailbox.api.mbox_async_put_get_block" time="31.185422" /><testcase classname="iotdk:kernel.mailbox.api" name="kernel.mailbox.api.mbox_target_source_thread_buffer" time="31.185422" /><testcase classname="iotdk:kernel.mailbox.api" name="kernel.mailbox.api.mbox_target_source_thread_block" time="31.185422" /><testcase classname="iotdk:kernel.mailbox.api" name="kernel.mailbox.api.mbox_incorrect_receiver_tid" time="31.185422" /><testcase classname="iotdk:kernel.mailbox.api" name="kernel.mailbox.api.mbox_incorrect_transmit_tid" time="31.185422" /><testcase classname="iotdk:kernel.mailbox.api" name="kernel.mailbox.api.mbox_timed_out_mbox_get" time="31.185422" /><testcase classname="iotdk:kernel.mailbox.api" name="kernel.mailbox.api.mbox_block_get_invalid_pool" time="31.185422" /><testcase classname="iotdk:kernel.mailbox.api" name="kernel.mailbox.api.mbox_msg_tid_mismatch" time="31.185422" /><testcase classname="iotdk:kernel.mailbox.api" name="kernel.mailbox.api.mbox_block_get_buff_to_pool" time="31.185422" /><testcase classname="iotdk:kernel.mailbox.api" name="kernel.mailbox.api.mbox_block_get_buff_to_smaller_pool" time="31.185422" /><testcase classname="iotdk:kernel.mailbox.api" name="kernel.mailbox.api.mbox_dispose_size_0_msg" time="31.185422" /><testcase classname="iotdk:kernel.mailbox.api" name="kernel.mailbox.api.mbox_clean_up_tx_pool" time="31.185422" /><testcase classname="iotdk:kernel.mailbox.api" name="kernel.mailbox.api.mbox_async_put_to_waiting_get" time="31.185422" /><testcase classname="iotdk:kernel.mailbox.api" name="kernel.mailbox.api.mbox_get_waiting_put_incorrect_tid" time="31.185422" /><testcase classname="iotdk:kernel.mailbox.api" name="kernel.mailbox.api.mbox_async_multiple_put" time="31.185422" /><testcase classname="iotdk:kernel.mailbox.api" name="kernel.mailbox.api.mbox_multiple_waiting_get" time="31.185422" /><testcase classname="iotdk:kernel.mailbox.usage" name="kernel.mailbox.usage.msg_receiver" time="30.702175" /><testcase classname="iotdk:kernel.objects" name="kernel.objects.pending_fifo" time="36.606002" /><testcase classname="iotdk:kernel.objects" name="kernel.objects.pending_lifo" time="36.606002" /><testcase classname="iotdk:kernel.objects" name="kernel.objects.pending_timer" time="36.606002" /><testcase classname="iotdk:kernel.scheduler.metairq" name="kernel.scheduler.metairq.preempt" time="30.588875" /><testcase classname="iotdk:kernel.scheduler" name="kernel.scheduler.bad_priorities" time="17.358908" /><testcase classname="iotdk:kernel.scheduler" name="kernel.scheduler.priority_cooperative" time="17.358908" /><testcase classname="iotdk:kernel.scheduler" name="kernel.scheduler.priority_preemptible" time="17.358908" /><testcase classname="iotdk:kernel.scheduler" name="kernel.scheduler.yield_cooperative" time="17.358908" /><testcase classname="iotdk:kernel.scheduler" name="kernel.scheduler.sleep_cooperative" time="17.358908" /><testcase classname="iotdk:kernel.scheduler" name="kernel.scheduler.sleep_wakeup_preemptible" time="17.358908" /><testcase classname="iotdk:kernel.scheduler" name="kernel.scheduler.pending_thread_wakeup" time="17.358908" /><testcase classname="iotdk:kernel.scheduler" name="kernel.scheduler.time_slicing_preemptible" time="17.358908" /><testcase classname="iotdk:kernel.scheduler" name="kernel.scheduler.time_slicing_disable_preemptible" time="17.358908" /><testcase classname="iotdk:kernel.scheduler" name="kernel.scheduler.lock_preemptible" time="17.358908" /><testcase classname="iotdk:kernel.scheduler" name="kernel.scheduler.unlock_preemptible" time="17.358908" /><testcase classname="iotdk:kernel.scheduler" name="kernel.scheduler.unlock_nested_sched_lock" time="17.358908" /><testcase classname="iotdk:kernel.scheduler" name="kernel.scheduler.sched_is_preempt_thread" time="17.358908" /><testcase classname="iotdk:kernel.scheduler" name="kernel.scheduler.slice_reset" time="17.358908" /><testcase classname="iotdk:kernel.scheduler" name="kernel.scheduler.slice_scheduling" time="17.358908" /><testcase classname="iotdk:kernel.scheduler" name="kernel.scheduler.priority_scheduling" time="17.358908" /><testcase classname="iotdk:kernel.scheduler" name="kernel.scheduler.wakeup_expired_timer_thread" time="17.358908" /><testcase classname="iotdk:kernel.scheduler" name="kernel.scheduler.user_k_wakeup" time="17.358908" /><testcase classname="iotdk:kernel.scheduler" name="kernel.scheduler.user_k_is_preempt" time="17.358908" /><testcase classname="iotdk:kernel.scheduler.no_timeslicing" name="kernel.scheduler.no_timeslicing.bad_priorities" time="1.902255" /><testcase classname="iotdk:kernel.scheduler.no_timeslicing" name="kernel.scheduler.no_timeslicing.priority_cooperative" time="1.902255" /><testcase classname="iotdk:kernel.scheduler.no_timeslicing" name="kernel.scheduler.no_timeslicing.priority_preemptible" time="1.902255" /><testcase classname="iotdk:kernel.scheduler.no_timeslicing" name="kernel.scheduler.no_timeslicing.yield_cooperative" time="1.902255" /><testcase classname="iotdk:kernel.scheduler.no_timeslicing" name="kernel.scheduler.no_timeslicing.sleep_cooperative" time="1.902255" /><testcase classname="iotdk:kernel.scheduler.no_timeslicing" name="kernel.scheduler.no_timeslicing.sleep_wakeup_preemptible" time="1.902255" /><testcase classname="iotdk:kernel.scheduler.no_timeslicing" name="kernel.scheduler.no_timeslicing.pending_thread_wakeup" time="1.902255" /><testcase classname="iotdk:kernel.scheduler.no_timeslicing" name="kernel.scheduler.no_timeslicing.time_slicing_preemptible" time="1.902255"><skipped message="Skipped" type="skipped" /></testcase><testcase classname="iotdk:kernel.scheduler.no_timeslicing" name="kernel.scheduler.no_timeslicing.time_slicing_disable_preemptible" time="1.902255"><skipped message="Skipped" type="skipped" /></testcase><testcase classname="iotdk:kernel.scheduler.no_timeslicing" name="kernel.scheduler.no_timeslicing.lock_preemptible" time="1.902255" /><testcase classname="iotdk:kernel.scheduler.no_timeslicing" name="kernel.scheduler.no_timeslicing.unlock_preemptible" time="1.902255" /><testcase classname="iotdk:kernel.scheduler.no_timeslicing" name="kernel.scheduler.no_timeslicing.unlock_nested_sched_lock" time="1.902255" /><testcase classname="iotdk:kernel.scheduler.no_timeslicing" name="kernel.scheduler.no_timeslicing.sched_is_preempt_thread" time="1.902255" /><testcase classname="iotdk:kernel.scheduler.no_timeslicing" name="kernel.scheduler.no_timeslicing.slice_reset" time="1.902255"><skipped message="Skipped" type="skipped" /></testcase><testcase classname="iotdk:kernel.scheduler.no_timeslicing" name="kernel.scheduler.no_timeslicing.slice_scheduling" time="1.902255"><skipped message="Skipped" type="skipped" /></testcase><testcase classname="iotdk:kernel.scheduler.no_timeslicing" name="kernel.scheduler.no_timeslicing.priority_scheduling" time="1.902255" /><testcase classname="iotdk:kernel.scheduler.no_timeslicing" name="kernel.scheduler.no_timeslicing.wakeup_expired_timer_thread" time="1.902255" /><testcase classname="iotdk:kernel.scheduler.no_timeslicing" name="kernel.scheduler.no_timeslicing.user_k_wakeup" time="1.902255" /><testcase classname="iotdk:kernel.scheduler.no_timeslicing" name="kernel.scheduler.no_timeslicing.user_k_is_preempt" time="1.902255" /><testcase classname="iotdk:kernel.scheduler.multiq" name="kernel.scheduler.multiq.bad_priorities" time="17.357651" /><testcase classname="iotdk:kernel.scheduler.multiq" name="kernel.scheduler.multiq.priority_cooperative" time="17.357651" /><testcase classname="iotdk:kernel.scheduler.multiq" name="kernel.scheduler.multiq.priority_preemptible" time="17.357651" /><testcase classname="iotdk:kernel.scheduler.multiq" name="kernel.scheduler.multiq.yield_cooperative" time="17.357651" /><testcase classname="iotdk:kernel.scheduler.multiq" name="kernel.scheduler.multiq.sleep_cooperative" time="17.357651" /><testcase classname="iotdk:kernel.scheduler.multiq" name="kernel.scheduler.multiq.sleep_wakeup_preemptible" time="17.357651" /><testcase classname="iotdk:kernel.scheduler.multiq" name="kernel.scheduler.multiq.pending_thread_wakeup" time="17.357651" /><testcase classname="iotdk:kernel.scheduler.multiq" name="kernel.scheduler.multiq.time_slicing_preemptible" time="17.357651" /><testcase classname="iotdk:kernel.scheduler.multiq" name="kernel.scheduler.multiq.time_slicing_disable_preemptible" time="17.357651" /><testcase classname="iotdk:kernel.scheduler.multiq" name="kernel.scheduler.multiq.lock_preemptible" time="17.357651" /><testcase classname="iotdk:kernel.scheduler.multiq" name="kernel.scheduler.multiq.unlock_preemptible" time="17.357651" /><testcase classname="iotdk:kernel.scheduler.multiq" name="kernel.scheduler.multiq.unlock_nested_sched_lock" time="17.357651" /><testcase classname="iotdk:kernel.scheduler.multiq" name="kernel.scheduler.multiq.sched_is_preempt_thread" time="17.357651" /><testcase classname="iotdk:kernel.scheduler.multiq" name="kernel.scheduler.multiq.slice_reset" time="17.357651" /><testcase classname="iotdk:kernel.scheduler.multiq" name="kernel.scheduler.multiq.slice_scheduling" time="17.357651" /><testcase classname="iotdk:kernel.scheduler.multiq" name="kernel.scheduler.multiq.priority_scheduling" time="17.357651" /><testcase classname="iotdk:kernel.scheduler.multiq" name="kernel.scheduler.multiq.wakeup_expired_timer_thread" time="17.357651" /><testcase classname="iotdk:kernel.scheduler.multiq" name="kernel.scheduler.multiq.user_k_wakeup" time="17.357651" /><testcase classname="iotdk:kernel.scheduler.multiq" name="kernel.scheduler.multiq.user_k_is_preempt" time="17.357651" /><testcase classname="iotdk:kernel.scheduler.multiq_no_timeslicing" name="kernel.scheduler.multiq_no_timeslicing.bad_priorities" time="1.937046" /><testcase classname="iotdk:kernel.scheduler.multiq_no_timeslicing" name="kernel.scheduler.multiq_no_timeslicing.priority_cooperative" time="1.937046" /><testcase classname="iotdk:kernel.scheduler.multiq_no_timeslicing" name="kernel.scheduler.multiq_no_timeslicing.priority_preemptible" time="1.937046" /><testcase classname="iotdk:kernel.scheduler.multiq_no_timeslicing" name="kernel.scheduler.multiq_no_timeslicing.yield_cooperative" time="1.937046" /><testcase classname="iotdk:kernel.scheduler.multiq_no_timeslicing" name="kernel.scheduler.multiq_no_timeslicing.sleep_cooperative" time="1.937046" /><testcase classname="iotdk:kernel.scheduler.multiq_no_timeslicing" name="kernel.scheduler.multiq_no_timeslicing.sleep_wakeup_preemptible" time="1.937046" /><testcase classname="iotdk:kernel.scheduler.multiq_no_timeslicing" name="kernel.scheduler.multiq_no_timeslicing.pending_thread_wakeup" time="1.937046" /><testcase classname="iotdk:kernel.scheduler.multiq_no_timeslicing" name="kernel.scheduler.multiq_no_timeslicing.time_slicing_preemptible" time="1.937046"><skipped message="Skipped" type="skipped" /></testcase><testcase classname="iotdk:kernel.scheduler.multiq_no_timeslicing" name="kernel.scheduler.multiq_no_timeslicing.time_slicing_disable_preemptible" time="1.937046"><skipped message="Skipped" type="skipped" /></testcase><testcase classname="iotdk:kernel.scheduler.multiq_no_timeslicing" name="kernel.scheduler.multiq_no_timeslicing.lock_preemptible" time="1.937046" /><testcase classname="iotdk:kernel.scheduler.multiq_no_timeslicing" name="kernel.scheduler.multiq_no_timeslicing.unlock_preemptible" time="1.937046" /><testcase classname="iotdk:kernel.scheduler.multiq_no_timeslicing" name="kernel.scheduler.multiq_no_timeslicing.unlock_nested_sched_lock" time="1.937046" /><testcase classname="iotdk:kernel.scheduler.multiq_no_timeslicing" name="kernel.scheduler.multiq_no_timeslicing.sched_is_preempt_thread" time="1.937046" /><testcase classname="iotdk:kernel.scheduler.multiq_no_timeslicing" name="kernel.scheduler.multiq_no_timeslicing.slice_reset" time="1.937046"><skipped message="Skipped" type="skipped" /></testcase><testcase classname="iotdk:kernel.scheduler.multiq_no_timeslicing" name="kernel.scheduler.multiq_no_timeslicing.slice_scheduling" time="1.937046"><skipped message="Skipped" type="skipped" /></testcase><testcase classname="iotdk:kernel.scheduler.multiq_no_timeslicing" name="kernel.scheduler.multiq_no_timeslicing.priority_scheduling" time="1.937046" /><testcase classname="iotdk:kernel.scheduler.multiq_no_timeslicing" name="kernel.scheduler.multiq_no_timeslicing.wakeup_expired_timer_thread" time="1.937046" /><testcase classname="iotdk:kernel.scheduler.multiq_no_timeslicing" name="kernel.scheduler.multiq_no_timeslicing.user_k_wakeup" time="1.937046" /><testcase classname="iotdk:kernel.scheduler.multiq_no_timeslicing" name="kernel.scheduler.multiq_no_timeslicing.user_k_is_preempt" time="1.937046" /><testcase classname="iotdk:kernel.scheduler.deadline" name="kernel.scheduler.deadline.deadline" time="30.735356" /><testcase classname="iotdk:kernel.scheduler.preempt" name="kernel.scheduler.preempt.preempt" time="30.685961" /><testcase classname="iotdk:kernel.message_queue" name="kernel.message_queue.msgq_thread" time="1.725017" /><testcase classname="iotdk:kernel.message_queue" name="kernel.message_queue.msgq_thread_overflow" time="1.725017" /><testcase classname="iotdk:kernel.message_queue" name="kernel.message_queue.msgq_user_thread" time="1.725017" /><testcase classname="iotdk:kernel.message_queue" name="kernel.message_queue.msgq_user_thread_overflow" time="1.725017" /><testcase classname="iotdk:kernel.message_queue" name="kernel.message_queue.msgq_isr" time="1.725017" /><testcase classname="iotdk:kernel.message_queue" name="kernel.message_queue.msgq_put_fail" time="1.725017" /><testcase classname="iotdk:kernel.message_queue" name="kernel.message_queue.msgq_get_fail" time="1.725017" /><testcase classname="iotdk:kernel.message_queue" name="kernel.message_queue.msgq_user_put_fail" time="1.725017" /><testcase classname="iotdk:kernel.message_queue" name="kernel.message_queue.msgq_user_get_fail" time="1.725017" /><testcase classname="iotdk:kernel.message_queue" name="kernel.message_queue.msgq_attrs_get" time="1.725017" /><testcase classname="iotdk:kernel.message_queue" name="kernel.message_queue.msgq_user_attrs_get" time="1.725017" /><testcase classname="iotdk:kernel.message_queue" name="kernel.message_queue.msgq_purge_when_put" time="1.725017" /><testcase classname="iotdk:kernel.message_queue" name="kernel.message_queue.msgq_user_purge_when_put" time="1.725017" /><testcase classname="iotdk:kernel.message_queue" name="kernel.message_queue.msgq_pend_thread" time="1.725017" /><testcase classname="iotdk:kernel.message_queue" name="kernel.message_queue.msgq_alloc" time="1.725017" /><testcase classname="iotdk:kernel.common.critical" name="kernel.common.critical.critical" time="20.751504" /><testcase classname="iotdk:kernel.workqueue.api" name="kernel.workqueue.api.workq_start_before_submit" time="33.260781" /><testcase classname="iotdk:kernel.workqueue.api" name="kernel.workqueue.api.user_workq_start_before_submit" time="33.260781" /><testcase classname="iotdk:kernel.workqueue.api" name="kernel.workqueue.api.user_workq_granted_access_setup" time="33.260781" /><testcase classname="iotdk:kernel.workqueue.api" name="kernel.workqueue.api.user_workq_granted_access" time="33.260781" /><testcase classname="iotdk:kernel.workqueue.api" name="kernel.workqueue.api.work_submit_to_multipleq" time="33.260781" /><testcase classname="iotdk:kernel.workqueue.api" name="kernel.workqueue.api.work_resubmit_to_queue" time="33.260781" /><testcase classname="iotdk:kernel.workqueue.api" name="kernel.workqueue.api.work_submit_to_queue_thread" time="33.260781" /><testcase classname="iotdk:kernel.workqueue.api" name="kernel.workqueue.api.work_submit_to_queue_isr" time="33.260781" /><testcase classname="iotdk:kernel.workqueue.api" name="kernel.workqueue.api.work_submit_thread" time="33.260781" /><testcase classname="iotdk:kernel.workqueue.api" name="kernel.workqueue.api.work_submit_isr" time="33.260781" /><testcase classname="iotdk:kernel.workqueue.api" name="kernel.workqueue.api.work_submit_handler" time="33.260781" /><testcase classname="iotdk:kernel.workqueue.api" name="kernel.workqueue.api.user_work_submit_to_queue_thread" time="33.260781" /><testcase classname="iotdk:kernel.workqueue.api" name="kernel.workqueue.api.delayed_work_submit_to_queue_thread" time="33.260781" /><testcase classname="iotdk:kernel.workqueue.api" name="kernel.workqueue.api.delayed_work_submit_to_queue_isr" time="33.260781" /><testcase classname="iotdk:kernel.workqueue.api" name="kernel.workqueue.api.delayed_work_submit_thread" time="33.260781" /><testcase classname="iotdk:kernel.workqueue.api" name="kernel.workqueue.api.delayed_work_submit_isr" time="33.260781" /><testcase classname="iotdk:kernel.workqueue.api" name="kernel.workqueue.api.delayed_work_submit_handler" time="33.260781" /><testcase classname="iotdk:kernel.workqueue.api" name="kernel.workqueue.api.delayed_work_cancel_from_queue_thread" time="33.260781" /><testcase classname="iotdk:kernel.workqueue.api" name="kernel.workqueue.api.delayed_work_cancel_from_queue_isr" time="33.260781" /><testcase classname="iotdk:kernel.workqueue.api" name="kernel.workqueue.api.delayed_work_cancel_thread" time="33.260781" /><testcase classname="iotdk:kernel.workqueue.api" name="kernel.workqueue.api.delayed_work_cancel_isr" time="33.260781" /><testcase classname="iotdk:kernel.workqueue.api" name="kernel.workqueue.api.triggered_work_submit_to_queue_thread" time="33.260781" /><testcase classname="iotdk:kernel.workqueue.api" name="kernel.workqueue.api.triggered_work_submit_to_queue_isr" time="33.260781" /><testcase classname="iotdk:kernel.workqueue.api" name="kernel.workqueue.api.triggered_work_submit_thread" time="33.260781" /><testcase classname="iotdk:kernel.workqueue.api" name="kernel.workqueue.api.triggered_work_submit_isr" time="33.260781" /><testcase classname="iotdk:kernel.workqueue.api" name="kernel.workqueue.api.triggered_work_cancel_from_queue_thread" time="33.260781" /><testcase classname="iotdk:kernel.workqueue.api" name="kernel.workqueue.api.triggered_work_cancel_from_queue_isr" time="33.260781" /><testcase classname="iotdk:kernel.workqueue.api" name="kernel.workqueue.api.triggered_work_cancel_thread" time="33.260781" /><testcase classname="iotdk:kernel.workqueue.api" name="kernel.workqueue.api.triggered_work_cancel_isr" time="33.260781" /><testcase classname="iotdk:kernel.workqueue" name="kernel.workqueue.sequence" time="35.357095" /><testcase classname="iotdk:kernel.workqueue" name="kernel.workqueue.resubmit" time="35.357095" /><testcase classname="iotdk:kernel.workqueue" name="kernel.workqueue.delayed" time="35.357095" /><testcase classname="iotdk:kernel.workqueue" name="kernel.workqueue.delayed_resubmit" time="35.357095" /><testcase classname="iotdk:kernel.workqueue" name="kernel.workqueue.delayed_resubmit_thread" time="35.357095" /><testcase classname="iotdk:kernel.workqueue" name="kernel.workqueue.delayed_cancel" time="35.357095" /><testcase classname="iotdk:kernel.workqueue" name="kernel.workqueue.triggered" time="35.357095" /><testcase classname="iotdk:kernel.workqueue" name="kernel.workqueue.already_triggered" time="35.357095" /><testcase classname="iotdk:kernel.workqueue" name="kernel.workqueue.triggered_resubmit" time="35.357095" /><testcase classname="iotdk:kernel.workqueue" name="kernel.workqueue.triggered_no_wait" time="35.357095" /><testcase classname="iotdk:kernel.workqueue" name="kernel.workqueue.triggered_no_wait_expired" time="35.357095" /><testcase classname="iotdk:kernel.workqueue" name="kernel.workqueue.triggered_wait" time="35.357095" /><testcase classname="iotdk:kernel.workqueue" name="kernel.workqueue.triggered_wait_expired" time="35.357095" /><testcase classname="iotdk:kernel.memory_pool.sys" name="kernel.memory_pool.sys.sys_mem_pool_alloc_free" time="30.732146" /><testcase classname="iotdk:kernel.memory_pool.sys" name="kernel.memory_pool.sys.sys_mem_pool_alloc_align4" time="30.732146" /><testcase classname="iotdk:kernel.memory_pool.sys" name="kernel.memory_pool.sys.sys_mem_pool_min_block_size" time="30.732146" /><testcase classname="iotdk:kernel.memory_pool.threadsafe" name="kernel.memory_pool.threadsafe.mpool_threadsafe" time="0.717769" /><testcase classname="iotdk:kernel.memory_pool.api" name="kernel.memory_pool.api.mpool_alloc_free_thread" time="30.675418" /><testcase classname="iotdk:kernel.memory_pool.api" name="kernel.memory_pool.api.mpool_alloc_free_isr" time="30.675418" /><testcase classname="iotdk:kernel.memory_pool.api" name="kernel.memory_pool.api.mpool_kdefine_extern" time="30.675418" /><testcase classname="iotdk:kernel.memory_pool.api" name="kernel.memory_pool.api.mpool_alloc_size" time="30.675418" /><testcase classname="iotdk:kernel.memory_pool.api" name="kernel.memory_pool.api.mpool_alloc_timeout" time="30.675418" /><testcase classname="iotdk:kernel.memory_pool.api" name="kernel.memory_pool.api.sys_heap_mem_pool_assign" time="30.675418" /><testcase classname="iotdk:kernel.memory_pool" name="kernel.memory_pool.pool_block_get" time="33.790412" /><testcase classname="iotdk:kernel.memory_pool" name="kernel.memory_pool.pool_block_get_timeout" time="33.790412" /><testcase classname="iotdk:kernel.memory_pool" name="kernel.memory_pool.pool_block_get_wait" time="33.790412" /><testcase classname="iotdk:kernel.memory_pool" name="kernel.memory_pool.pool_malloc" time="33.790412" /><testcase classname="iotdk:kernel.memory_pool.concept" name="kernel.memory_pool.concept.mpool_alloc_wait_prio" time="60.708250" /><testcase classname="iotdk:kernel.memory_pool.concept" name="kernel.memory_pool.concept.mpool_alloc_size_roundup" time="60.708250" /><testcase classname="iotdk:kernel.memory_pool.concept" name="kernel.memory_pool.concept.mpool_alloc_merge_failed_diff_size" time="60.708250"><error message="failed" type="failure">*** Booting Zephyr OS build zephyr-v2.2.0-273-g350dc0601d15  ***
Running test suite mpool_concept
===================================================================
starting test - test_mpool_alloc_wait_prio
PASS - test_mpool_alloc_wait_prio
===================================================================
starting test - test_mpool_alloc_size_roundup
PASS - test_mpool_alloc_size_roundup
===================================================================
starting test - test_mpool_alloc_merge_failed_diff_size
E: ***** Exception vector: 0xd, cause code: 0x0, parameter 0x0
E: Address 0x1
E: Faulting instruction address = 0x20000afc
E: &gt;&gt;&gt; ZEPHYR FATAL ERROR 0: CPU exception on CPU 0
E: Current thread: 0x80000468 (unknown)
E: Halting system
</error></testcase><testcase classname="iotdk:kernel.memory_pool.concept" name="kernel.memory_pool.concept.mpool_alloc_merge_failed_diff_parent" time="60.708250"><error message="failed" type="failure">*** Booting Zephyr OS build zephyr-v2.2.0-273-g350dc0601d15  ***
Running test suite mpool_concept
===================================================================
starting test - test_mpool_alloc_wait_prio
PASS - test_mpool_alloc_wait_prio
===================================================================
starting test - test_mpool_alloc_size_roundup
PASS - test_mpool_alloc_size_roundup
===================================================================
starting test - test_mpool_alloc_merge_failed_diff_size
E: ***** Exception vector: 0xd, cause code: 0x0, parameter 0x0
E: Address 0x1
E: Faulting instruction address = 0x20000afc
E: &gt;&gt;&gt; ZEPHYR FATAL ERROR 0: CPU exception on CPU 0
E: Current thread: 0x80000468 (unknown)
E: Halting system
</error></testcase><testcase classname="iotdk:kernel.objects.tracing" name="kernel.objects.tracing.philosophers_tracing" time="0.855061" /><testcase classname="iotdk:kernel.objects.tracing" name="kernel.objects.tracing.obj_tracing" time="0.855061" /><testcase classname="iotdk:kernel.common" name="kernel.common.kernel_interrupts" time="60.743704" /><testcase classname="iotdk:kernel.common" name="kernel.common.kernel_timer_interrupts" time="60.743704" /><testcase classname="iotdk:kernel.common" name="kernel.common.kernel_ctx_thread" time="60.743704" /><testcase classname="iotdk:kernel.common" name="kernel.common.busy_wait" time="60.743704" /><testcase classname="iotdk:kernel.common" name="kernel.common.k_sleep" time="60.743704" /><testcase classname="iotdk:kernel.common" name="kernel.common.kernel_cpu_idle_atomic" time="60.743704"><skipped message="Skipped" type="skipped" /></testcase><testcase classname="iotdk:kernel.common" name="kernel.common.kernel_cpu_idle" time="60.743704"><skipped message="Skipped" type="skipped" /></testcase><testcase classname="iotdk:kernel.common" name="kernel.common.k_yield" time="60.743704" /><testcase classname="iotdk:kernel.common" name="kernel.common.kernel_thread" time="60.743704"><error message="failed" type="failure">*** Booting Zephyr OS build zephyr-v2.2.0-273-g350dc0601d15  ***
Running test suite context
===================================================================
starting test - test_kernel_interrupts
PASS - test_kernel_interrupts
===================================================================
starting test - test_kernel_timer_interrupts
PASS - test_kernel_timer_interrupts
===================================================================
starting test - test_kernel_ctx_thread
Testing k_current_get() from an ISR and thread
Testing k_is_in_isr() from an ISR
Testing k_is_in_isr() from a preemptible thread
PASS - test_kernel_ctx_thread
===================================================================
starting test - test_busy_wait
Thread busy waiting for 20000 usecs
Thread busy waiting completed
PASS - test_busy_wait
===================================================================
starting test - test_k_sleep
 thread sleeping for 50 milliseconds
 thread back from sleep
Testing k_thread_create() without cancellation
 thread (q order: 2, t/o: 500) is running
 got thread (q order: 2, t/o: 500) as expected
 thread (q order: 3, t/o: 750) is running
 got thread (q order: 3, t/o: 750) as expected
 thread (q order: 0, t/o: 1000) is running
 got thread (q order: 0, t/o: 1000) as expected
 thread (q order: 6, t/o: 1250) is running
 got thread (q order: 6, t/o: 1250) as expected
 thread (q order: 1, t/o: 1500) is running
 got thread (q order: 1, t/o: 1500) as expected
 thread (q order: 4, t/o: 1750) is running
 got thread (q order: 4, t/o: 1750) as expected
 thread (q order: 5, t/o: 2000) is running
 got thread (q order: 5, t/o: 2000) as expected
Testing k_thread_create() with cancellations
 cancelling [q order: 0, t/o: 1000, t/o order: 0]
 thread (q order: 3, t/o: 750) is running
 got (q order: 3, t/o: 750, t/o order 1) as expected
 thread (q order: 0, t/o: 1000) is running
 got (q order: 0, t/o: 1000, t/o order 2) as expected
 cancelling [q order: 3, t/o: 750, t/o order: 3]
 cancelling [q order: 4, t/o: 1750, t/o order: 4]
 thread (q order: 4, t/o: 1750) is running
 got (q order: 4, t/o: 1750, t/o order 5) as expected
 cancelling [q order: 6, t/o: 1250, t/o order: 6]
PASS - test_k_sleep
===================================================================
starting test - test_kernel_cpu_idle_atomic
SKIP - test_kernel_cpu_idle_atomic
===================================================================
starting test - test_kernel_cpu_idle
SKIP - test_kernel_cpu_idle
===================================================================
starting test - test_k_yield
PASS - test_k_yield
===================================================================
starting test - test_kernel_thread
E: ***** Exception vector: 0x6, cause code: 0x1, parameter 0x2
E: Address 0x80000d10
E: &gt;&gt;&gt; ZEPHYR FATAL ERROR 2: Stack overflow on CPU 0
E: Current thread: 0x8000011c (unknown)
E: Halting system
</error></testcase><testcase classname="iotdk:kernel.mutex" name="kernel.mutex.mutex_lock_unlock" time="36.974689" /><testcase classname="iotdk:kernel.mutex" name="kernel.mutex.mutex_reent_lock_forever" time="36.974689" /><testcase classname="iotdk:kernel.mutex" name="kernel.mutex.mutex_reent_lock_no_wait" time="36.974689" /><testcase classname="iotdk:kernel.mutex" name="kernel.mutex.mutex_reent_lock_timeout_fail" time="36.974689" /><testcase classname="iotdk:kernel.mutex" name="kernel.mutex.mutex_reent_lock_timeout_pass" time="36.974689" /><testcase classname="iotdk:system.mutex" name="system.mutex.mutex" time="8.528886" /><testcase classname="iotdk:system.mutex" name="system.mutex.user_access" time="8.528886" /><testcase classname="iotdk:system.mutex" name="system.mutex.supervisor_access" time="8.528886" /><testcase classname="iotdk:system.mutex.nouser" name="system.mutex.nouser.mutex" time="9.213943" /><testcase classname="iotdk:system.mutex.nouser" name="system.mutex.nouser.user_access" time="9.213943"><skipped message="Skipped" type="skipped" /></testcase><testcase classname="iotdk:system.mutex.nouser" name="system.mutex.nouser.supervisor_access" time="9.213943" /><testcase classname="iotdk:kernel.pipe" name="kernel.pipe.pipe_on_single_elements" time="32.638496" /><testcase classname="iotdk:kernel.pipe" name="kernel.pipe.pipe_on_multiple_elements" time="32.638496" /><testcase classname="iotdk:kernel.pipe" name="kernel.pipe.pipe_forever_wait" time="32.638496" /><testcase classname="iotdk:kernel.pipe" name="kernel.pipe.pipe_timeout" time="32.638496" /><testcase classname="iotdk:kernel.pipe" name="kernel.pipe.pipe_get_on_empty_pipe" time="32.638496" /><testcase classname="iotdk:kernel.pipe" name="kernel.pipe.pipe_forever_timeout" time="32.638496" /><testcase classname="iotdk:kernel.pipe" name="kernel.pipe.pipe_get_timeout" time="32.638496" /><testcase classname="iotdk:kernel.pipe" name="kernel.pipe.pipe_get_invalid_size" time="32.638496" /><testcase classname="iotdk:kernel.pipe.api" name="kernel.pipe.api.pipe_thread2thread" time="31.486423" /><testcase classname="iotdk:kernel.pipe.api" name="kernel.pipe.api.pipe_user_thread2thread" time="31.486423" /><testcase classname="iotdk:kernel.pipe.api" name="kernel.pipe.api.pipe_user_put_fail" time="31.486423" /><testcase classname="iotdk:kernel.pipe.api" name="kernel.pipe.api.pipe_user_get_fail" time="31.486423" /><testcase classname="iotdk:kernel.pipe.api" name="kernel.pipe.api.resource_pool_auto_free" time="31.486423" /><testcase classname="iotdk:kernel.pipe.api" name="kernel.pipe.api.pipe_put_fail" time="31.486423" /><testcase classname="iotdk:kernel.pipe.api" name="kernel.pipe.api.pipe_get_fail" time="31.486423" /><testcase classname="iotdk:kernel.pipe.api" name="kernel.pipe.api.pipe_block_put" time="31.486423" /><testcase classname="iotdk:kernel.pipe.api" name="kernel.pipe.api.pipe_block_put_sema" time="31.486423" /><testcase classname="iotdk:kernel.pipe.api" name="kernel.pipe.api.pipe_get_put" time="31.486423" /><testcase classname="iotdk:kernel.pipe.api" name="kernel.pipe.api.half_pipe_block_put_sema" time="31.486423" /><testcase classname="iotdk:kernel.pipe.api" name="kernel.pipe.api.half_pipe_get_put" time="31.486423" /><testcase classname="iotdk:kernel.pipe.api" name="kernel.pipe.api.half_pipe_saturating_block_put" time="31.486423" /><testcase classname="iotdk:kernel.pipe.api" name="kernel.pipe.api.pipe_alloc" time="31.486423" /><testcase classname="iotdk:kernel.pipe.api" name="kernel.pipe.api.pipe_reader_wait" time="31.486423" /><testcase classname="iotdk:kernel.pipe.api" name="kernel.pipe.api.pipe_block_writer_wait" time="31.486423" /></testsuite></testsuites>