<testsuites><testsuite errors="6" failures="11" name="Sanitycheck" skipped="21" tests="1025" time="1404.083725"><testcase classname="sam_e70_xplained:portability.posix.common" name="portability.posix.common.posix_pthread_execution" time="16.456590"><failure message="failed" type="failure">*** Booting Zephyr OS build zephyr-v2.2.0-273-g350dc0601d15  ***
Running test suite posix_apis
===================================================================
starting test - test_posix_pthread_execution

    Assertion failed at ZEPHYR_BASE/tests/posix/common/src/pthread.c:294: test_posix_pthread_execution: (ret not equal to ESRCH)
uninitialized getname!
FAIL - test_posix_pthread_execution
===================================================================
starting test - test_posix_pthread_termination
Thread 0 starting with a priority of 4
Cancelling thread 0
Thread 1 starting with a priority of 3
Cancelling thread 1
Thread 1 could not be cancelled
Thread 2 starting with a priority of 2
Cancelling thread 2
Thread 3 starting with a priority of 1
Cancelling thread 3
Thread 3 could not be cancelled
PASS - test_posix_pthread_termination
===================================================================
starting test - test_posix_multiple_threads_single_key

Different threads set different values to same key:
thread 0: set value = 541070444 and retrieved value = 541070444
thread 1: set value = 541070700 and retrieved value = 541070700

PASS - test_posix_multiple_threads_single_key
===================================================================
starting test - test_posix_single_thread_multiple_keys

Single thread associates its value with different keys:
key 0: set value = 541070188 and retrieved value = 541070188
key 1: set value = 541070188 and retrieved value = 541070188

PASS - test_posix_single_thread_multiple_keys
===================================================================
starting test - test_posix_clock
POSIX clock APIs
POSIX clock APIs test done
PASS - test_posix_clock
===================================================================
starting test - test_posix_semaphore
PASS - test_posix_semaphore
===================================================================
starting test - test_posix_normal_mutex
mutex lock is taken
PASS - test_posix_normal_mutex
===================================================================
starting test - test_posix_recursive_mutex
recrusive mutex lock is taken
PASS - test_posix_recursive_mutex
===================================================================
starting test - test_posix_mqueue
PASS - test_posix_mqueue
===================================================================
starting test - test_posix_realtime
POSIX clock set APIs
POSIX clock set APIs test done
PASS - test_posix_realtime
===================================================================
starting test - test_posix_timer
POSIX timer test
Timer fires every 0 secs and  100000000 nsecs
Time remaining to fire 0 secs and  899000000 nsecs
Handler Signal value :20 for 1 times
Handler Signal value :20 for 2 times
Handler Signal value :20 for 3 times
Handler Signal value :20 for 4 times
Handler Signal value :20 for 5 times
Handler Signal value :20 for 6 times
Handler Signal value :20 for 7 times
Handler Signal value :20 for 8 times
Handler Signal value :20 for 9 times
Handler Signal value :20 for 10 times
Handler Signal value :20 for 11 times
Handler Signal value :20 for 12 times
PASS - test_posix_timer
===================================================================
starting test - test_posix_rw_lock

main acquire WR lock and 3 threads acquire RD lock
Thread 2 schParent thread releasing WR lock
eduling poliParent thread acquiring WR lock again
Parent thread acquired WR lock again
cy = 1 &amp; priParent thread releasing WR lock again

3 threads acquire WR lock
Main thread acquiring RD lock
Main thread acquired RD lock
ority 3 starMain thread releasing RD lock
ted
Thread 2 got RD lock
Thread 1 scThread 2 releasing RD lock
Thread 2 acquiring WR lock
Thread 2 acquired WR lock
heduling poThread 2 releasing WR lock
licy = 1 &amp; priority 2 started
Thread 1 got RD lock
Thread 0 schThread 1 releasing RD lock
Thread 1 acquiring WR lock
Thread 1 acquired WR lock
eduling poliThread 1 releasing WR lock
cy = 1 &amp; priority 1 started
Thread 0 got RD lock
Thread 0 releasing RD lock
Thread 0 acquiring WR lock
Thread 0 acquired WR lock
Thread 0 releasing WR lock
PASS - test_posix_rw_lock
===================================================================
Test suite posix_apis failed.
===================================================================
PROJECT EXECUTION FAILED
</failure></testcase><testcase classname="sam_e70_xplained:portability.posix.common" name="portability.posix.common.posix_pthread_termination" time="16.456590" /><testcase classname="sam_e70_xplained:portability.posix.common" name="portability.posix.common.posix_multiple_threads_single_key" time="16.456590" /><testcase classname="sam_e70_xplained:portability.posix.common" name="portability.posix.common.posix_single_thread_multiple_keys" time="16.456590" /><testcase classname="sam_e70_xplained:portability.posix.common" name="portability.posix.common.posix_clock" time="16.456590" /><testcase classname="sam_e70_xplained:portability.posix.common" name="portability.posix.common.posix_semaphore" time="16.456590" /><testcase classname="sam_e70_xplained:portability.posix.common" name="portability.posix.common.posix_normal_mutex" time="16.456590" /><testcase classname="sam_e70_xplained:portability.posix.common" name="portability.posix.common.posix_recursive_mutex" time="16.456590" /><testcase classname="sam_e70_xplained:portability.posix.common" name="portability.posix.common.posix_mqueue" time="16.456590" /><testcase classname="sam_e70_xplained:portability.posix.common" name="portability.posix.common.posix_realtime" time="16.456590" /><testcase classname="sam_e70_xplained:portability.posix.common" name="portability.posix.common.posix_timer" time="16.456590" /><testcase classname="sam_e70_xplained:portability.posix.common" name="portability.posix.common.posix_rw_lock" time="16.456590" /><testcase classname="sam_e70_xplained:portability.posix.common.newlib" name="portability.posix.common.newlib.posix_pthread_execution" time="16.472982"><failure message="failed" type="failure">*** Booting Zephyr OS build zephyr-v2.2.0-273-g350dc0601d15  ***
Running test suite posix_apis
===================================================================
starting test - test_posix_pthread_execution

    Assertion failed at ZEPHYR_BASE/tests/posix/common/src/pthread.c:294: test_posix_pthread_execution: (ret not equal to ESRCH)
uninitialized getname!
FAIL - test_posix_pthread_execution
===================================================================
starting test - test_posix_pthread_termination
Thread 0 starting with a priority of 4
Cancelling thread 0
Thread 1 starting with a priority of 3
Cancelling thread 1
Thread 1 could not be cancelled
Thread 2 starting with a priority of 2
Cancelling thread 2
Thread 3 starting with a priority of 1
Cancelling thread 3
Thread 3 could not be cancelled
PASS - test_posix_pthread_termination
===================================================================
starting test - test_posix_multiple_threads_single_key

Different threads set different values to same key:
thread 0: set value = 541070444 and retrieved value = 541070444
thread 1: set value = 541070700 and retrieved value = 541070700

PASS - test_posix_multiple_threads_single_key
===================================================================
starting test - test_posix_single_thread_multiple_keys

Single thread associates its value with different keys:
key 0: set value = 541070188 and retrieved value = 541070188
key 1: set value = 541070188 and retrieved value = 541070188

PASS - test_posix_single_thread_multiple_keys
===================================================================
starting test - test_posix_clock
POSIX clock APIs
POSIX clock APIs test done
PASS - test_posix_clock
===================================================================
starting test - test_posix_semaphore
PASS - test_posix_semaphore
===================================================================
starting test - test_posix_normal_mutex
mutex lock is taken
PASS - test_posix_normal_mutex
===================================================================
starting test - test_posix_recursive_mutex
recrusive mutex lock is taken
PASS - test_posix_recursive_mutex
===================================================================
starting test - test_posix_mqueue
PASS - test_posix_mqueue
===================================================================
starting test - test_posix_realtime
POSIX clock set APIs
POSIX clock set APIs test done
PASS - test_posix_realtime
===================================================================
starting test - test_posix_timer
POSIX timer test
Timer fires every 0 secs and  100000000 nsecs
Time remaining to fire 0 secs and  899000000 nsecs
Handler Signal value :20 for 1 times
Handler Signal value :20 for 2 times
Handler Signal value :20 for 3 times
Handler Signal value :20 for 4 times
Handler Signal value :20 for 5 times
Handler Signal value :20 for 6 times
Handler Signal value :20 for 7 times
Handler Signal value :20 for 8 times
Handler Signal value :20 for 9 times
Handler Signal value :20 for 10 times
Handler Signal value :20 for 11 times
Handler Signal value :20 for 12 times
PASS - test_posix_timer
===================================================================
starting test - test_posix_rw_lock

main acquire WR lock and 3 threads acquire RD lock
Thread 2 schParent thread releasing WR lock
eduling poliParent thread acquiring WR lock again
Parent thread acquired WR lock again
cy = 1 &amp; priParent thread releasing WR lock again

3 threads acquire WR lock
Main thread acquiring RD lock
Main thread acquired RD lock
ority 3 starMain thread releasing RD lock
ted
Thread 2 got RD lock
Thread 1 schThread 2 releasing RD lock
Thread 2 acquiring WR lock
Thread 2 acquired WR lock
eduling polThread 2 releasing WR lock
icy = 1 &amp; priority 2 started
Thread 1 got RD lock
Thread 0 schThread 1 releasing RD lock
Thread 1 acquiring WR lock
Thread 1 acquired WR lock
eduling poliThread 1 releasing WR lock
cy = 1 &amp; priority 1 started
Thread 0 got RD lock
Thread 0 releasing RD lock
Thread 0 acquiring WR lock
Thread 0 acquired WR lock
Thread 0 releasing WR lock
PASS - test_posix_rw_lock
===================================================================
Test suite posix_apis failed.
===================================================================
PROJECT EXECUTION FAILED
</failure></testcase><testcase classname="sam_e70_xplained:portability.posix.common.newlib" name="portability.posix.common.newlib.posix_pthread_termination" time="16.472982" /><testcase classname="sam_e70_xplained:portability.posix.common.newlib" name="portability.posix.common.newlib.posix_multiple_threads_single_key" time="16.472982" /><testcase classname="sam_e70_xplained:portability.posix.common.newlib" name="portability.posix.common.newlib.posix_single_thread_multiple_keys" time="16.472982" /><testcase classname="sam_e70_xplained:portability.posix.common.newlib" name="portability.posix.common.newlib.posix_clock" time="16.472982" /><testcase classname="sam_e70_xplained:portability.posix.common.newlib" name="portability.posix.common.newlib.posix_semaphore" time="16.472982" /><testcase classname="sam_e70_xplained:portability.posix.common.newlib" name="portability.posix.common.newlib.posix_normal_mutex" time="16.472982" /><testcase classname="sam_e70_xplained:portability.posix.common.newlib" name="portability.posix.common.newlib.posix_recursive_mutex" time="16.472982" /><testcase classname="sam_e70_xplained:portability.posix.common.newlib" name="portability.posix.common.newlib.posix_mqueue" time="16.472982" /><testcase classname="sam_e70_xplained:portability.posix.common.newlib" name="portability.posix.common.newlib.posix_realtime" time="16.472982" /><testcase classname="sam_e70_xplained:portability.posix.common.newlib" name="portability.posix.common.newlib.posix_timer" time="16.472982" /><testcase classname="sam_e70_xplained:portability.posix.common.newlib" name="portability.posix.common.newlib.posix_rw_lock" time="16.472982" /><testcase classname="sam_e70_xplained:portability.posix.fs" name="portability.posix.fs.fs_mount" time="3.586698" /><testcase classname="sam_e70_xplained:portability.posix.fs" name="portability.posix.fs.fs_open" time="3.586698" /><testcase classname="sam_e70_xplained:portability.posix.fs" name="portability.posix.fs.fs_write" time="3.586698" /><testcase classname="sam_e70_xplained:portability.posix.fs" name="portability.posix.fs.fs_read" time="3.586698" /><testcase classname="sam_e70_xplained:portability.posix.fs" name="portability.posix.fs.fs_close" time="3.586698" /><testcase classname="sam_e70_xplained:portability.posix.fs" name="portability.posix.fs.fs_fd_leak" time="3.586698" /><testcase classname="sam_e70_xplained:portability.posix.fs" name="portability.posix.fs.fs_unlink" time="3.586698" /><testcase classname="sam_e70_xplained:portability.posix.fs" name="portability.posix.fs.fs_mkdir" time="3.586698" /><testcase classname="sam_e70_xplained:portability.posix.fs" name="portability.posix.fs.fs_readdir" time="3.586698" /><testcase classname="sam_e70_xplained:portability.posix.fs.newlib" name="portability.posix.fs.newlib.fs_mount" time="3.598234" /><testcase classname="sam_e70_xplained:portability.posix.fs.newlib" name="portability.posix.fs.newlib.fs_open" time="3.598234" /><testcase classname="sam_e70_xplained:portability.posix.fs.newlib" name="portability.posix.fs.newlib.fs_write" time="3.598234" /><testcase classname="sam_e70_xplained:portability.posix.fs.newlib" name="portability.posix.fs.newlib.fs_read" time="3.598234" /><testcase classname="sam_e70_xplained:portability.posix.fs.newlib" name="portability.posix.fs.newlib.fs_close" time="3.598234" /><testcase classname="sam_e70_xplained:portability.posix.fs.newlib" name="portability.posix.fs.newlib.fs_fd_leak" time="3.598234" /><testcase classname="sam_e70_xplained:portability.posix.fs.newlib" name="portability.posix.fs.newlib.fs_unlink" time="3.598234" /><testcase classname="sam_e70_xplained:portability.posix.fs.newlib" name="portability.posix.fs.newlib.fs_mkdir" time="3.598234" /><testcase classname="sam_e70_xplained:portability.posix.fs.newlib" name="portability.posix.fs.newlib.fs_readdir" time="3.598234" /><testcase classname="sam_e70_xplained:net.management" name="net.management.mgmt" time="5.132498" /><testcase classname="sam_e70_xplained:net.neighbour" name="net.neighbour.neighbor" time="4.944284" /><testcase classname="sam_e70_xplained:net.icmpv6" name="net.icmpv6.icmpv6" time="5.033582" /><testcase classname="sam_e70_xplained:net.arp" name="net.arp.arp" time="8.858112" /><testcase classname="sam_e70_xplained:net.6lo" name="net.6lo.loop" time="5.268654" /><testcase classname="sam_e70_xplained:net.ipv6" name="net.ipv6.init" time="12.352174" /><testcase classname="sam_e70_xplained:net.ipv6" name="net.ipv6.cmp_prefix" time="12.352174" /><testcase classname="sam_e70_xplained:net.ipv6" name="net.ipv6.nbr_lookup_fail" time="12.352174" /><testcase classname="sam_e70_xplained:net.ipv6" name="net.ipv6.add_neighbor" time="12.352174" /><testcase classname="sam_e70_xplained:net.ipv6" name="net.ipv6.add_max_neighbors" time="12.352174" /><testcase classname="sam_e70_xplained:net.ipv6" name="net.ipv6.nbr_lookup_ok" time="12.352174" /><testcase classname="sam_e70_xplained:net.ipv6" name="net.ipv6.send_ns_extra_options" time="12.352174" /><testcase classname="sam_e70_xplained:net.ipv6" name="net.ipv6.send_ns_no_options" time="12.352174" /><testcase classname="sam_e70_xplained:net.ipv6" name="net.ipv6.rs_message" time="12.352174" /><testcase classname="sam_e70_xplained:net.ipv6" name="net.ipv6.ra_message" time="12.352174" /><testcase classname="sam_e70_xplained:net.ipv6" name="net.ipv6.hbho_message" time="12.352174" /><testcase classname="sam_e70_xplained:net.ipv6" name="net.ipv6.hbho_message_1" time="12.352174" /><testcase classname="sam_e70_xplained:net.ipv6" name="net.ipv6.hbho_message_2" time="12.352174" /><testcase classname="sam_e70_xplained:net.ipv6" name="net.ipv6.hbho_message_3" time="12.352174" /><testcase classname="sam_e70_xplained:net.ipv6" name="net.ipv6.address_lifetime" time="12.352174" /><testcase classname="sam_e70_xplained:net.ipv6" name="net.ipv6.change_ll_addr" time="12.352174" /><testcase classname="sam_e70_xplained:net.ipv6" name="net.ipv6.prefix_timeout" time="12.352174" /><testcase classname="sam_e70_xplained:net.ipv6" name="net.ipv6.prefix_timeout_long" time="12.352174" /><testcase classname="sam_e70_xplained:net.ipv6" name="net.ipv6.dad_timeout" time="12.352174" /><testcase classname="sam_e70_xplained:net.ipv6" name="net.ipv6.src_localaddr_recv" time="12.352174" /><testcase classname="sam_e70_xplained:net.ipv6" name="net.ipv6.dst_localaddr_recv" time="12.352174" /><testcase classname="sam_e70_xplained:net.ipv6" name="net.ipv6.dst_iface_scope_mcast_recv" time="12.352174" /><testcase classname="sam_e70_xplained:net.ipv6" name="net.ipv6.dst_iface_scope_mcast_send" time="12.352174" /><testcase classname="sam_e70_xplained:net.ipv6" name="net.ipv6.dst_zero_scope_mcast_recv" time="12.352174" /><testcase classname="sam_e70_xplained:net.ipv6" name="net.ipv6.dst_site_scope_mcast_recv_drop" time="12.352174" /><testcase classname="sam_e70_xplained:net.ipv6" name="net.ipv6.dst_site_scope_mcast_recv_ok" time="12.352174" /><testcase classname="sam_e70_xplained:net.ipv6" name="net.ipv6.dst_org_scope_mcast_recv" time="12.352174" /><testcase classname="sam_e70_xplained:net.route" name="net.route.init" time="5.196737" /><testcase classname="sam_e70_xplained:net.dhcp" name="net.dhcp.dhcp" time="5.492397" /><testcase classname="sam_e70_xplained:net.trickle" name="net.trickle.init" time="4.886458" /><testcase classname="sam_e70_xplained:net.trickle" name="net.trickle.trickle_create" time="4.886458" /><testcase classname="sam_e70_xplained:net.trickle" name="net.trickle.trickle_start" time="4.886458" /><testcase classname="sam_e70_xplained:net.trickle" name="net.trickle.trickle_1_status" time="4.886458" /><testcase classname="sam_e70_xplained:net.trickle" name="net.trickle.trickle_2_status" time="4.886458" /><testcase classname="sam_e70_xplained:net.trickle" name="net.trickle.trickle_1_wait" time="4.886458" /><testcase classname="sam_e70_xplained:net.trickle" name="net.trickle.trickle_2_wait" time="4.886458" /><testcase classname="sam_e70_xplained:net.trickle" name="net.trickle.trickle_1_update" time="4.886458" /><testcase classname="sam_e70_xplained:net.trickle" name="net.trickle.trickle_2_inc" time="4.886458" /><testcase classname="sam_e70_xplained:net.trickle" name="net.trickle.trickle_1_wait_long" time="4.886458"><skipped message="Skipped" type="skipped" /></testcase><testcase classname="sam_e70_xplained:net.trickle" name="net.trickle.trickle_stop" time="4.886458" /><testcase classname="sam_e70_xplained:net.trickle" name="net.trickle.trickle_1_stopped" time="4.886458" /><testcase classname="sam_e70_xplained:net.udp" name="net.udp.udp" time="12.081996" /><testcase classname="sam_e70_xplained:net.socket.websocket" name="net.socket.websocket.recv_1_byte" time="12.163603" /><testcase classname="sam_e70_xplained:net.socket.websocket" name="net.socket.websocket.recv_2_byte" time="12.163603" /><testcase classname="sam_e70_xplained:net.socket.websocket" name="net.socket.websocket.recv_3_byte" time="12.163603" /><testcase classname="sam_e70_xplained:net.socket.websocket" name="net.socket.websocket.recv_6_byte" time="12.163603" /><testcase classname="sam_e70_xplained:net.socket.websocket" name="net.socket.websocket.recv_7_byte" time="12.163603" /><testcase classname="sam_e70_xplained:net.socket.websocket" name="net.socket.websocket.recv_8_byte" time="12.163603" /><testcase classname="sam_e70_xplained:net.socket.websocket" name="net.socket.websocket.recv_9_byte" time="12.163603" /><testcase classname="sam_e70_xplained:net.socket.websocket" name="net.socket.websocket.recv_10_byte" time="12.163603" /><testcase classname="sam_e70_xplained:net.socket.websocket" name="net.socket.websocket.recv_12_byte" time="12.163603" /><testcase classname="sam_e70_xplained:net.socket.websocket" name="net.socket.websocket.recv_whole_msg" time="12.163603" /><testcase classname="sam_e70_xplained:net.socket.websocket" name="net.socket.websocket.recv_two_msg" time="12.163603" /><testcase classname="sam_e70_xplained:net.socket.websocket" name="net.socket.websocket.send_and_recv_lorem_ipsum" time="12.163603" /><testcase classname="sam_e70_xplained:net.socket.websocket" name="net.socket.websocket.recv_two_large_split_msg" time="12.163603" /><testcase classname="sam_e70_xplained:net.socket.misc" name="net.socket.misc.gethostname" time="14.644169" /><testcase classname="sam_e70_xplained:net.socket.misc" name="net.socket.misc.inet_pton" time="14.644169" /><testcase classname="sam_e70_xplained:net.socket.get_addr_info" name="net.socket.get_addr_info.getaddrinfo_setup" time="23.181725" /><testcase classname="sam_e70_xplained:net.socket.get_addr_info" name="net.socket.get_addr_info.getaddrinfo_ok" time="23.181725" /><testcase classname="sam_e70_xplained:net.socket.get_addr_info" name="net.socket.get_addr_info.getaddrinfo_cancelled" time="23.181725" /><testcase classname="sam_e70_xplained:net.socket.get_addr_info" name="net.socket.get_addr_info.getaddrinfo_no_host" time="23.181725" /><testcase classname="sam_e70_xplained:net.socket.get_addr_info" name="net.socket.get_addr_info.getaddrinfo_num_ipv4" time="23.181725" /><testcase classname="sam_e70_xplained:net.socket.get_addr_info" name="net.socket.get_addr_info.getaddrinfo_flags_numerichost" time="23.181725" /><testcase classname="sam_e70_xplained:net.socket.get_addr_info" name="net.socket.get_addr_info.getaddrinfo_ipv4_hints_ipv6" time="23.181725" /><testcase classname="sam_e70_xplained:net.socket.get_addr_info" name="net.socket.get_addr_info.getaddrinfo_ipv6_hints_ipv4" time="23.181725" /><testcase classname="sam_e70_xplained:net.socket.mgmt" name="net.socket.mgmt.net_mgmt_setup" time="12.721295" /><testcase classname="sam_e70_xplained:net.socket.mgmt" name="net.socket.mgmt.net_mgmt_catch_kernel" time="12.721295" /><testcase classname="sam_e70_xplained:net.socket.mgmt" name="net.socket.mgmt.net_mgmt_catch_user" time="12.721295" /><testcase classname="sam_e70_xplained:net.socket.mgmt" name="net.socket.mgmt.net_mgmt_cleanup" time="12.721295" /><testcase classname="sam_e70_xplained:net.socket.mgmt" name="net.socket.mgmt.ethernet_set_qav_kernel" time="12.721295" /><testcase classname="sam_e70_xplained:net.socket.mgmt" name="net.socket.mgmt.ethernet_set_qav_user" time="12.721295" /><testcase classname="sam_e70_xplained:net.socket.mgmt" name="net.socket.mgmt.ethernet_get_qav_kernel" time="12.721295" /><testcase classname="sam_e70_xplained:net.socket.mgmt" name="net.socket.mgmt.ethernet_get_qav_user" time="12.721295" /><testcase classname="sam_e70_xplained:net.socket.mgmt" name="net.socket.mgmt.ethernet_get_unknown_opt_kernel" time="12.721295" /><testcase classname="sam_e70_xplained:net.socket.mgmt" name="net.socket.mgmt.ethernet_get_unknown_opt_user" time="12.721295" /><testcase classname="sam_e70_xplained:net.socket.mgmt" name="net.socket.mgmt.ethernet_set_unknown_opt_kernel" time="12.721295" /><testcase classname="sam_e70_xplained:net.socket.mgmt" name="net.socket.mgmt.ethernet_set_unknown_opt_user" time="12.721295" /><testcase classname="sam_e70_xplained:net.socket.register" name="net.socket.register.create_sockets" time="10.174422" /><testcase classname="sam_e70_xplained:net.socket.register.tls" name="net.socket.register.tls.create_sockets" time="12.988156" /><testcase classname="sam_e70_xplained:net.socket.tcp" name="net.socket.tcp.v4_send_recv" time="29.048025" /><testcase classname="sam_e70_xplained:net.socket.tcp" name="net.socket.tcp.v6_send_recv" time="29.048025" /><testcase classname="sam_e70_xplained:net.socket.tcp" name="net.socket.tcp.v4_sendto_recvfrom" time="29.048025" /><testcase classname="sam_e70_xplained:net.socket.tcp" name="net.socket.tcp.v6_sendto_recvfrom" time="29.048025" /><testcase classname="sam_e70_xplained:net.socket.tcp" name="net.socket.tcp.v4_sendto_recvfrom_null_dest" time="29.048025" /><testcase classname="sam_e70_xplained:net.socket.tcp" name="net.socket.tcp.v6_sendto_recvfrom_null_dest" time="29.048025" /><testcase classname="sam_e70_xplained:net.socket.tcp" name="net.socket.tcp.open_close_immediately" time="29.048025" /><testcase classname="sam_e70_xplained:net.socket.tcp" name="net.socket.tcp.v4_accept_timeout" time="29.048025" /><testcase classname="sam_e70_xplained:net.socket.poll" name="net.socket.poll.poll" time="14.236170" /><testcase classname="sam_e70_xplained:net.socket.select" name="net.socket.select.fd_set" time="15.085692" /><testcase classname="sam_e70_xplained:net.socket.select" name="net.socket.select.select" time="15.085692" /><testcase classname="sam_e70_xplained:net.socket.get_name_info" name="net.socket.get_name_info.getnameinfo_ipv4" time="15.950451" /><testcase classname="sam_e70_xplained:net.socket.get_name_info" name="net.socket.get_name_info.getnameinfo_ipv6" time="15.950451" /><testcase classname="sam_e70_xplained:net.socket.udp" name="net.socket.udp.send_recv_2_sock" time="15.905803" /><testcase classname="sam_e70_xplained:net.socket.udp" name="net.socket.udp.v4_sendto_recvfrom" time="15.905803" /><testcase classname="sam_e70_xplained:net.socket.udp" name="net.socket.udp.v6_sendto_recvfrom" time="15.905803" /><testcase classname="sam_e70_xplained:net.socket.udp" name="net.socket.udp.v4_bind_sendto" time="15.905803" /><testcase classname="sam_e70_xplained:net.socket.udp" name="net.socket.udp.v6_bind_sendto" time="15.905803" /><testcase classname="sam_e70_xplained:net.socket.udp" name="net.socket.udp.so_priority" time="15.905803" /><testcase classname="sam_e70_xplained:net.socket.udp" name="net.socket.udp.so_txtime" time="15.905803" /><testcase classname="sam_e70_xplained:net.socket.udp" name="net.socket.udp.v4_sendmsg_recvfrom" time="15.905803" /><testcase classname="sam_e70_xplained:net.socket.udp" name="net.socket.udp.v6_sendmsg_recvfrom" time="15.905803" /><testcase classname="sam_e70_xplained:net.socket.udp" name="net.socket.udp.v4_sendmsg_recvfrom_connected" time="15.905803" /><testcase classname="sam_e70_xplained:net.socket.udp" name="net.socket.udp.v6_sendmsg_recvfrom_connected" time="15.905803" /><testcase classname="sam_e70_xplained:net.socket.udp" name="net.socket.udp.v6_sendmsg_with_txtime" time="15.905803" /><testcase classname="sam_e70_xplained:net.socket.packet" name="net.socket.packet.packet_sockets" time="10.974901" /><testcase classname="sam_e70_xplained:net.util" name="net.util.net_addr" time="8.350874" /><testcase classname="sam_e70_xplained:net.util" name="net.util.addr_parse" time="8.350874" /><testcase classname="sam_e70_xplained:net.ethernet_mgmt" name="net.ethernet_mgmt.change_mac_when_up" time="9.141456" /><testcase classname="sam_e70_xplained:net.ethernet_mgmt" name="net.ethernet_mgmt.change_mac_when_down" time="9.141456" /><testcase classname="sam_e70_xplained:net.ethernet_mgmt" name="net.ethernet_mgmt.change_auto_neg" time="9.141456" /><testcase classname="sam_e70_xplained:net.ethernet_mgmt" name="net.ethernet_mgmt.change_to_same_auto_neg" time="9.141456" /><testcase classname="sam_e70_xplained:net.ethernet_mgmt" name="net.ethernet_mgmt.change_link" time="9.141456" /><testcase classname="sam_e70_xplained:net.ethernet_mgmt" name="net.ethernet_mgmt.change_same_link" time="9.141456" /><testcase classname="sam_e70_xplained:net.ethernet_mgmt" name="net.ethernet_mgmt.change_unsupported_link" time="9.141456" /><testcase classname="sam_e70_xplained:net.ethernet_mgmt" name="net.ethernet_mgmt.change_duplex" time="9.141456" /><testcase classname="sam_e70_xplained:net.ethernet_mgmt" name="net.ethernet_mgmt.change_same_duplex" time="9.141456" /><testcase classname="sam_e70_xplained:net.ethernet_mgmt" name="net.ethernet_mgmt.change_qav_params" time="9.141456" /><testcase classname="sam_e70_xplained:net.ethernet_mgmt" name="net.ethernet_mgmt.change_promisc_mode_on" time="9.141456" /><testcase classname="sam_e70_xplained:net.ethernet_mgmt" name="net.ethernet_mgmt.change_to_same_promisc_mode" time="9.141456" /><testcase classname="sam_e70_xplained:net.ethernet_mgmt" name="net.ethernet_mgmt.change_promisc_mode_off" time="9.141456" /><testcase classname="sam_e70_xplained:net.ipv6.fragment" name="net.ipv6.fragment.setup" time="9.801975" /><testcase classname="sam_e70_xplained:net.ipv6.fragment" name="net.ipv6.fragment.find_last_ipv6_fragment_udp" time="9.801975" /><testcase classname="sam_e70_xplained:net.ipv6.fragment" name="net.ipv6.fragment.find_last_ipv6_fragment_hbho_udp" time="9.801975" /><testcase classname="sam_e70_xplained:net.ipv6.fragment" name="net.ipv6.fragment.find_last_ipv6_fragment_hbho_1" time="9.801975" /><testcase classname="sam_e70_xplained:net.ipv6.fragment" name="net.ipv6.fragment.find_last_ipv6_fragment_hbho_2" time="9.801975" /><testcase classname="sam_e70_xplained:net.ipv6.fragment" name="net.ipv6.fragment.find_last_ipv6_fragment_hbho_3" time="9.801975" /><testcase classname="sam_e70_xplained:net.ipv6.fragment" name="net.ipv6.fragment.find_last_ipv6_fragment_hbho_frag" time="9.801975" /><testcase classname="sam_e70_xplained:net.ipv6.fragment" name="net.ipv6.fragment.find_last_ipv6_fragment_hbho_frag_1" time="9.801975" /><testcase classname="sam_e70_xplained:net.ipv6.fragment" name="net.ipv6.fragment.send_ipv6_fragment" time="9.801975" /><testcase classname="sam_e70_xplained:net.ipv6.fragment" name="net.ipv6.fragment.send_ipv6_fragment_large_hbho" time="9.801975" /><testcase classname="sam_e70_xplained:net.ipv6.fragment" name="net.ipv6.fragment.send_ipv6_fragment_without_hbho" time="9.801975" /><testcase classname="sam_e70_xplained:net.ipv6.fragment" name="net.ipv6.fragment.recv_ipv6_fragment" time="9.801975" /><testcase classname="sam_e70_xplained:net.icmpv6" name="net.icmpv6.icmpv4" time="3.822815" /><testcase classname="sam_e70_xplained:net.coap.simple" name="net.coap.simple.build_empty_pdu" time="9.869139" /><testcase classname="sam_e70_xplained:net.coap.simple" name="net.coap.simple.build_simple_pdu" time="9.869139" /><testcase classname="sam_e70_xplained:net.coap.simple" name="net.coap.simple.parse_empty_pdu" time="9.869139" /><testcase classname="sam_e70_xplained:net.coap.simple" name="net.coap.simple.parse_empty_pdu_1" time="9.869139" /><testcase classname="sam_e70_xplained:net.coap.simple" name="net.coap.simple.parse_simple_pdu" time="9.869139" /><testcase classname="sam_e70_xplained:net.coap.simple" name="net.coap.simple.parse_malformed_opt" time="9.869139" /><testcase classname="sam_e70_xplained:net.coap.simple" name="net.coap.simple.parse_malformed_opt_len" time="9.869139" /><testcase classname="sam_e70_xplained:net.coap.simple" name="net.coap.simple.parse_malformed_opt_ext" time="9.869139" /><testcase classname="sam_e70_xplained:net.coap.simple" name="net.coap.simple.parse_malformed_opt_len_ext" time="9.869139" /><testcase classname="sam_e70_xplained:net.coap.simple" name="net.coap.simple.parse_malformed_marker" time="9.869139" /><testcase classname="sam_e70_xplained:net.coap.simple" name="net.coap.simple.match_path_uri" time="9.869139" /><testcase classname="sam_e70_xplained:net.coap.simple" name="net.coap.simple.block1_size" time="9.869139" /><testcase classname="sam_e70_xplained:net.coap.simple" name="net.coap.simple.block2_size" time="9.869139" /><testcase classname="sam_e70_xplained:net.coap.simple" name="net.coap.simple.retransmit_second_round" time="9.869139" /><testcase classname="sam_e70_xplained:net.coap.simple" name="net.coap.simple.observer_server" time="9.869139" /><testcase classname="sam_e70_xplained:net.coap.simple" name="net.coap.simple.observer_client" time="9.869139" /><testcase classname="sam_e70_xplained:net.dns.addremove" name="net.dns.addremove.init" time="19.597498" /><testcase classname="sam_e70_xplained:net.dns.addremove.no_ipv6" name="net.dns.addremove.no_ipv6.init" time="14.253362" /><testcase classname="sam_e70_xplained:net.dns.no_ipv4" name="net.dns.no_ipv4.init" time="15.011764" /><testcase classname="sam_e70_xplained:net.tls_credentials" name="net.tls_credentials.credential_add" time="9.398135" /><testcase classname="sam_e70_xplained:net.tls_credentials" name="net.tls_credentials.credential_get" time="9.398135" /><testcase classname="sam_e70_xplained:net.tls_credentials" name="net.tls_credentials.credential_internal_iterate" time="9.398135" /><testcase classname="sam_e70_xplained:net.tls_credentials" name="net.tls_credentials.credential_delete" time="9.398135" /><testcase classname="sam_e70_xplained:net.dns.resolve" name="net.dns.resolve.init" time="11.449644" /><testcase classname="sam_e70_xplained:net.dns.resolve.no_ipv6" name="net.dns.resolve.no_ipv6.init" time="11.205932" /><testcase classname="sam_e70_xplained:net.dns" name="net.dns.dns_query" time="9.436498" /><testcase classname="sam_e70_xplained:net.dns" name="net.dns.dns_response" time="9.436498" /><testcase classname="sam_e70_xplained:net.dns" name="net.dns.dns_response2" time="9.436498" /><testcase classname="sam_e70_xplained:net.dns" name="net.dns.mdns_query" time="9.436498" /><testcase classname="sam_e70_xplained:net.dns" name="net.dns.mdns_response" time="9.436498" /><testcase classname="sam_e70_xplained:net.mqtt.packet" name="net.mqtt.packet.mqtt_packet" time="11.713083" /><testcase classname="sam_e70_xplained:net.http" name="net.http.preserve_data" time="10.110598" /><testcase classname="sam_e70_xplained:net.http" name="net.http.parse_url" time="10.110598" /><testcase classname="sam_e70_xplained:net.http" name="net.http.method_str" time="10.110598" /><testcase classname="sam_e70_xplained:net.http" name="net.http.header_nread_value" time="10.110598" /><testcase classname="sam_e70_xplained:net.http" name="net.http.http_header_fields" time="10.110598" /><testcase classname="sam_e70_xplained:net.ptp.clock" name="net.ptp.clock.ptp_clock_interfaces" time="11.727997" /><testcase classname="sam_e70_xplained:net.ptp.clock" name="net.ptp.clock.ptp_clock_iface_1" time="11.727997" /><testcase classname="sam_e70_xplained:net.ptp.clock" name="net.ptp.clock.ptp_clock_iface_2" time="11.727997" /><testcase classname="sam_e70_xplained:net.ptp.clock" name="net.ptp.clock.ptp_clock_get_by_index" time="11.727997" /><testcase classname="sam_e70_xplained:net.ptp.clock" name="net.ptp.clock.ptp_clock_get_by_index_user" time="11.727997" /><testcase classname="sam_e70_xplained:net.ptp.clock" name="net.ptp.clock.ptp_clock_get_kernel" time="11.727997" /><testcase classname="sam_e70_xplained:net.ptp.clock" name="net.ptp.clock.ptp_clock_get_user" time="11.727997" /><testcase classname="sam_e70_xplained:net.context" name="net.context.init" time="10.531496" /><testcase classname="sam_e70_xplained:net.vlan" name="net.vlan.vlan_setup" time="5.233453" /><testcase classname="sam_e70_xplained:net.vlan" name="net.vlan.address_setup" time="5.233453" /><testcase classname="sam_e70_xplained:net.vlan" name="net.vlan.vlan_tci" time="5.233453" /><testcase classname="sam_e70_xplained:net.vlan" name="net.vlan.vlan_enable" time="5.233453" /><testcase classname="sam_e70_xplained:net.vlan" name="net.vlan.vlan_disable" time="5.233453" /><testcase classname="sam_e70_xplained:net.vlan" name="net.vlan.vlan_enable_all" time="5.233453" /><testcase classname="sam_e70_xplained:net.vlan" name="net.vlan.vlan_disable_all" time="5.233453" /><testcase classname="sam_e70_xplained:net.vlan" name="net.vlan.vlan_send_data" time="5.233453" /><testcase classname="sam_e70_xplained:net.shell" name="net.shell.setup" time="12.123453" /><testcase classname="sam_e70_xplained:net.shell" name="net.shell.net_shell" time="12.123453" /><testcase classname="sam_e70_xplained:net.mld" name="net.mld.allnodes" time="10.241428" /><testcase classname="sam_e70_xplained:net.mld" name="net.mld.solicit_node" time="10.241428" /><testcase classname="sam_e70_xplained:net.ip-addr" name="net.ip-addr.ip_addresses" time="5.941654" /><testcase classname="sam_e70_xplained:net.ip-addr" name="net.ip-addr.ipv6_addresses" time="5.941654" /><testcase classname="sam_e70_xplained:net.ip-addr" name="net.ip-addr.ipv4_addresses" time="5.941654" /><testcase classname="sam_e70_xplained:net.packet" name="net.packet.net_pkt_allocate_wo_buffer" time="9.689641" /><testcase classname="sam_e70_xplained:net.packet" name="net.packet.net_pkt_allocate_with_buffer" time="9.689641" /><testcase classname="sam_e70_xplained:net.packet" name="net.packet.net_pkt_basics_of_rw" time="9.689641" /><testcase classname="sam_e70_xplained:net.packet" name="net.packet.net_pkt_advanced_basics" time="9.689641" /><testcase classname="sam_e70_xplained:net.packet" name="net.packet.net_pkt_easier_rw_usage" time="9.689641" /><testcase classname="sam_e70_xplained:net.packet" name="net.packet.net_pkt_copy" time="9.689641" /><testcase classname="sam_e70_xplained:net.packet" name="net.packet.net_pkt_pull" time="9.689641" /><testcase classname="sam_e70_xplained:net.packet" name="net.packet.net_pkt_clone" time="9.689641" /><testcase classname="sam_e70_xplained:net.packet.large_buffer" name="net.packet.large_buffer.net_pkt_allocate_wo_buffer" time="9.570613" /><testcase classname="sam_e70_xplained:net.packet.large_buffer" name="net.packet.large_buffer.net_pkt_allocate_with_buffer" time="9.570613" /><testcase classname="sam_e70_xplained:net.packet.large_buffer" name="net.packet.large_buffer.net_pkt_basics_of_rw" time="9.570613" /><testcase classname="sam_e70_xplained:net.packet.large_buffer" name="net.packet.large_buffer.net_pkt_advanced_basics" time="9.570613" /><testcase classname="sam_e70_xplained:net.packet.large_buffer" name="net.packet.large_buffer.net_pkt_easier_rw_usage" time="9.570613" /><testcase classname="sam_e70_xplained:net.packet.large_buffer" name="net.packet.large_buffer.net_pkt_copy" time="9.570613" /><testcase classname="sam_e70_xplained:net.packet.large_buffer" name="net.packet.large_buffer.net_pkt_pull" time="9.570613" /><testcase classname="sam_e70_xplained:net.packet.large_buffer" name="net.packet.large_buffer.net_pkt_clone" time="9.570613" /><testcase classname="sam_e70_xplained:benchmark.kernel.timing.default" name="benchmark.kernel.timing.default" time="10.981960" /><testcase classname="sam_e70_xplained:benchmark.kernel.timing.userspace" name="benchmark.kernel.timing.userspace" time="12.514087" /><testcase classname="sam_e70_xplained:application_development.cpp.libcxx" name="application_development.cpp.libcxx.array" time="4.085726" /><testcase classname="sam_e70_xplained:application_development.cpp.libcxx" name="application_development.cpp.libcxx.vector" time="4.085726" /><testcase classname="sam_e70_xplained:application_development.cpp.libcxx" name="application_development.cpp.libcxx.make_unique" time="4.085726" /><testcase classname="sam_e70_xplained:application_development.cpp.libcxx.exceptions" name="application_development.cpp.libcxx.exceptions.array" time="4.125356" /><testcase classname="sam_e70_xplained:application_development.cpp.libcxx.exceptions" name="application_development.cpp.libcxx.exceptions.vector" time="4.125356" /><testcase classname="sam_e70_xplained:application_development.cpp.libcxx.exceptions" name="application_development.cpp.libcxx.exceptions.make_unique" time="4.125356" /><testcase classname="sam_e70_xplained:application_development.cpp.main" name="application_development.cpp.main.new_delete" time="2.731668" /><testcase classname="sam_e70_xplained:buildsystem.include_file" name="buildsystem.include_file.gen_inc_file" time="2.642536" /><testcase classname="sam_e70_xplained:buildsystem.include_file" name="buildsystem.include_file.gen_gz_inc_file_no_mtime" time="2.642536" /><testcase classname="sam_e70_xplained:buildsystem.include_file" name="buildsystem.include_file.gen_gz_inc_file_mtime_arg" time="2.642536" /><testcase classname="sam_e70_xplained:testing.ztest.regular_output" name="testing.ztest.regular_output.assert_pass" time="2.543421" /><testcase classname="sam_e70_xplained:testing.ztest.regular_output" name="testing.ztest.regular_output.assert_skip" time="2.543421"><skipped message="Skipped" type="skipped" /></testcase><testcase classname="sam_e70_xplained:testing.ztest.verbose_0" name="testing.ztest.verbose_0.empty_test" time="2.801870" /><testcase classname="sam_e70_xplained:testing.ztest.verbose_0" name="testing.ztest.verbose_0.assert_tests" time="2.801870" /><testcase classname="sam_e70_xplained:testing.ztest.verbose_0" name="testing.ztest.verbose_0.assert_mem_equal" time="2.801870" /><testcase classname="sam_e70_xplained:testing.ztest.verbose_1" name="testing.ztest.verbose_1.empty_test" time="2.617643" /><testcase classname="sam_e70_xplained:testing.ztest.verbose_1" name="testing.ztest.verbose_1.assert_tests" time="2.617643" /><testcase classname="sam_e70_xplained:testing.ztest.verbose_1" name="testing.ztest.verbose_1.assert_mem_equal" time="2.617643" /><testcase classname="sam_e70_xplained:testing.ztest.verbose_2" name="testing.ztest.verbose_2.empty_test" time="3.025408" /><testcase classname="sam_e70_xplained:testing.ztest.verbose_2" name="testing.ztest.verbose_2.assert_tests" time="3.025408" /><testcase classname="sam_e70_xplained:testing.ztest.verbose_2" name="testing.ztest.verbose_2.assert_mem_equal" time="3.025408" /><testcase classname="sam_e70_xplained:drivers.gpio.2pin" name="drivers.gpio.2pin" time="64.137078"><failure message="failed" type="failure">*** Booting Zephyr OS build zephyr-v2.2.0-273-g350dc0601d15  ***
Running test suite gpio_basic_test
===================================================================
starting test - test_gpio_port
Validate device PORTD
Check PORTD output 21 connected to input 20
FATAL output pin not wired to input pin? (out low =&gt; in high)
</failure></testcase><testcase classname="sam_e70_xplained:drivers.gpio.2pin" name="drivers.gpio.2pin.gpio_port" time="64.137078"><error message="failed" type="failure">*** Booting Zephyr OS build zephyr-v2.2.0-273-g350dc0601d15  ***
Running test suite gpio_basic_test
===================================================================
starting test - test_gpio_port
Validate device PORTD
Check PORTD output 21 connected to input 20
FATAL output pin not wired to input pin? (out low =&gt; in high)
</error></testcase><testcase classname="sam_e70_xplained:drivers.gpio.2pin" name="drivers.gpio.2pin.gpio_callback_add_remove" time="64.137078"><error message="failed" type="failure">*** Booting Zephyr OS build zephyr-v2.2.0-273-g350dc0601d15  ***
Running test suite gpio_basic_test
===================================================================
starting test - test_gpio_port
Validate device PORTD
Check PORTD output 21 connected to input 20
FATAL output pin not wired to input pin? (out low =&gt; in high)
</error></testcase><testcase classname="sam_e70_xplained:drivers.gpio.2pin" name="drivers.gpio.2pin.gpio_callback_self_remove" time="64.137078"><error message="failed" type="failure">*** Booting Zephyr OS build zephyr-v2.2.0-273-g350dc0601d15  ***
Running test suite gpio_basic_test
===================================================================
starting test - test_gpio_port
Validate device PORTD
Check PORTD output 21 connected to input 20
FATAL output pin not wired to input pin? (out low =&gt; in high)
</error></testcase><testcase classname="sam_e70_xplained:drivers.gpio.2pin" name="drivers.gpio.2pin.gpio_callback_enable_disable" time="64.137078"><error message="failed" type="failure">*** Booting Zephyr OS build zephyr-v2.2.0-273-g350dc0601d15  ***
Running test suite gpio_basic_test
===================================================================
starting test - test_gpio_port
Validate device PORTD
Check PORTD output 21 connected to input 20
FATAL output pin not wired to input pin? (out low =&gt; in high)
</error></testcase><testcase classname="sam_e70_xplained:drivers.gpio.2pin" name="drivers.gpio.2pin.gpio_callback_variants" time="64.137078"><error message="failed" type="failure">*** Booting Zephyr OS build zephyr-v2.2.0-273-g350dc0601d15  ***
Running test suite gpio_basic_test
===================================================================
starting test - test_gpio_port
Validate device PORTD
Check PORTD output 21 connected to input 20
FATAL output pin not wired to input pin? (out low =&gt; in high)
</error></testcase><testcase classname="sam_e70_xplained:drivers.gpio.2pin" name="drivers.gpio.2pin.gpio_deprecated" time="64.137078"><error message="failed" type="failure">*** Booting Zephyr OS build zephyr-v2.2.0-273-g350dc0601d15  ***
Running test suite gpio_basic_test
===================================================================
starting test - test_gpio_port
Validate device PORTD
Check PORTD output 21 connected to input 20
FATAL output pin not wired to input pin? (out low =&gt; in high)
</error></testcase><testcase classname="sam_e70_xplained:drivers.entropy" name="drivers.entropy.entropy_get_entropy" time="3.380455" /><testcase classname="sam_e70_xplained:drivers.adc" name="drivers.adc.adc_sample_one_channel" time="5.486472" /><testcase classname="sam_e70_xplained:drivers.adc" name="drivers.adc.adc_sample_two_channels" time="5.486472"><skipped message="Skipped" type="skipped" /></testcase><testcase classname="sam_e70_xplained:drivers.adc" name="drivers.adc.adc_asynchronous_call" time="5.486472" /><testcase classname="sam_e70_xplained:drivers.adc" name="drivers.adc.adc_sample_with_interval" time="5.486472" /><testcase classname="sam_e70_xplained:drivers.adc" name="drivers.adc.adc_repeated_samplings" time="5.486472" /><testcase classname="sam_e70_xplained:drivers.adc" name="drivers.adc.adc_invalid_request" time="5.486472" /><testcase classname="sam_e70_xplained:drivers.device_id" name="drivers.device_id.device_id_get" time="3.359490" /><testcase classname="sam_e70_xplained:drivers.device_id" name="drivers.device_id.device_id_enotsup" time="3.359490" /><testcase classname="sam_e70_xplained:logging.log_core" name="logging.log_core.log_backend_runtime_filtering" time="3.621293"><failure message="failed" type="failure">*** Booting Zephyr OS build zephyr-v2.2.0-273-g350dc0601d15  ***
Running test suite test_log_list
===================================================================
starting test - test_log_backend_runtime_filtering

    Assertion failed at ZEPHYR_BASE/tests/subsys/logging/log_core/src/log_core_test.c:65: put: (log_msg_timestamp_get(msg) not equal to exp_timestamp)
Unexpected message index
FAIL - test_log_backend_runtime_filtering
===================================================================
starting test - test_log_overflow

    Assertion failed at ZEPHYR_BASE/tests/subsys/logging/log_core/src/log_core_test.c:65: put: (log_msg_timestamp_get(msg) not equal to exp_timestamp)
Unexpected message index
FAIL - test_log_overflow
===================================================================
starting test - test_log_arguments

    Assertion failed at ZEPHYR_BASE/tests/subsys/logging/log_core/src/log_core_test.c:301: test_log_arguments: (8 not equal to backend1_cb.counter)
Unexpected amount of messages received by the backend.
FAIL - test_log_arguments
===================================================================
starting test - test_log_from_declared_module

    Assertion failed at ZEPHYR_BASE/tests/subsys/logging/log_core/src/log_core_test.c:325: test_log_from_declared_module: (2 not equal to backend1_cb.counter)
Unexpected amount of messages received by the backend.
FAIL - test_log_from_declared_module
===================================================================
starting test - test_log_strdup_gc

    Assertion failed at ZEPHYR_BASE/tests/subsys/logging/log_core/src/log_core_test.c:352: test_log_strdup_gc: (2 not equal to backend1_cb.counter)
Unexpected amount of messages received by the backend.
FAIL - test_log_strdup_gc
===================================================================
starting test - test_log_strdup_detect_miss
PASS - test_log_strdup_detect_miss
===================================================================
starting test - test_strdup_trimming

    Assertion failed at ZEPHYR_BASE/tests/subsys/logging/log_core/src/log_core_test.c:434: test_strdup_trimming: (1 not equal to backend1_cb.counter)
Unexpected amount of messages received by the backend.
FAIL - test_strdup_trimming
===================================================================
starting test - test_log_msg_dropped_notification

    Assertion failed at ZEPHYR_BASE/tests/subsys/logging/log_core/src/log_core_test.c:449: log_n_messages: (backend1_cb.total_drops not equal to exp_dropped)
Unexpected log msg dropped 24 (expected 0)
FAIL - test_log_msg_dropped_notification
===================================================================
starting test - test_z_log_get_s_mask
PASS - test_z_log_get_s_mask
===================================================================
starting test - test_log_panic

    Assertion failed at ZEPHYR_BASE/tests/subsys/logging/log_core/src/log_core_test.c:517: test_log_panic: (2 not equal to backend1_cb.counter)
Unexpected amount of messages received by the backend.
FAIL - test_log_panic
===================================================================
Test suite test_log_list failed.
===================================================================
PROJECT EXECUTION FAILED
</failure></testcase><testcase classname="sam_e70_xplained:logging.log_core" name="logging.log_core.log_overflow" time="3.621293"><failure message="failed" type="failure">*** Booting Zephyr OS build zephyr-v2.2.0-273-g350dc0601d15  ***
Running test suite test_log_list
===================================================================
starting test - test_log_backend_runtime_filtering

    Assertion failed at ZEPHYR_BASE/tests/subsys/logging/log_core/src/log_core_test.c:65: put: (log_msg_timestamp_get(msg) not equal to exp_timestamp)
Unexpected message index
FAIL - test_log_backend_runtime_filtering
===================================================================
starting test - test_log_overflow

    Assertion failed at ZEPHYR_BASE/tests/subsys/logging/log_core/src/log_core_test.c:65: put: (log_msg_timestamp_get(msg) not equal to exp_timestamp)
Unexpected message index
FAIL - test_log_overflow
===================================================================
starting test - test_log_arguments

    Assertion failed at ZEPHYR_BASE/tests/subsys/logging/log_core/src/log_core_test.c:301: test_log_arguments: (8 not equal to backend1_cb.counter)
Unexpected amount of messages received by the backend.
FAIL - test_log_arguments
===================================================================
starting test - test_log_from_declared_module

    Assertion failed at ZEPHYR_BASE/tests/subsys/logging/log_core/src/log_core_test.c:325: test_log_from_declared_module: (2 not equal to backend1_cb.counter)
Unexpected amount of messages received by the backend.
FAIL - test_log_from_declared_module
===================================================================
starting test - test_log_strdup_gc

    Assertion failed at ZEPHYR_BASE/tests/subsys/logging/log_core/src/log_core_test.c:352: test_log_strdup_gc: (2 not equal to backend1_cb.counter)
Unexpected amount of messages received by the backend.
FAIL - test_log_strdup_gc
===================================================================
starting test - test_log_strdup_detect_miss
PASS - test_log_strdup_detect_miss
===================================================================
starting test - test_strdup_trimming

    Assertion failed at ZEPHYR_BASE/tests/subsys/logging/log_core/src/log_core_test.c:434: test_strdup_trimming: (1 not equal to backend1_cb.counter)
Unexpected amount of messages received by the backend.
FAIL - test_strdup_trimming
===================================================================
starting test - test_log_msg_dropped_notification

    Assertion failed at ZEPHYR_BASE/tests/subsys/logging/log_core/src/log_core_test.c:449: log_n_messages: (backend1_cb.total_drops not equal to exp_dropped)
Unexpected log msg dropped 24 (expected 0)
FAIL - test_log_msg_dropped_notification
===================================================================
starting test - test_z_log_get_s_mask
PASS - test_z_log_get_s_mask
===================================================================
starting test - test_log_panic

    Assertion failed at ZEPHYR_BASE/tests/subsys/logging/log_core/src/log_core_test.c:517: test_log_panic: (2 not equal to backend1_cb.counter)
Unexpected amount of messages received by the backend.
FAIL - test_log_panic
===================================================================
Test suite test_log_list failed.
===================================================================
PROJECT EXECUTION FAILED
</failure></testcase><testcase classname="sam_e70_xplained:logging.log_core" name="logging.log_core.log_arguments" time="3.621293"><failure message="failed" type="failure">*** Booting Zephyr OS build zephyr-v2.2.0-273-g350dc0601d15  ***
Running test suite test_log_list
===================================================================
starting test - test_log_backend_runtime_filtering

    Assertion failed at ZEPHYR_BASE/tests/subsys/logging/log_core/src/log_core_test.c:65: put: (log_msg_timestamp_get(msg) not equal to exp_timestamp)
Unexpected message index
FAIL - test_log_backend_runtime_filtering
===================================================================
starting test - test_log_overflow

    Assertion failed at ZEPHYR_BASE/tests/subsys/logging/log_core/src/log_core_test.c:65: put: (log_msg_timestamp_get(msg) not equal to exp_timestamp)
Unexpected message index
FAIL - test_log_overflow
===================================================================
starting test - test_log_arguments

    Assertion failed at ZEPHYR_BASE/tests/subsys/logging/log_core/src/log_core_test.c:301: test_log_arguments: (8 not equal to backend1_cb.counter)
Unexpected amount of messages received by the backend.
FAIL - test_log_arguments
===================================================================
starting test - test_log_from_declared_module

    Assertion failed at ZEPHYR_BASE/tests/subsys/logging/log_core/src/log_core_test.c:325: test_log_from_declared_module: (2 not equal to backend1_cb.counter)
Unexpected amount of messages received by the backend.
FAIL - test_log_from_declared_module
===================================================================
starting test - test_log_strdup_gc

    Assertion failed at ZEPHYR_BASE/tests/subsys/logging/log_core/src/log_core_test.c:352: test_log_strdup_gc: (2 not equal to backend1_cb.counter)
Unexpected amount of messages received by the backend.
FAIL - test_log_strdup_gc
===================================================================
starting test - test_log_strdup_detect_miss
PASS - test_log_strdup_detect_miss
===================================================================
starting test - test_strdup_trimming

    Assertion failed at ZEPHYR_BASE/tests/subsys/logging/log_core/src/log_core_test.c:434: test_strdup_trimming: (1 not equal to backend1_cb.counter)
Unexpected amount of messages received by the backend.
FAIL - test_strdup_trimming
===================================================================
starting test - test_log_msg_dropped_notification

    Assertion failed at ZEPHYR_BASE/tests/subsys/logging/log_core/src/log_core_test.c:449: log_n_messages: (backend1_cb.total_drops not equal to exp_dropped)
Unexpected log msg dropped 24 (expected 0)
FAIL - test_log_msg_dropped_notification
===================================================================
starting test - test_z_log_get_s_mask
PASS - test_z_log_get_s_mask
===================================================================
starting test - test_log_panic

    Assertion failed at ZEPHYR_BASE/tests/subsys/logging/log_core/src/log_core_test.c:517: test_log_panic: (2 not equal to backend1_cb.counter)
Unexpected amount of messages received by the backend.
FAIL - test_log_panic
===================================================================
Test suite test_log_list failed.
===================================================================
PROJECT EXECUTION FAILED
</failure></testcase><testcase classname="sam_e70_xplained:logging.log_core" name="logging.log_core.log_from_declared_module" time="3.621293"><failure message="failed" type="failure">*** Booting Zephyr OS build zephyr-v2.2.0-273-g350dc0601d15  ***
Running test suite test_log_list
===================================================================
starting test - test_log_backend_runtime_filtering

    Assertion failed at ZEPHYR_BASE/tests/subsys/logging/log_core/src/log_core_test.c:65: put: (log_msg_timestamp_get(msg) not equal to exp_timestamp)
Unexpected message index
FAIL - test_log_backend_runtime_filtering
===================================================================
starting test - test_log_overflow

    Assertion failed at ZEPHYR_BASE/tests/subsys/logging/log_core/src/log_core_test.c:65: put: (log_msg_timestamp_get(msg) not equal to exp_timestamp)
Unexpected message index
FAIL - test_log_overflow
===================================================================
starting test - test_log_arguments

    Assertion failed at ZEPHYR_BASE/tests/subsys/logging/log_core/src/log_core_test.c:301: test_log_arguments: (8 not equal to backend1_cb.counter)
Unexpected amount of messages received by the backend.
FAIL - test_log_arguments
===================================================================
starting test - test_log_from_declared_module

    Assertion failed at ZEPHYR_BASE/tests/subsys/logging/log_core/src/log_core_test.c:325: test_log_from_declared_module: (2 not equal to backend1_cb.counter)
Unexpected amount of messages received by the backend.
FAIL - test_log_from_declared_module
===================================================================
starting test - test_log_strdup_gc

    Assertion failed at ZEPHYR_BASE/tests/subsys/logging/log_core/src/log_core_test.c:352: test_log_strdup_gc: (2 not equal to backend1_cb.counter)
Unexpected amount of messages received by the backend.
FAIL - test_log_strdup_gc
===================================================================
starting test - test_log_strdup_detect_miss
PASS - test_log_strdup_detect_miss
===================================================================
starting test - test_strdup_trimming

    Assertion failed at ZEPHYR_BASE/tests/subsys/logging/log_core/src/log_core_test.c:434: test_strdup_trimming: (1 not equal to backend1_cb.counter)
Unexpected amount of messages received by the backend.
FAIL - test_strdup_trimming
===================================================================
starting test - test_log_msg_dropped_notification

    Assertion failed at ZEPHYR_BASE/tests/subsys/logging/log_core/src/log_core_test.c:449: log_n_messages: (backend1_cb.total_drops not equal to exp_dropped)
Unexpected log msg dropped 24 (expected 0)
FAIL - test_log_msg_dropped_notification
===================================================================
starting test - test_z_log_get_s_mask
PASS - test_z_log_get_s_mask
===================================================================
starting test - test_log_panic

    Assertion failed at ZEPHYR_BASE/tests/subsys/logging/log_core/src/log_core_test.c:517: test_log_panic: (2 not equal to backend1_cb.counter)
Unexpected amount of messages received by the backend.
FAIL - test_log_panic
===================================================================
Test suite test_log_list failed.
===================================================================
PROJECT EXECUTION FAILED
</failure></testcase><testcase classname="sam_e70_xplained:logging.log_core" name="logging.log_core.log_strdup_gc" time="3.621293"><failure message="failed" type="failure">*** Booting Zephyr OS build zephyr-v2.2.0-273-g350dc0601d15  ***
Running test suite test_log_list
===================================================================
starting test - test_log_backend_runtime_filtering

    Assertion failed at ZEPHYR_BASE/tests/subsys/logging/log_core/src/log_core_test.c:65: put: (log_msg_timestamp_get(msg) not equal to exp_timestamp)
Unexpected message index
FAIL - test_log_backend_runtime_filtering
===================================================================
starting test - test_log_overflow

    Assertion failed at ZEPHYR_BASE/tests/subsys/logging/log_core/src/log_core_test.c:65: put: (log_msg_timestamp_get(msg) not equal to exp_timestamp)
Unexpected message index
FAIL - test_log_overflow
===================================================================
starting test - test_log_arguments

    Assertion failed at ZEPHYR_BASE/tests/subsys/logging/log_core/src/log_core_test.c:301: test_log_arguments: (8 not equal to backend1_cb.counter)
Unexpected amount of messages received by the backend.
FAIL - test_log_arguments
===================================================================
starting test - test_log_from_declared_module

    Assertion failed at ZEPHYR_BASE/tests/subsys/logging/log_core/src/log_core_test.c:325: test_log_from_declared_module: (2 not equal to backend1_cb.counter)
Unexpected amount of messages received by the backend.
FAIL - test_log_from_declared_module
===================================================================
starting test - test_log_strdup_gc

    Assertion failed at ZEPHYR_BASE/tests/subsys/logging/log_core/src/log_core_test.c:352: test_log_strdup_gc: (2 not equal to backend1_cb.counter)
Unexpected amount of messages received by the backend.
FAIL - test_log_strdup_gc
===================================================================
starting test - test_log_strdup_detect_miss
PASS - test_log_strdup_detect_miss
===================================================================
starting test - test_strdup_trimming

    Assertion failed at ZEPHYR_BASE/tests/subsys/logging/log_core/src/log_core_test.c:434: test_strdup_trimming: (1 not equal to backend1_cb.counter)
Unexpected amount of messages received by the backend.
FAIL - test_strdup_trimming
===================================================================
starting test - test_log_msg_dropped_notification

    Assertion failed at ZEPHYR_BASE/tests/subsys/logging/log_core/src/log_core_test.c:449: log_n_messages: (backend1_cb.total_drops not equal to exp_dropped)
Unexpected log msg dropped 24 (expected 0)
FAIL - test_log_msg_dropped_notification
===================================================================
starting test - test_z_log_get_s_mask
PASS - test_z_log_get_s_mask
===================================================================
starting test - test_log_panic

    Assertion failed at ZEPHYR_BASE/tests/subsys/logging/log_core/src/log_core_test.c:517: test_log_panic: (2 not equal to backend1_cb.counter)
Unexpected amount of messages received by the backend.
FAIL - test_log_panic
===================================================================
Test suite test_log_list failed.
===================================================================
PROJECT EXECUTION FAILED
</failure></testcase><testcase classname="sam_e70_xplained:logging.log_core" name="logging.log_core.log_strdup_detect_miss" time="3.621293" /><testcase classname="sam_e70_xplained:logging.log_core" name="logging.log_core.strdup_trimming" time="3.621293"><failure message="failed" type="failure">*** Booting Zephyr OS build zephyr-v2.2.0-273-g350dc0601d15  ***
Running test suite test_log_list
===================================================================
starting test - test_log_backend_runtime_filtering

    Assertion failed at ZEPHYR_BASE/tests/subsys/logging/log_core/src/log_core_test.c:65: put: (log_msg_timestamp_get(msg) not equal to exp_timestamp)
Unexpected message index
FAIL - test_log_backend_runtime_filtering
===================================================================
starting test - test_log_overflow

    Assertion failed at ZEPHYR_BASE/tests/subsys/logging/log_core/src/log_core_test.c:65: put: (log_msg_timestamp_get(msg) not equal to exp_timestamp)
Unexpected message index
FAIL - test_log_overflow
===================================================================
starting test - test_log_arguments

    Assertion failed at ZEPHYR_BASE/tests/subsys/logging/log_core/src/log_core_test.c:301: test_log_arguments: (8 not equal to backend1_cb.counter)
Unexpected amount of messages received by the backend.
FAIL - test_log_arguments
===================================================================
starting test - test_log_from_declared_module

    Assertion failed at ZEPHYR_BASE/tests/subsys/logging/log_core/src/log_core_test.c:325: test_log_from_declared_module: (2 not equal to backend1_cb.counter)
Unexpected amount of messages received by the backend.
FAIL - test_log_from_declared_module
===================================================================
starting test - test_log_strdup_gc

    Assertion failed at ZEPHYR_BASE/tests/subsys/logging/log_core/src/log_core_test.c:352: test_log_strdup_gc: (2 not equal to backend1_cb.counter)
Unexpected amount of messages received by the backend.
FAIL - test_log_strdup_gc
===================================================================
starting test - test_log_strdup_detect_miss
PASS - test_log_strdup_detect_miss
===================================================================
starting test - test_strdup_trimming

    Assertion failed at ZEPHYR_BASE/tests/subsys/logging/log_core/src/log_core_test.c:434: test_strdup_trimming: (1 not equal to backend1_cb.counter)
Unexpected amount of messages received by the backend.
FAIL - test_strdup_trimming
===================================================================
starting test - test_log_msg_dropped_notification

    Assertion failed at ZEPHYR_BASE/tests/subsys/logging/log_core/src/log_core_test.c:449: log_n_messages: (backend1_cb.total_drops not equal to exp_dropped)
Unexpected log msg dropped 24 (expected 0)
FAIL - test_log_msg_dropped_notification
===================================================================
starting test - test_z_log_get_s_mask
PASS - test_z_log_get_s_mask
===================================================================
starting test - test_log_panic

    Assertion failed at ZEPHYR_BASE/tests/subsys/logging/log_core/src/log_core_test.c:517: test_log_panic: (2 not equal to backend1_cb.counter)
Unexpected amount of messages received by the backend.
FAIL - test_log_panic
===================================================================
Test suite test_log_list failed.
===================================================================
PROJECT EXECUTION FAILED
</failure></testcase><testcase classname="sam_e70_xplained:logging.log_core" name="logging.log_core.log_msg_dropped_notification" time="3.621293"><failure message="failed" type="failure">*** Booting Zephyr OS build zephyr-v2.2.0-273-g350dc0601d15  ***
Running test suite test_log_list
===================================================================
starting test - test_log_backend_runtime_filtering

    Assertion failed at ZEPHYR_BASE/tests/subsys/logging/log_core/src/log_core_test.c:65: put: (log_msg_timestamp_get(msg) not equal to exp_timestamp)
Unexpected message index
FAIL - test_log_backend_runtime_filtering
===================================================================
starting test - test_log_overflow

    Assertion failed at ZEPHYR_BASE/tests/subsys/logging/log_core/src/log_core_test.c:65: put: (log_msg_timestamp_get(msg) not equal to exp_timestamp)
Unexpected message index
FAIL - test_log_overflow
===================================================================
starting test - test_log_arguments

    Assertion failed at ZEPHYR_BASE/tests/subsys/logging/log_core/src/log_core_test.c:301: test_log_arguments: (8 not equal to backend1_cb.counter)
Unexpected amount of messages received by the backend.
FAIL - test_log_arguments
===================================================================
starting test - test_log_from_declared_module

    Assertion failed at ZEPHYR_BASE/tests/subsys/logging/log_core/src/log_core_test.c:325: test_log_from_declared_module: (2 not equal to backend1_cb.counter)
Unexpected amount of messages received by the backend.
FAIL - test_log_from_declared_module
===================================================================
starting test - test_log_strdup_gc

    Assertion failed at ZEPHYR_BASE/tests/subsys/logging/log_core/src/log_core_test.c:352: test_log_strdup_gc: (2 not equal to backend1_cb.counter)
Unexpected amount of messages received by the backend.
FAIL - test_log_strdup_gc
===================================================================
starting test - test_log_strdup_detect_miss
PASS - test_log_strdup_detect_miss
===================================================================
starting test - test_strdup_trimming

    Assertion failed at ZEPHYR_BASE/tests/subsys/logging/log_core/src/log_core_test.c:434: test_strdup_trimming: (1 not equal to backend1_cb.counter)
Unexpected amount of messages received by the backend.
FAIL - test_strdup_trimming
===================================================================
starting test - test_log_msg_dropped_notification

    Assertion failed at ZEPHYR_BASE/tests/subsys/logging/log_core/src/log_core_test.c:449: log_n_messages: (backend1_cb.total_drops not equal to exp_dropped)
Unexpected log msg dropped 24 (expected 0)
FAIL - test_log_msg_dropped_notification
===================================================================
starting test - test_z_log_get_s_mask
PASS - test_z_log_get_s_mask
===================================================================
starting test - test_log_panic

    Assertion failed at ZEPHYR_BASE/tests/subsys/logging/log_core/src/log_core_test.c:517: test_log_panic: (2 not equal to backend1_cb.counter)
Unexpected amount of messages received by the backend.
FAIL - test_log_panic
===================================================================
Test suite test_log_list failed.
===================================================================
PROJECT EXECUTION FAILED
</failure></testcase><testcase classname="sam_e70_xplained:logging.log_core" name="logging.log_core.z_log_get_s_mask" time="3.621293" /><testcase classname="sam_e70_xplained:logging.log_core" name="logging.log_core.log_panic" time="3.621293"><failure message="failed" type="failure">*** Booting Zephyr OS build zephyr-v2.2.0-273-g350dc0601d15  ***
Running test suite test_log_list
===================================================================
starting test - test_log_backend_runtime_filtering

    Assertion failed at ZEPHYR_BASE/tests/subsys/logging/log_core/src/log_core_test.c:65: put: (log_msg_timestamp_get(msg) not equal to exp_timestamp)
Unexpected message index
FAIL - test_log_backend_runtime_filtering
===================================================================
starting test - test_log_overflow

    Assertion failed at ZEPHYR_BASE/tests/subsys/logging/log_core/src/log_core_test.c:65: put: (log_msg_timestamp_get(msg) not equal to exp_timestamp)
Unexpected message index
FAIL - test_log_overflow
===================================================================
starting test - test_log_arguments

    Assertion failed at ZEPHYR_BASE/tests/subsys/logging/log_core/src/log_core_test.c:301: test_log_arguments: (8 not equal to backend1_cb.counter)
Unexpected amount of messages received by the backend.
FAIL - test_log_arguments
===================================================================
starting test - test_log_from_declared_module

    Assertion failed at ZEPHYR_BASE/tests/subsys/logging/log_core/src/log_core_test.c:325: test_log_from_declared_module: (2 not equal to backend1_cb.counter)
Unexpected amount of messages received by the backend.
FAIL - test_log_from_declared_module
===================================================================
starting test - test_log_strdup_gc

    Assertion failed at ZEPHYR_BASE/tests/subsys/logging/log_core/src/log_core_test.c:352: test_log_strdup_gc: (2 not equal to backend1_cb.counter)
Unexpected amount of messages received by the backend.
FAIL - test_log_strdup_gc
===================================================================
starting test - test_log_strdup_detect_miss
PASS - test_log_strdup_detect_miss
===================================================================
starting test - test_strdup_trimming

    Assertion failed at ZEPHYR_BASE/tests/subsys/logging/log_core/src/log_core_test.c:434: test_strdup_trimming: (1 not equal to backend1_cb.counter)
Unexpected amount of messages received by the backend.
FAIL - test_strdup_trimming
===================================================================
starting test - test_log_msg_dropped_notification

    Assertion failed at ZEPHYR_BASE/tests/subsys/logging/log_core/src/log_core_test.c:449: log_n_messages: (backend1_cb.total_drops not equal to exp_dropped)
Unexpected log msg dropped 24 (expected 0)
FAIL - test_log_msg_dropped_notification
===================================================================
starting test - test_z_log_get_s_mask
PASS - test_z_log_get_s_mask
===================================================================
starting test - test_log_panic

    Assertion failed at ZEPHYR_BASE/tests/subsys/logging/log_core/src/log_core_test.c:517: test_log_panic: (2 not equal to backend1_cb.counter)
Unexpected amount of messages received by the backend.
FAIL - test_log_panic
===================================================================
Test suite test_log_list failed.
===================================================================
PROJECT EXECUTION FAILED
</failure></testcase><testcase classname="sam_e70_xplained:logging.log_output" name="logging.log_output.log_output_raw_string" time="3.548301" /><testcase classname="sam_e70_xplained:logging.log_output" name="logging.log_output.log_output_string" time="3.548301" /><testcase classname="sam_e70_xplained:logging.log_immediate" name="logging.log_immediate.log_immediate_preemption" time="6.435211" /><testcase classname="sam_e70_xplained:logging.log_msg" name="logging.log_msg.log_std_msg" time="3.843351" /><testcase classname="sam_e70_xplained:logging.log_msg" name="logging.log_msg.log_hexdump_msg" time="3.843351" /><testcase classname="sam_e70_xplained:logging.log_msg" name="logging.log_msg.log_hexdump_data_get_single_chunk" time="3.843351" /><testcase classname="sam_e70_xplained:logging.log_msg" name="logging.log_msg.log_hexdump_data_get_two_chunks" time="3.843351" /><testcase classname="sam_e70_xplained:logging.log_msg" name="logging.log_msg.log_hexdump_data_get_multiple_chunks" time="3.843351" /><testcase classname="sam_e70_xplained:logging.log_list" name="logging.log_list.log_list" time="3.567323" /><testcase classname="sam_e70_xplained:logging.log_list" name="logging.log_list.log_list_multiple_items" time="3.567323" /><testcase classname="sam_e70_xplained:usb.desc_sections" name="usb.desc_sections.desc_sections" time="3.923592" /><testcase classname="sam_e70_xplained:usb.device" name="usb.device.usb_dc_api_invalid" time="4.341465" /><testcase classname="sam_e70_xplained:usb.device" name="usb.device.usb_dc_api" time="4.341465" /><testcase classname="sam_e70_xplained:usb.device" name="usb.device.usb_dc_api_read_write" time="4.341465" /><testcase classname="sam_e70_xplained:usb.device" name="usb.device.usb_deconfig" time="4.341465" /><testcase classname="sam_e70_xplained:usb.device" name="usb.device.usb_disable" time="4.341465" /><testcase classname="sam_e70_xplained:usb.bos" name="usb.bos.usb_bos_macros" time="3.612753" /><testcase classname="sam_e70_xplained:usb.bos" name="usb.bos.usb_bos" time="3.612753" /><testcase classname="sam_e70_xplained:libraries.encoding.jwt" name="libraries.encoding.jwt.jwt" time="5.095114" /><testcase classname="sam_e70_xplained:tracing.backends.openocd" name="tracing.backends.openocd" time="2.766891" /><testcase classname="sam_e70_xplained:tracing.usb" name="tracing.usb" time="3.768059" /><testcase classname="sam_e70_xplained:tracing.usb.ctf" name="tracing.usb.ctf" time="3.339864" /><testcase classname="sam_e70_xplained:shell.history" name="shell.history.history_add_get" time="3.918908" /><testcase classname="sam_e70_xplained:shell.history" name="shell.history.history_purge" time="3.918908" /><testcase classname="sam_e70_xplained:shell.history" name="shell.history.history_get_up_and_down" time="3.918908" /><testcase classname="sam_e70_xplained:shell.history" name="shell.history.too_long_line_not_stored" time="3.918908" /><testcase classname="sam_e70_xplained:shell.history" name="shell.history.no_duplicates_in_a_row" time="3.918908" /><testcase classname="sam_e70_xplained:shell.history" name="shell.history.storing_long_buffers" time="3.918908" /><testcase classname="sam_e70_xplained:arch.interrupt.arm.irq_vector_table" name="arch.interrupt.arm.irq_vector_table.arm_irq_vector_table" time="2.870992" /><testcase classname="sam_e70_xplained:arch.arm.ramfunc" name="arch.arm.ramfunc.arm_ramfunc" time="4.837578" /><testcase classname="sam_e70_xplained:arch.arm.irq_advanced_features" name="arch.arm.irq_advanced_features.arm_dynamic_direct_interrupts" time="3.027706" /><testcase classname="sam_e70_xplained:arch.arm.irq_advanced_features" name="arch.arm.irq_advanced_features.arm_zero_latency_irqs" time="3.027706" /><testcase classname="sam_e70_xplained:arch.arm.swap.common" name="arch.arm.swap.common.arm_thread_swap" time="5.287814" /><testcase classname="sam_e70_xplained:arch.arm.swap.common" name="arch.arm.swap.common.arm_syscalls" time="5.287814" /><testcase classname="sam_e70_xplained:arch.arm.swap.common.no_optimizations" name="arch.arm.swap.common.no_optimizations.arm_thread_swap" time="7.531398" /><testcase classname="sam_e70_xplained:arch.arm.swap.common.no_optimizations" name="arch.arm.swap.common.no_optimizations.arm_syscalls" time="7.531398" /><testcase classname="sam_e70_xplained:arch.arm.swap.common.fp_sharing" name="arch.arm.swap.common.fp_sharing.arm_thread_swap" time="5.049733" /><testcase classname="sam_e70_xplained:arch.arm.swap.common.fp_sharing" name="arch.arm.swap.common.fp_sharing.arm_syscalls" time="5.049733" /><testcase classname="sam_e70_xplained:arch.arm.swap.common.fp_sharing.no_optimizations" name="arch.arm.swap.common.fp_sharing.no_optimizations.arm_thread_swap" time="7.922247" /><testcase classname="sam_e70_xplained:arch.arm.swap.common.fp_sharing.no_optimizations" name="arch.arm.swap.common.fp_sharing.no_optimizations.arm_syscalls" time="7.922247" /><testcase classname="sam_e70_xplained:arch.interrupt.arm" name="arch.interrupt.arm.arm_interrupt" time="5.247647" /><testcase classname="sam_e70_xplained:arch.interrupt.arm" name="arch.interrupt.arm.arm_user_interrupt" time="5.247647" /><testcase classname="sam_e70_xplained:arch.interrupt.no_optimizations" name="arch.interrupt.no_optimizations.arm_interrupt" time="7.704733" /><testcase classname="sam_e70_xplained:arch.interrupt.no_optimizations" name="arch.interrupt.no_optimizations.arm_user_interrupt" time="7.704733" /><testcase classname="sam_e70_xplained:libraries.onoff" name="libraries.onoff.service_init_validation" time="4.054550" /><testcase classname="sam_e70_xplained:libraries.onoff" name="libraries.onoff.client_init_validation" time="4.054550" /><testcase classname="sam_e70_xplained:libraries.onoff" name="libraries.onoff.validate_args" time="4.054550" /><testcase classname="sam_e70_xplained:libraries.onoff" name="libraries.onoff.reset" time="4.054550" /><testcase classname="sam_e70_xplained:libraries.onoff" name="libraries.onoff.request" time="4.054550" /><testcase classname="sam_e70_xplained:libraries.onoff" name="libraries.onoff.sync" time="4.054550" /><testcase classname="sam_e70_xplained:libraries.onoff" name="libraries.onoff.async" time="4.054550" /><testcase classname="sam_e70_xplained:libraries.onoff" name="libraries.onoff.half_sync" time="4.054550" /><testcase classname="sam_e70_xplained:libraries.onoff" name="libraries.onoff.cancel_request_waits" time="4.054550" /><testcase classname="sam_e70_xplained:libraries.onoff" name="libraries.onoff.cancel_request_ok" time="4.054550" /><testcase classname="sam_e70_xplained:libraries.onoff" name="libraries.onoff.blocked_restart" time="4.054550" /><testcase classname="sam_e70_xplained:libraries.onoff" name="libraries.onoff.cancel_release" time="4.054550" /><testcase classname="sam_e70_xplained:libraries.data_structures" name="libraries.data_structures.ringbuffer_init" time="3.066456" /><testcase classname="sam_e70_xplained:libraries.data_structures" name="libraries.data_structures.ringbuffer_declare_pow2" time="3.066456" /><testcase classname="sam_e70_xplained:libraries.data_structures" name="libraries.data_structures.ringbuffer_declare_size" time="3.066456" /><testcase classname="sam_e70_xplained:libraries.data_structures" name="libraries.data_structures.ringbuffer_put_get_thread" time="3.066456" /><testcase classname="sam_e70_xplained:libraries.data_structures" name="libraries.data_structures.ringbuffer_put_get_isr" time="3.066456" /><testcase classname="sam_e70_xplained:libraries.data_structures" name="libraries.data_structures.ringbuffer_put_get_thread_isr" time="3.066456" /><testcase classname="sam_e70_xplained:libraries.data_structures" name="libraries.data_structures.ringbuffer_pow2_put_get_thread_isr" time="3.066456" /><testcase classname="sam_e70_xplained:libraries.data_structures" name="libraries.data_structures.ringbuffer_size_put_get_thread_isr" time="3.066456" /><testcase classname="sam_e70_xplained:libraries.data_structures" name="libraries.data_structures.ring_buffer_main" time="3.066456" /><testcase classname="sam_e70_xplained:libraries.data_structures" name="libraries.data_structures.ringbuffer_raw" time="3.066456" /><testcase classname="sam_e70_xplained:libraries.data_structures" name="libraries.data_structures.ringbuffer_alloc_put" time="3.066456" /><testcase classname="sam_e70_xplained:libraries.data_structures" name="libraries.data_structures.byte_put_free" time="3.066456" /><testcase classname="sam_e70_xplained:libraries.data_structures" name="libraries.data_structures.capacity" time="3.066456" /><testcase classname="sam_e70_xplained:libraries.data_structures" name="libraries.data_structures.reset" time="3.066456" /><testcase classname="sam_e70_xplained:libraries.libc.sprintf" name="libraries.libc.sprintf.sprintf_double" time="3.340309" /><testcase classname="sam_e70_xplained:libraries.libc.sprintf" name="libraries.libc.sprintf.sprintf_integer" time="3.340309" /><testcase classname="sam_e70_xplained:libraries.libc.sprintf" name="libraries.libc.sprintf.vsprintf" time="3.340309" /><testcase classname="sam_e70_xplained:libraries.libc.sprintf" name="libraries.libc.sprintf.vsnprintf" time="3.340309" /><testcase classname="sam_e70_xplained:libraries.libc.sprintf" name="libraries.libc.sprintf.sprintf_string" time="3.340309" /><testcase classname="sam_e70_xplained:libraries.libc.sprintf" name="libraries.libc.sprintf.sprintf_misc" time="3.340309" /><testcase classname="sam_e70_xplained:libraries.encoding.json" name="libraries.encoding.json.json_encoding" time="3.544632" /><testcase classname="sam_e70_xplained:libraries.encoding.json" name="libraries.encoding.json.json_decoding" time="3.544632" /><testcase classname="sam_e70_xplained:libraries.encoding.json" name="libraries.encoding.json.json_decoding_array_array" time="3.544632" /><testcase classname="sam_e70_xplained:libraries.encoding.json" name="libraries.encoding.json.json_obj_arr_encoding" time="3.544632" /><testcase classname="sam_e70_xplained:libraries.encoding.json" name="libraries.encoding.json.json_obj_arr_decoding" time="3.544632" /><testcase classname="sam_e70_xplained:libraries.encoding.json" name="libraries.encoding.json.json_invalid_string" time="3.544632" /><testcase classname="sam_e70_xplained:libraries.encoding.json" name="libraries.encoding.json.json_invalid_bool" time="3.544632" /><testcase classname="sam_e70_xplained:libraries.encoding.json" name="libraries.encoding.json.json_invalid_null" time="3.544632" /><testcase classname="sam_e70_xplained:libraries.encoding.json" name="libraries.encoding.json.json_invalid_number" time="3.544632" /><testcase classname="sam_e70_xplained:libraries.encoding.json" name="libraries.encoding.json.json_missing_quote" time="3.544632" /><testcase classname="sam_e70_xplained:libraries.encoding.json" name="libraries.encoding.json.json_wrong_token" time="3.544632" /><testcase classname="sam_e70_xplained:libraries.encoding.json" name="libraries.encoding.json.json_item_wrong_type" time="3.544632" /><testcase classname="sam_e70_xplained:libraries.encoding.json" name="libraries.encoding.json.json_key_not_in_descr" time="3.544632" /><testcase classname="sam_e70_xplained:libraries.encoding.json" name="libraries.encoding.json.json_escape" time="3.544632" /><testcase classname="sam_e70_xplained:libraries.encoding.json" name="libraries.encoding.json.json_escape_one" time="3.544632" /><testcase classname="sam_e70_xplained:libraries.encoding.json" name="libraries.encoding.json.json_escape_empty" time="3.544632" /><testcase classname="sam_e70_xplained:libraries.encoding.json" name="libraries.encoding.json.json_escape_no_op" time="3.544632" /><testcase classname="sam_e70_xplained:libraries.encoding.json" name="libraries.encoding.json.json_escape_bounds_check" time="3.544632" /><testcase classname="sam_e70_xplained:libraries.libc.minimal.mem_alloc" name="libraries.libc.minimal.mem_alloc.malloc" time="5.153354" /><testcase classname="sam_e70_xplained:libraries.libc.minimal.mem_alloc" name="libraries.libc.minimal.mem_alloc.free" time="5.153354" /><testcase classname="sam_e70_xplained:libraries.libc.minimal.mem_alloc" name="libraries.libc.minimal.mem_alloc.calloc" time="5.153354" /><testcase classname="sam_e70_xplained:libraries.libc.minimal.mem_alloc" name="libraries.libc.minimal.mem_alloc.realloc" time="5.153354" /><testcase classname="sam_e70_xplained:libraries.libc.minimal.mem_alloc" name="libraries.libc.minimal.mem_alloc.reallocarray" time="5.153354" /><testcase classname="sam_e70_xplained:libraries.libc.minimal.mem_alloc" name="libraries.libc.minimal.mem_alloc.memalloc_all" time="5.153354" /><testcase classname="sam_e70_xplained:libraries.libc.minimal.mem_alloc" name="libraries.libc.minimal.mem_alloc.memalloc_max" time="5.153354" /><testcase classname="sam_e70_xplained:libraries.libc.newlib" name="libraries.libc.newlib.malloc" time="5.939229" /><testcase classname="sam_e70_xplained:libraries.libc.newlib" name="libraries.libc.newlib.free" time="5.939229" /><testcase classname="sam_e70_xplained:libraries.libc.newlib" name="libraries.libc.newlib.calloc" time="5.939229" /><testcase classname="sam_e70_xplained:libraries.libc.newlib" name="libraries.libc.newlib.realloc" time="5.939229" /><testcase classname="sam_e70_xplained:libraries.libc.newlib" name="libraries.libc.newlib.reallocarray" time="5.939229"><skipped message="Skipped" type="skipped" /></testcase><testcase classname="sam_e70_xplained:libraries.libc.newlib" name="libraries.libc.newlib.memalloc_all" time="5.939229" /><testcase classname="sam_e70_xplained:libraries.libc.newlib" name="libraries.libc.newlib.memalloc_max" time="5.939229" /><testcase classname="sam_e70_xplained:libraries.libc" name="libraries.libc.limits" time="2.838403" /><testcase classname="sam_e70_xplained:libraries.libc" name="libraries.libc.ssize_t" time="2.838403" /><testcase classname="sam_e70_xplained:libraries.libc" name="libraries.libc.stdbool" time="2.838403" /><testcase classname="sam_e70_xplained:libraries.libc" name="libraries.libc.stddef" time="2.838403" /><testcase classname="sam_e70_xplained:libraries.libc" name="libraries.libc.stdint" time="2.838403" /><testcase classname="sam_e70_xplained:libraries.libc" name="libraries.libc.memcmp" time="2.838403" /><testcase classname="sam_e70_xplained:libraries.libc" name="libraries.libc.strchr" time="2.838403" /><testcase classname="sam_e70_xplained:libraries.libc" name="libraries.libc.strcpy" time="2.838403" /><testcase classname="sam_e70_xplained:libraries.libc" name="libraries.libc.strncpy" time="2.838403" /><testcase classname="sam_e70_xplained:libraries.libc" name="libraries.libc.memset" time="2.838403" /><testcase classname="sam_e70_xplained:libraries.libc" name="libraries.libc.strlen" time="2.838403" /><testcase classname="sam_e70_xplained:libraries.libc" name="libraries.libc.strcmp" time="2.838403" /><testcase classname="sam_e70_xplained:libraries.libc" name="libraries.libc.strxspn" time="2.838403" /><testcase classname="sam_e70_xplained:libraries.libc" name="libraries.libc.bsearch" time="2.838403" /><testcase classname="sam_e70_xplained:libraries.os.fdtable" name="libraries.os.fdtable.z_reserve_fd" time="2.875527" /><testcase classname="sam_e70_xplained:libraries.os.fdtable" name="libraries.os.fdtable.z_get_fd_obj_and_vtable" time="2.875527" /><testcase classname="sam_e70_xplained:libraries.os.fdtable" name="libraries.os.fdtable.z_get_fd_obj" time="2.875527" /><testcase classname="sam_e70_xplained:libraries.os.fdtable" name="libraries.os.fdtable.z_finalize_fd" time="2.875527" /><testcase classname="sam_e70_xplained:libraries.os.fdtable" name="libraries.os.fdtable.z_alloc_fd" time="2.875527" /><testcase classname="sam_e70_xplained:libraries.os.fdtable" name="libraries.os.fdtable.z_free_fd" time="2.875527" /><testcase classname="sam_e70_xplained:shell.core" name="shell.core.cmd_help" time="4.261236" /><testcase classname="sam_e70_xplained:shell.core" name="shell.core.cmd_clear" time="4.261236" /><testcase classname="sam_e70_xplained:shell.core" name="shell.core.cmd_shell" time="4.261236" /><testcase classname="sam_e70_xplained:shell.core" name="shell.core.cmd_history" time="4.261236" /><testcase classname="sam_e70_xplained:shell.core" name="shell.core.cmd_select" time="4.261236" /><testcase classname="sam_e70_xplained:shell.core" name="shell.core.cmd_resize" time="4.261236" /><testcase classname="sam_e70_xplained:shell.core" name="shell.core.shell_module" time="4.261236" /><testcase classname="sam_e70_xplained:shell.core" name="shell.core.shell_wildcards_static" time="4.261236" /><testcase classname="sam_e70_xplained:shell.core" name="shell.core.shell_wildcards_dynamic" time="4.261236" /><testcase classname="sam_e70_xplained:crypto.rand32" name="crypto.rand32.rand32" time="2.971651" /><testcase classname="sam_e70_xplained:crypto.rand32.random_sw_systimer" name="crypto.rand32.random_sw_systimer.rand32" time="2.917788" /><testcase classname="sam_e70_xplained:crypto.rand32.random_hw_xoroshiro" name="crypto.rand32.random_hw_xoroshiro.rand32" time="3.098704" /><testcase classname="sam_e70_xplained:crypto.rand32.random_ctr_drbg" name="crypto.rand32.random_ctr_drbg.rand32" time="2.879979" /><testcase classname="sam_e70_xplained:crypto.mbedtls" name="crypto.mbedtls.mbedtls" time="9.468746" /><testcase classname="sam_e70_xplained:portability.cmsis_rtos_v1" name="portability.cmsis_rtos_v1.kernel_start" time="15.349412" /><testcase classname="sam_e70_xplained:portability.cmsis_rtos_v1" name="portability.cmsis_rtos_v1.kernel_systick" time="15.349412" /><testcase classname="sam_e70_xplained:portability.cmsis_rtos_v1" name="portability.cmsis_rtos_v1.thread_apis" time="15.349412" /><testcase classname="sam_e70_xplained:portability.cmsis_rtos_v1" name="portability.cmsis_rtos_v1.thread_prio" time="15.349412" /><testcase classname="sam_e70_xplained:portability.cmsis_rtos_v1" name="portability.cmsis_rtos_v1.thread_instances" time="15.349412" /><testcase classname="sam_e70_xplained:portability.cmsis_rtos_v1" name="portability.cmsis_rtos_v1.timer" time="15.349412" /><testcase classname="sam_e70_xplained:portability.cmsis_rtos_v1" name="portability.cmsis_rtos_v1.mutex" time="15.349412" /><testcase classname="sam_e70_xplained:portability.cmsis_rtos_v1" name="portability.cmsis_rtos_v1.mutex_lock_timeout" time="15.349412" /><testcase classname="sam_e70_xplained:portability.cmsis_rtos_v1" name="portability.cmsis_rtos_v1.semaphore" time="15.349412" /><testcase classname="sam_e70_xplained:portability.cmsis_rtos_v1" name="portability.cmsis_rtos_v1.mempool" time="15.349412" /><testcase classname="sam_e70_xplained:portability.cmsis_rtos_v1" name="portability.cmsis_rtos_v1.mailq" time="15.349412" /><testcase classname="sam_e70_xplained:portability.cmsis_rtos_v1" name="portability.cmsis_rtos_v1.messageq" time="15.349412" /><testcase classname="sam_e70_xplained:portability.cmsis_rtos_v1" name="portability.cmsis_rtos_v1.signal_events_no_wait" time="15.349412" /><testcase classname="sam_e70_xplained:portability.cmsis_rtos_v1" name="portability.cmsis_rtos_v1.signal_events_timeout" time="15.349412" /><testcase classname="sam_e70_xplained:portability.cmsis_rtos_v1" name="portability.cmsis_rtos_v1.signal_events_signalled" time="15.349412" /><testcase classname="sam_e70_xplained:portability.cmsis_rtos_v1" name="portability.cmsis_rtos_v1.signal_events_isr" time="15.349412" /><testcase classname="sam_e70_xplained:portability.cmsis_rtos_v2" name="portability.cmsis_rtos_v2.kernel_apis" time="10.676470" /><testcase classname="sam_e70_xplained:portability.cmsis_rtos_v2" name="portability.cmsis_rtos_v2.delay" time="10.676470" /><testcase classname="sam_e70_xplained:portability.cmsis_rtos_v2" name="portability.cmsis_rtos_v2.thread_apis" time="10.676470" /><testcase classname="sam_e70_xplained:portability.cmsis_rtos_v2" name="portability.cmsis_rtos_v2.thread_apis_dynamic" time="10.676470" /><testcase classname="sam_e70_xplained:portability.cmsis_rtos_v2" name="portability.cmsis_rtos_v2.thread_prio" time="10.676470" /><testcase classname="sam_e70_xplained:portability.cmsis_rtos_v2" name="portability.cmsis_rtos_v2.thread_prio_dynamic" time="10.676470" /><testcase classname="sam_e70_xplained:portability.cmsis_rtos_v2" name="portability.cmsis_rtos_v2.timer" time="10.676470" /><testcase classname="sam_e70_xplained:portability.cmsis_rtos_v2" name="portability.cmsis_rtos_v2.mutex" time="10.676470" /><testcase classname="sam_e70_xplained:portability.cmsis_rtos_v2" name="portability.cmsis_rtos_v2.mutex_lock_timeout" time="10.676470" /><testcase classname="sam_e70_xplained:portability.cmsis_rtos_v2" name="portability.cmsis_rtos_v2.semaphore" time="10.676470" /><testcase classname="sam_e70_xplained:portability.cmsis_rtos_v2" name="portability.cmsis_rtos_v2.mempool" time="10.676470" /><testcase classname="sam_e70_xplained:portability.cmsis_rtos_v2" name="portability.cmsis_rtos_v2.mempool_dynamic" time="10.676470" /><testcase classname="sam_e70_xplained:portability.cmsis_rtos_v2" name="portability.cmsis_rtos_v2.messageq" time="10.676470" /><testcase classname="sam_e70_xplained:portability.cmsis_rtos_v2" name="portability.cmsis_rtos_v2.event_flags_no_wait_timeout" time="10.676470" /><testcase classname="sam_e70_xplained:portability.cmsis_rtos_v2" name="portability.cmsis_rtos_v2.event_flags_signalled" time="10.676470" /><testcase classname="sam_e70_xplained:portability.cmsis_rtos_v2" name="portability.cmsis_rtos_v2.event_flags_isr" time="10.676470" /><testcase classname="sam_e70_xplained:portability.cmsis_rtos_v2" name="portability.cmsis_rtos_v2.thread_flags_no_wait_timeout" time="10.676470" /><testcase classname="sam_e70_xplained:portability.cmsis_rtos_v2" name="portability.cmsis_rtos_v2.thread_flags_signalled" time="10.676470" /><testcase classname="sam_e70_xplained:portability.cmsis_rtos_v2" name="portability.cmsis_rtos_v2.thread_flags_isr" time="10.676470" /><testcase classname="sam_e70_xplained:portability.cmsis_rtos_v2" name="portability.cmsis_rtos_v2.thread_join" time="10.676470" /><testcase classname="sam_e70_xplained:portability.cmsis_rtos_v2" name="portability.cmsis_rtos_v2.thread_detached" time="10.676470" /><testcase classname="sam_e70_xplained:portability.cmsis_rtos_v2" name="portability.cmsis_rtos_v2.thread_joinable_detach" time="10.676470" /><testcase classname="sam_e70_xplained:portability.cmsis_rtos_v2" name="portability.cmsis_rtos_v2.thread_joinable_terminate" time="10.676470" /><testcase classname="sam_e70_xplained:kernel.semaphore" name="kernel.semaphore.k_sema_init" time="20.226781" /><testcase classname="sam_e70_xplained:kernel.semaphore" name="kernel.semaphore.sema_thread2thread" time="20.226781" /><testcase classname="sam_e70_xplained:kernel.semaphore" name="kernel.semaphore.sema_thread2isr" time="20.226781" /><testcase classname="sam_e70_xplained:kernel.semaphore" name="kernel.semaphore.sema_reset" time="20.226781" /><testcase classname="sam_e70_xplained:kernel.semaphore" name="kernel.semaphore.sema_count_get" time="20.226781" /><testcase classname="sam_e70_xplained:kernel.semaphore" name="kernel.semaphore.simple_sem_from_isr" time="20.226781" /><testcase classname="sam_e70_xplained:kernel.semaphore" name="kernel.semaphore.simple_sem_from_task" time="20.226781" /><testcase classname="sam_e70_xplained:kernel.semaphore" name="kernel.semaphore.sem_take_no_wait" time="20.226781" /><testcase classname="sam_e70_xplained:kernel.semaphore" name="kernel.semaphore.sem_take_no_wait_fails" time="20.226781" /><testcase classname="sam_e70_xplained:kernel.semaphore" name="kernel.semaphore.sem_take_timeout_fails" time="20.226781" /><testcase classname="sam_e70_xplained:kernel.semaphore" name="kernel.semaphore.sem_take_timeout" time="20.226781" /><testcase classname="sam_e70_xplained:kernel.semaphore" name="kernel.semaphore.sem_take_timeout_forever" time="20.226781" /><testcase classname="sam_e70_xplained:kernel.semaphore" name="kernel.semaphore.sem_take_timeout_isr" time="20.226781" /><testcase classname="sam_e70_xplained:kernel.semaphore" name="kernel.semaphore.sem_take_multiple" time="20.226781" /><testcase classname="sam_e70_xplained:kernel.semaphore" name="kernel.semaphore.sem_give_take_from_isr" time="20.226781" /><testcase classname="sam_e70_xplained:kernel.semaphore" name="kernel.semaphore.sem_multiple_threads_wait" time="20.226781" /><testcase classname="sam_e70_xplained:kernel.semaphore" name="kernel.semaphore.sem_measure_timeouts" time="20.226781" /><testcase classname="sam_e70_xplained:kernel.semaphore" name="kernel.semaphore.sem_measure_timeout_from_thread" time="20.226781" /><testcase classname="sam_e70_xplained:kernel.semaphore" name="kernel.semaphore.sem_multiple_take_and_timeouts" time="20.226781" /><testcase classname="sam_e70_xplained:kernel.semaphore" name="kernel.semaphore.sem_multi_take_timeout_diff_sem" time="20.226781" /><testcase classname="sam_e70_xplained:kernel.common.stack_protection" name="kernel.common.stack_protection.fatal" time="5.448147" /><testcase classname="sam_e70_xplained:kernel.common.stack_protection_no_userspace" name="kernel.common.stack_protection_no_userspace.fatal" time="3.037038" /><testcase classname="sam_e70_xplained:kernel.common.stack_protection_arm_fp_sharing" name="kernel.common.stack_protection_arm_fp_sharing.fatal" time="6.348462" /><testcase classname="sam_e70_xplained:kernel.common.stack_sentinel" name="kernel.common.stack_sentinel.fatal" time="3.171936" /><testcase classname="sam_e70_xplained:kernel.threads.init" name="kernel.threads.init.kdefine_preempt_thread" time="8.407528" /><testcase classname="sam_e70_xplained:kernel.threads.init" name="kernel.threads.init.kdefine_coop_thread" time="8.407528" /><testcase classname="sam_e70_xplained:kernel.threads.init" name="kernel.threads.init.kinit_preempt_thread" time="8.407528" /><testcase classname="sam_e70_xplained:kernel.threads.init" name="kernel.threads.init.kinit_coop_thread" time="8.407528" /><testcase classname="sam_e70_xplained:kernel.threads.apis" name="kernel.threads.apis.threads_spawn_params" time="9.213915" /><testcase classname="sam_e70_xplained:kernel.threads.apis" name="kernel.threads.apis.threads_spawn_priority" time="9.213915" /><testcase classname="sam_e70_xplained:kernel.threads.apis" name="kernel.threads.apis.threads_spawn_delay" time="9.213915" /><testcase classname="sam_e70_xplained:kernel.threads.apis" name="kernel.threads.apis.threads_spawn_forever" time="9.213915" /><testcase classname="sam_e70_xplained:kernel.threads.apis" name="kernel.threads.apis.thread_start" time="9.213915" /><testcase classname="sam_e70_xplained:kernel.threads.apis" name="kernel.threads.apis.threads_suspend_resume_cooperative" time="9.213915" /><testcase classname="sam_e70_xplained:kernel.threads.apis" name="kernel.threads.apis.threads_suspend_resume_preemptible" time="9.213915" /><testcase classname="sam_e70_xplained:kernel.threads.apis" name="kernel.threads.apis.threads_priority_set" time="9.213915" /><testcase classname="sam_e70_xplained:kernel.threads.apis" name="kernel.threads.apis.threads_abort_self" time="9.213915" /><testcase classname="sam_e70_xplained:kernel.threads.apis" name="kernel.threads.apis.threads_abort_others" time="9.213915" /><testcase classname="sam_e70_xplained:kernel.threads.apis" name="kernel.threads.apis.threads_abort_repeat" time="9.213915" /><testcase classname="sam_e70_xplained:kernel.threads.apis" name="kernel.threads.apis.abort_handler" time="9.213915" /><testcase classname="sam_e70_xplained:kernel.threads.apis" name="kernel.threads.apis.delayed_thread_abort" time="9.213915" /><testcase classname="sam_e70_xplained:kernel.threads.apis" name="kernel.threads.apis.essential_thread_operation" time="9.213915" /><testcase classname="sam_e70_xplained:kernel.threads.apis" name="kernel.threads.apis.systhreads_main" time="9.213915" /><testcase classname="sam_e70_xplained:kernel.threads.apis" name="kernel.threads.apis.systhreads_idle" time="9.213915" /><testcase classname="sam_e70_xplained:kernel.threads.apis" name="kernel.threads.apis.customdata_get_set_coop" time="9.213915" /><testcase classname="sam_e70_xplained:kernel.threads.apis" name="kernel.threads.apis.customdata_get_set_preempt" time="9.213915" /><testcase classname="sam_e70_xplained:kernel.threads.apis" name="kernel.threads.apis.k_thread_foreach" time="9.213915" /><testcase classname="sam_e70_xplained:kernel.threads.apis" name="kernel.threads.apis.thread_name_get_set" time="9.213915" /><testcase classname="sam_e70_xplained:kernel.threads.apis" name="kernel.threads.apis.thread_name_user_get_set" time="9.213915" /><testcase classname="sam_e70_xplained:kernel.threads.apis" name="kernel.threads.apis.user_mode" time="9.213915"><skipped message="Skipped" type="skipped" /></testcase><testcase classname="sam_e70_xplained:kernel.threads.apis" name="kernel.threads.apis.threads_cpu_mask" time="9.213915" /><testcase classname="sam_e70_xplained:kernel.threads.apis" name="kernel.threads.apis.threads_suspend_timeout" time="9.213915" /><testcase classname="sam_e70_xplained:kernel.threads.apis" name="kernel.threads.apis.threads_suspend" time="9.213915" /><testcase classname="sam_e70_xplained:kernel.threads.dynamic" name="kernel.threads.dynamic.kernel_create_dyn_user_thread" time="5.426551" /><testcase classname="sam_e70_xplained:kernel.threads.dynamic" name="kernel.threads.dynamic.user_create_dyn_user_thread" time="5.426551" /><testcase classname="sam_e70_xplained:kernel.threads.dynamic" name="kernel.threads.dynamic.dyn_thread_perms" time="5.426551" /><testcase classname="sam_e70_xplained:kernel.threads.dynamic" name="kernel.threads.dynamic.thread_index_management" time="5.426551" /><testcase classname="sam_e70_xplained:kernel.lifo" name="kernel.lifo.lifo_thread2thread" time="3.846540" /><testcase classname="sam_e70_xplained:kernel.lifo" name="kernel.lifo.lifo_thread2isr" time="3.846540" /><testcase classname="sam_e70_xplained:kernel.lifo" name="kernel.lifo.lifo_isr2thread" time="3.846540" /><testcase classname="sam_e70_xplained:kernel.lifo" name="kernel.lifo.lifo_get_fail" time="3.846540" /><testcase classname="sam_e70_xplained:kernel.lifo" name="kernel.lifo.lifo_loop" time="3.846540" /><testcase classname="sam_e70_xplained:kernel.lifo.usage" name="kernel.lifo.usage.lifo_nowait" time="3.309348" /><testcase classname="sam_e70_xplained:kernel.lifo.usage" name="kernel.lifo.usage.lifo_wait" time="3.309348" /><testcase classname="sam_e70_xplained:kernel.lifo.usage" name="kernel.lifo.usage.timeout_empty_lifo" time="3.309348" /><testcase classname="sam_e70_xplained:kernel.lifo.usage" name="kernel.lifo.usage.timeout_non_empty_lifo" time="3.309348" /><testcase classname="sam_e70_xplained:kernel.lifo.usage" name="kernel.lifo.usage.timeout_lifo_thread" time="3.309348" /><testcase classname="sam_e70_xplained:kernel.lifo.usage" name="kernel.lifo.usage.timeout_threads_pend_on_lifo" time="3.309348" /><testcase classname="sam_e70_xplained:kernel.memory_protection.stackprot" name="kernel.memory_protection.stackprot.create_alt_thread" time="5.442504" /><testcase classname="sam_e70_xplained:kernel.memory_protection.stackprot" name="kernel.memory_protection.stackprot.stackprot" time="5.442504" /><testcase classname="sam_e70_xplained:kernel.memory_protection" name="kernel.memory_protection.permission_inheritance" time="6.583259" /><testcase classname="sam_e70_xplained:kernel.memory_protection" name="kernel.memory_protection.mem_domain_valid_access" time="6.583259" /><testcase classname="sam_e70_xplained:kernel.memory_protection" name="kernel.memory_protection.mem_domain_invalid_access" time="6.583259" /><testcase classname="sam_e70_xplained:kernel.memory_protection" name="kernel.memory_protection.mem_domain_partitions_user_rw" time="6.583259" /><testcase classname="sam_e70_xplained:kernel.memory_protection" name="kernel.memory_protection.mem_domain_partitions_supervisor_rw" time="6.583259" /><testcase classname="sam_e70_xplained:kernel.memory_protection" name="kernel.memory_protection.mem_domain_partitions_user_ro" time="6.583259" /><testcase classname="sam_e70_xplained:kernel.memory_protection" name="kernel.memory_protection.mem_domain_add_partitions_invalid" time="6.583259" /><testcase classname="sam_e70_xplained:kernel.memory_protection" name="kernel.memory_protection.mem_domain_add_partitions_simple" time="6.583259" /><testcase classname="sam_e70_xplained:kernel.memory_protection" name="kernel.memory_protection.mem_domain_remove_partitions_simple" time="6.583259" /><testcase classname="sam_e70_xplained:kernel.memory_protection" name="kernel.memory_protection.mem_domain_remove_partitions" time="6.583259" /><testcase classname="sam_e70_xplained:kernel.memory_protection" name="kernel.memory_protection.mem_domain_remove_thread" time="6.583259" /><testcase classname="sam_e70_xplained:kernel.memory_protection" name="kernel.memory_protection.mem_domain_destroy" time="6.583259" /><testcase classname="sam_e70_xplained:kernel.memory_protection" name="kernel.memory_protection.kobject_access_grant" time="6.583259" /><testcase classname="sam_e70_xplained:kernel.memory_protection" name="kernel.memory_protection.syscall_invalid_kobject" time="6.583259" /><testcase classname="sam_e70_xplained:kernel.memory_protection" name="kernel.memory_protection.thread_without_kobject_permission" time="6.583259" /><testcase classname="sam_e70_xplained:kernel.memory_protection" name="kernel.memory_protection.kobject_revoke_access" time="6.583259" /><testcase classname="sam_e70_xplained:kernel.memory_protection" name="kernel.memory_protection.kobject_grant_access_kobj" time="6.583259" /><testcase classname="sam_e70_xplained:kernel.memory_protection" name="kernel.memory_protection.kobject_grant_access_kobj_invalid" time="6.583259" /><testcase classname="sam_e70_xplained:kernel.memory_protection" name="kernel.memory_protection.kobject_release_from_user" time="6.583259" /><testcase classname="sam_e70_xplained:kernel.memory_protection" name="kernel.memory_protection.kobject_access_all_grant" time="6.583259" /><testcase classname="sam_e70_xplained:kernel.memory_protection" name="kernel.memory_protection.thread_has_residual_permissions" time="6.583259" /><testcase classname="sam_e70_xplained:kernel.memory_protection" name="kernel.memory_protection.kobject_access_grant_to_invalid_thread" time="6.583259" /><testcase classname="sam_e70_xplained:kernel.memory_protection" name="kernel.memory_protection.kobject_access_invalid_kobject" time="6.583259" /><testcase classname="sam_e70_xplained:kernel.memory_protection" name="kernel.memory_protection.access_kobject_without_init_access" time="6.583259" /><testcase classname="sam_e70_xplained:kernel.memory_protection" name="kernel.memory_protection.access_kobject_without_init_with_access" time="6.583259" /><testcase classname="sam_e70_xplained:kernel.memory_protection" name="kernel.memory_protection.kobject_reinitialize_thread_kobj" time="6.583259" /><testcase classname="sam_e70_xplained:kernel.memory_protection" name="kernel.memory_protection.create_new_thread_from_user" time="6.583259" /><testcase classname="sam_e70_xplained:kernel.memory_protection" name="kernel.memory_protection.create_new_thread_from_user_no_access_stack" time="6.583259" /><testcase classname="sam_e70_xplained:kernel.memory_protection" name="kernel.memory_protection.create_new_thread_from_user_invalid_stacksize" time="6.583259"><skipped message="Skipped" type="skipped" /></testcase><testcase classname="sam_e70_xplained:kernel.memory_protection" name="kernel.memory_protection.create_new_thread_from_user_huge_stacksize" time="6.583259"><skipped message="Skipped" type="skipped" /></testcase><testcase classname="sam_e70_xplained:kernel.memory_protection" name="kernel.memory_protection.create_new_supervisor_thread_from_user" time="6.583259" /><testcase classname="sam_e70_xplained:kernel.memory_protection" name="kernel.memory_protection.create_new_essential_thread_from_user" time="6.583259" /><testcase classname="sam_e70_xplained:kernel.memory_protection" name="kernel.memory_protection.create_new_higher_prio_thread_from_user" time="6.583259" /><testcase classname="sam_e70_xplained:kernel.memory_protection" name="kernel.memory_protection.create_new_invalid_prio_thread_from_user" time="6.583259" /><testcase classname="sam_e70_xplained:kernel.memory_protection.userspace" name="kernel.memory_protection.userspace.stack_buffer" time="6.988592" /><testcase classname="sam_e70_xplained:kernel.memory_protection.userspace" name="kernel.memory_protection.userspace.unimplemented_syscall" time="6.988592" /><testcase classname="sam_e70_xplained:kernel.memory_protection.userspace" name="kernel.memory_protection.userspace.bad_syscall" time="6.988592" /><testcase classname="sam_e70_xplained:kernel.memory_protection.userspace" name="kernel.memory_protection.userspace.oops_panic" time="6.988592" /><testcase classname="sam_e70_xplained:kernel.memory_protection.userspace" name="kernel.memory_protection.userspace.oops_oops" time="6.988592" /><testcase classname="sam_e70_xplained:kernel.memory_protection.userspace" name="kernel.memory_protection.userspace.oops_exception" time="6.988592" /><testcase classname="sam_e70_xplained:kernel.memory_protection.userspace" name="kernel.memory_protection.userspace.oops_maxint" time="6.988592" /><testcase classname="sam_e70_xplained:kernel.memory_protection.userspace" name="kernel.memory_protection.userspace.oops_stackcheck" time="6.988592" /><testcase classname="sam_e70_xplained:kernel.memory_protection.userspace" name="kernel.memory_protection.userspace.object_recycle" time="6.988592" /><testcase classname="sam_e70_xplained:kernel.memory_protection.userspace" name="kernel.memory_protection.userspace.syscall_context" time="6.988592" /><testcase classname="sam_e70_xplained:kernel.memory_protection.sys_sem" name="kernel.memory_protection.sys_sem.basic_sem_test" time="5.406569" /><testcase classname="sam_e70_xplained:kernel.memory_protection.sys_sem" name="kernel.memory_protection.sys_sem.simple_sem_from_isr" time="5.406569" /><testcase classname="sam_e70_xplained:kernel.memory_protection.sys_sem" name="kernel.memory_protection.sys_sem.sem_take_timeout_isr" time="5.406569" /><testcase classname="sam_e70_xplained:kernel.memory_protection.sys_sem" name="kernel.memory_protection.sys_sem.sem_give_take_from_isr" time="5.406569" /><testcase classname="sam_e70_xplained:kernel.memory_protection.sys_sem" name="kernel.memory_protection.sys_sem.simple_sem_from_task" time="5.406569" /><testcase classname="sam_e70_xplained:kernel.memory_protection.sys_sem" name="kernel.memory_protection.sys_sem.sem_take_no_wait" time="5.406569" /><testcase classname="sam_e70_xplained:kernel.memory_protection.sys_sem" name="kernel.memory_protection.sys_sem.sem_take_no_wait_fails" time="5.406569" /><testcase classname="sam_e70_xplained:kernel.memory_protection.sys_sem" name="kernel.memory_protection.sys_sem.sem_take_timeout_fails" time="5.406569" /><testcase classname="sam_e70_xplained:kernel.memory_protection.sys_sem" name="kernel.memory_protection.sys_sem.sem_take_timeout" time="5.406569" /><testcase classname="sam_e70_xplained:kernel.memory_protection.sys_sem" name="kernel.memory_protection.sys_sem.sem_take_timeout_forever" time="5.406569" /><testcase classname="sam_e70_xplained:kernel.memory_protection.sys_sem" name="kernel.memory_protection.sys_sem.sem_take_multiple" time="5.406569" /><testcase classname="sam_e70_xplained:kernel.memory_protection.sys_sem" name="kernel.memory_protection.sys_sem.sem_give_limit" time="5.406569" /><testcase classname="sam_e70_xplained:kernel.memory_protection.sys_sem" name="kernel.memory_protection.sys_sem.sem_multiple_threads_wait" time="5.406569" /><testcase classname="sam_e70_xplained:kernel.memory_protection.sys_sem.nouser" name="kernel.memory_protection.sys_sem.nouser.simple_sem_from_isr" time="4.205769" /><testcase classname="sam_e70_xplained:kernel.memory_protection.sys_sem.nouser" name="kernel.memory_protection.sys_sem.nouser.sem_take_timeout_isr" time="4.205769" /><testcase classname="sam_e70_xplained:kernel.memory_protection.sys_sem.nouser" name="kernel.memory_protection.sys_sem.nouser.sem_give_take_from_isr" time="4.205769" /><testcase classname="sam_e70_xplained:kernel.memory_protection.sys_sem.nouser" name="kernel.memory_protection.sys_sem.nouser.simple_sem_from_task" time="4.205769" /><testcase classname="sam_e70_xplained:kernel.memory_protection.sys_sem.nouser" name="kernel.memory_protection.sys_sem.nouser.sem_take_no_wait" time="4.205769" /><testcase classname="sam_e70_xplained:kernel.memory_protection.sys_sem.nouser" name="kernel.memory_protection.sys_sem.nouser.sem_take_no_wait_fails" time="4.205769" /><testcase classname="sam_e70_xplained:kernel.memory_protection.sys_sem.nouser" name="kernel.memory_protection.sys_sem.nouser.sem_take_timeout_fails" time="4.205769" /><testcase classname="sam_e70_xplained:kernel.memory_protection.sys_sem.nouser" name="kernel.memory_protection.sys_sem.nouser.sem_take_timeout" time="4.205769" /><testcase classname="sam_e70_xplained:kernel.memory_protection.sys_sem.nouser" name="kernel.memory_protection.sys_sem.nouser.sem_take_timeout_forever" time="4.205769" /><testcase classname="sam_e70_xplained:kernel.memory_protection.sys_sem.nouser" name="kernel.memory_protection.sys_sem.nouser.sem_take_multiple" time="4.205769" /><testcase classname="sam_e70_xplained:kernel.memory_protection.sys_sem.nouser" name="kernel.memory_protection.sys_sem.nouser.sem_give_limit" time="4.205769" /><testcase classname="sam_e70_xplained:kernel.memory_protection.sys_sem.nouser" name="kernel.memory_protection.sys_sem.nouser.sem_multiple_threads_wait" time="4.205769" /><testcase classname="sam_e70_xplained:kernel.memory_protection.syscalls" name="kernel.memory_protection.syscalls.string_nlen" time="20.521451" /><testcase classname="sam_e70_xplained:kernel.memory_protection.syscalls" name="kernel.memory_protection.syscalls.to_copy" time="20.521451" /><testcase classname="sam_e70_xplained:kernel.memory_protection.syscalls" name="kernel.memory_protection.syscalls.user_string_copy" time="20.521451" /><testcase classname="sam_e70_xplained:kernel.memory_protection.syscalls" name="kernel.memory_protection.syscalls.user_string_alloc_copy" time="20.521451" /><testcase classname="sam_e70_xplained:kernel.memory_protection.syscalls" name="kernel.memory_protection.syscalls.arg64" time="20.521451" /><testcase classname="sam_e70_xplained:kernel.memory_protection.syscalls" name="kernel.memory_protection.syscalls.syscall_torture" time="20.521451" /><testcase classname="sam_e70_xplained:kernel.memory_protection.stack_random" name="kernel.memory_protection.stack_random.stack_pt_randomization" time="3.462946" /><testcase classname="sam_e70_xplained:kernel.memory_protection.obj_validation" name="kernel.memory_protection.obj_validation.generic_object" time="5.268137" /><testcase classname="sam_e70_xplained:kernel.futex" name="kernel.futex.user_futex_bad" time="5.810692" /><testcase classname="sam_e70_xplained:kernel.futex" name="kernel.futex.futex_wait_forever_wake" time="5.810692" /><testcase classname="sam_e70_xplained:kernel.futex" name="kernel.futex.futex_wait_timeout_wake" time="5.810692" /><testcase classname="sam_e70_xplained:kernel.futex" name="kernel.futex.futex_wait_nowait_wake" time="5.810692" /><testcase classname="sam_e70_xplained:kernel.futex" name="kernel.futex.futex_wait_forever_wake_from_isr" time="5.810692" /><testcase classname="sam_e70_xplained:kernel.futex" name="kernel.futex.futex_multiple_threads_wait_wake" time="5.810692" /><testcase classname="sam_e70_xplained:kernel.futex" name="kernel.futex.multiple_futex_wait_wake" time="5.810692" /><testcase classname="sam_e70_xplained:kernel.futex" name="kernel.futex.futex_wait_forever" time="5.810692" /><testcase classname="sam_e70_xplained:kernel.futex" name="kernel.futex.futex_wait_timeout" time="5.810692" /><testcase classname="sam_e70_xplained:kernel.futex" name="kernel.futex.futex_wait_nowait" time="5.810692" /><testcase classname="sam_e70_xplained:kernel.memory_heap" name="kernel.memory_heap.mheap_malloc_free" time="3.311095" /><testcase classname="sam_e70_xplained:kernel.memory_heap" name="kernel.memory_heap.mheap_calloc" time="3.311095" /><testcase classname="sam_e70_xplained:kernel.memory_heap" name="kernel.memory_heap.mheap_malloc_align4" time="3.311095" /><testcase classname="sam_e70_xplained:kernel.memory_heap" name="kernel.memory_heap.mheap_min_block_size" time="3.311095" /><testcase classname="sam_e70_xplained:kernel.memory_heap" name="kernel.memory_heap.mheap_block_desc" time="3.311095" /><testcase classname="sam_e70_xplained:kernel.queue" name="kernel.queue.queue_supv_to_user" time="6.312421" /><testcase classname="sam_e70_xplained:kernel.queue" name="kernel.queue.queue_alloc_prepend_user" time="6.312421" /><testcase classname="sam_e70_xplained:kernel.queue" name="kernel.queue.queue_alloc_append_user" time="6.312421" /><testcase classname="sam_e70_xplained:kernel.queue" name="kernel.queue.auto_free" time="6.312421" /><testcase classname="sam_e70_xplained:kernel.queue" name="kernel.queue.queue_thread2thread" time="6.312421" /><testcase classname="sam_e70_xplained:kernel.queue" name="kernel.queue.queue_thread2isr" time="6.312421" /><testcase classname="sam_e70_xplained:kernel.queue" name="kernel.queue.queue_isr2thread" time="6.312421" /><testcase classname="sam_e70_xplained:kernel.queue" name="kernel.queue.queue_get_2threads" time="6.312421" /><testcase classname="sam_e70_xplained:kernel.queue" name="kernel.queue.queue_get_fail" time="6.312421" /><testcase classname="sam_e70_xplained:kernel.queue" name="kernel.queue.queue_loop" time="6.312421" /><testcase classname="sam_e70_xplained:kernel.queue" name="kernel.queue.queue_alloc" time="6.312421" /><testcase classname="sam_e70_xplained:kernel.queue.poll" name="kernel.queue.poll.queue_supv_to_user" time="6.105347" /><testcase classname="sam_e70_xplained:kernel.queue.poll" name="kernel.queue.poll.queue_alloc_prepend_user" time="6.105347" /><testcase classname="sam_e70_xplained:kernel.queue.poll" name="kernel.queue.poll.queue_alloc_append_user" time="6.105347" /><testcase classname="sam_e70_xplained:kernel.queue.poll" name="kernel.queue.poll.auto_free" time="6.105347" /><testcase classname="sam_e70_xplained:kernel.queue.poll" name="kernel.queue.poll.queue_thread2thread" time="6.105347" /><testcase classname="sam_e70_xplained:kernel.queue.poll" name="kernel.queue.poll.queue_thread2isr" time="6.105347" /><testcase classname="sam_e70_xplained:kernel.queue.poll" name="kernel.queue.poll.queue_isr2thread" time="6.105347" /><testcase classname="sam_e70_xplained:kernel.queue.poll" name="kernel.queue.poll.queue_get_2threads" time="6.105347" /><testcase classname="sam_e70_xplained:kernel.queue.poll" name="kernel.queue.poll.queue_get_fail" time="6.105347" /><testcase classname="sam_e70_xplained:kernel.queue.poll" name="kernel.queue.poll.queue_loop" time="6.105347" /><testcase classname="sam_e70_xplained:kernel.queue.poll" name="kernel.queue.poll.queue_alloc" time="6.105347" /><testcase classname="sam_e70_xplained:kernel.fifo.timeout" name="kernel.fifo.timeout.timeout_empty_fifo" time="3.738168" /><testcase classname="sam_e70_xplained:kernel.fifo.timeout" name="kernel.fifo.timeout.timeout_non_empty_fifo" time="3.738168" /><testcase classname="sam_e70_xplained:kernel.fifo.timeout" name="kernel.fifo.timeout.timeout_fifo_thread" time="3.738168" /><testcase classname="sam_e70_xplained:kernel.fifo.timeout" name="kernel.fifo.timeout.timeout_threads_pend_on_fifo" time="3.738168" /><testcase classname="sam_e70_xplained:kernel.fifo.timeout" name="kernel.fifo.timeout.timeout_threads_pend_on_dual_fifos" time="3.738168" /><testcase classname="sam_e70_xplained:kernel.fifo.timeout" name="kernel.fifo.timeout.timeout_threads_pend_fail_on_fifo" time="3.738168" /><testcase classname="sam_e70_xplained:kernel.fifo.timeout.poll" name="kernel.fifo.timeout.poll.timeout_empty_fifo" time="3.532178" /><testcase classname="sam_e70_xplained:kernel.fifo.timeout.poll" name="kernel.fifo.timeout.poll.timeout_non_empty_fifo" time="3.532178" /><testcase classname="sam_e70_xplained:kernel.fifo.timeout.poll" name="kernel.fifo.timeout.poll.timeout_fifo_thread" time="3.532178" /><testcase classname="sam_e70_xplained:kernel.fifo.timeout.poll" name="kernel.fifo.timeout.poll.timeout_threads_pend_on_fifo" time="3.532178" /><testcase classname="sam_e70_xplained:kernel.fifo.timeout.poll" name="kernel.fifo.timeout.poll.timeout_threads_pend_on_dual_fifos" time="3.532178" /><testcase classname="sam_e70_xplained:kernel.fifo.timeout.poll" name="kernel.fifo.timeout.poll.timeout_threads_pend_fail_on_fifo" time="3.532178" /><testcase classname="sam_e70_xplained:kernel.fifo.usage" name="kernel.fifo.usage.single_fifo_play" time="3.101606" /><testcase classname="sam_e70_xplained:kernel.fifo.usage" name="kernel.fifo.usage.dual_fifo_play" time="3.101606" /><testcase classname="sam_e70_xplained:kernel.fifo.usage" name="kernel.fifo.usage.isr_fifo_play" time="3.101606" /><testcase classname="sam_e70_xplained:kernel.fifo.usage.poll" name="kernel.fifo.usage.poll.single_fifo_play" time="3.118826" /><testcase classname="sam_e70_xplained:kernel.fifo.usage.poll" name="kernel.fifo.usage.poll.dual_fifo_play" time="3.118826" /><testcase classname="sam_e70_xplained:kernel.fifo.usage.poll" name="kernel.fifo.usage.poll.isr_fifo_play" time="3.118826" /><testcase classname="sam_e70_xplained:kernel.fifo" name="kernel.fifo.fifo_thread2thread" time="3.940978" /><testcase classname="sam_e70_xplained:kernel.fifo" name="kernel.fifo.fifo_thread2isr" time="3.940978" /><testcase classname="sam_e70_xplained:kernel.fifo" name="kernel.fifo.fifo_isr2thread" time="3.940978" /><testcase classname="sam_e70_xplained:kernel.fifo" name="kernel.fifo.fifo_get_fail" time="3.940978" /><testcase classname="sam_e70_xplained:kernel.fifo" name="kernel.fifo.fifo_loop" time="3.940978" /><testcase classname="sam_e70_xplained:kernel.fifo" name="kernel.fifo.fifo_cancel_wait" time="3.940978" /><testcase classname="sam_e70_xplained:kernel.fifo" name="kernel.fifo.fifo_is_empty_thread" time="3.940978" /><testcase classname="sam_e70_xplained:kernel.fifo" name="kernel.fifo.fifo_is_empty_isr" time="3.940978" /><testcase classname="sam_e70_xplained:kernel.fifo.poll" name="kernel.fifo.poll.fifo_thread2thread" time="3.928207" /><testcase classname="sam_e70_xplained:kernel.fifo.poll" name="kernel.fifo.poll.fifo_thread2isr" time="3.928207" /><testcase classname="sam_e70_xplained:kernel.fifo.poll" name="kernel.fifo.poll.fifo_isr2thread" time="3.928207" /><testcase classname="sam_e70_xplained:kernel.fifo.poll" name="kernel.fifo.poll.fifo_get_fail" time="3.928207" /><testcase classname="sam_e70_xplained:kernel.fifo.poll" name="kernel.fifo.poll.fifo_loop" time="3.928207" /><testcase classname="sam_e70_xplained:kernel.fifo.poll" name="kernel.fifo.poll.fifo_cancel_wait" time="3.928207" /><testcase classname="sam_e70_xplained:kernel.fifo.poll" name="kernel.fifo.poll.fifo_is_empty_thread" time="3.928207" /><testcase classname="sam_e70_xplained:kernel.fifo.poll" name="kernel.fifo.poll.fifo_is_empty_isr" time="3.928207" /><testcase classname="sam_e70_xplained:kernel.common.profiling" name="kernel.common.profiling.call_stacks_analyze_main" time="3.527792" /><testcase classname="sam_e70_xplained:kernel.common.profiling" name="kernel.common.profiling.call_stacks_analyze_idle" time="3.527792" /><testcase classname="sam_e70_xplained:kernel.common.profiling" name="kernel.common.profiling.call_stacks_analyze_workq" time="3.527792" /><testcase classname="sam_e70_xplained:kernel.tickless.concept" name="kernel.tickless.concept.tickless_sysclock" time="4.274828" /><testcase classname="sam_e70_xplained:kernel.tickless.concept" name="kernel.tickless.concept.tickless_slice" time="4.274828" /><testcase classname="sam_e70_xplained:kernel.timer.monotonic" name="kernel.timer.monotonic.timer" time="4.549629" /><testcase classname="sam_e70_xplained:kernel.timer" name="kernel.timer.time_conversions" time="8.211138" /><testcase classname="sam_e70_xplained:kernel.timer" name="kernel.timer.timer_duration_period" time="8.211138" /><testcase classname="sam_e70_xplained:kernel.timer" name="kernel.timer.timer_period_0" time="8.211138" /><testcase classname="sam_e70_xplained:kernel.timer" name="kernel.timer.timer_expirefn_null" time="8.211138" /><testcase classname="sam_e70_xplained:kernel.timer" name="kernel.timer.timer_periodicity" time="8.211138" /><testcase classname="sam_e70_xplained:kernel.timer" name="kernel.timer.timer_status_get" time="8.211138" /><testcase classname="sam_e70_xplained:kernel.timer" name="kernel.timer.timer_status_get_anytime" time="8.211138" /><testcase classname="sam_e70_xplained:kernel.timer" name="kernel.timer.timer_status_sync" time="8.211138" /><testcase classname="sam_e70_xplained:kernel.timer" name="kernel.timer.timer_k_define" time="8.211138" /><testcase classname="sam_e70_xplained:kernel.timer" name="kernel.timer.timer_user_data" time="8.211138" /><testcase classname="sam_e70_xplained:kernel.timer" name="kernel.timer.timer_remaining_get" time="8.211138" /><testcase classname="sam_e70_xplained:kernel.timer.tickless" name="kernel.timer.tickless.time_conversions" time="8.222880" /><testcase classname="sam_e70_xplained:kernel.timer.tickless" name="kernel.timer.tickless.timer_duration_period" time="8.222880" /><testcase classname="sam_e70_xplained:kernel.timer.tickless" name="kernel.timer.tickless.timer_period_0" time="8.222880" /><testcase classname="sam_e70_xplained:kernel.timer.tickless" name="kernel.timer.tickless.timer_expirefn_null" time="8.222880" /><testcase classname="sam_e70_xplained:kernel.timer.tickless" name="kernel.timer.tickless.timer_periodicity" time="8.222880" /><testcase classname="sam_e70_xplained:kernel.timer.tickless" name="kernel.timer.tickless.timer_status_get" time="8.222880" /><testcase classname="sam_e70_xplained:kernel.timer.tickless" name="kernel.timer.tickless.timer_status_get_anytime" time="8.222880" /><testcase classname="sam_e70_xplained:kernel.timer.tickless" name="kernel.timer.tickless.timer_status_sync" time="8.222880" /><testcase classname="sam_e70_xplained:kernel.timer.tickless" name="kernel.timer.tickless.timer_k_define" time="8.222880" /><testcase classname="sam_e70_xplained:kernel.timer.tickless" name="kernel.timer.tickless.timer_user_data" time="8.222880" /><testcase classname="sam_e70_xplained:kernel.timer.tickless" name="kernel.timer.tickless.timer_remaining_get" time="8.222880" /><testcase classname="sam_e70_xplained:kernel.poll" name="kernel.poll.poll_no_wait" time="8.101181" /><testcase classname="sam_e70_xplained:kernel.poll" name="kernel.poll.poll_wait" time="8.101181" /><testcase classname="sam_e70_xplained:kernel.poll" name="kernel.poll.poll_zero_events" time="8.101181" /><testcase classname="sam_e70_xplained:kernel.poll" name="kernel.poll.poll_cancel_main_low_prio" time="8.101181" /><testcase classname="sam_e70_xplained:kernel.poll" name="kernel.poll.poll_cancel_main_high_prio" time="8.101181" /><testcase classname="sam_e70_xplained:kernel.poll" name="kernel.poll.poll_multi" time="8.101181" /><testcase classname="sam_e70_xplained:kernel.poll" name="kernel.poll.poll_threadstate" time="8.101181" /><testcase classname="sam_e70_xplained:kernel.common.sleep" name="kernel.common.sleep.early_sleep" time="4.355239" /><testcase classname="sam_e70_xplained:kernel.memory_slabs.api" name="kernel.memory_slabs.api.mslab" time="2.658282" /><testcase classname="sam_e70_xplained:kernel.memory_slabs.api" name="kernel.memory_slabs.api.mslab_kinit" time="8.694332" /><testcase classname="sam_e70_xplained:kernel.memory_slabs.api" name="kernel.memory_slabs.api.mslab_kdefine" time="8.694332" /><testcase classname="sam_e70_xplained:kernel.memory_slabs.api" name="kernel.memory_slabs.api.mslab_kdefine_extern" time="8.694332" /><testcase classname="sam_e70_xplained:kernel.memory_slabs.api" name="kernel.memory_slabs.api.mslab_alloc_free_thread" time="8.694332" /><testcase classname="sam_e70_xplained:kernel.memory_slabs.api" name="kernel.memory_slabs.api.mslab_alloc_align" time="8.694332" /><testcase classname="sam_e70_xplained:kernel.memory_slabs.api" name="kernel.memory_slabs.api.mslab_alloc_timeout" time="8.694332" /><testcase classname="sam_e70_xplained:kernel.memory_slabs.api" name="kernel.memory_slabs.api.mslab_used_get" time="8.694332" /><testcase classname="sam_e70_xplained:kernel.memory_slabs.threadsafe" name="kernel.memory_slabs.threadsafe.mslab_threadsafe" time="2.534835" /><testcase classname="sam_e70_xplained:kernel.memory_slabs.concept" name="kernel.memory_slabs.concept.mslab_alloc_wait_prio" time="5.117996" /><testcase classname="sam_e70_xplained:arch.interrupt" name="arch.interrupt.isr_dynamic" time="4.825567" /><testcase classname="sam_e70_xplained:arch.interrupt" name="arch.interrupt.nested_isr" time="4.825567" /><testcase classname="sam_e70_xplained:arch.interrupt" name="arch.interrupt.prevent_interruption" time="4.825567" /><testcase classname="sam_e70_xplained:kernel.stack.usage" name="kernel.stack.usage.stack_thread2thread" time="4.975561" /><testcase classname="sam_e70_xplained:kernel.stack.usage" name="kernel.stack.usage.stack_user_thread2thread" time="4.975561" /><testcase classname="sam_e70_xplained:kernel.stack.usage" name="kernel.stack.usage.stack_thread2isr" time="4.975561" /><testcase classname="sam_e70_xplained:kernel.stack.usage" name="kernel.stack.usage.stack_pop_fail" time="4.975561" /><testcase classname="sam_e70_xplained:kernel.stack.usage" name="kernel.stack.usage.stack_user_pop_fail" time="4.975561" /><testcase classname="sam_e70_xplained:kernel.stack.usage" name="kernel.stack.usage.stack_alloc_thread2thread" time="4.975561" /><testcase classname="sam_e70_xplained:kernel.stack.usage" name="kernel.stack.usage.single_stack_play" time="4.975561" /><testcase classname="sam_e70_xplained:kernel.stack.usage" name="kernel.stack.usage.dual_stack_play" time="4.975561" /><testcase classname="sam_e70_xplained:kernel.stack.usage" name="kernel.stack.usage.isr_stack_play" time="4.975561" /><testcase classname="sam_e70_xplained:kernel.common" name="kernel.common.verify_bootdelay" time="6.143960" /><testcase classname="sam_e70_xplained:kernel.common" name="kernel.common.irq_offload" time="6.143960" /><testcase classname="sam_e70_xplained:kernel.common" name="kernel.common.byteorder_memcpy_swap" time="6.143960" /><testcase classname="sam_e70_xplained:kernel.common" name="kernel.common.byteorder_mem_swap" time="6.143960" /><testcase classname="sam_e70_xplained:kernel.common" name="kernel.common.sys_get_be64" time="6.143960" /><testcase classname="sam_e70_xplained:kernel.common" name="kernel.common.sys_put_be64" time="6.143960" /><testcase classname="sam_e70_xplained:kernel.common" name="kernel.common.sys_get_be32" time="6.143960" /><testcase classname="sam_e70_xplained:kernel.common" name="kernel.common.sys_put_be32" time="6.143960" /><testcase classname="sam_e70_xplained:kernel.common" name="kernel.common.sys_get_be16" time="6.143960" /><testcase classname="sam_e70_xplained:kernel.common" name="kernel.common.sys_put_be16" time="6.143960" /><testcase classname="sam_e70_xplained:kernel.common" name="kernel.common.sys_get_le16" time="6.143960" /><testcase classname="sam_e70_xplained:kernel.common" name="kernel.common.sys_put_le16" time="6.143960" /><testcase classname="sam_e70_xplained:kernel.common" name="kernel.common.sys_get_le32" time="6.143960" /><testcase classname="sam_e70_xplained:kernel.common" name="kernel.common.sys_put_le32" time="6.143960" /><testcase classname="sam_e70_xplained:kernel.common" name="kernel.common.sys_get_le64" time="6.143960" /><testcase classname="sam_e70_xplained:kernel.common" name="kernel.common.sys_put_le64" time="6.143960" /><testcase classname="sam_e70_xplained:kernel.common" name="kernel.common.atomic" time="6.143960" /><testcase classname="sam_e70_xplained:kernel.common" name="kernel.common.bitfield" time="6.143960"><skipped message="Skipped" type="skipped" /></testcase><testcase classname="sam_e70_xplained:kernel.common" name="kernel.common.printk" time="6.143960" /><testcase classname="sam_e70_xplained:kernel.common" name="kernel.common.timeout_order" time="6.143960" /><testcase classname="sam_e70_xplained:kernel.common" name="kernel.common.clock_uptime" time="6.143960" /><testcase classname="sam_e70_xplained:kernel.common" name="kernel.common.clock_cycle" time="6.143960" /><testcase classname="sam_e70_xplained:kernel.common" name="kernel.common.version" time="6.143960" /><testcase classname="sam_e70_xplained:kernel.common" name="kernel.common.multilib" time="6.143960" /><testcase classname="sam_e70_xplained:kernel.common" name="kernel.common.thread_context" time="6.143960" /><testcase classname="sam_e70_xplained:kernel.common" name="kernel.common.bounds_check_mitigation" time="6.143960" /><testcase classname="sam_e70_xplained:kernel.common.misra" name="kernel.common.misra.verify_bootdelay" time="6.894603" /><testcase classname="sam_e70_xplained:kernel.common.misra" name="kernel.common.misra.irq_offload" time="6.894603" /><testcase classname="sam_e70_xplained:kernel.common.misra" name="kernel.common.misra.byteorder_memcpy_swap" time="6.894603" /><testcase classname="sam_e70_xplained:kernel.common.misra" name="kernel.common.misra.byteorder_mem_swap" time="6.894603" /><testcase classname="sam_e70_xplained:kernel.common.misra" name="kernel.common.misra.sys_get_be64" time="6.894603" /><testcase classname="sam_e70_xplained:kernel.common.misra" name="kernel.common.misra.sys_put_be64" time="6.894603" /><testcase classname="sam_e70_xplained:kernel.common.misra" name="kernel.common.misra.sys_get_be32" time="6.894603" /><testcase classname="sam_e70_xplained:kernel.common.misra" name="kernel.common.misra.sys_put_be32" time="6.894603" /><testcase classname="sam_e70_xplained:kernel.common.misra" name="kernel.common.misra.sys_get_be16" time="6.894603" /><testcase classname="sam_e70_xplained:kernel.common.misra" name="kernel.common.misra.sys_put_be16" time="6.894603" /><testcase classname="sam_e70_xplained:kernel.common.misra" name="kernel.common.misra.sys_get_le16" time="6.894603" /><testcase classname="sam_e70_xplained:kernel.common.misra" name="kernel.common.misra.sys_put_le16" time="6.894603" /><testcase classname="sam_e70_xplained:kernel.common.misra" name="kernel.common.misra.sys_get_le32" time="6.894603" /><testcase classname="sam_e70_xplained:kernel.common.misra" name="kernel.common.misra.sys_put_le32" time="6.894603" /><testcase classname="sam_e70_xplained:kernel.common.misra" name="kernel.common.misra.sys_get_le64" time="6.894603" /><testcase classname="sam_e70_xplained:kernel.common.misra" name="kernel.common.misra.sys_put_le64" time="6.894603" /><testcase classname="sam_e70_xplained:kernel.common.misra" name="kernel.common.misra.atomic" time="6.894603" /><testcase classname="sam_e70_xplained:kernel.common.misra" name="kernel.common.misra.bitfield" time="6.894603"><skipped message="Skipped" type="skipped" /></testcase><testcase classname="sam_e70_xplained:kernel.common.misra" name="kernel.common.misra.printk" time="6.894603" /><testcase classname="sam_e70_xplained:kernel.common.misra" name="kernel.common.misra.timeout_order" time="6.894603" /><testcase classname="sam_e70_xplained:kernel.common.misra" name="kernel.common.misra.clock_uptime" time="6.894603" /><testcase classname="sam_e70_xplained:kernel.common.misra" name="kernel.common.misra.clock_cycle" time="6.894603" /><testcase classname="sam_e70_xplained:kernel.common.misra" name="kernel.common.misra.version" time="6.894603" /><testcase classname="sam_e70_xplained:kernel.common.misra" name="kernel.common.misra.multilib" time="6.894603" /><testcase classname="sam_e70_xplained:kernel.common.misra" name="kernel.common.misra.thread_context" time="6.894603" /><testcase classname="sam_e70_xplained:kernel.common.misra" name="kernel.common.misra.bounds_check_mitigation" time="6.894603" /><testcase classname="sam_e70_xplained:kernel.common.timing" name="kernel.common.timing.sleep" time="7.603349" /><testcase classname="sam_e70_xplained:kernel.common.timing" name="kernel.common.timing.usleep" time="7.603349" /><testcase classname="sam_e70_xplained:kernel.common.timing" name="kernel.common.timing.sleep_forever" time="7.603349" /><testcase classname="sam_e70_xplained:arch.common.xip" name="arch.common.xip.globals" time="2.844021" /><testcase classname="sam_e70_xplained:kernel.mailbox.api" name="kernel.mailbox.api.mbox_kinit" time="3.723590" /><testcase classname="sam_e70_xplained:kernel.mailbox.api" name="kernel.mailbox.api.mbox_kdefine" time="3.723590" /><testcase classname="sam_e70_xplained:kernel.mailbox.api" name="kernel.mailbox.api.mbox_put_get_null" time="3.723590" /><testcase classname="sam_e70_xplained:kernel.mailbox.api" name="kernel.mailbox.api.mbox_put_get_buffer" time="3.723590" /><testcase classname="sam_e70_xplained:kernel.mailbox.api" name="kernel.mailbox.api.mbox_async_put_get_buffer" time="3.723590" /><testcase classname="sam_e70_xplained:kernel.mailbox.api" name="kernel.mailbox.api.mbox_async_put_get_block" time="3.723590" /><testcase classname="sam_e70_xplained:kernel.mailbox.api" name="kernel.mailbox.api.mbox_target_source_thread_buffer" time="3.723590" /><testcase classname="sam_e70_xplained:kernel.mailbox.api" name="kernel.mailbox.api.mbox_target_source_thread_block" time="3.723590" /><testcase classname="sam_e70_xplained:kernel.mailbox.api" name="kernel.mailbox.api.mbox_incorrect_receiver_tid" time="3.723590" /><testcase classname="sam_e70_xplained:kernel.mailbox.api" name="kernel.mailbox.api.mbox_incorrect_transmit_tid" time="3.723590" /><testcase classname="sam_e70_xplained:kernel.mailbox.api" name="kernel.mailbox.api.mbox_timed_out_mbox_get" time="3.723590" /><testcase classname="sam_e70_xplained:kernel.mailbox.api" name="kernel.mailbox.api.mbox_block_get_invalid_pool" time="3.723590" /><testcase classname="sam_e70_xplained:kernel.mailbox.api" name="kernel.mailbox.api.mbox_msg_tid_mismatch" time="3.723590" /><testcase classname="sam_e70_xplained:kernel.mailbox.api" name="kernel.mailbox.api.mbox_block_get_buff_to_pool" time="3.723590" /><testcase classname="sam_e70_xplained:kernel.mailbox.api" name="kernel.mailbox.api.mbox_block_get_buff_to_smaller_pool" time="3.723590" /><testcase classname="sam_e70_xplained:kernel.mailbox.api" name="kernel.mailbox.api.mbox_dispose_size_0_msg" time="3.723590" /><testcase classname="sam_e70_xplained:kernel.mailbox.api" name="kernel.mailbox.api.mbox_clean_up_tx_pool" time="3.723590" /><testcase classname="sam_e70_xplained:kernel.mailbox.api" name="kernel.mailbox.api.mbox_async_put_to_waiting_get" time="3.723590" /><testcase classname="sam_e70_xplained:kernel.mailbox.api" name="kernel.mailbox.api.mbox_get_waiting_put_incorrect_tid" time="3.723590" /><testcase classname="sam_e70_xplained:kernel.mailbox.api" name="kernel.mailbox.api.mbox_async_multiple_put" time="3.723590" /><testcase classname="sam_e70_xplained:kernel.mailbox.api" name="kernel.mailbox.api.mbox_multiple_waiting_get" time="3.723590" /><testcase classname="sam_e70_xplained:kernel.mailbox.usage" name="kernel.mailbox.usage.msg_receiver" time="2.827911" /><testcase classname="sam_e70_xplained:kernel.objects" name="kernel.objects.pending_fifo" time="9.073898" /><testcase classname="sam_e70_xplained:kernel.objects" name="kernel.objects.pending_lifo" time="9.073898" /><testcase classname="sam_e70_xplained:kernel.objects" name="kernel.objects.pending_timer" time="9.073898" /><testcase classname="sam_e70_xplained:kernel.scheduler.metairq" name="kernel.scheduler.metairq.preempt" time="3.240479" /><testcase classname="sam_e70_xplained:kernel.scheduler" name="kernel.scheduler.bad_priorities" time="21.500607" /><testcase classname="sam_e70_xplained:kernel.scheduler" name="kernel.scheduler.priority_cooperative" time="21.500607" /><testcase classname="sam_e70_xplained:kernel.scheduler" name="kernel.scheduler.priority_preemptible" time="21.500607" /><testcase classname="sam_e70_xplained:kernel.scheduler" name="kernel.scheduler.yield_cooperative" time="21.500607" /><testcase classname="sam_e70_xplained:kernel.scheduler" name="kernel.scheduler.sleep_cooperative" time="21.500607" /><testcase classname="sam_e70_xplained:kernel.scheduler" name="kernel.scheduler.sleep_wakeup_preemptible" time="21.500607" /><testcase classname="sam_e70_xplained:kernel.scheduler" name="kernel.scheduler.pending_thread_wakeup" time="21.500607" /><testcase classname="sam_e70_xplained:kernel.scheduler" name="kernel.scheduler.time_slicing_preemptible" time="21.500607" /><testcase classname="sam_e70_xplained:kernel.scheduler" name="kernel.scheduler.time_slicing_disable_preemptible" time="21.500607" /><testcase classname="sam_e70_xplained:kernel.scheduler" name="kernel.scheduler.lock_preemptible" time="21.500607" /><testcase classname="sam_e70_xplained:kernel.scheduler" name="kernel.scheduler.unlock_preemptible" time="21.500607" /><testcase classname="sam_e70_xplained:kernel.scheduler" name="kernel.scheduler.unlock_nested_sched_lock" time="21.500607" /><testcase classname="sam_e70_xplained:kernel.scheduler" name="kernel.scheduler.sched_is_preempt_thread" time="21.500607" /><testcase classname="sam_e70_xplained:kernel.scheduler" name="kernel.scheduler.slice_reset" time="21.500607" /><testcase classname="sam_e70_xplained:kernel.scheduler" name="kernel.scheduler.slice_scheduling" time="21.500607" /><testcase classname="sam_e70_xplained:kernel.scheduler" name="kernel.scheduler.priority_scheduling" time="21.500607" /><testcase classname="sam_e70_xplained:kernel.scheduler" name="kernel.scheduler.wakeup_expired_timer_thread" time="21.500607" /><testcase classname="sam_e70_xplained:kernel.scheduler" name="kernel.scheduler.user_k_wakeup" time="21.500607" /><testcase classname="sam_e70_xplained:kernel.scheduler" name="kernel.scheduler.user_k_is_preempt" time="21.500607" /><testcase classname="sam_e70_xplained:kernel.scheduler.no_timeslicing" name="kernel.scheduler.no_timeslicing.bad_priorities" time="5.756608" /><testcase classname="sam_e70_xplained:kernel.scheduler.no_timeslicing" name="kernel.scheduler.no_timeslicing.priority_cooperative" time="5.756608" /><testcase classname="sam_e70_xplained:kernel.scheduler.no_timeslicing" name="kernel.scheduler.no_timeslicing.priority_preemptible" time="5.756608" /><testcase classname="sam_e70_xplained:kernel.scheduler.no_timeslicing" name="kernel.scheduler.no_timeslicing.yield_cooperative" time="5.756608" /><testcase classname="sam_e70_xplained:kernel.scheduler.no_timeslicing" name="kernel.scheduler.no_timeslicing.sleep_cooperative" time="5.756608" /><testcase classname="sam_e70_xplained:kernel.scheduler.no_timeslicing" name="kernel.scheduler.no_timeslicing.sleep_wakeup_preemptible" time="5.756608" /><testcase classname="sam_e70_xplained:kernel.scheduler.no_timeslicing" name="kernel.scheduler.no_timeslicing.pending_thread_wakeup" time="5.756608" /><testcase classname="sam_e70_xplained:kernel.scheduler.no_timeslicing" name="kernel.scheduler.no_timeslicing.time_slicing_preemptible" time="5.756608"><skipped message="Skipped" type="skipped" /></testcase><testcase classname="sam_e70_xplained:kernel.scheduler.no_timeslicing" name="kernel.scheduler.no_timeslicing.time_slicing_disable_preemptible" time="5.756608"><skipped message="Skipped" type="skipped" /></testcase><testcase classname="sam_e70_xplained:kernel.scheduler.no_timeslicing" name="kernel.scheduler.no_timeslicing.lock_preemptible" time="5.756608" /><testcase classname="sam_e70_xplained:kernel.scheduler.no_timeslicing" name="kernel.scheduler.no_timeslicing.unlock_preemptible" time="5.756608" /><testcase classname="sam_e70_xplained:kernel.scheduler.no_timeslicing" name="kernel.scheduler.no_timeslicing.unlock_nested_sched_lock" time="5.756608" /><testcase classname="sam_e70_xplained:kernel.scheduler.no_timeslicing" name="kernel.scheduler.no_timeslicing.sched_is_preempt_thread" time="5.756608" /><testcase classname="sam_e70_xplained:kernel.scheduler.no_timeslicing" name="kernel.scheduler.no_timeslicing.slice_reset" time="5.756608"><skipped message="Skipped" type="skipped" /></testcase><testcase classname="sam_e70_xplained:kernel.scheduler.no_timeslicing" name="kernel.scheduler.no_timeslicing.slice_scheduling" time="5.756608"><skipped message="Skipped" type="skipped" /></testcase><testcase classname="sam_e70_xplained:kernel.scheduler.no_timeslicing" name="kernel.scheduler.no_timeslicing.priority_scheduling" time="5.756608" /><testcase classname="sam_e70_xplained:kernel.scheduler.no_timeslicing" name="kernel.scheduler.no_timeslicing.wakeup_expired_timer_thread" time="5.756608" /><testcase classname="sam_e70_xplained:kernel.scheduler.no_timeslicing" name="kernel.scheduler.no_timeslicing.user_k_wakeup" time="5.756608" /><testcase classname="sam_e70_xplained:kernel.scheduler.no_timeslicing" name="kernel.scheduler.no_timeslicing.user_k_is_preempt" time="5.756608" /><testcase classname="sam_e70_xplained:kernel.scheduler.multiq" name="kernel.scheduler.multiq.bad_priorities" time="21.953208" /><testcase classname="sam_e70_xplained:kernel.scheduler.multiq" name="kernel.scheduler.multiq.priority_cooperative" time="21.953208" /><testcase classname="sam_e70_xplained:kernel.scheduler.multiq" name="kernel.scheduler.multiq.priority_preemptible" time="21.953208" /><testcase classname="sam_e70_xplained:kernel.scheduler.multiq" name="kernel.scheduler.multiq.yield_cooperative" time="21.953208" /><testcase classname="sam_e70_xplained:kernel.scheduler.multiq" name="kernel.scheduler.multiq.sleep_cooperative" time="21.953208" /><testcase classname="sam_e70_xplained:kernel.scheduler.multiq" name="kernel.scheduler.multiq.sleep_wakeup_preemptible" time="21.953208" /><testcase classname="sam_e70_xplained:kernel.scheduler.multiq" name="kernel.scheduler.multiq.pending_thread_wakeup" time="21.953208" /><testcase classname="sam_e70_xplained:kernel.scheduler.multiq" name="kernel.scheduler.multiq.time_slicing_preemptible" time="21.953208" /><testcase classname="sam_e70_xplained:kernel.scheduler.multiq" name="kernel.scheduler.multiq.time_slicing_disable_preemptible" time="21.953208" /><testcase classname="sam_e70_xplained:kernel.scheduler.multiq" name="kernel.scheduler.multiq.lock_preemptible" time="21.953208" /><testcase classname="sam_e70_xplained:kernel.scheduler.multiq" name="kernel.scheduler.multiq.unlock_preemptible" time="21.953208" /><testcase classname="sam_e70_xplained:kernel.scheduler.multiq" name="kernel.scheduler.multiq.unlock_nested_sched_lock" time="21.953208" /><testcase classname="sam_e70_xplained:kernel.scheduler.multiq" name="kernel.scheduler.multiq.sched_is_preempt_thread" time="21.953208" /><testcase classname="sam_e70_xplained:kernel.scheduler.multiq" name="kernel.scheduler.multiq.slice_reset" time="21.953208" /><testcase classname="sam_e70_xplained:kernel.scheduler.multiq" name="kernel.scheduler.multiq.slice_scheduling" time="21.953208" /><testcase classname="sam_e70_xplained:kernel.scheduler.multiq" name="kernel.scheduler.multiq.priority_scheduling" time="21.953208" /><testcase classname="sam_e70_xplained:kernel.scheduler.multiq" name="kernel.scheduler.multiq.wakeup_expired_timer_thread" time="21.953208" /><testcase classname="sam_e70_xplained:kernel.scheduler.multiq" name="kernel.scheduler.multiq.user_k_wakeup" time="21.953208" /><testcase classname="sam_e70_xplained:kernel.scheduler.multiq" name="kernel.scheduler.multiq.user_k_is_preempt" time="21.953208" /><testcase classname="sam_e70_xplained:kernel.scheduler.multiq_no_timeslicing" name="kernel.scheduler.multiq_no_timeslicing.bad_priorities" time="6.211466" /><testcase classname="sam_e70_xplained:kernel.scheduler.multiq_no_timeslicing" name="kernel.scheduler.multiq_no_timeslicing.priority_cooperative" time="6.211466" /><testcase classname="sam_e70_xplained:kernel.scheduler.multiq_no_timeslicing" name="kernel.scheduler.multiq_no_timeslicing.priority_preemptible" time="6.211466" /><testcase classname="sam_e70_xplained:kernel.scheduler.multiq_no_timeslicing" name="kernel.scheduler.multiq_no_timeslicing.yield_cooperative" time="6.211466" /><testcase classname="sam_e70_xplained:kernel.scheduler.multiq_no_timeslicing" name="kernel.scheduler.multiq_no_timeslicing.sleep_cooperative" time="6.211466" /><testcase classname="sam_e70_xplained:kernel.scheduler.multiq_no_timeslicing" name="kernel.scheduler.multiq_no_timeslicing.sleep_wakeup_preemptible" time="6.211466" /><testcase classname="sam_e70_xplained:kernel.scheduler.multiq_no_timeslicing" name="kernel.scheduler.multiq_no_timeslicing.pending_thread_wakeup" time="6.211466" /><testcase classname="sam_e70_xplained:kernel.scheduler.multiq_no_timeslicing" name="kernel.scheduler.multiq_no_timeslicing.time_slicing_preemptible" time="6.211466"><skipped message="Skipped" type="skipped" /></testcase><testcase classname="sam_e70_xplained:kernel.scheduler.multiq_no_timeslicing" name="kernel.scheduler.multiq_no_timeslicing.time_slicing_disable_preemptible" time="6.211466"><skipped message="Skipped" type="skipped" /></testcase><testcase classname="sam_e70_xplained:kernel.scheduler.multiq_no_timeslicing" name="kernel.scheduler.multiq_no_timeslicing.lock_preemptible" time="6.211466" /><testcase classname="sam_e70_xplained:kernel.scheduler.multiq_no_timeslicing" name="kernel.scheduler.multiq_no_timeslicing.unlock_preemptible" time="6.211466" /><testcase classname="sam_e70_xplained:kernel.scheduler.multiq_no_timeslicing" name="kernel.scheduler.multiq_no_timeslicing.unlock_nested_sched_lock" time="6.211466" /><testcase classname="sam_e70_xplained:kernel.scheduler.multiq_no_timeslicing" name="kernel.scheduler.multiq_no_timeslicing.sched_is_preempt_thread" time="6.211466" /><testcase classname="sam_e70_xplained:kernel.scheduler.multiq_no_timeslicing" name="kernel.scheduler.multiq_no_timeslicing.slice_reset" time="6.211466"><skipped message="Skipped" type="skipped" /></testcase><testcase classname="sam_e70_xplained:kernel.scheduler.multiq_no_timeslicing" name="kernel.scheduler.multiq_no_timeslicing.slice_scheduling" time="6.211466"><skipped message="Skipped" type="skipped" /></testcase><testcase classname="sam_e70_xplained:kernel.scheduler.multiq_no_timeslicing" name="kernel.scheduler.multiq_no_timeslicing.priority_scheduling" time="6.211466" /><testcase classname="sam_e70_xplained:kernel.scheduler.multiq_no_timeslicing" name="kernel.scheduler.multiq_no_timeslicing.wakeup_expired_timer_thread" time="6.211466" /><testcase classname="sam_e70_xplained:kernel.scheduler.multiq_no_timeslicing" name="kernel.scheduler.multiq_no_timeslicing.user_k_wakeup" time="6.211466" /><testcase classname="sam_e70_xplained:kernel.scheduler.multiq_no_timeslicing" name="kernel.scheduler.multiq_no_timeslicing.user_k_is_preempt" time="6.211466" /><testcase classname="sam_e70_xplained:kernel.scheduler.deadline" name="kernel.scheduler.deadline.deadline" time="3.044654" /><testcase classname="sam_e70_xplained:kernel.scheduler.preempt" name="kernel.scheduler.preempt.preempt" time="3.143255" /><testcase classname="sam_e70_xplained:kernel.message_queue" name="kernel.message_queue.msgq_thread" time="5.944607" /><testcase classname="sam_e70_xplained:kernel.message_queue" name="kernel.message_queue.msgq_thread_overflow" time="5.944607" /><testcase classname="sam_e70_xplained:kernel.message_queue" name="kernel.message_queue.msgq_user_thread" time="5.944607" /><testcase classname="sam_e70_xplained:kernel.message_queue" name="kernel.message_queue.msgq_user_thread_overflow" time="5.944607" /><testcase classname="sam_e70_xplained:kernel.message_queue" name="kernel.message_queue.msgq_isr" time="5.944607" /><testcase classname="sam_e70_xplained:kernel.message_queue" name="kernel.message_queue.msgq_put_fail" time="5.944607" /><testcase classname="sam_e70_xplained:kernel.message_queue" name="kernel.message_queue.msgq_get_fail" time="5.944607" /><testcase classname="sam_e70_xplained:kernel.message_queue" name="kernel.message_queue.msgq_user_put_fail" time="5.944607" /><testcase classname="sam_e70_xplained:kernel.message_queue" name="kernel.message_queue.msgq_user_get_fail" time="5.944607" /><testcase classname="sam_e70_xplained:kernel.message_queue" name="kernel.message_queue.msgq_attrs_get" time="5.944607" /><testcase classname="sam_e70_xplained:kernel.message_queue" name="kernel.message_queue.msgq_user_attrs_get" time="5.944607" /><testcase classname="sam_e70_xplained:kernel.message_queue" name="kernel.message_queue.msgq_purge_when_put" time="5.944607" /><testcase classname="sam_e70_xplained:kernel.message_queue" name="kernel.message_queue.msgq_user_purge_when_put" time="5.944607" /><testcase classname="sam_e70_xplained:kernel.message_queue" name="kernel.message_queue.msgq_pend_thread" time="5.944607" /><testcase classname="sam_e70_xplained:kernel.message_queue" name="kernel.message_queue.msgq_alloc" time="5.944607" /><testcase classname="sam_e70_xplained:kernel.fp_sharing.float_disable.arm" name="kernel.fp_sharing.float_disable.arm.k_float_disable_common" time="5.093315" /><testcase classname="sam_e70_xplained:kernel.fp_sharing.float_disable.arm" name="kernel.fp_sharing.float_disable.arm.k_float_disable_irq" time="5.093315" /><testcase classname="sam_e70_xplained:kernel.fp_sharing.float_disable.arm" name="kernel.fp_sharing.float_disable.arm.k_float_disable_syscall" time="5.093315" /><testcase classname="sam_e70_xplained:kernel.common.critical.sam" name="kernel.common.critical.sam.critical" time="23.434965" /><testcase classname="sam_e70_xplained:kernel.workqueue.api" name="kernel.workqueue.api.workq_start_before_submit" time="7.033948" /><testcase classname="sam_e70_xplained:kernel.workqueue.api" name="kernel.workqueue.api.user_workq_start_before_submit" time="7.033948" /><testcase classname="sam_e70_xplained:kernel.workqueue.api" name="kernel.workqueue.api.user_workq_granted_access_setup" time="7.033948" /><testcase classname="sam_e70_xplained:kernel.workqueue.api" name="kernel.workqueue.api.user_workq_granted_access" time="7.033948" /><testcase classname="sam_e70_xplained:kernel.workqueue.api" name="kernel.workqueue.api.work_submit_to_multipleq" time="7.033948" /><testcase classname="sam_e70_xplained:kernel.workqueue.api" name="kernel.workqueue.api.work_resubmit_to_queue" time="7.033948" /><testcase classname="sam_e70_xplained:kernel.workqueue.api" name="kernel.workqueue.api.work_submit_to_queue_thread" time="7.033948" /><testcase classname="sam_e70_xplained:kernel.workqueue.api" name="kernel.workqueue.api.work_submit_to_queue_isr" time="7.033948" /><testcase classname="sam_e70_xplained:kernel.workqueue.api" name="kernel.workqueue.api.work_submit_thread" time="7.033948" /><testcase classname="sam_e70_xplained:kernel.workqueue.api" name="kernel.workqueue.api.work_submit_isr" time="7.033948" /><testcase classname="sam_e70_xplained:kernel.workqueue.api" name="kernel.workqueue.api.work_submit_handler" time="7.033948" /><testcase classname="sam_e70_xplained:kernel.workqueue.api" name="kernel.workqueue.api.user_work_submit_to_queue_thread" time="7.033948" /><testcase classname="sam_e70_xplained:kernel.workqueue.api" name="kernel.workqueue.api.delayed_work_submit_to_queue_thread" time="7.033948" /><testcase classname="sam_e70_xplained:kernel.workqueue.api" name="kernel.workqueue.api.delayed_work_submit_to_queue_isr" time="7.033948" /><testcase classname="sam_e70_xplained:kernel.workqueue.api" name="kernel.workqueue.api.delayed_work_submit_thread" time="7.033948" /><testcase classname="sam_e70_xplained:kernel.workqueue.api" name="kernel.workqueue.api.delayed_work_submit_isr" time="7.033948" /><testcase classname="sam_e70_xplained:kernel.workqueue.api" name="kernel.workqueue.api.delayed_work_submit_handler" time="7.033948" /><testcase classname="sam_e70_xplained:kernel.workqueue.api" name="kernel.workqueue.api.delayed_work_cancel_from_queue_thread" time="7.033948" /><testcase classname="sam_e70_xplained:kernel.workqueue.api" name="kernel.workqueue.api.delayed_work_cancel_from_queue_isr" time="7.033948" /><testcase classname="sam_e70_xplained:kernel.workqueue.api" name="kernel.workqueue.api.delayed_work_cancel_thread" time="7.033948" /><testcase classname="sam_e70_xplained:kernel.workqueue.api" name="kernel.workqueue.api.delayed_work_cancel_isr" time="7.033948" /><testcase classname="sam_e70_xplained:kernel.workqueue.api" name="kernel.workqueue.api.triggered_work_submit_to_queue_thread" time="7.033948" /><testcase classname="sam_e70_xplained:kernel.workqueue.api" name="kernel.workqueue.api.triggered_work_submit_to_queue_isr" time="7.033948" /><testcase classname="sam_e70_xplained:kernel.workqueue.api" name="kernel.workqueue.api.triggered_work_submit_thread" time="7.033948" /><testcase classname="sam_e70_xplained:kernel.workqueue.api" name="kernel.workqueue.api.triggered_work_submit_isr" time="7.033948" /><testcase classname="sam_e70_xplained:kernel.workqueue.api" name="kernel.workqueue.api.triggered_work_cancel_from_queue_thread" time="7.033948" /><testcase classname="sam_e70_xplained:kernel.workqueue.api" name="kernel.workqueue.api.triggered_work_cancel_from_queue_isr" time="7.033948" /><testcase classname="sam_e70_xplained:kernel.workqueue.api" name="kernel.workqueue.api.triggered_work_cancel_thread" time="7.033948" /><testcase classname="sam_e70_xplained:kernel.workqueue.api" name="kernel.workqueue.api.triggered_work_cancel_isr" time="7.033948" /><testcase classname="sam_e70_xplained:kernel.workqueue" name="kernel.workqueue.sequence" time="8.602505" /><testcase classname="sam_e70_xplained:kernel.workqueue" name="kernel.workqueue.resubmit" time="8.602505" /><testcase classname="sam_e70_xplained:kernel.workqueue" name="kernel.workqueue.delayed" time="8.602505" /><testcase classname="sam_e70_xplained:kernel.workqueue" name="kernel.workqueue.delayed_resubmit" time="8.602505" /><testcase classname="sam_e70_xplained:kernel.workqueue" name="kernel.workqueue.delayed_resubmit_thread" time="8.602505" /><testcase classname="sam_e70_xplained:kernel.workqueue" name="kernel.workqueue.delayed_cancel" time="8.602505" /><testcase classname="sam_e70_xplained:kernel.workqueue" name="kernel.workqueue.triggered" time="8.602505" /><testcase classname="sam_e70_xplained:kernel.workqueue" name="kernel.workqueue.already_triggered" time="8.602505" /><testcase classname="sam_e70_xplained:kernel.workqueue" name="kernel.workqueue.triggered_resubmit" time="8.602505" /><testcase classname="sam_e70_xplained:kernel.workqueue" name="kernel.workqueue.triggered_no_wait" time="8.602505" /><testcase classname="sam_e70_xplained:kernel.workqueue" name="kernel.workqueue.triggered_no_wait_expired" time="8.602505" /><testcase classname="sam_e70_xplained:kernel.workqueue" name="kernel.workqueue.triggered_wait" time="8.602505" /><testcase classname="sam_e70_xplained:kernel.workqueue" name="kernel.workqueue.triggered_wait_expired" time="8.602505" /><testcase classname="sam_e70_xplained:kernel.memory_pool.sys" name="kernel.memory_pool.sys.sys_mem_pool_alloc_free" time="5.020071" /><testcase classname="sam_e70_xplained:kernel.memory_pool.sys" name="kernel.memory_pool.sys.sys_mem_pool_alloc_align4" time="5.020071" /><testcase classname="sam_e70_xplained:kernel.memory_pool.sys" name="kernel.memory_pool.sys.sys_mem_pool_min_block_size" time="5.020071" /><testcase classname="sam_e70_xplained:kernel.memory_pool.threadsafe" name="kernel.memory_pool.threadsafe.mpool_threadsafe" time="2.856672" /><testcase classname="sam_e70_xplained:kernel.memory_pool.api" name="kernel.memory_pool.api.mpool_alloc_free_thread" time="2.794740" /><testcase classname="sam_e70_xplained:kernel.memory_pool.api" name="kernel.memory_pool.api.mpool_alloc_free_isr" time="2.794740" /><testcase classname="sam_e70_xplained:kernel.memory_pool.api" name="kernel.memory_pool.api.mpool_kdefine_extern" time="2.794740" /><testcase classname="sam_e70_xplained:kernel.memory_pool.api" name="kernel.memory_pool.api.mpool_alloc_size" time="2.794740" /><testcase classname="sam_e70_xplained:kernel.memory_pool.api" name="kernel.memory_pool.api.mpool_alloc_timeout" time="2.794740" /><testcase classname="sam_e70_xplained:kernel.memory_pool.api" name="kernel.memory_pool.api.sys_heap_mem_pool_assign" time="2.794740" /><testcase classname="sam_e70_xplained:kernel.memory_pool" name="kernel.memory_pool.pool_block_get" time="6.088408" /><testcase classname="sam_e70_xplained:kernel.memory_pool" name="kernel.memory_pool.pool_block_get_timeout" time="6.088408" /><testcase classname="sam_e70_xplained:kernel.memory_pool" name="kernel.memory_pool.pool_block_get_wait" time="6.088408" /><testcase classname="sam_e70_xplained:kernel.memory_pool" name="kernel.memory_pool.pool_malloc" time="6.088408" /><testcase classname="sam_e70_xplained:kernel.memory_pool.concept" name="kernel.memory_pool.concept.mpool_alloc_wait_prio" time="8.745798" /><testcase classname="sam_e70_xplained:kernel.memory_pool.concept" name="kernel.memory_pool.concept.mpool_alloc_size_roundup" time="8.745798" /><testcase classname="sam_e70_xplained:kernel.memory_pool.concept" name="kernel.memory_pool.concept.mpool_alloc_merge_failed_diff_size" time="8.745798" /><testcase classname="sam_e70_xplained:kernel.memory_pool.concept" name="kernel.memory_pool.concept.mpool_alloc_merge_failed_diff_parent" time="8.745798" /><testcase classname="sam_e70_xplained:kernel.objects.tracing" name="kernel.objects.tracing.philosophers_tracing" time="2.828734" /><testcase classname="sam_e70_xplained:kernel.objects.tracing" name="kernel.objects.tracing.obj_tracing" time="2.828734" /><testcase classname="sam_e70_xplained:kernel.common" name="kernel.common.kernel_interrupts" time="8.247306" /><testcase classname="sam_e70_xplained:kernel.common" name="kernel.common.kernel_timer_interrupts" time="8.247306"><skipped message="Skipped" type="skipped" /></testcase><testcase classname="sam_e70_xplained:kernel.common" name="kernel.common.kernel_ctx_thread" time="8.247306" /><testcase classname="sam_e70_xplained:kernel.common" name="kernel.common.busy_wait" time="8.247306" /><testcase classname="sam_e70_xplained:kernel.common" name="kernel.common.k_sleep" time="8.247306" /><testcase classname="sam_e70_xplained:kernel.common" name="kernel.common.kernel_cpu_idle_atomic" time="8.247306"><skipped message="Skipped" type="skipped" /></testcase><testcase classname="sam_e70_xplained:kernel.common" name="kernel.common.kernel_cpu_idle" time="8.247306"><skipped message="Skipped" type="skipped" /></testcase><testcase classname="sam_e70_xplained:kernel.common" name="kernel.common.k_yield" time="8.247306" /><testcase classname="sam_e70_xplained:kernel.common" name="kernel.common.kernel_thread" time="8.247306" /><testcase classname="sam_e70_xplained:kernel.mutex" name="kernel.mutex.mutex_lock_unlock" time="10.441360" /><testcase classname="sam_e70_xplained:kernel.mutex" name="kernel.mutex.mutex_reent_lock_forever" time="10.441360" /><testcase classname="sam_e70_xplained:kernel.mutex" name="kernel.mutex.mutex_reent_lock_no_wait" time="10.441360" /><testcase classname="sam_e70_xplained:kernel.mutex" name="kernel.mutex.mutex_reent_lock_timeout_fail" time="10.441360" /><testcase classname="sam_e70_xplained:kernel.mutex" name="kernel.mutex.mutex_reent_lock_timeout_pass" time="10.441360" /><testcase classname="sam_e70_xplained:system.mutex" name="system.mutex.mutex" time="11.996307" /><testcase classname="sam_e70_xplained:system.mutex" name="system.mutex.user_access" time="11.996307" /><testcase classname="sam_e70_xplained:system.mutex" name="system.mutex.supervisor_access" time="11.996307" /><testcase classname="sam_e70_xplained:system.mutex.nouser" name="system.mutex.nouser.mutex" time="10.765264" /><testcase classname="sam_e70_xplained:system.mutex.nouser" name="system.mutex.nouser.user_access" time="10.765264"><skipped message="Skipped" type="skipped" /></testcase><testcase classname="sam_e70_xplained:system.mutex.nouser" name="system.mutex.nouser.supervisor_access" time="10.765264" /><testcase classname="sam_e70_xplained:kernel.pipe" name="kernel.pipe.pipe_on_single_elements" time="6.225430" /><testcase classname="sam_e70_xplained:kernel.pipe" name="kernel.pipe.pipe_on_multiple_elements" time="6.225430" /><testcase classname="sam_e70_xplained:kernel.pipe" name="kernel.pipe.pipe_forever_wait" time="6.225430" /><testcase classname="sam_e70_xplained:kernel.pipe" name="kernel.pipe.pipe_timeout" time="6.225430" /><testcase classname="sam_e70_xplained:kernel.pipe" name="kernel.pipe.pipe_get_on_empty_pipe" time="6.225430" /><testcase classname="sam_e70_xplained:kernel.pipe" name="kernel.pipe.pipe_forever_timeout" time="6.225430" /><testcase classname="sam_e70_xplained:kernel.pipe" name="kernel.pipe.pipe_get_timeout" time="6.225430" /><testcase classname="sam_e70_xplained:kernel.pipe" name="kernel.pipe.pipe_get_invalid_size" time="6.225430" /><testcase classname="sam_e70_xplained:kernel.pipe.api" name="kernel.pipe.api.pipe_thread2thread" time="5.261712" /><testcase classname="sam_e70_xplained:kernel.pipe.api" name="kernel.pipe.api.pipe_user_thread2thread" time="5.261712" /><testcase classname="sam_e70_xplained:kernel.pipe.api" name="kernel.pipe.api.pipe_user_put_fail" time="5.261712" /><testcase classname="sam_e70_xplained:kernel.pipe.api" name="kernel.pipe.api.pipe_user_get_fail" time="5.261712" /><testcase classname="sam_e70_xplained:kernel.pipe.api" name="kernel.pipe.api.resource_pool_auto_free" time="5.261712" /><testcase classname="sam_e70_xplained:kernel.pipe.api" name="kernel.pipe.api.pipe_put_fail" time="5.261712" /><testcase classname="sam_e70_xplained:kernel.pipe.api" name="kernel.pipe.api.pipe_get_fail" time="5.261712" /><testcase classname="sam_e70_xplained:kernel.pipe.api" name="kernel.pipe.api.pipe_block_put" time="5.261712" /><testcase classname="sam_e70_xplained:kernel.pipe.api" name="kernel.pipe.api.pipe_block_put_sema" time="5.261712" /><testcase classname="sam_e70_xplained:kernel.pipe.api" name="kernel.pipe.api.pipe_get_put" time="5.261712" /><testcase classname="sam_e70_xplained:kernel.pipe.api" name="kernel.pipe.api.half_pipe_block_put_sema" time="5.261712" /><testcase classname="sam_e70_xplained:kernel.pipe.api" name="kernel.pipe.api.half_pipe_get_put" time="5.261712" /><testcase classname="sam_e70_xplained:kernel.pipe.api" name="kernel.pipe.api.half_pipe_saturating_block_put" time="5.261712" /><testcase classname="sam_e70_xplained:kernel.pipe.api" name="kernel.pipe.api.pipe_alloc" time="5.261712" /><testcase classname="sam_e70_xplained:kernel.pipe.api" name="kernel.pipe.api.pipe_reader_wait" time="5.261712" /><testcase classname="sam_e70_xplained:kernel.pipe.api" name="kernel.pipe.api.pipe_block_writer_wait" time="5.261712" /></testsuite></testsuites>