<testsuites><testsuite errors="0" failures="0" name="Sanitycheck" skipped="36" tests="685" time="2759.068138"><testcase classname="up_squared:portability.posix.common" name="portability.posix.common.posix_pthread_execution" time="36.688516" /><testcase classname="up_squared:portability.posix.common" name="portability.posix.common.posix_pthread_termination" time="36.688516" /><testcase classname="up_squared:portability.posix.common" name="portability.posix.common.posix_multiple_threads_single_key" time="36.688516" /><testcase classname="up_squared:portability.posix.common" name="portability.posix.common.posix_single_thread_multiple_keys" time="36.688516" /><testcase classname="up_squared:portability.posix.common" name="portability.posix.common.posix_clock" time="36.688516" /><testcase classname="up_squared:portability.posix.common" name="portability.posix.common.posix_semaphore" time="36.688516" /><testcase classname="up_squared:portability.posix.common" name="portability.posix.common.posix_normal_mutex" time="36.688516" /><testcase classname="up_squared:portability.posix.common" name="portability.posix.common.posix_recursive_mutex" time="36.688516" /><testcase classname="up_squared:portability.posix.common" name="portability.posix.common.posix_mqueue" time="36.688516" /><testcase classname="up_squared:portability.posix.common" name="portability.posix.common.posix_realtime" time="36.688516" /><testcase classname="up_squared:portability.posix.common" name="portability.posix.common.posix_timer" time="36.688516" /><testcase classname="up_squared:portability.posix.common" name="portability.posix.common.posix_rw_lock" time="36.688516" /><testcase classname="up_squared:portability.posix.common.newlib" name="portability.posix.common.newlib.posix_pthread_execution" time="37.133223" /><testcase classname="up_squared:portability.posix.common.newlib" name="portability.posix.common.newlib.posix_pthread_termination" time="37.133223" /><testcase classname="up_squared:portability.posix.common.newlib" name="portability.posix.common.newlib.posix_multiple_threads_single_key" time="37.133223" /><testcase classname="up_squared:portability.posix.common.newlib" name="portability.posix.common.newlib.posix_single_thread_multiple_keys" time="37.133223" /><testcase classname="up_squared:portability.posix.common.newlib" name="portability.posix.common.newlib.posix_clock" time="37.133223" /><testcase classname="up_squared:portability.posix.common.newlib" name="portability.posix.common.newlib.posix_semaphore" time="37.133223" /><testcase classname="up_squared:portability.posix.common.newlib" name="portability.posix.common.newlib.posix_normal_mutex" time="37.133223" /><testcase classname="up_squared:portability.posix.common.newlib" name="portability.posix.common.newlib.posix_recursive_mutex" time="37.133223" /><testcase classname="up_squared:portability.posix.common.newlib" name="portability.posix.common.newlib.posix_mqueue" time="37.133223" /><testcase classname="up_squared:portability.posix.common.newlib" name="portability.posix.common.newlib.posix_realtime" time="37.133223" /><testcase classname="up_squared:portability.posix.common.newlib" name="portability.posix.common.newlib.posix_timer" time="37.133223" /><testcase classname="up_squared:portability.posix.common.newlib" name="portability.posix.common.newlib.posix_rw_lock" time="37.133223" /><testcase classname="up_squared:portability.posix.fs" name="portability.posix.fs.fs_mount" time="24.027423" /><testcase classname="up_squared:portability.posix.fs" name="portability.posix.fs.fs_open" time="24.027423" /><testcase classname="up_squared:portability.posix.fs" name="portability.posix.fs.fs_write" time="24.027423" /><testcase classname="up_squared:portability.posix.fs" name="portability.posix.fs.fs_read" time="24.027423" /><testcase classname="up_squared:portability.posix.fs" name="portability.posix.fs.fs_close" time="24.027423" /><testcase classname="up_squared:portability.posix.fs" name="portability.posix.fs.fs_fd_leak" time="24.027423" /><testcase classname="up_squared:portability.posix.fs" name="portability.posix.fs.fs_unlink" time="24.027423" /><testcase classname="up_squared:portability.posix.fs" name="portability.posix.fs.fs_mkdir" time="24.027423" /><testcase classname="up_squared:portability.posix.fs" name="portability.posix.fs.fs_readdir" time="24.027423" /><testcase classname="up_squared:portability.posix.fs.newlib" name="portability.posix.fs.newlib.fs_mount" time="23.031154" /><testcase classname="up_squared:portability.posix.fs.newlib" name="portability.posix.fs.newlib.fs_open" time="23.031154" /><testcase classname="up_squared:portability.posix.fs.newlib" name="portability.posix.fs.newlib.fs_write" time="23.031154" /><testcase classname="up_squared:portability.posix.fs.newlib" name="portability.posix.fs.newlib.fs_read" time="23.031154" /><testcase classname="up_squared:portability.posix.fs.newlib" name="portability.posix.fs.newlib.fs_close" time="23.031154" /><testcase classname="up_squared:portability.posix.fs.newlib" name="portability.posix.fs.newlib.fs_fd_leak" time="23.031154" /><testcase classname="up_squared:portability.posix.fs.newlib" name="portability.posix.fs.newlib.fs_unlink" time="23.031154" /><testcase classname="up_squared:portability.posix.fs.newlib" name="portability.posix.fs.newlib.fs_mkdir" time="23.031154" /><testcase classname="up_squared:portability.posix.fs.newlib" name="portability.posix.fs.newlib.fs_readdir" time="23.031154" /><testcase classname="up_squared:benchmark.kernel.timing.default" name="benchmark.kernel.timing.default" time="31.070873" /><testcase classname="up_squared:application_development.cpp.libcxx" name="application_development.cpp.libcxx.array" time="23.060799" /><testcase classname="up_squared:application_development.cpp.libcxx" name="application_development.cpp.libcxx.vector" time="23.060799" /><testcase classname="up_squared:application_development.cpp.libcxx" name="application_development.cpp.libcxx.make_unique" time="23.060799" /><testcase classname="up_squared:application_development.cpp.libcxx.exceptions" name="application_development.cpp.libcxx.exceptions.array" time="23.245929" /><testcase classname="up_squared:application_development.cpp.libcxx.exceptions" name="application_development.cpp.libcxx.exceptions.vector" time="23.245929" /><testcase classname="up_squared:application_development.cpp.libcxx.exceptions" name="application_development.cpp.libcxx.exceptions.make_unique" time="23.245929" /><testcase classname="up_squared:application_development.cpp.main" name="application_development.cpp.main.new_delete" time="22.941856" /><testcase classname="up_squared:buildsystem.include_file" name="buildsystem.include_file.gen_inc_file" time="24.021201" /><testcase classname="up_squared:buildsystem.include_file" name="buildsystem.include_file.gen_gz_inc_file_no_mtime" time="24.021201" /><testcase classname="up_squared:buildsystem.include_file" name="buildsystem.include_file.gen_gz_inc_file_mtime_arg" time="24.021201" /><testcase classname="up_squared:testing.ztest.mock" name="testing.ztest.mock.parameter_tests" time="22.894322" /><testcase classname="up_squared:testing.ztest.mock" name="testing.ztest.mock.return_value_tests" time="22.894322" /><testcase classname="up_squared:testing.ztest.mock" name="testing.ztest.mock.multi_value_tests" time="22.894322" /><testcase classname="up_squared:testing.ztest.regular_output" name="testing.ztest.regular_output.assert_pass" time="22.902860" /><testcase classname="up_squared:testing.ztest.regular_output" name="testing.ztest.regular_output.assert_skip" time="22.902860"><skipped message="Skipped" type="skipped" /></testcase><testcase classname="up_squared:testing.ztest.verbose_0" name="testing.ztest.verbose_0.empty_test" time="23.989922" /><testcase classname="up_squared:testing.ztest.verbose_0" name="testing.ztest.verbose_0.assert_tests" time="23.989922" /><testcase classname="up_squared:testing.ztest.verbose_0" name="testing.ztest.verbose_0.assert_mem_equal" time="23.989922" /><testcase classname="up_squared:testing.ztest.verbose_1" name="testing.ztest.verbose_1.empty_test" time="23.941772" /><testcase classname="up_squared:testing.ztest.verbose_1" name="testing.ztest.verbose_1.assert_tests" time="23.941772" /><testcase classname="up_squared:testing.ztest.verbose_1" name="testing.ztest.verbose_1.assert_mem_equal" time="23.941772" /><testcase classname="up_squared:testing.ztest.verbose_2" name="testing.ztest.verbose_2.empty_test" time="22.604610" /><testcase classname="up_squared:testing.ztest.verbose_2" name="testing.ztest.verbose_2.assert_tests" time="22.604610" /><testcase classname="up_squared:testing.ztest.verbose_2" name="testing.ztest.verbose_2.assert_mem_equal" time="22.604610" /><testcase classname="up_squared:drivers.counter.cmos" name="drivers.counter.cmos.cmos_rate" time="23.719890" /><testcase classname="up_squared:drivers.device_id" name="drivers.device_id.device_id_get" time="22.982723" /><testcase classname="up_squared:drivers.device_id" name="drivers.device_id.device_id_enotsup" time="22.982723" /><testcase classname="up_squared:logging.log_core" name="logging.log_core.log_backend_runtime_filtering" time="22.577395" /><testcase classname="up_squared:logging.log_core" name="logging.log_core.log_overflow" time="22.577395" /><testcase classname="up_squared:logging.log_core" name="logging.log_core.log_arguments" time="22.577395" /><testcase classname="up_squared:logging.log_core" name="logging.log_core.log_from_declared_module" time="22.577395" /><testcase classname="up_squared:logging.log_core" name="logging.log_core.log_strdup_gc" time="22.577395" /><testcase classname="up_squared:logging.log_core" name="logging.log_core.log_strdup_detect_miss" time="22.577395" /><testcase classname="up_squared:logging.log_core" name="logging.log_core.strdup_trimming" time="22.577395" /><testcase classname="up_squared:logging.log_core" name="logging.log_core.log_msg_dropped_notification" time="22.577395" /><testcase classname="up_squared:logging.log_core" name="logging.log_core.z_log_get_s_mask" time="22.577395" /><testcase classname="up_squared:logging.log_core" name="logging.log_core.log_panic" time="22.577395" /><testcase classname="up_squared:logging.log_output" name="logging.log_output.log_output_raw_string" time="23.759045" /><testcase classname="up_squared:logging.log_output" name="logging.log_output.log_output_string" time="23.759045" /><testcase classname="up_squared:logging.log_msg" name="logging.log_msg.log_std_msg" time="22.919009" /><testcase classname="up_squared:logging.log_msg" name="logging.log_msg.log_hexdump_msg" time="22.919009" /><testcase classname="up_squared:logging.log_msg" name="logging.log_msg.log_hexdump_data_get_single_chunk" time="22.919009" /><testcase classname="up_squared:logging.log_msg" name="logging.log_msg.log_hexdump_data_get_two_chunks" time="22.919009" /><testcase classname="up_squared:logging.log_msg" name="logging.log_msg.log_hexdump_data_get_multiple_chunks" time="22.919009" /><testcase classname="up_squared:logging.log_list" name="logging.log_list.log_list" time="23.486120" /><testcase classname="up_squared:logging.log_list" name="logging.log_list.log_list_multiple_items" time="23.486120" /><testcase classname="up_squared:libraries.encoding.jwt" name="libraries.encoding.jwt.jwt" time="24.056716" /><testcase classname="up_squared:tracing.backends.openocd" name="tracing.backends.openocd" time="23.250221" /><testcase classname="up_squared:shell.history" name="shell.history.history_add_get" time="22.820616" /><testcase classname="up_squared:shell.history" name="shell.history.history_purge" time="22.820616" /><testcase classname="up_squared:shell.history" name="shell.history.history_get_up_and_down" time="22.820616" /><testcase classname="up_squared:shell.history" name="shell.history.too_long_line_not_stored" time="22.820616" /><testcase classname="up_squared:shell.history" name="shell.history.no_duplicates_in_a_row" time="22.820616" /><testcase classname="up_squared:shell.history" name="shell.history.storing_long_buffers" time="22.820616" /><testcase classname="up_squared:arch.interrupt.x86" name="arch.interrupt.x86.idt_stub" time="23.014118" /><testcase classname="up_squared:arch.interrupt.x86" name="arch.interrupt.x86.static_idt" time="23.014118" /><testcase classname="up_squared:arch.x86.info" name="arch.x86.info" time="42.549507" /><testcase classname="up_squared:libraries.onoff" name="libraries.onoff.service_init_validation" time="24.306862" /><testcase classname="up_squared:libraries.onoff" name="libraries.onoff.client_init_validation" time="24.306862" /><testcase classname="up_squared:libraries.onoff" name="libraries.onoff.validate_args" time="24.306862" /><testcase classname="up_squared:libraries.onoff" name="libraries.onoff.reset" time="24.306862" /><testcase classname="up_squared:libraries.onoff" name="libraries.onoff.request" time="24.306862" /><testcase classname="up_squared:libraries.onoff" name="libraries.onoff.sync" time="24.306862" /><testcase classname="up_squared:libraries.onoff" name="libraries.onoff.async" time="24.306862" /><testcase classname="up_squared:libraries.onoff" name="libraries.onoff.half_sync" time="24.306862" /><testcase classname="up_squared:libraries.onoff" name="libraries.onoff.cancel_request_waits" time="24.306862" /><testcase classname="up_squared:libraries.onoff" name="libraries.onoff.cancel_request_ok" time="24.306862" /><testcase classname="up_squared:libraries.onoff" name="libraries.onoff.blocked_restart" time="24.306862" /><testcase classname="up_squared:libraries.onoff" name="libraries.onoff.cancel_release" time="24.306862" /><testcase classname="up_squared:libraries.data_structures" name="libraries.data_structures.ringbuffer_init" time="24.097905" /><testcase classname="up_squared:libraries.data_structures" name="libraries.data_structures.ringbuffer_declare_pow2" time="24.097905" /><testcase classname="up_squared:libraries.data_structures" name="libraries.data_structures.ringbuffer_declare_size" time="24.097905" /><testcase classname="up_squared:libraries.data_structures" name="libraries.data_structures.ringbuffer_put_get_thread" time="24.097905" /><testcase classname="up_squared:libraries.data_structures" name="libraries.data_structures.ringbuffer_put_get_isr" time="24.097905" /><testcase classname="up_squared:libraries.data_structures" name="libraries.data_structures.ringbuffer_put_get_thread_isr" time="24.097905" /><testcase classname="up_squared:libraries.data_structures" name="libraries.data_structures.ringbuffer_pow2_put_get_thread_isr" time="24.097905" /><testcase classname="up_squared:libraries.data_structures" name="libraries.data_structures.ringbuffer_size_put_get_thread_isr" time="24.097905" /><testcase classname="up_squared:libraries.data_structures" name="libraries.data_structures.ring_buffer_main" time="24.097905" /><testcase classname="up_squared:libraries.data_structures" name="libraries.data_structures.ringbuffer_raw" time="24.097905" /><testcase classname="up_squared:libraries.data_structures" name="libraries.data_structures.ringbuffer_alloc_put" time="24.097905" /><testcase classname="up_squared:libraries.data_structures" name="libraries.data_structures.byte_put_free" time="24.097905" /><testcase classname="up_squared:libraries.data_structures" name="libraries.data_structures.capacity" time="24.097905" /><testcase classname="up_squared:libraries.data_structures" name="libraries.data_structures.reset" time="24.097905" /><testcase classname="up_squared:libraries.libc.sprintf" name="libraries.libc.sprintf.sprintf_double" time="24.096837" /><testcase classname="up_squared:libraries.libc.sprintf" name="libraries.libc.sprintf.sprintf_integer" time="24.096837" /><testcase classname="up_squared:libraries.libc.sprintf" name="libraries.libc.sprintf.vsprintf" time="24.096837" /><testcase classname="up_squared:libraries.libc.sprintf" name="libraries.libc.sprintf.vsnprintf" time="24.096837" /><testcase classname="up_squared:libraries.libc.sprintf" name="libraries.libc.sprintf.sprintf_string" time="24.096837" /><testcase classname="up_squared:libraries.libc.sprintf" name="libraries.libc.sprintf.sprintf_misc" time="24.096837" /><testcase classname="up_squared:libraries.encoding.json" name="libraries.encoding.json.json_encoding" time="23.026727" /><testcase classname="up_squared:libraries.encoding.json" name="libraries.encoding.json.json_decoding" time="23.026727" /><testcase classname="up_squared:libraries.encoding.json" name="libraries.encoding.json.json_decoding_array_array" time="23.026727" /><testcase classname="up_squared:libraries.encoding.json" name="libraries.encoding.json.json_obj_arr_encoding" time="23.026727" /><testcase classname="up_squared:libraries.encoding.json" name="libraries.encoding.json.json_obj_arr_decoding" time="23.026727" /><testcase classname="up_squared:libraries.encoding.json" name="libraries.encoding.json.json_invalid_string" time="23.026727" /><testcase classname="up_squared:libraries.encoding.json" name="libraries.encoding.json.json_invalid_bool" time="23.026727" /><testcase classname="up_squared:libraries.encoding.json" name="libraries.encoding.json.json_invalid_null" time="23.026727" /><testcase classname="up_squared:libraries.encoding.json" name="libraries.encoding.json.json_invalid_number" time="23.026727" /><testcase classname="up_squared:libraries.encoding.json" name="libraries.encoding.json.json_missing_quote" time="23.026727" /><testcase classname="up_squared:libraries.encoding.json" name="libraries.encoding.json.json_wrong_token" time="23.026727" /><testcase classname="up_squared:libraries.encoding.json" name="libraries.encoding.json.json_item_wrong_type" time="23.026727" /><testcase classname="up_squared:libraries.encoding.json" name="libraries.encoding.json.json_key_not_in_descr" time="23.026727" /><testcase classname="up_squared:libraries.encoding.json" name="libraries.encoding.json.json_escape" time="23.026727" /><testcase classname="up_squared:libraries.encoding.json" name="libraries.encoding.json.json_escape_one" time="23.026727" /><testcase classname="up_squared:libraries.encoding.json" name="libraries.encoding.json.json_escape_empty" time="23.026727" /><testcase classname="up_squared:libraries.encoding.json" name="libraries.encoding.json.json_escape_no_op" time="23.026727" /><testcase classname="up_squared:libraries.encoding.json" name="libraries.encoding.json.json_escape_bounds_check" time="23.026727" /><testcase classname="up_squared:libraries.libc.minimal.mem_alloc" name="libraries.libc.minimal.mem_alloc.malloc" time="22.846573" /><testcase classname="up_squared:libraries.libc.minimal.mem_alloc" name="libraries.libc.minimal.mem_alloc.free" time="22.846573" /><testcase classname="up_squared:libraries.libc.minimal.mem_alloc" name="libraries.libc.minimal.mem_alloc.calloc" time="22.846573" /><testcase classname="up_squared:libraries.libc.minimal.mem_alloc" name="libraries.libc.minimal.mem_alloc.realloc" time="22.846573" /><testcase classname="up_squared:libraries.libc.minimal.mem_alloc" name="libraries.libc.minimal.mem_alloc.reallocarray" time="22.846573" /><testcase classname="up_squared:libraries.libc.minimal.mem_alloc" name="libraries.libc.minimal.mem_alloc.memalloc_all" time="22.846573" /><testcase classname="up_squared:libraries.libc.minimal.mem_alloc" name="libraries.libc.minimal.mem_alloc.memalloc_max" time="22.846573" /><testcase classname="up_squared:libraries.libc.newlib" name="libraries.libc.newlib.malloc" time="23.837787" /><testcase classname="up_squared:libraries.libc.newlib" name="libraries.libc.newlib.free" time="23.837787" /><testcase classname="up_squared:libraries.libc.newlib" name="libraries.libc.newlib.calloc" time="23.837787" /><testcase classname="up_squared:libraries.libc.newlib" name="libraries.libc.newlib.realloc" time="23.837787" /><testcase classname="up_squared:libraries.libc.newlib" name="libraries.libc.newlib.reallocarray" time="23.837787"><skipped message="Skipped" type="skipped" /></testcase><testcase classname="up_squared:libraries.libc.newlib" name="libraries.libc.newlib.memalloc_all" time="23.837787" /><testcase classname="up_squared:libraries.libc.newlib" name="libraries.libc.newlib.memalloc_max" time="23.837787" /><testcase classname="up_squared:libraries.libc" name="libraries.libc.limits" time="24.116373" /><testcase classname="up_squared:libraries.libc" name="libraries.libc.ssize_t" time="24.116373" /><testcase classname="up_squared:libraries.libc" name="libraries.libc.stdbool" time="24.116373" /><testcase classname="up_squared:libraries.libc" name="libraries.libc.stddef" time="24.116373" /><testcase classname="up_squared:libraries.libc" name="libraries.libc.stdint" time="24.116373" /><testcase classname="up_squared:libraries.libc" name="libraries.libc.memcmp" time="24.116373" /><testcase classname="up_squared:libraries.libc" name="libraries.libc.strchr" time="24.116373" /><testcase classname="up_squared:libraries.libc" name="libraries.libc.strcpy" time="24.116373" /><testcase classname="up_squared:libraries.libc" name="libraries.libc.strncpy" time="24.116373" /><testcase classname="up_squared:libraries.libc" name="libraries.libc.memset" time="24.116373" /><testcase classname="up_squared:libraries.libc" name="libraries.libc.strlen" time="24.116373" /><testcase classname="up_squared:libraries.libc" name="libraries.libc.strcmp" time="24.116373" /><testcase classname="up_squared:libraries.libc" name="libraries.libc.strxspn" time="24.116373" /><testcase classname="up_squared:libraries.libc" name="libraries.libc.bsearch" time="24.116373" /><testcase classname="up_squared:libraries.os.fdtable" name="libraries.os.fdtable.z_reserve_fd" time="22.852634" /><testcase classname="up_squared:libraries.os.fdtable" name="libraries.os.fdtable.z_get_fd_obj_and_vtable" time="22.852634" /><testcase classname="up_squared:libraries.os.fdtable" name="libraries.os.fdtable.z_get_fd_obj" time="22.852634" /><testcase classname="up_squared:libraries.os.fdtable" name="libraries.os.fdtable.z_finalize_fd" time="22.852634" /><testcase classname="up_squared:libraries.os.fdtable" name="libraries.os.fdtable.z_alloc_fd" time="22.852634" /><testcase classname="up_squared:libraries.os.fdtable" name="libraries.os.fdtable.z_free_fd" time="22.852634" /><testcase classname="up_squared:shell.core" name="shell.core.cmd_help" time="23.454144" /><testcase classname="up_squared:shell.core" name="shell.core.cmd_clear" time="23.454144" /><testcase classname="up_squared:shell.core" name="shell.core.cmd_shell" time="23.454144" /><testcase classname="up_squared:shell.core" name="shell.core.cmd_history" time="23.454144" /><testcase classname="up_squared:shell.core" name="shell.core.cmd_select" time="23.454144" /><testcase classname="up_squared:shell.core" name="shell.core.cmd_resize" time="23.454144" /><testcase classname="up_squared:shell.core" name="shell.core.shell_module" time="23.454144" /><testcase classname="up_squared:shell.core" name="shell.core.shell_wildcards_static" time="23.454144" /><testcase classname="up_squared:shell.core" name="shell.core.shell_wildcards_dynamic" time="23.454144" /><testcase classname="up_squared:crypto.rand32" name="crypto.rand32.rand32" time="23.805998" /><testcase classname="up_squared:crypto.rand32.random_sw_systimer" name="crypto.rand32.random_sw_systimer.rand32" time="24.450149" /><testcase classname="up_squared:crypto.mbedtls" name="crypto.mbedtls.mbedtls" time="24.501302" /><testcase classname="up_squared:portability.cmsis_rtos_v1" name="portability.cmsis_rtos_v1.kernel_start" time="34.024769" /><testcase classname="up_squared:portability.cmsis_rtos_v1" name="portability.cmsis_rtos_v1.kernel_systick" time="34.024769" /><testcase classname="up_squared:portability.cmsis_rtos_v1" name="portability.cmsis_rtos_v1.thread_apis" time="34.024769" /><testcase classname="up_squared:portability.cmsis_rtos_v1" name="portability.cmsis_rtos_v1.thread_prio" time="34.024769" /><testcase classname="up_squared:portability.cmsis_rtos_v1" name="portability.cmsis_rtos_v1.thread_instances" time="34.024769" /><testcase classname="up_squared:portability.cmsis_rtos_v1" name="portability.cmsis_rtos_v1.timer" time="34.024769" /><testcase classname="up_squared:portability.cmsis_rtos_v1" name="portability.cmsis_rtos_v1.mutex" time="34.024769" /><testcase classname="up_squared:portability.cmsis_rtos_v1" name="portability.cmsis_rtos_v1.mutex_lock_timeout" time="34.024769" /><testcase classname="up_squared:portability.cmsis_rtos_v1" name="portability.cmsis_rtos_v1.semaphore" time="34.024769" /><testcase classname="up_squared:portability.cmsis_rtos_v1" name="portability.cmsis_rtos_v1.mempool" time="34.024769" /><testcase classname="up_squared:portability.cmsis_rtos_v1" name="portability.cmsis_rtos_v1.mailq" time="34.024769" /><testcase classname="up_squared:portability.cmsis_rtos_v1" name="portability.cmsis_rtos_v1.messageq" time="34.024769" /><testcase classname="up_squared:portability.cmsis_rtos_v1" name="portability.cmsis_rtos_v1.signal_events_no_wait" time="34.024769" /><testcase classname="up_squared:portability.cmsis_rtos_v1" name="portability.cmsis_rtos_v1.signal_events_timeout" time="34.024769" /><testcase classname="up_squared:portability.cmsis_rtos_v1" name="portability.cmsis_rtos_v1.signal_events_signalled" time="34.024769" /><testcase classname="up_squared:portability.cmsis_rtos_v1" name="portability.cmsis_rtos_v1.signal_events_isr" time="34.024769" /><testcase classname="up_squared:portability.cmsis_rtos_v2" name="portability.cmsis_rtos_v2.kernel_apis" time="29.330697" /><testcase classname="up_squared:portability.cmsis_rtos_v2" name="portability.cmsis_rtos_v2.delay" time="29.330697" /><testcase classname="up_squared:portability.cmsis_rtos_v2" name="portability.cmsis_rtos_v2.thread_apis" time="29.330697" /><testcase classname="up_squared:portability.cmsis_rtos_v2" name="portability.cmsis_rtos_v2.thread_apis_dynamic" time="29.330697" /><testcase classname="up_squared:portability.cmsis_rtos_v2" name="portability.cmsis_rtos_v2.thread_prio" time="29.330697" /><testcase classname="up_squared:portability.cmsis_rtos_v2" name="portability.cmsis_rtos_v2.thread_prio_dynamic" time="29.330697" /><testcase classname="up_squared:portability.cmsis_rtos_v2" name="portability.cmsis_rtos_v2.timer" time="29.330697" /><testcase classname="up_squared:portability.cmsis_rtos_v2" name="portability.cmsis_rtos_v2.mutex" time="29.330697" /><testcase classname="up_squared:portability.cmsis_rtos_v2" name="portability.cmsis_rtos_v2.mutex_lock_timeout" time="29.330697" /><testcase classname="up_squared:portability.cmsis_rtos_v2" name="portability.cmsis_rtos_v2.semaphore" time="29.330697" /><testcase classname="up_squared:portability.cmsis_rtos_v2" name="portability.cmsis_rtos_v2.mempool" time="29.330697" /><testcase classname="up_squared:portability.cmsis_rtos_v2" name="portability.cmsis_rtos_v2.mempool_dynamic" time="29.330697" /><testcase classname="up_squared:portability.cmsis_rtos_v2" name="portability.cmsis_rtos_v2.messageq" time="29.330697" /><testcase classname="up_squared:portability.cmsis_rtos_v2" name="portability.cmsis_rtos_v2.event_flags_no_wait_timeout" time="29.330697" /><testcase classname="up_squared:portability.cmsis_rtos_v2" name="portability.cmsis_rtos_v2.event_flags_signalled" time="29.330697" /><testcase classname="up_squared:portability.cmsis_rtos_v2" name="portability.cmsis_rtos_v2.event_flags_isr" time="29.330697" /><testcase classname="up_squared:portability.cmsis_rtos_v2" name="portability.cmsis_rtos_v2.thread_flags_no_wait_timeout" time="29.330697" /><testcase classname="up_squared:portability.cmsis_rtos_v2" name="portability.cmsis_rtos_v2.thread_flags_signalled" time="29.330697" /><testcase classname="up_squared:portability.cmsis_rtos_v2" name="portability.cmsis_rtos_v2.thread_flags_isr" time="29.330697" /><testcase classname="up_squared:portability.cmsis_rtos_v2" name="portability.cmsis_rtos_v2.thread_join" time="29.330697" /><testcase classname="up_squared:portability.cmsis_rtos_v2" name="portability.cmsis_rtos_v2.thread_detached" time="29.330697" /><testcase classname="up_squared:portability.cmsis_rtos_v2" name="portability.cmsis_rtos_v2.thread_joinable_detach" time="29.330697" /><testcase classname="up_squared:portability.cmsis_rtos_v2" name="portability.cmsis_rtos_v2.thread_joinable_terminate" time="29.330697" /><testcase classname="up_squared:kernel.semaphore" name="kernel.semaphore.k_sema_init" time="38.720439" /><testcase classname="up_squared:kernel.semaphore" name="kernel.semaphore.sema_thread2thread" time="38.720439" /><testcase classname="up_squared:kernel.semaphore" name="kernel.semaphore.sema_thread2isr" time="38.720439" /><testcase classname="up_squared:kernel.semaphore" name="kernel.semaphore.sema_reset" time="38.720439" /><testcase classname="up_squared:kernel.semaphore" name="kernel.semaphore.sema_count_get" time="38.720439" /><testcase classname="up_squared:kernel.semaphore" name="kernel.semaphore.simple_sem_from_isr" time="38.720439" /><testcase classname="up_squared:kernel.semaphore" name="kernel.semaphore.simple_sem_from_task" time="38.720439" /><testcase classname="up_squared:kernel.semaphore" name="kernel.semaphore.sem_take_no_wait" time="38.720439" /><testcase classname="up_squared:kernel.semaphore" name="kernel.semaphore.sem_take_no_wait_fails" time="38.720439" /><testcase classname="up_squared:kernel.semaphore" name="kernel.semaphore.sem_take_timeout_fails" time="38.720439" /><testcase classname="up_squared:kernel.semaphore" name="kernel.semaphore.sem_take_timeout" time="38.720439" /><testcase classname="up_squared:kernel.semaphore" name="kernel.semaphore.sem_take_timeout_forever" time="38.720439" /><testcase classname="up_squared:kernel.semaphore" name="kernel.semaphore.sem_take_timeout_isr" time="38.720439" /><testcase classname="up_squared:kernel.semaphore" name="kernel.semaphore.sem_take_multiple" time="38.720439" /><testcase classname="up_squared:kernel.semaphore" name="kernel.semaphore.sem_give_take_from_isr" time="38.720439" /><testcase classname="up_squared:kernel.semaphore" name="kernel.semaphore.sem_multiple_threads_wait" time="38.720439" /><testcase classname="up_squared:kernel.semaphore" name="kernel.semaphore.sem_measure_timeouts" time="38.720439" /><testcase classname="up_squared:kernel.semaphore" name="kernel.semaphore.sem_measure_timeout_from_thread" time="38.720439" /><testcase classname="up_squared:kernel.semaphore" name="kernel.semaphore.sem_multiple_take_and_timeouts" time="38.720439" /><testcase classname="up_squared:kernel.semaphore" name="kernel.semaphore.sem_multi_take_timeout_diff_sem" time="38.720439" /><testcase classname="up_squared:kernel.common.stack_sentinel" name="kernel.common.stack_sentinel.fatal" time="23.941880" /><testcase classname="up_squared:kernel.threads.init" name="kernel.threads.init.kdefine_preempt_thread" time="27.726497" /><testcase classname="up_squared:kernel.threads.init" name="kernel.threads.init.kdefine_coop_thread" time="27.726497" /><testcase classname="up_squared:kernel.threads.init" name="kernel.threads.init.kinit_preempt_thread" time="27.726497" /><testcase classname="up_squared:kernel.threads.init" name="kernel.threads.init.kinit_coop_thread" time="27.726497" /><testcase classname="up_squared:kernel.threads.apis" name="kernel.threads.apis.threads_spawn_params" time="26.821723" /><testcase classname="up_squared:kernel.threads.apis" name="kernel.threads.apis.threads_spawn_priority" time="26.821723" /><testcase classname="up_squared:kernel.threads.apis" name="kernel.threads.apis.threads_spawn_delay" time="26.821723" /><testcase classname="up_squared:kernel.threads.apis" name="kernel.threads.apis.threads_spawn_forever" time="26.821723" /><testcase classname="up_squared:kernel.threads.apis" name="kernel.threads.apis.thread_start" time="26.821723" /><testcase classname="up_squared:kernel.threads.apis" name="kernel.threads.apis.threads_suspend_resume_cooperative" time="26.821723" /><testcase classname="up_squared:kernel.threads.apis" name="kernel.threads.apis.threads_suspend_resume_preemptible" time="26.821723" /><testcase classname="up_squared:kernel.threads.apis" name="kernel.threads.apis.threads_priority_set" time="26.821723" /><testcase classname="up_squared:kernel.threads.apis" name="kernel.threads.apis.threads_abort_self" time="26.821723" /><testcase classname="up_squared:kernel.threads.apis" name="kernel.threads.apis.threads_abort_others" time="26.821723" /><testcase classname="up_squared:kernel.threads.apis" name="kernel.threads.apis.threads_abort_repeat" time="26.821723" /><testcase classname="up_squared:kernel.threads.apis" name="kernel.threads.apis.abort_handler" time="26.821723" /><testcase classname="up_squared:kernel.threads.apis" name="kernel.threads.apis.delayed_thread_abort" time="26.821723" /><testcase classname="up_squared:kernel.threads.apis" name="kernel.threads.apis.essential_thread_operation" time="26.821723" /><testcase classname="up_squared:kernel.threads.apis" name="kernel.threads.apis.systhreads_main" time="26.821723" /><testcase classname="up_squared:kernel.threads.apis" name="kernel.threads.apis.systhreads_idle" time="26.821723" /><testcase classname="up_squared:kernel.threads.apis" name="kernel.threads.apis.customdata_get_set_coop" time="26.821723" /><testcase classname="up_squared:kernel.threads.apis" name="kernel.threads.apis.customdata_get_set_preempt" time="26.821723" /><testcase classname="up_squared:kernel.threads.apis" name="kernel.threads.apis.k_thread_foreach" time="26.821723" /><testcase classname="up_squared:kernel.threads.apis" name="kernel.threads.apis.thread_name_get_set" time="26.821723" /><testcase classname="up_squared:kernel.threads.apis" name="kernel.threads.apis.thread_name_user_get_set" time="26.821723"><skipped message="Skipped" type="skipped" /></testcase><testcase classname="up_squared:kernel.threads.apis" name="kernel.threads.apis.user_mode" time="26.821723" /><testcase classname="up_squared:kernel.threads.apis" name="kernel.threads.apis.threads_cpu_mask" time="26.821723" /><testcase classname="up_squared:kernel.threads.apis" name="kernel.threads.apis.threads_suspend_timeout" time="26.821723" /><testcase classname="up_squared:kernel.threads.apis" name="kernel.threads.apis.threads_suspend" time="26.821723" /><testcase classname="up_squared:kernel.lifo" name="kernel.lifo.lifo_thread2thread" time="23.285578" /><testcase classname="up_squared:kernel.lifo" name="kernel.lifo.lifo_thread2isr" time="23.285578" /><testcase classname="up_squared:kernel.lifo" name="kernel.lifo.lifo_isr2thread" time="23.285578" /><testcase classname="up_squared:kernel.lifo" name="kernel.lifo.lifo_get_fail" time="23.285578" /><testcase classname="up_squared:kernel.lifo" name="kernel.lifo.lifo_loop" time="23.285578" /><testcase classname="up_squared:kernel.lifo.usage" name="kernel.lifo.usage.lifo_nowait" time="23.906424" /><testcase classname="up_squared:kernel.lifo.usage" name="kernel.lifo.usage.lifo_wait" time="23.906424" /><testcase classname="up_squared:kernel.lifo.usage" name="kernel.lifo.usage.timeout_empty_lifo" time="23.906424" /><testcase classname="up_squared:kernel.lifo.usage" name="kernel.lifo.usage.timeout_non_empty_lifo" time="23.906424" /><testcase classname="up_squared:kernel.lifo.usage" name="kernel.lifo.usage.timeout_lifo_thread" time="23.906424" /><testcase classname="up_squared:kernel.lifo.usage" name="kernel.lifo.usage.timeout_threads_pend_on_lifo" time="23.906424" /><testcase classname="up_squared:kernel.memory_protection.stackprot" name="kernel.memory_protection.stackprot.create_alt_thread" time="23.486167" /><testcase classname="up_squared:kernel.memory_protection.stackprot" name="kernel.memory_protection.stackprot.stackprot" time="23.486167" /><testcase classname="up_squared:kernel.memory_protection.sys_sem" name="kernel.memory_protection.sys_sem.simple_sem_from_isr" time="24.454654" /><testcase classname="up_squared:kernel.memory_protection.sys_sem" name="kernel.memory_protection.sys_sem.sem_take_timeout_isr" time="24.454654" /><testcase classname="up_squared:kernel.memory_protection.sys_sem" name="kernel.memory_protection.sys_sem.sem_give_take_from_isr" time="24.454654" /><testcase classname="up_squared:kernel.memory_protection.sys_sem" name="kernel.memory_protection.sys_sem.simple_sem_from_task" time="24.454654" /><testcase classname="up_squared:kernel.memory_protection.sys_sem" name="kernel.memory_protection.sys_sem.sem_take_no_wait" time="24.454654" /><testcase classname="up_squared:kernel.memory_protection.sys_sem" name="kernel.memory_protection.sys_sem.sem_take_no_wait_fails" time="24.454654" /><testcase classname="up_squared:kernel.memory_protection.sys_sem" name="kernel.memory_protection.sys_sem.sem_take_timeout_fails" time="24.454654" /><testcase classname="up_squared:kernel.memory_protection.sys_sem" name="kernel.memory_protection.sys_sem.sem_take_timeout" time="24.454654" /><testcase classname="up_squared:kernel.memory_protection.sys_sem" name="kernel.memory_protection.sys_sem.sem_take_timeout_forever" time="24.454654" /><testcase classname="up_squared:kernel.memory_protection.sys_sem" name="kernel.memory_protection.sys_sem.sem_take_multiple" time="24.454654" /><testcase classname="up_squared:kernel.memory_protection.sys_sem" name="kernel.memory_protection.sys_sem.sem_give_limit" time="24.454654" /><testcase classname="up_squared:kernel.memory_protection.sys_sem" name="kernel.memory_protection.sys_sem.sem_multiple_threads_wait" time="24.454654" /><testcase classname="up_squared:kernel.memory_protection.sys_sem.nouser" name="kernel.memory_protection.sys_sem.nouser.simple_sem_from_isr" time="23.608816" /><testcase classname="up_squared:kernel.memory_protection.sys_sem.nouser" name="kernel.memory_protection.sys_sem.nouser.sem_take_timeout_isr" time="23.608816" /><testcase classname="up_squared:kernel.memory_protection.sys_sem.nouser" name="kernel.memory_protection.sys_sem.nouser.sem_give_take_from_isr" time="23.608816" /><testcase classname="up_squared:kernel.memory_protection.sys_sem.nouser" name="kernel.memory_protection.sys_sem.nouser.simple_sem_from_task" time="23.608816" /><testcase classname="up_squared:kernel.memory_protection.sys_sem.nouser" name="kernel.memory_protection.sys_sem.nouser.sem_take_no_wait" time="23.608816" /><testcase classname="up_squared:kernel.memory_protection.sys_sem.nouser" name="kernel.memory_protection.sys_sem.nouser.sem_take_no_wait_fails" time="23.608816" /><testcase classname="up_squared:kernel.memory_protection.sys_sem.nouser" name="kernel.memory_protection.sys_sem.nouser.sem_take_timeout_fails" time="23.608816" /><testcase classname="up_squared:kernel.memory_protection.sys_sem.nouser" name="kernel.memory_protection.sys_sem.nouser.sem_take_timeout" time="23.608816" /><testcase classname="up_squared:kernel.memory_protection.sys_sem.nouser" name="kernel.memory_protection.sys_sem.nouser.sem_take_timeout_forever" time="23.608816" /><testcase classname="up_squared:kernel.memory_protection.sys_sem.nouser" name="kernel.memory_protection.sys_sem.nouser.sem_take_multiple" time="23.608816" /><testcase classname="up_squared:kernel.memory_protection.sys_sem.nouser" name="kernel.memory_protection.sys_sem.nouser.sem_give_limit" time="23.608816" /><testcase classname="up_squared:kernel.memory_protection.sys_sem.nouser" name="kernel.memory_protection.sys_sem.nouser.sem_multiple_threads_wait" time="23.608816" /><testcase classname="up_squared:kernel.memory_protection.stack_random" name="kernel.memory_protection.stack_random.stack_pt_randomization" time="23.718798" /><testcase classname="up_squared:kernel.memory_heap" name="kernel.memory_heap.mheap_malloc_free" time="22.334000" /><testcase classname="up_squared:kernel.memory_heap" name="kernel.memory_heap.mheap_calloc" time="22.334000" /><testcase classname="up_squared:kernel.memory_heap" name="kernel.memory_heap.mheap_malloc_align4" time="22.334000" /><testcase classname="up_squared:kernel.memory_heap" name="kernel.memory_heap.mheap_min_block_size" time="22.334000" /><testcase classname="up_squared:kernel.memory_heap" name="kernel.memory_heap.mheap_block_desc" time="22.334000" /><testcase classname="up_squared:kernel.queue" name="kernel.queue.queue_supv_to_user" time="24.765452"><skipped message="Skipped" type="skipped" /></testcase><testcase classname="up_squared:kernel.queue" name="kernel.queue.queue_alloc_prepend_user" time="24.765452"><skipped message="Skipped" type="skipped" /></testcase><testcase classname="up_squared:kernel.queue" name="kernel.queue.queue_alloc_append_user" time="24.765452"><skipped message="Skipped" type="skipped" /></testcase><testcase classname="up_squared:kernel.queue" name="kernel.queue.auto_free" time="24.765452"><skipped message="Skipped" type="skipped" /></testcase><testcase classname="up_squared:kernel.queue" name="kernel.queue.queue_thread2thread" time="24.765452" /><testcase classname="up_squared:kernel.queue" name="kernel.queue.queue_thread2isr" time="24.765452" /><testcase classname="up_squared:kernel.queue" name="kernel.queue.queue_isr2thread" time="24.765452" /><testcase classname="up_squared:kernel.queue" name="kernel.queue.queue_get_2threads" time="24.765452" /><testcase classname="up_squared:kernel.queue" name="kernel.queue.queue_get_fail" time="24.765452" /><testcase classname="up_squared:kernel.queue" name="kernel.queue.queue_loop" time="24.765452" /><testcase classname="up_squared:kernel.queue" name="kernel.queue.queue_alloc" time="24.765452" /><testcase classname="up_squared:kernel.queue.poll" name="kernel.queue.poll.queue_supv_to_user" time="24.745748"><skipped message="Skipped" type="skipped" /></testcase><testcase classname="up_squared:kernel.queue.poll" name="kernel.queue.poll.queue_alloc_prepend_user" time="24.745748"><skipped message="Skipped" type="skipped" /></testcase><testcase classname="up_squared:kernel.queue.poll" name="kernel.queue.poll.queue_alloc_append_user" time="24.745748"><skipped message="Skipped" type="skipped" /></testcase><testcase classname="up_squared:kernel.queue.poll" name="kernel.queue.poll.auto_free" time="24.745748"><skipped message="Skipped" type="skipped" /></testcase><testcase classname="up_squared:kernel.queue.poll" name="kernel.queue.poll.queue_thread2thread" time="24.745748" /><testcase classname="up_squared:kernel.queue.poll" name="kernel.queue.poll.queue_thread2isr" time="24.745748" /><testcase classname="up_squared:kernel.queue.poll" name="kernel.queue.poll.queue_isr2thread" time="24.745748" /><testcase classname="up_squared:kernel.queue.poll" name="kernel.queue.poll.queue_get_2threads" time="24.745748" /><testcase classname="up_squared:kernel.queue.poll" name="kernel.queue.poll.queue_get_fail" time="24.745748" /><testcase classname="up_squared:kernel.queue.poll" name="kernel.queue.poll.queue_loop" time="24.745748" /><testcase classname="up_squared:kernel.queue.poll" name="kernel.queue.poll.queue_alloc" time="24.745748" /><testcase classname="up_squared:kernel.fifo.timeout" name="kernel.fifo.timeout.timeout_empty_fifo" time="24.307644" /><testcase classname="up_squared:kernel.fifo.timeout" name="kernel.fifo.timeout.timeout_non_empty_fifo" time="24.307644" /><testcase classname="up_squared:kernel.fifo.timeout" name="kernel.fifo.timeout.timeout_fifo_thread" time="24.307644" /><testcase classname="up_squared:kernel.fifo.timeout" name="kernel.fifo.timeout.timeout_threads_pend_on_fifo" time="24.307644" /><testcase classname="up_squared:kernel.fifo.timeout" name="kernel.fifo.timeout.timeout_threads_pend_on_dual_fifos" time="24.307644" /><testcase classname="up_squared:kernel.fifo.timeout" name="kernel.fifo.timeout.timeout_threads_pend_fail_on_fifo" time="24.307644" /><testcase classname="up_squared:kernel.fifo.timeout.poll" name="kernel.fifo.timeout.poll.timeout_empty_fifo" time="23.655460" /><testcase classname="up_squared:kernel.fifo.timeout.poll" name="kernel.fifo.timeout.poll.timeout_non_empty_fifo" time="23.655460" /><testcase classname="up_squared:kernel.fifo.timeout.poll" name="kernel.fifo.timeout.poll.timeout_fifo_thread" time="23.655460" /><testcase classname="up_squared:kernel.fifo.timeout.poll" name="kernel.fifo.timeout.poll.timeout_threads_pend_on_fifo" time="23.655460" /><testcase classname="up_squared:kernel.fifo.timeout.poll" name="kernel.fifo.timeout.poll.timeout_threads_pend_on_dual_fifos" time="23.655460" /><testcase classname="up_squared:kernel.fifo.timeout.poll" name="kernel.fifo.timeout.poll.timeout_threads_pend_fail_on_fifo" time="23.655460" /><testcase classname="up_squared:kernel.fifo.usage" name="kernel.fifo.usage.single_fifo_play" time="22.716496" /><testcase classname="up_squared:kernel.fifo.usage" name="kernel.fifo.usage.dual_fifo_play" time="22.716496" /><testcase classname="up_squared:kernel.fifo.usage" name="kernel.fifo.usage.isr_fifo_play" time="22.716496" /><testcase classname="up_squared:kernel.fifo.usage.poll" name="kernel.fifo.usage.poll.single_fifo_play" time="22.582271" /><testcase classname="up_squared:kernel.fifo.usage.poll" name="kernel.fifo.usage.poll.dual_fifo_play" time="22.582271" /><testcase classname="up_squared:kernel.fifo.usage.poll" name="kernel.fifo.usage.poll.isr_fifo_play" time="22.582271" /><testcase classname="up_squared:kernel.fifo" name="kernel.fifo.fifo_thread2thread" time="24.614760" /><testcase classname="up_squared:kernel.fifo" name="kernel.fifo.fifo_thread2isr" time="24.614760" /><testcase classname="up_squared:kernel.fifo" name="kernel.fifo.fifo_isr2thread" time="24.614760" /><testcase classname="up_squared:kernel.fifo" name="kernel.fifo.fifo_get_fail" time="24.614760" /><testcase classname="up_squared:kernel.fifo" name="kernel.fifo.fifo_loop" time="24.614760" /><testcase classname="up_squared:kernel.fifo" name="kernel.fifo.fifo_cancel_wait" time="24.614760" /><testcase classname="up_squared:kernel.fifo" name="kernel.fifo.fifo_is_empty_thread" time="24.614760" /><testcase classname="up_squared:kernel.fifo" name="kernel.fifo.fifo_is_empty_isr" time="24.614760" /><testcase classname="up_squared:kernel.fifo.poll" name="kernel.fifo.poll.fifo_thread2thread" time="23.310559" /><testcase classname="up_squared:kernel.fifo.poll" name="kernel.fifo.poll.fifo_thread2isr" time="23.310559" /><testcase classname="up_squared:kernel.fifo.poll" name="kernel.fifo.poll.fifo_isr2thread" time="23.310559" /><testcase classname="up_squared:kernel.fifo.poll" name="kernel.fifo.poll.fifo_get_fail" time="23.310559" /><testcase classname="up_squared:kernel.fifo.poll" name="kernel.fifo.poll.fifo_loop" time="23.310559" /><testcase classname="up_squared:kernel.fifo.poll" name="kernel.fifo.poll.fifo_cancel_wait" time="23.310559" /><testcase classname="up_squared:kernel.fifo.poll" name="kernel.fifo.poll.fifo_is_empty_thread" time="23.310559" /><testcase classname="up_squared:kernel.fifo.poll" name="kernel.fifo.poll.fifo_is_empty_isr" time="23.310559" /><testcase classname="up_squared:kernel.common.profiling" name="kernel.common.profiling.call_stacks_analyze_main" time="22.966481" /><testcase classname="up_squared:kernel.common.profiling" name="kernel.common.profiling.call_stacks_analyze_idle" time="22.966481" /><testcase classname="up_squared:kernel.common.profiling" name="kernel.common.profiling.call_stacks_analyze_workq" time="22.966481" /><testcase classname="up_squared:kernel.tickless.concept" name="kernel.tickless.concept.tickless_sysclock" time="23.678154" /><testcase classname="up_squared:kernel.tickless.concept" name="kernel.tickless.concept.tickless_slice" time="23.678154" /><testcase classname="up_squared:kernel.tickless" name="kernel.tickless.tickless" time="26.642574" /><testcase classname="up_squared:kernel.timer.monotonic" name="kernel.timer.monotonic.timer" time="23.751737" /><testcase classname="up_squared:kernel.timer" name="kernel.timer.time_conversions" time="25.544302" /><testcase classname="up_squared:kernel.timer" name="kernel.timer.timer_duration_period" time="25.544302" /><testcase classname="up_squared:kernel.timer" name="kernel.timer.timer_period_0" time="25.544302" /><testcase classname="up_squared:kernel.timer" name="kernel.timer.timer_expirefn_null" time="25.544302" /><testcase classname="up_squared:kernel.timer" name="kernel.timer.timer_periodicity" time="25.544302" /><testcase classname="up_squared:kernel.timer" name="kernel.timer.timer_status_get" time="25.544302" /><testcase classname="up_squared:kernel.timer" name="kernel.timer.timer_status_get_anytime" time="25.544302" /><testcase classname="up_squared:kernel.timer" name="kernel.timer.timer_status_sync" time="25.544302" /><testcase classname="up_squared:kernel.timer" name="kernel.timer.timer_k_define" time="25.544302" /><testcase classname="up_squared:kernel.timer" name="kernel.timer.timer_user_data" time="25.544302" /><testcase classname="up_squared:kernel.timer" name="kernel.timer.timer_remaining_get" time="25.544302" /><testcase classname="up_squared:kernel.timer.tickless" name="kernel.timer.tickless.time_conversions" time="25.466107" /><testcase classname="up_squared:kernel.timer.tickless" name="kernel.timer.tickless.timer_duration_period" time="25.466107" /><testcase classname="up_squared:kernel.timer.tickless" name="kernel.timer.tickless.timer_period_0" time="25.466107" /><testcase classname="up_squared:kernel.timer.tickless" name="kernel.timer.tickless.timer_expirefn_null" time="25.466107" /><testcase classname="up_squared:kernel.timer.tickless" name="kernel.timer.tickless.timer_periodicity" time="25.466107" /><testcase classname="up_squared:kernel.timer.tickless" name="kernel.timer.tickless.timer_status_get" time="25.466107" /><testcase classname="up_squared:kernel.timer.tickless" name="kernel.timer.tickless.timer_status_get_anytime" time="25.466107" /><testcase classname="up_squared:kernel.timer.tickless" name="kernel.timer.tickless.timer_status_sync" time="25.466107" /><testcase classname="up_squared:kernel.timer.tickless" name="kernel.timer.tickless.timer_k_define" time="25.466107" /><testcase classname="up_squared:kernel.timer.tickless" name="kernel.timer.tickless.timer_user_data" time="25.466107" /><testcase classname="up_squared:kernel.timer.tickless" name="kernel.timer.tickless.timer_remaining_get" time="25.466107" /><testcase classname="up_squared:kernel.poll" name="kernel.poll.poll_no_wait" time="25.139853" /><testcase classname="up_squared:kernel.poll" name="kernel.poll.poll_wait" time="25.139853" /><testcase classname="up_squared:kernel.poll" name="kernel.poll.poll_zero_events" time="25.139853" /><testcase classname="up_squared:kernel.poll" name="kernel.poll.poll_cancel_main_low_prio" time="25.139853" /><testcase classname="up_squared:kernel.poll" name="kernel.poll.poll_cancel_main_high_prio" time="25.139853" /><testcase classname="up_squared:kernel.poll" name="kernel.poll.poll_multi" time="25.139853" /><testcase classname="up_squared:kernel.poll" name="kernel.poll.poll_threadstate" time="25.139853" /><testcase classname="up_squared:kernel.common.sleep" name="kernel.common.sleep.early_sleep" time="25.069455" /><testcase classname="up_squared:kernel.memory_slabs.api" name="kernel.memory_slabs.api.mslab" time="22.349820" /><testcase classname="up_squared:kernel.memory_slabs.api" name="kernel.memory_slabs.api.mslab_kinit" time="28.566606" /><testcase classname="up_squared:kernel.memory_slabs.api" name="kernel.memory_slabs.api.mslab_kdefine" time="28.566606" /><testcase classname="up_squared:kernel.memory_slabs.api" name="kernel.memory_slabs.api.mslab_kdefine_extern" time="28.566606" /><testcase classname="up_squared:kernel.memory_slabs.api" name="kernel.memory_slabs.api.mslab_alloc_free_thread" time="28.566606" /><testcase classname="up_squared:kernel.memory_slabs.api" name="kernel.memory_slabs.api.mslab_alloc_align" time="28.566606" /><testcase classname="up_squared:kernel.memory_slabs.api" name="kernel.memory_slabs.api.mslab_alloc_timeout" time="28.566606" /><testcase classname="up_squared:kernel.memory_slabs.api" name="kernel.memory_slabs.api.mslab_used_get" time="28.566606" /><testcase classname="up_squared:kernel.memory_slabs.threadsafe" name="kernel.memory_slabs.threadsafe.mslab_threadsafe" time="23.762381" /><testcase classname="up_squared:kernel.memory_slabs.concept" name="kernel.memory_slabs.concept.mslab_alloc_wait_prio" time="25.678128" /><testcase classname="up_squared:arch.interrupt" name="arch.interrupt.isr_dynamic" time="24.563748"><skipped message="Skipped" type="skipped" /></testcase><testcase classname="up_squared:arch.interrupt" name="arch.interrupt.nested_isr" time="24.563748"><skipped message="Skipped" type="skipped" /></testcase><testcase classname="up_squared:arch.interrupt" name="arch.interrupt.prevent_interruption" time="24.563748" /><testcase classname="up_squared:kernel.stack.usage" name="kernel.stack.usage.stack_thread2thread" time="23.727854" /><testcase classname="up_squared:kernel.stack.usage" name="kernel.stack.usage.stack_user_thread2thread" time="23.727854"><skipped message="Skipped" type="skipped" /></testcase><testcase classname="up_squared:kernel.stack.usage" name="kernel.stack.usage.stack_thread2isr" time="23.727854" /><testcase classname="up_squared:kernel.stack.usage" name="kernel.stack.usage.stack_pop_fail" time="23.727854" /><testcase classname="up_squared:kernel.stack.usage" name="kernel.stack.usage.stack_user_pop_fail" time="23.727854"><skipped message="Skipped" type="skipped" /></testcase><testcase classname="up_squared:kernel.stack.usage" name="kernel.stack.usage.stack_alloc_thread2thread" time="23.727854" /><testcase classname="up_squared:kernel.stack.usage" name="kernel.stack.usage.single_stack_play" time="23.727854" /><testcase classname="up_squared:kernel.stack.usage" name="kernel.stack.usage.dual_stack_play" time="23.727854" /><testcase classname="up_squared:kernel.stack.usage" name="kernel.stack.usage.isr_stack_play" time="23.727854" /><testcase classname="up_squared:kernel.common" name="kernel.common.verify_bootdelay" time="23.549659" /><testcase classname="up_squared:kernel.common" name="kernel.common.irq_offload" time="23.549659" /><testcase classname="up_squared:kernel.common" name="kernel.common.byteorder_memcpy_swap" time="23.549659" /><testcase classname="up_squared:kernel.common" name="kernel.common.byteorder_mem_swap" time="23.549659" /><testcase classname="up_squared:kernel.common" name="kernel.common.sys_get_be64" time="23.549659" /><testcase classname="up_squared:kernel.common" name="kernel.common.sys_put_be64" time="23.549659" /><testcase classname="up_squared:kernel.common" name="kernel.common.sys_get_be32" time="23.549659" /><testcase classname="up_squared:kernel.common" name="kernel.common.sys_put_be32" time="23.549659" /><testcase classname="up_squared:kernel.common" name="kernel.common.sys_get_be16" time="23.549659" /><testcase classname="up_squared:kernel.common" name="kernel.common.sys_put_be16" time="23.549659" /><testcase classname="up_squared:kernel.common" name="kernel.common.sys_get_le16" time="23.549659" /><testcase classname="up_squared:kernel.common" name="kernel.common.sys_put_le16" time="23.549659" /><testcase classname="up_squared:kernel.common" name="kernel.common.sys_get_le32" time="23.549659" /><testcase classname="up_squared:kernel.common" name="kernel.common.sys_put_le32" time="23.549659" /><testcase classname="up_squared:kernel.common" name="kernel.common.sys_get_le64" time="23.549659" /><testcase classname="up_squared:kernel.common" name="kernel.common.sys_put_le64" time="23.549659" /><testcase classname="up_squared:kernel.common" name="kernel.common.atomic" time="23.549659" /><testcase classname="up_squared:kernel.common" name="kernel.common.bitfield" time="23.549659" /><testcase classname="up_squared:kernel.common" name="kernel.common.printk" time="23.549659" /><testcase classname="up_squared:kernel.common" name="kernel.common.timeout_order" time="23.549659" /><testcase classname="up_squared:kernel.common" name="kernel.common.clock_uptime" time="23.549659" /><testcase classname="up_squared:kernel.common" name="kernel.common.clock_cycle" time="23.549659" /><testcase classname="up_squared:kernel.common" name="kernel.common.version" time="23.549659" /><testcase classname="up_squared:kernel.common" name="kernel.common.multilib" time="23.549659" /><testcase classname="up_squared:kernel.common" name="kernel.common.thread_context" time="23.549659" /><testcase classname="up_squared:kernel.common" name="kernel.common.bounds_check_mitigation" time="23.549659" /><testcase classname="up_squared:kernel.common.misra" name="kernel.common.misra.verify_bootdelay" time="23.619617" /><testcase classname="up_squared:kernel.common.misra" name="kernel.common.misra.irq_offload" time="23.619617" /><testcase classname="up_squared:kernel.common.misra" name="kernel.common.misra.byteorder_memcpy_swap" time="23.619617" /><testcase classname="up_squared:kernel.common.misra" name="kernel.common.misra.byteorder_mem_swap" time="23.619617" /><testcase classname="up_squared:kernel.common.misra" name="kernel.common.misra.sys_get_be64" time="23.619617" /><testcase classname="up_squared:kernel.common.misra" name="kernel.common.misra.sys_put_be64" time="23.619617" /><testcase classname="up_squared:kernel.common.misra" name="kernel.common.misra.sys_get_be32" time="23.619617" /><testcase classname="up_squared:kernel.common.misra" name="kernel.common.misra.sys_put_be32" time="23.619617" /><testcase classname="up_squared:kernel.common.misra" name="kernel.common.misra.sys_get_be16" time="23.619617" /><testcase classname="up_squared:kernel.common.misra" name="kernel.common.misra.sys_put_be16" time="23.619617" /><testcase classname="up_squared:kernel.common.misra" name="kernel.common.misra.sys_get_le16" time="23.619617" /><testcase classname="up_squared:kernel.common.misra" name="kernel.common.misra.sys_put_le16" time="23.619617" /><testcase classname="up_squared:kernel.common.misra" name="kernel.common.misra.sys_get_le32" time="23.619617" /><testcase classname="up_squared:kernel.common.misra" name="kernel.common.misra.sys_put_le32" time="23.619617" /><testcase classname="up_squared:kernel.common.misra" name="kernel.common.misra.sys_get_le64" time="23.619617" /><testcase classname="up_squared:kernel.common.misra" name="kernel.common.misra.sys_put_le64" time="23.619617" /><testcase classname="up_squared:kernel.common.misra" name="kernel.common.misra.atomic" time="23.619617" /><testcase classname="up_squared:kernel.common.misra" name="kernel.common.misra.bitfield" time="23.619617" /><testcase classname="up_squared:kernel.common.misra" name="kernel.common.misra.printk" time="23.619617" /><testcase classname="up_squared:kernel.common.misra" name="kernel.common.misra.timeout_order" time="23.619617" /><testcase classname="up_squared:kernel.common.misra" name="kernel.common.misra.clock_uptime" time="23.619617" /><testcase classname="up_squared:kernel.common.misra" name="kernel.common.misra.clock_cycle" time="23.619617" /><testcase classname="up_squared:kernel.common.misra" name="kernel.common.misra.version" time="23.619617" /><testcase classname="up_squared:kernel.common.misra" name="kernel.common.misra.multilib" time="23.619617" /><testcase classname="up_squared:kernel.common.misra" name="kernel.common.misra.thread_context" time="23.619617" /><testcase classname="up_squared:kernel.common.misra" name="kernel.common.misra.bounds_check_mitigation" time="23.619617" /><testcase classname="up_squared:kernel.common.timing" name="kernel.common.timing.sleep" time="26.680369" /><testcase classname="up_squared:kernel.common.timing" name="kernel.common.timing.usleep" time="26.680369" /><testcase classname="up_squared:kernel.common.timing" name="kernel.common.timing.sleep_forever" time="26.680369" /><testcase classname="up_squared:kernel.mailbox.api" name="kernel.mailbox.api.mbox_kinit" time="23.854333" /><testcase classname="up_squared:kernel.mailbox.api" name="kernel.mailbox.api.mbox_kdefine" time="23.854333" /><testcase classname="up_squared:kernel.mailbox.api" name="kernel.mailbox.api.mbox_put_get_null" time="23.854333" /><testcase classname="up_squared:kernel.mailbox.api" name="kernel.mailbox.api.mbox_put_get_buffer" time="23.854333" /><testcase classname="up_squared:kernel.mailbox.api" name="kernel.mailbox.api.mbox_async_put_get_buffer" time="23.854333" /><testcase classname="up_squared:kernel.mailbox.api" name="kernel.mailbox.api.mbox_async_put_get_block" time="23.854333" /><testcase classname="up_squared:kernel.mailbox.api" name="kernel.mailbox.api.mbox_target_source_thread_buffer" time="23.854333" /><testcase classname="up_squared:kernel.mailbox.api" name="kernel.mailbox.api.mbox_target_source_thread_block" time="23.854333" /><testcase classname="up_squared:kernel.mailbox.api" name="kernel.mailbox.api.mbox_incorrect_receiver_tid" time="23.854333" /><testcase classname="up_squared:kernel.mailbox.api" name="kernel.mailbox.api.mbox_incorrect_transmit_tid" time="23.854333" /><testcase classname="up_squared:kernel.mailbox.api" name="kernel.mailbox.api.mbox_timed_out_mbox_get" time="23.854333" /><testcase classname="up_squared:kernel.mailbox.api" name="kernel.mailbox.api.mbox_block_get_invalid_pool" time="23.854333" /><testcase classname="up_squared:kernel.mailbox.api" name="kernel.mailbox.api.mbox_msg_tid_mismatch" time="23.854333" /><testcase classname="up_squared:kernel.mailbox.api" name="kernel.mailbox.api.mbox_block_get_buff_to_pool" time="23.854333" /><testcase classname="up_squared:kernel.mailbox.api" name="kernel.mailbox.api.mbox_block_get_buff_to_smaller_pool" time="23.854333" /><testcase classname="up_squared:kernel.mailbox.api" name="kernel.mailbox.api.mbox_dispose_size_0_msg" time="23.854333" /><testcase classname="up_squared:kernel.mailbox.api" name="kernel.mailbox.api.mbox_clean_up_tx_pool" time="23.854333" /><testcase classname="up_squared:kernel.mailbox.api" name="kernel.mailbox.api.mbox_async_put_to_waiting_get" time="23.854333" /><testcase classname="up_squared:kernel.mailbox.api" name="kernel.mailbox.api.mbox_get_waiting_put_incorrect_tid" time="23.854333" /><testcase classname="up_squared:kernel.mailbox.api" name="kernel.mailbox.api.mbox_async_multiple_put" time="23.854333" /><testcase classname="up_squared:kernel.mailbox.api" name="kernel.mailbox.api.mbox_multiple_waiting_get" time="23.854333" /><testcase classname="up_squared:kernel.mailbox.usage" name="kernel.mailbox.usage.msg_receiver" time="23.556194" /><testcase classname="up_squared:kernel.objects" name="kernel.objects.pending_fifo" time="28.677904" /><testcase classname="up_squared:kernel.objects" name="kernel.objects.pending_lifo" time="28.677904" /><testcase classname="up_squared:kernel.objects" name="kernel.objects.pending_timer" time="28.677904" /><testcase classname="up_squared:kernel.scheduler.metairq" name="kernel.scheduler.metairq.preempt" time="23.749768" /><testcase classname="up_squared:kernel.scheduler" name="kernel.scheduler.bad_priorities" time="39.886348" /><testcase classname="up_squared:kernel.scheduler" name="kernel.scheduler.priority_cooperative" time="39.886348" /><testcase classname="up_squared:kernel.scheduler" name="kernel.scheduler.priority_preemptible" time="39.886348" /><testcase classname="up_squared:kernel.scheduler" name="kernel.scheduler.yield_cooperative" time="39.886348" /><testcase classname="up_squared:kernel.scheduler" name="kernel.scheduler.sleep_cooperative" time="39.886348" /><testcase classname="up_squared:kernel.scheduler" name="kernel.scheduler.sleep_wakeup_preemptible" time="39.886348" /><testcase classname="up_squared:kernel.scheduler" name="kernel.scheduler.pending_thread_wakeup" time="39.886348" /><testcase classname="up_squared:kernel.scheduler" name="kernel.scheduler.time_slicing_preemptible" time="39.886348" /><testcase classname="up_squared:kernel.scheduler" name="kernel.scheduler.time_slicing_disable_preemptible" time="39.886348" /><testcase classname="up_squared:kernel.scheduler" name="kernel.scheduler.lock_preemptible" time="39.886348" /><testcase classname="up_squared:kernel.scheduler" name="kernel.scheduler.unlock_preemptible" time="39.886348" /><testcase classname="up_squared:kernel.scheduler" name="kernel.scheduler.unlock_nested_sched_lock" time="39.886348" /><testcase classname="up_squared:kernel.scheduler" name="kernel.scheduler.sched_is_preempt_thread" time="39.886348" /><testcase classname="up_squared:kernel.scheduler" name="kernel.scheduler.slice_reset" time="39.886348" /><testcase classname="up_squared:kernel.scheduler" name="kernel.scheduler.slice_scheduling" time="39.886348" /><testcase classname="up_squared:kernel.scheduler" name="kernel.scheduler.priority_scheduling" time="39.886348" /><testcase classname="up_squared:kernel.scheduler" name="kernel.scheduler.wakeup_expired_timer_thread" time="39.886348" /><testcase classname="up_squared:kernel.scheduler" name="kernel.scheduler.user_k_wakeup" time="39.886348" /><testcase classname="up_squared:kernel.scheduler" name="kernel.scheduler.user_k_is_preempt" time="39.886348" /><testcase classname="up_squared:kernel.scheduler.no_timeslicing" name="kernel.scheduler.no_timeslicing.bad_priorities" time="23.722882" /><testcase classname="up_squared:kernel.scheduler.no_timeslicing" name="kernel.scheduler.no_timeslicing.priority_cooperative" time="23.722882" /><testcase classname="up_squared:kernel.scheduler.no_timeslicing" name="kernel.scheduler.no_timeslicing.priority_preemptible" time="23.722882" /><testcase classname="up_squared:kernel.scheduler.no_timeslicing" name="kernel.scheduler.no_timeslicing.yield_cooperative" time="23.722882" /><testcase classname="up_squared:kernel.scheduler.no_timeslicing" name="kernel.scheduler.no_timeslicing.sleep_cooperative" time="23.722882" /><testcase classname="up_squared:kernel.scheduler.no_timeslicing" name="kernel.scheduler.no_timeslicing.sleep_wakeup_preemptible" time="23.722882" /><testcase classname="up_squared:kernel.scheduler.no_timeslicing" name="kernel.scheduler.no_timeslicing.pending_thread_wakeup" time="23.722882" /><testcase classname="up_squared:kernel.scheduler.no_timeslicing" name="kernel.scheduler.no_timeslicing.time_slicing_preemptible" time="23.722882"><skipped message="Skipped" type="skipped" /></testcase><testcase classname="up_squared:kernel.scheduler.no_timeslicing" name="kernel.scheduler.no_timeslicing.time_slicing_disable_preemptible" time="23.722882"><skipped message="Skipped" type="skipped" /></testcase><testcase classname="up_squared:kernel.scheduler.no_timeslicing" name="kernel.scheduler.no_timeslicing.lock_preemptible" time="23.722882" /><testcase classname="up_squared:kernel.scheduler.no_timeslicing" name="kernel.scheduler.no_timeslicing.unlock_preemptible" time="23.722882" /><testcase classname="up_squared:kernel.scheduler.no_timeslicing" name="kernel.scheduler.no_timeslicing.unlock_nested_sched_lock" time="23.722882" /><testcase classname="up_squared:kernel.scheduler.no_timeslicing" name="kernel.scheduler.no_timeslicing.sched_is_preempt_thread" time="23.722882" /><testcase classname="up_squared:kernel.scheduler.no_timeslicing" name="kernel.scheduler.no_timeslicing.slice_reset" time="23.722882"><skipped message="Skipped" type="skipped" /></testcase><testcase classname="up_squared:kernel.scheduler.no_timeslicing" name="kernel.scheduler.no_timeslicing.slice_scheduling" time="23.722882"><skipped message="Skipped" type="skipped" /></testcase><testcase classname="up_squared:kernel.scheduler.no_timeslicing" name="kernel.scheduler.no_timeslicing.priority_scheduling" time="23.722882" /><testcase classname="up_squared:kernel.scheduler.no_timeslicing" name="kernel.scheduler.no_timeslicing.wakeup_expired_timer_thread" time="23.722882" /><testcase classname="up_squared:kernel.scheduler.no_timeslicing" name="kernel.scheduler.no_timeslicing.user_k_wakeup" time="23.722882" /><testcase classname="up_squared:kernel.scheduler.no_timeslicing" name="kernel.scheduler.no_timeslicing.user_k_is_preempt" time="23.722882" /><testcase classname="up_squared:kernel.scheduler.multiq" name="kernel.scheduler.multiq.bad_priorities" time="38.910879" /><testcase classname="up_squared:kernel.scheduler.multiq" name="kernel.scheduler.multiq.priority_cooperative" time="38.910879" /><testcase classname="up_squared:kernel.scheduler.multiq" name="kernel.scheduler.multiq.priority_preemptible" time="38.910879" /><testcase classname="up_squared:kernel.scheduler.multiq" name="kernel.scheduler.multiq.yield_cooperative" time="38.910879" /><testcase classname="up_squared:kernel.scheduler.multiq" name="kernel.scheduler.multiq.sleep_cooperative" time="38.910879" /><testcase classname="up_squared:kernel.scheduler.multiq" name="kernel.scheduler.multiq.sleep_wakeup_preemptible" time="38.910879" /><testcase classname="up_squared:kernel.scheduler.multiq" name="kernel.scheduler.multiq.pending_thread_wakeup" time="38.910879" /><testcase classname="up_squared:kernel.scheduler.multiq" name="kernel.scheduler.multiq.time_slicing_preemptible" time="38.910879" /><testcase classname="up_squared:kernel.scheduler.multiq" name="kernel.scheduler.multiq.time_slicing_disable_preemptible" time="38.910879" /><testcase classname="up_squared:kernel.scheduler.multiq" name="kernel.scheduler.multiq.lock_preemptible" time="38.910879" /><testcase classname="up_squared:kernel.scheduler.multiq" name="kernel.scheduler.multiq.unlock_preemptible" time="38.910879" /><testcase classname="up_squared:kernel.scheduler.multiq" name="kernel.scheduler.multiq.unlock_nested_sched_lock" time="38.910879" /><testcase classname="up_squared:kernel.scheduler.multiq" name="kernel.scheduler.multiq.sched_is_preempt_thread" time="38.910879" /><testcase classname="up_squared:kernel.scheduler.multiq" name="kernel.scheduler.multiq.slice_reset" time="38.910879" /><testcase classname="up_squared:kernel.scheduler.multiq" name="kernel.scheduler.multiq.slice_scheduling" time="38.910879" /><testcase classname="up_squared:kernel.scheduler.multiq" name="kernel.scheduler.multiq.priority_scheduling" time="38.910879" /><testcase classname="up_squared:kernel.scheduler.multiq" name="kernel.scheduler.multiq.wakeup_expired_timer_thread" time="38.910879" /><testcase classname="up_squared:kernel.scheduler.multiq" name="kernel.scheduler.multiq.user_k_wakeup" time="38.910879" /><testcase classname="up_squared:kernel.scheduler.multiq" name="kernel.scheduler.multiq.user_k_is_preempt" time="38.910879" /><testcase classname="up_squared:kernel.scheduler.multiq_no_timeslicing" name="kernel.scheduler.multiq_no_timeslicing.bad_priorities" time="24.526651" /><testcase classname="up_squared:kernel.scheduler.multiq_no_timeslicing" name="kernel.scheduler.multiq_no_timeslicing.priority_cooperative" time="24.526651" /><testcase classname="up_squared:kernel.scheduler.multiq_no_timeslicing" name="kernel.scheduler.multiq_no_timeslicing.priority_preemptible" time="24.526651" /><testcase classname="up_squared:kernel.scheduler.multiq_no_timeslicing" name="kernel.scheduler.multiq_no_timeslicing.yield_cooperative" time="24.526651" /><testcase classname="up_squared:kernel.scheduler.multiq_no_timeslicing" name="kernel.scheduler.multiq_no_timeslicing.sleep_cooperative" time="24.526651" /><testcase classname="up_squared:kernel.scheduler.multiq_no_timeslicing" name="kernel.scheduler.multiq_no_timeslicing.sleep_wakeup_preemptible" time="24.526651" /><testcase classname="up_squared:kernel.scheduler.multiq_no_timeslicing" name="kernel.scheduler.multiq_no_timeslicing.pending_thread_wakeup" time="24.526651" /><testcase classname="up_squared:kernel.scheduler.multiq_no_timeslicing" name="kernel.scheduler.multiq_no_timeslicing.time_slicing_preemptible" time="24.526651"><skipped message="Skipped" type="skipped" /></testcase><testcase classname="up_squared:kernel.scheduler.multiq_no_timeslicing" name="kernel.scheduler.multiq_no_timeslicing.time_slicing_disable_preemptible" time="24.526651"><skipped message="Skipped" type="skipped" /></testcase><testcase classname="up_squared:kernel.scheduler.multiq_no_timeslicing" name="kernel.scheduler.multiq_no_timeslicing.lock_preemptible" time="24.526651" /><testcase classname="up_squared:kernel.scheduler.multiq_no_timeslicing" name="kernel.scheduler.multiq_no_timeslicing.unlock_preemptible" time="24.526651" /><testcase classname="up_squared:kernel.scheduler.multiq_no_timeslicing" name="kernel.scheduler.multiq_no_timeslicing.unlock_nested_sched_lock" time="24.526651" /><testcase classname="up_squared:kernel.scheduler.multiq_no_timeslicing" name="kernel.scheduler.multiq_no_timeslicing.sched_is_preempt_thread" time="24.526651" /><testcase classname="up_squared:kernel.scheduler.multiq_no_timeslicing" name="kernel.scheduler.multiq_no_timeslicing.slice_reset" time="24.526651"><skipped message="Skipped" type="skipped" /></testcase><testcase classname="up_squared:kernel.scheduler.multiq_no_timeslicing" name="kernel.scheduler.multiq_no_timeslicing.slice_scheduling" time="24.526651"><skipped message="Skipped" type="skipped" /></testcase><testcase classname="up_squared:kernel.scheduler.multiq_no_timeslicing" name="kernel.scheduler.multiq_no_timeslicing.priority_scheduling" time="24.526651" /><testcase classname="up_squared:kernel.scheduler.multiq_no_timeslicing" name="kernel.scheduler.multiq_no_timeslicing.wakeup_expired_timer_thread" time="24.526651" /><testcase classname="up_squared:kernel.scheduler.multiq_no_timeslicing" name="kernel.scheduler.multiq_no_timeslicing.user_k_wakeup" time="24.526651" /><testcase classname="up_squared:kernel.scheduler.multiq_no_timeslicing" name="kernel.scheduler.multiq_no_timeslicing.user_k_is_preempt" time="24.526651" /><testcase classname="up_squared:kernel.scheduler.deadline" name="kernel.scheduler.deadline.deadline" time="22.855894" /><testcase classname="up_squared:kernel.scheduler.preempt" name="kernel.scheduler.preempt.preempt" time="22.117643" /><testcase classname="up_squared:kernel.message_queue" name="kernel.message_queue.msgq_thread" time="22.966650" /><testcase classname="up_squared:kernel.message_queue" name="kernel.message_queue.msgq_thread_overflow" time="22.966650" /><testcase classname="up_squared:kernel.message_queue" name="kernel.message_queue.msgq_user_thread" time="22.966650"><skipped message="Skipped" type="skipped" /></testcase><testcase classname="up_squared:kernel.message_queue" name="kernel.message_queue.msgq_user_thread_overflow" time="22.966650"><skipped message="Skipped" type="skipped" /></testcase><testcase classname="up_squared:kernel.message_queue" name="kernel.message_queue.msgq_isr" time="22.966650" /><testcase classname="up_squared:kernel.message_queue" name="kernel.message_queue.msgq_put_fail" time="22.966650" /><testcase classname="up_squared:kernel.message_queue" name="kernel.message_queue.msgq_get_fail" time="22.966650" /><testcase classname="up_squared:kernel.message_queue" name="kernel.message_queue.msgq_user_put_fail" time="22.966650"><skipped message="Skipped" type="skipped" /></testcase><testcase classname="up_squared:kernel.message_queue" name="kernel.message_queue.msgq_user_get_fail" time="22.966650"><skipped message="Skipped" type="skipped" /></testcase><testcase classname="up_squared:kernel.message_queue" name="kernel.message_queue.msgq_attrs_get" time="22.966650" /><testcase classname="up_squared:kernel.message_queue" name="kernel.message_queue.msgq_user_attrs_get" time="22.966650"><skipped message="Skipped" type="skipped" /></testcase><testcase classname="up_squared:kernel.message_queue" name="kernel.message_queue.msgq_purge_when_put" time="22.966650" /><testcase classname="up_squared:kernel.message_queue" name="kernel.message_queue.msgq_user_purge_when_put" time="22.966650"><skipped message="Skipped" type="skipped" /></testcase><testcase classname="up_squared:kernel.message_queue" name="kernel.message_queue.msgq_pend_thread" time="22.966650" /><testcase classname="up_squared:kernel.message_queue" name="kernel.message_queue.msgq_alloc" time="22.966650" /><testcase classname="up_squared:kernel.common.critical" name="kernel.common.critical.critical" time="43.904607" /><testcase classname="up_squared:kernel.workqueue.api" name="kernel.workqueue.api.workq_start_before_submit" time="25.013896" /><testcase classname="up_squared:kernel.workqueue.api" name="kernel.workqueue.api.user_workq_start_before_submit" time="25.013896" /><testcase classname="up_squared:kernel.workqueue.api" name="kernel.workqueue.api.user_workq_granted_access_setup" time="25.013896" /><testcase classname="up_squared:kernel.workqueue.api" name="kernel.workqueue.api.user_workq_granted_access" time="25.013896" /><testcase classname="up_squared:kernel.workqueue.api" name="kernel.workqueue.api.work_submit_to_multipleq" time="25.013896" /><testcase classname="up_squared:kernel.workqueue.api" name="kernel.workqueue.api.work_resubmit_to_queue" time="25.013896" /><testcase classname="up_squared:kernel.workqueue.api" name="kernel.workqueue.api.work_submit_to_queue_thread" time="25.013896" /><testcase classname="up_squared:kernel.workqueue.api" name="kernel.workqueue.api.work_submit_to_queue_isr" time="25.013896" /><testcase classname="up_squared:kernel.workqueue.api" name="kernel.workqueue.api.work_submit_thread" time="25.013896" /><testcase classname="up_squared:kernel.workqueue.api" name="kernel.workqueue.api.work_submit_isr" time="25.013896" /><testcase classname="up_squared:kernel.workqueue.api" name="kernel.workqueue.api.work_submit_handler" time="25.013896" /><testcase classname="up_squared:kernel.workqueue.api" name="kernel.workqueue.api.user_work_submit_to_queue_thread" time="25.013896" /><testcase classname="up_squared:kernel.workqueue.api" name="kernel.workqueue.api.delayed_work_submit_to_queue_thread" time="25.013896" /><testcase classname="up_squared:kernel.workqueue.api" name="kernel.workqueue.api.delayed_work_submit_to_queue_isr" time="25.013896" /><testcase classname="up_squared:kernel.workqueue.api" name="kernel.workqueue.api.delayed_work_submit_thread" time="25.013896" /><testcase classname="up_squared:kernel.workqueue.api" name="kernel.workqueue.api.delayed_work_submit_isr" time="25.013896" /><testcase classname="up_squared:kernel.workqueue.api" name="kernel.workqueue.api.delayed_work_submit_handler" time="25.013896" /><testcase classname="up_squared:kernel.workqueue.api" name="kernel.workqueue.api.delayed_work_cancel_from_queue_thread" time="25.013896" /><testcase classname="up_squared:kernel.workqueue.api" name="kernel.workqueue.api.delayed_work_cancel_from_queue_isr" time="25.013896" /><testcase classname="up_squared:kernel.workqueue.api" name="kernel.workqueue.api.delayed_work_cancel_thread" time="25.013896" /><testcase classname="up_squared:kernel.workqueue.api" name="kernel.workqueue.api.delayed_work_cancel_isr" time="25.013896" /><testcase classname="up_squared:kernel.workqueue.api" name="kernel.workqueue.api.triggered_work_submit_to_queue_thread" time="25.013896" /><testcase classname="up_squared:kernel.workqueue.api" name="kernel.workqueue.api.triggered_work_submit_to_queue_isr" time="25.013896" /><testcase classname="up_squared:kernel.workqueue.api" name="kernel.workqueue.api.triggered_work_submit_thread" time="25.013896" /><testcase classname="up_squared:kernel.workqueue.api" name="kernel.workqueue.api.triggered_work_submit_isr" time="25.013896" /><testcase classname="up_squared:kernel.workqueue.api" name="kernel.workqueue.api.triggered_work_cancel_from_queue_thread" time="25.013896" /><testcase classname="up_squared:kernel.workqueue.api" name="kernel.workqueue.api.triggered_work_cancel_from_queue_isr" time="25.013896" /><testcase classname="up_squared:kernel.workqueue.api" name="kernel.workqueue.api.triggered_work_cancel_thread" time="25.013896" /><testcase classname="up_squared:kernel.workqueue.api" name="kernel.workqueue.api.triggered_work_cancel_isr" time="25.013896" /><testcase classname="up_squared:kernel.workqueue" name="kernel.workqueue.sequence" time="27.310230" /><testcase classname="up_squared:kernel.workqueue" name="kernel.workqueue.resubmit" time="27.310230" /><testcase classname="up_squared:kernel.workqueue" name="kernel.workqueue.delayed" time="27.310230" /><testcase classname="up_squared:kernel.workqueue" name="kernel.workqueue.delayed_resubmit" time="27.310230" /><testcase classname="up_squared:kernel.workqueue" name="kernel.workqueue.delayed_resubmit_thread" time="27.310230" /><testcase classname="up_squared:kernel.workqueue" name="kernel.workqueue.delayed_cancel" time="27.310230" /><testcase classname="up_squared:kernel.workqueue" name="kernel.workqueue.triggered" time="27.310230" /><testcase classname="up_squared:kernel.workqueue" name="kernel.workqueue.already_triggered" time="27.310230" /><testcase classname="up_squared:kernel.workqueue" name="kernel.workqueue.triggered_resubmit" time="27.310230" /><testcase classname="up_squared:kernel.workqueue" name="kernel.workqueue.triggered_no_wait" time="27.310230" /><testcase classname="up_squared:kernel.workqueue" name="kernel.workqueue.triggered_no_wait_expired" time="27.310230" /><testcase classname="up_squared:kernel.workqueue" name="kernel.workqueue.triggered_wait" time="27.310230" /><testcase classname="up_squared:kernel.workqueue" name="kernel.workqueue.triggered_wait_expired" time="27.310230" /><testcase classname="up_squared:kernel.memory_pool.sys" name="kernel.memory_pool.sys.sys_mem_pool_alloc_free" time="23.158602" /><testcase classname="up_squared:kernel.memory_pool.sys" name="kernel.memory_pool.sys.sys_mem_pool_alloc_align4" time="23.158602" /><testcase classname="up_squared:kernel.memory_pool.sys" name="kernel.memory_pool.sys.sys_mem_pool_min_block_size" time="23.158602" /><testcase classname="up_squared:kernel.memory_pool.threadsafe" name="kernel.memory_pool.threadsafe.mpool_threadsafe" time="22.438172" /><testcase classname="up_squared:kernel.memory_pool.api" name="kernel.memory_pool.api.mpool_alloc_free_thread" time="23.339736" /><testcase classname="up_squared:kernel.memory_pool.api" name="kernel.memory_pool.api.mpool_alloc_free_isr" time="23.339736" /><testcase classname="up_squared:kernel.memory_pool.api" name="kernel.memory_pool.api.mpool_kdefine_extern" time="23.339736" /><testcase classname="up_squared:kernel.memory_pool.api" name="kernel.memory_pool.api.mpool_alloc_size" time="23.339736" /><testcase classname="up_squared:kernel.memory_pool.api" name="kernel.memory_pool.api.mpool_alloc_timeout" time="23.339736" /><testcase classname="up_squared:kernel.memory_pool.api" name="kernel.memory_pool.api.sys_heap_mem_pool_assign" time="23.339736" /><testcase classname="up_squared:kernel.memory_pool" name="kernel.memory_pool.pool_block_get" time="26.313334" /><testcase classname="up_squared:kernel.memory_pool" name="kernel.memory_pool.pool_block_get_timeout" time="26.313334" /><testcase classname="up_squared:kernel.memory_pool" name="kernel.memory_pool.pool_block_get_wait" time="26.313334" /><testcase classname="up_squared:kernel.memory_pool" name="kernel.memory_pool.pool_malloc" time="26.313334" /><testcase classname="up_squared:kernel.memory_pool.concept" name="kernel.memory_pool.concept.mpool_alloc_wait_prio" time="29.755352" /><testcase classname="up_squared:kernel.memory_pool.concept" name="kernel.memory_pool.concept.mpool_alloc_size_roundup" time="29.755352" /><testcase classname="up_squared:kernel.memory_pool.concept" name="kernel.memory_pool.concept.mpool_alloc_merge_failed_diff_size" time="29.755352" /><testcase classname="up_squared:kernel.memory_pool.concept" name="kernel.memory_pool.concept.mpool_alloc_merge_failed_diff_parent" time="29.755352" /><testcase classname="up_squared:kernel.objects.tracing" name="kernel.objects.tracing.philosophers_tracing" time="22.776711" /><testcase classname="up_squared:kernel.objects.tracing" name="kernel.objects.tracing.obj_tracing" time="22.776711" /><testcase classname="up_squared:kernel.common" name="kernel.common.kernel_interrupts" time="28.784795" /><testcase classname="up_squared:kernel.common" name="kernel.common.kernel_timer_interrupts" time="28.784795" /><testcase classname="up_squared:kernel.common" name="kernel.common.kernel_ctx_thread" time="28.784795" /><testcase classname="up_squared:kernel.common" name="kernel.common.busy_wait" time="28.784795" /><testcase classname="up_squared:kernel.common" name="kernel.common.k_sleep" time="28.784795" /><testcase classname="up_squared:kernel.common" name="kernel.common.kernel_cpu_idle_atomic" time="28.784795"><skipped message="Skipped" type="skipped" /></testcase><testcase classname="up_squared:kernel.common" name="kernel.common.kernel_cpu_idle" time="28.784795"><skipped message="Skipped" type="skipped" /></testcase><testcase classname="up_squared:kernel.common" name="kernel.common.k_yield" time="28.784795" /><testcase classname="up_squared:kernel.common" name="kernel.common.kernel_thread" time="28.784795" /><testcase classname="up_squared:kernel.mutex" name="kernel.mutex.mutex_lock_unlock" time="29.619816" /><testcase classname="up_squared:kernel.mutex" name="kernel.mutex.mutex_reent_lock_forever" time="29.619816" /><testcase classname="up_squared:kernel.mutex" name="kernel.mutex.mutex_reent_lock_no_wait" time="29.619816" /><testcase classname="up_squared:kernel.mutex" name="kernel.mutex.mutex_reent_lock_timeout_fail" time="29.619816" /><testcase classname="up_squared:kernel.mutex" name="kernel.mutex.mutex_reent_lock_timeout_pass" time="29.619816" /><testcase classname="up_squared:system.mutex.nouser" name="system.mutex.nouser.mutex" time="30.103361" /><testcase classname="up_squared:system.mutex.nouser" name="system.mutex.nouser.user_access" time="30.103361"><skipped message="Skipped" type="skipped" /></testcase><testcase classname="up_squared:system.mutex.nouser" name="system.mutex.nouser.supervisor_access" time="30.103361" /><testcase classname="up_squared:kernel.pipe" name="kernel.pipe.pipe_on_single_elements" time="25.310069" /><testcase classname="up_squared:kernel.pipe" name="kernel.pipe.pipe_on_multiple_elements" time="25.310069" /><testcase classname="up_squared:kernel.pipe" name="kernel.pipe.pipe_forever_wait" time="25.310069" /><testcase classname="up_squared:kernel.pipe" name="kernel.pipe.pipe_timeout" time="25.310069" /><testcase classname="up_squared:kernel.pipe" name="kernel.pipe.pipe_get_on_empty_pipe" time="25.310069" /><testcase classname="up_squared:kernel.pipe" name="kernel.pipe.pipe_forever_timeout" time="25.310069" /><testcase classname="up_squared:kernel.pipe" name="kernel.pipe.pipe_get_timeout" time="25.310069" /><testcase classname="up_squared:kernel.pipe" name="kernel.pipe.pipe_get_invalid_size" time="25.310069" /><testcase classname="up_squared:kernel.pipe.api" name="kernel.pipe.api.pipe_thread2thread" time="22.921944" /><testcase classname="up_squared:kernel.pipe.api" name="kernel.pipe.api.pipe_user_thread2thread" time="22.921944"><skipped message="Skipped" type="skipped" /></testcase><testcase classname="up_squared:kernel.pipe.api" name="kernel.pipe.api.pipe_user_put_fail" time="22.921944"><skipped message="Skipped" type="skipped" /></testcase><testcase classname="up_squared:kernel.pipe.api" name="kernel.pipe.api.pipe_user_get_fail" time="22.921944"><skipped message="Skipped" type="skipped" /></testcase><testcase classname="up_squared:kernel.pipe.api" name="kernel.pipe.api.resource_pool_auto_free" time="22.921944"><skipped message="Skipped" type="skipped" /></testcase><testcase classname="up_squared:kernel.pipe.api" name="kernel.pipe.api.pipe_put_fail" time="22.921944" /><testcase classname="up_squared:kernel.pipe.api" name="kernel.pipe.api.pipe_get_fail" time="22.921944" /><testcase classname="up_squared:kernel.pipe.api" name="kernel.pipe.api.pipe_block_put" time="22.921944" /><testcase classname="up_squared:kernel.pipe.api" name="kernel.pipe.api.pipe_block_put_sema" time="22.921944" /><testcase classname="up_squared:kernel.pipe.api" name="kernel.pipe.api.pipe_get_put" time="22.921944" /><testcase classname="up_squared:kernel.pipe.api" name="kernel.pipe.api.half_pipe_block_put_sema" time="22.921944" /><testcase classname="up_squared:kernel.pipe.api" name="kernel.pipe.api.half_pipe_get_put" time="22.921944" /><testcase classname="up_squared:kernel.pipe.api" name="kernel.pipe.api.half_pipe_saturating_block_put" time="22.921944" /><testcase classname="up_squared:kernel.pipe.api" name="kernel.pipe.api.pipe_alloc" time="22.921944" /><testcase classname="up_squared:kernel.pipe.api" name="kernel.pipe.api.pipe_reader_wait" time="22.921944" /><testcase classname="up_squared:kernel.pipe.api" name="kernel.pipe.api.pipe_block_writer_wait" time="22.921944" /></testsuite></testsuites>