<testsuites><testsuite errors="0" failures="1" name="Sanitycheck" skipped="18" tests="791" time="972.164289"><testcase classname="reel_board:libraries.os.fdtable" name="libraries.os.fdtable.z_reserve_fd" time="3.319341" /><testcase classname="reel_board:libraries.os.fdtable" name="libraries.os.fdtable.z_get_fd_obj_and_vtable" time="3.319341" /><testcase classname="reel_board:libraries.os.fdtable" name="libraries.os.fdtable.z_get_fd_obj" time="3.319341" /><testcase classname="reel_board:libraries.os.fdtable" name="libraries.os.fdtable.z_finalize_fd" time="3.319341" /><testcase classname="reel_board:libraries.os.fdtable" name="libraries.os.fdtable.z_alloc_fd" time="3.319341" /><testcase classname="reel_board:libraries.os.fdtable" name="libraries.os.fdtable.z_free_fd" time="3.319341" /><testcase classname="reel_board:libraries.onoff" name="libraries.onoff.service_init_validation" time="4.209090" /><testcase classname="reel_board:libraries.onoff" name="libraries.onoff.client_init_validation" time="4.209090" /><testcase classname="reel_board:libraries.onoff" name="libraries.onoff.validate_args" time="4.209090" /><testcase classname="reel_board:libraries.onoff" name="libraries.onoff.reset" time="4.209090" /><testcase classname="reel_board:libraries.onoff" name="libraries.onoff.request" time="4.209090" /><testcase classname="reel_board:libraries.onoff" name="libraries.onoff.sync" time="4.209090" /><testcase classname="reel_board:libraries.onoff" name="libraries.onoff.async" time="4.209090" /><testcase classname="reel_board:libraries.onoff" name="libraries.onoff.half_sync" time="4.209090" /><testcase classname="reel_board:libraries.onoff" name="libraries.onoff.cancel_request_waits" time="4.209090" /><testcase classname="reel_board:libraries.onoff" name="libraries.onoff.cancel_request_ok" time="4.209090" /><testcase classname="reel_board:libraries.onoff" name="libraries.onoff.blocked_restart" time="4.209090" /><testcase classname="reel_board:libraries.onoff" name="libraries.onoff.cancel_release" time="4.209090" /><testcase classname="reel_board:libraries.libc.sprintf" name="libraries.libc.sprintf.sprintf_double" time="3.866944" /><testcase classname="reel_board:libraries.libc.sprintf" name="libraries.libc.sprintf.sprintf_integer" time="3.866944" /><testcase classname="reel_board:libraries.libc.sprintf" name="libraries.libc.sprintf.vsprintf" time="3.866944" /><testcase classname="reel_board:libraries.libc.sprintf" name="libraries.libc.sprintf.vsnprintf" time="3.866944" /><testcase classname="reel_board:libraries.libc.sprintf" name="libraries.libc.sprintf.sprintf_string" time="3.866944" /><testcase classname="reel_board:libraries.libc.sprintf" name="libraries.libc.sprintf.sprintf_misc" time="3.866944" /><testcase classname="reel_board:libraries.encoding.json" name="libraries.encoding.json.json_encoding" time="3.809197" /><testcase classname="reel_board:libraries.encoding.json" name="libraries.encoding.json.json_decoding" time="3.809197" /><testcase classname="reel_board:libraries.encoding.json" name="libraries.encoding.json.json_decoding_array_array" time="3.809197" /><testcase classname="reel_board:libraries.encoding.json" name="libraries.encoding.json.json_obj_arr_encoding" time="3.809197" /><testcase classname="reel_board:libraries.encoding.json" name="libraries.encoding.json.json_obj_arr_decoding" time="3.809197" /><testcase classname="reel_board:libraries.encoding.json" name="libraries.encoding.json.json_invalid_string" time="3.809197" /><testcase classname="reel_board:libraries.encoding.json" name="libraries.encoding.json.json_invalid_bool" time="3.809197" /><testcase classname="reel_board:libraries.encoding.json" name="libraries.encoding.json.json_invalid_null" time="3.809197" /><testcase classname="reel_board:libraries.encoding.json" name="libraries.encoding.json.json_invalid_number" time="3.809197" /><testcase classname="reel_board:libraries.encoding.json" name="libraries.encoding.json.json_missing_quote" time="3.809197" /><testcase classname="reel_board:libraries.encoding.json" name="libraries.encoding.json.json_wrong_token" time="3.809197" /><testcase classname="reel_board:libraries.encoding.json" name="libraries.encoding.json.json_item_wrong_type" time="3.809197" /><testcase classname="reel_board:libraries.encoding.json" name="libraries.encoding.json.json_key_not_in_descr" time="3.809197" /><testcase classname="reel_board:libraries.encoding.json" name="libraries.encoding.json.json_escape" time="3.809197" /><testcase classname="reel_board:libraries.encoding.json" name="libraries.encoding.json.json_escape_one" time="3.809197" /><testcase classname="reel_board:libraries.encoding.json" name="libraries.encoding.json.json_escape_empty" time="3.809197" /><testcase classname="reel_board:libraries.encoding.json" name="libraries.encoding.json.json_escape_no_op" time="3.809197" /><testcase classname="reel_board:libraries.encoding.json" name="libraries.encoding.json.json_escape_bounds_check" time="3.809197" /><testcase classname="reel_board:libraries.libc" name="libraries.libc.limits" time="3.321277" /><testcase classname="reel_board:libraries.libc" name="libraries.libc.ssize_t" time="3.321277" /><testcase classname="reel_board:libraries.libc" name="libraries.libc.stdbool" time="3.321277" /><testcase classname="reel_board:libraries.libc" name="libraries.libc.stddef" time="3.321277" /><testcase classname="reel_board:libraries.libc" name="libraries.libc.stdint" time="3.321277" /><testcase classname="reel_board:libraries.libc" name="libraries.libc.memcmp" time="3.321277" /><testcase classname="reel_board:libraries.libc" name="libraries.libc.strchr" time="3.321277" /><testcase classname="reel_board:libraries.libc" name="libraries.libc.strcpy" time="3.321277" /><testcase classname="reel_board:libraries.libc" name="libraries.libc.strncpy" time="3.321277" /><testcase classname="reel_board:libraries.libc" name="libraries.libc.memset" time="3.321277" /><testcase classname="reel_board:libraries.libc" name="libraries.libc.strlen" time="3.321277" /><testcase classname="reel_board:libraries.libc" name="libraries.libc.strcmp" time="3.321277" /><testcase classname="reel_board:libraries.libc" name="libraries.libc.strxspn" time="3.321277" /><testcase classname="reel_board:libraries.libc" name="libraries.libc.bsearch" time="3.321277" /><testcase classname="reel_board:libraries.data_structures" name="libraries.data_structures.ringbuffer_init" time="3.603063" /><testcase classname="reel_board:libraries.data_structures" name="libraries.data_structures.ringbuffer_declare_pow2" time="3.603063" /><testcase classname="reel_board:libraries.data_structures" name="libraries.data_structures.ringbuffer_declare_size" time="3.603063" /><testcase classname="reel_board:libraries.data_structures" name="libraries.data_structures.ringbuffer_put_get_thread" time="3.603063" /><testcase classname="reel_board:libraries.data_structures" name="libraries.data_structures.ringbuffer_put_get_isr" time="3.603063" /><testcase classname="reel_board:libraries.data_structures" name="libraries.data_structures.ringbuffer_put_get_thread_isr" time="3.603063" /><testcase classname="reel_board:libraries.data_structures" name="libraries.data_structures.ringbuffer_pow2_put_get_thread_isr" time="3.603063" /><testcase classname="reel_board:libraries.data_structures" name="libraries.data_structures.ringbuffer_size_put_get_thread_isr" time="3.603063" /><testcase classname="reel_board:libraries.data_structures" name="libraries.data_structures.ring_buffer_main" time="3.603063" /><testcase classname="reel_board:libraries.data_structures" name="libraries.data_structures.ringbuffer_raw" time="3.603063" /><testcase classname="reel_board:libraries.data_structures" name="libraries.data_structures.ringbuffer_alloc_put" time="3.603063" /><testcase classname="reel_board:libraries.data_structures" name="libraries.data_structures.byte_put_free" time="3.603063" /><testcase classname="reel_board:libraries.data_structures" name="libraries.data_structures.capacity" time="3.603063" /><testcase classname="reel_board:libraries.data_structures" name="libraries.data_structures.reset" time="3.603063" /><testcase classname="reel_board:libraries.libc.minimal.mem_alloc" name="libraries.libc.minimal.mem_alloc.malloc" time="5.534123" /><testcase classname="reel_board:libraries.libc.minimal.mem_alloc" name="libraries.libc.minimal.mem_alloc.free" time="5.534123" /><testcase classname="reel_board:libraries.libc.minimal.mem_alloc" name="libraries.libc.minimal.mem_alloc.calloc" time="5.534123" /><testcase classname="reel_board:libraries.libc.minimal.mem_alloc" name="libraries.libc.minimal.mem_alloc.realloc" time="5.534123" /><testcase classname="reel_board:libraries.libc.minimal.mem_alloc" name="libraries.libc.minimal.mem_alloc.reallocarray" time="5.534123" /><testcase classname="reel_board:libraries.libc.minimal.mem_alloc" name="libraries.libc.minimal.mem_alloc.memalloc_all" time="5.534123" /><testcase classname="reel_board:libraries.libc.minimal.mem_alloc" name="libraries.libc.minimal.mem_alloc.memalloc_max" time="5.534123" /><testcase classname="reel_board:libraries.libc.newlib" name="libraries.libc.newlib.malloc" time="6.283123" /><testcase classname="reel_board:libraries.libc.newlib" name="libraries.libc.newlib.free" time="6.283123" /><testcase classname="reel_board:libraries.libc.newlib" name="libraries.libc.newlib.calloc" time="6.283123" /><testcase classname="reel_board:libraries.libc.newlib" name="libraries.libc.newlib.realloc" time="6.283123" /><testcase classname="reel_board:libraries.libc.newlib" name="libraries.libc.newlib.reallocarray" time="6.283123"><skipped message="Skipped" type="skipped" /></testcase><testcase classname="reel_board:libraries.libc.newlib" name="libraries.libc.newlib.memalloc_all" time="6.283123" /><testcase classname="reel_board:libraries.libc.newlib" name="libraries.libc.newlib.memalloc_max" time="6.283123" /><testcase classname="reel_board:application_development.cpp.main" name="application_development.cpp.main.new_delete" time="3.229609" /><testcase classname="reel_board:application_development.cpp.libcxx" name="application_development.cpp.libcxx.array" time="5.526039" /><testcase classname="reel_board:application_development.cpp.libcxx" name="application_development.cpp.libcxx.vector" time="5.526039" /><testcase classname="reel_board:application_development.cpp.libcxx" name="application_development.cpp.libcxx.make_unique" time="5.526039" /><testcase classname="reel_board:application_development.cpp.libcxx.exceptions" name="application_development.cpp.libcxx.exceptions.array" time="5.439330" /><testcase classname="reel_board:application_development.cpp.libcxx.exceptions" name="application_development.cpp.libcxx.exceptions.vector" time="5.439330" /><testcase classname="reel_board:application_development.cpp.libcxx.exceptions" name="application_development.cpp.libcxx.exceptions.make_unique" time="5.439330" /><testcase classname="reel_board:buildsystem.include_file" name="buildsystem.include_file.gen_inc_file" time="3.954971" /><testcase classname="reel_board:buildsystem.include_file" name="buildsystem.include_file.gen_gz_inc_file_no_mtime" time="3.954971" /><testcase classname="reel_board:buildsystem.include_file" name="buildsystem.include_file.gen_gz_inc_file_mtime_arg" time="3.954971" /><testcase classname="reel_board:portability.cmsis_rtos_v2" name="portability.cmsis_rtos_v2.kernel_apis" time="10.687201" /><testcase classname="reel_board:portability.cmsis_rtos_v2" name="portability.cmsis_rtos_v2.delay" time="10.687201" /><testcase classname="reel_board:portability.cmsis_rtos_v2" name="portability.cmsis_rtos_v2.thread_apis" time="10.687201" /><testcase classname="reel_board:portability.cmsis_rtos_v2" name="portability.cmsis_rtos_v2.thread_apis_dynamic" time="10.687201" /><testcase classname="reel_board:portability.cmsis_rtos_v2" name="portability.cmsis_rtos_v2.thread_prio" time="10.687201" /><testcase classname="reel_board:portability.cmsis_rtos_v2" name="portability.cmsis_rtos_v2.thread_prio_dynamic" time="10.687201" /><testcase classname="reel_board:portability.cmsis_rtos_v2" name="portability.cmsis_rtos_v2.timer" time="10.687201" /><testcase classname="reel_board:portability.cmsis_rtos_v2" name="portability.cmsis_rtos_v2.mutex" time="10.687201" /><testcase classname="reel_board:portability.cmsis_rtos_v2" name="portability.cmsis_rtos_v2.mutex_lock_timeout" time="10.687201" /><testcase classname="reel_board:portability.cmsis_rtos_v2" name="portability.cmsis_rtos_v2.semaphore" time="10.687201" /><testcase classname="reel_board:portability.cmsis_rtos_v2" name="portability.cmsis_rtos_v2.mempool" time="10.687201" /><testcase classname="reel_board:portability.cmsis_rtos_v2" name="portability.cmsis_rtos_v2.mempool_dynamic" time="10.687201" /><testcase classname="reel_board:portability.cmsis_rtos_v2" name="portability.cmsis_rtos_v2.messageq" time="10.687201" /><testcase classname="reel_board:portability.cmsis_rtos_v2" name="portability.cmsis_rtos_v2.event_flags_no_wait_timeout" time="10.687201" /><testcase classname="reel_board:portability.cmsis_rtos_v2" name="portability.cmsis_rtos_v2.event_flags_signalled" time="10.687201" /><testcase classname="reel_board:portability.cmsis_rtos_v2" name="portability.cmsis_rtos_v2.event_flags_isr" time="10.687201" /><testcase classname="reel_board:portability.cmsis_rtos_v2" name="portability.cmsis_rtos_v2.thread_flags_no_wait_timeout" time="10.687201" /><testcase classname="reel_board:portability.cmsis_rtos_v2" name="portability.cmsis_rtos_v2.thread_flags_signalled" time="10.687201" /><testcase classname="reel_board:portability.cmsis_rtos_v2" name="portability.cmsis_rtos_v2.thread_flags_isr" time="10.687201" /><testcase classname="reel_board:portability.cmsis_rtos_v2" name="portability.cmsis_rtos_v2.thread_join" time="10.687201" /><testcase classname="reel_board:portability.cmsis_rtos_v2" name="portability.cmsis_rtos_v2.thread_detached" time="10.687201" /><testcase classname="reel_board:portability.cmsis_rtos_v2" name="portability.cmsis_rtos_v2.thread_joinable_detach" time="10.687201" /><testcase classname="reel_board:portability.cmsis_rtos_v2" name="portability.cmsis_rtos_v2.thread_joinable_terminate" time="10.687201" /><testcase classname="reel_board:portability.cmsis_rtos_v1" name="portability.cmsis_rtos_v1.kernel_start" time="15.685888" /><testcase classname="reel_board:portability.cmsis_rtos_v1" name="portability.cmsis_rtos_v1.kernel_systick" time="15.685888" /><testcase classname="reel_board:portability.cmsis_rtos_v1" name="portability.cmsis_rtos_v1.thread_apis" time="15.685888" /><testcase classname="reel_board:portability.cmsis_rtos_v1" name="portability.cmsis_rtos_v1.thread_prio" time="15.685888" /><testcase classname="reel_board:portability.cmsis_rtos_v1" name="portability.cmsis_rtos_v1.thread_instances" time="15.685888" /><testcase classname="reel_board:portability.cmsis_rtos_v1" name="portability.cmsis_rtos_v1.timer" time="15.685888" /><testcase classname="reel_board:portability.cmsis_rtos_v1" name="portability.cmsis_rtos_v1.mutex" time="15.685888" /><testcase classname="reel_board:portability.cmsis_rtos_v1" name="portability.cmsis_rtos_v1.mutex_lock_timeout" time="15.685888" /><testcase classname="reel_board:portability.cmsis_rtos_v1" name="portability.cmsis_rtos_v1.semaphore" time="15.685888" /><testcase classname="reel_board:portability.cmsis_rtos_v1" name="portability.cmsis_rtos_v1.mempool" time="15.685888" /><testcase classname="reel_board:portability.cmsis_rtos_v1" name="portability.cmsis_rtos_v1.mailq" time="15.685888" /><testcase classname="reel_board:portability.cmsis_rtos_v1" name="portability.cmsis_rtos_v1.messageq" time="15.685888" /><testcase classname="reel_board:portability.cmsis_rtos_v1" name="portability.cmsis_rtos_v1.signal_events_no_wait" time="15.685888" /><testcase classname="reel_board:portability.cmsis_rtos_v1" name="portability.cmsis_rtos_v1.signal_events_timeout" time="15.685888" /><testcase classname="reel_board:portability.cmsis_rtos_v1" name="portability.cmsis_rtos_v1.signal_events_signalled" time="15.685888" /><testcase classname="reel_board:portability.cmsis_rtos_v1" name="portability.cmsis_rtos_v1.signal_events_isr" time="15.685888" /><testcase classname="reel_board:portability.posix.fs" name="portability.posix.fs.fs_mount" time="4.329562" /><testcase classname="reel_board:portability.posix.fs" name="portability.posix.fs.fs_open" time="4.329562" /><testcase classname="reel_board:portability.posix.fs" name="portability.posix.fs.fs_write" time="4.329562" /><testcase classname="reel_board:portability.posix.fs" name="portability.posix.fs.fs_read" time="4.329562" /><testcase classname="reel_board:portability.posix.fs" name="portability.posix.fs.fs_close" time="4.329562" /><testcase classname="reel_board:portability.posix.fs" name="portability.posix.fs.fs_fd_leak" time="4.329562" /><testcase classname="reel_board:portability.posix.fs" name="portability.posix.fs.fs_unlink" time="4.329562" /><testcase classname="reel_board:portability.posix.fs" name="portability.posix.fs.fs_mkdir" time="4.329562" /><testcase classname="reel_board:portability.posix.fs" name="portability.posix.fs.fs_readdir" time="4.329562" /><testcase classname="reel_board:portability.posix.fs.newlib" name="portability.posix.fs.newlib.fs_mount" time="4.315506" /><testcase classname="reel_board:portability.posix.fs.newlib" name="portability.posix.fs.newlib.fs_open" time="4.315506" /><testcase classname="reel_board:portability.posix.fs.newlib" name="portability.posix.fs.newlib.fs_write" time="4.315506" /><testcase classname="reel_board:portability.posix.fs.newlib" name="portability.posix.fs.newlib.fs_read" time="4.315506" /><testcase classname="reel_board:portability.posix.fs.newlib" name="portability.posix.fs.newlib.fs_close" time="4.315506" /><testcase classname="reel_board:portability.posix.fs.newlib" name="portability.posix.fs.newlib.fs_fd_leak" time="4.315506" /><testcase classname="reel_board:portability.posix.fs.newlib" name="portability.posix.fs.newlib.fs_unlink" time="4.315506" /><testcase classname="reel_board:portability.posix.fs.newlib" name="portability.posix.fs.newlib.fs_mkdir" time="4.315506" /><testcase classname="reel_board:portability.posix.fs.newlib" name="portability.posix.fs.newlib.fs_readdir" time="4.315506" /><testcase classname="reel_board:portability.posix.common" name="portability.posix.common.posix_pthread_execution" time="19.244761" /><testcase classname="reel_board:portability.posix.common" name="portability.posix.common.posix_pthread_termination" time="19.244761" /><testcase classname="reel_board:portability.posix.common" name="portability.posix.common.posix_multiple_threads_single_key" time="19.244761" /><testcase classname="reel_board:portability.posix.common" name="portability.posix.common.posix_single_thread_multiple_keys" time="19.244761" /><testcase classname="reel_board:portability.posix.common" name="portability.posix.common.posix_clock" time="19.244761" /><testcase classname="reel_board:portability.posix.common" name="portability.posix.common.posix_semaphore" time="19.244761" /><testcase classname="reel_board:portability.posix.common" name="portability.posix.common.posix_normal_mutex" time="19.244761" /><testcase classname="reel_board:portability.posix.common" name="portability.posix.common.posix_recursive_mutex" time="19.244761" /><testcase classname="reel_board:portability.posix.common" name="portability.posix.common.posix_mqueue" time="19.244761" /><testcase classname="reel_board:portability.posix.common" name="portability.posix.common.posix_realtime" time="19.244761" /><testcase classname="reel_board:portability.posix.common" name="portability.posix.common.posix_timer" time="19.244761" /><testcase classname="reel_board:portability.posix.common" name="portability.posix.common.posix_rw_lock" time="19.244761" /><testcase classname="reel_board:portability.posix.common.newlib" name="portability.posix.common.newlib.posix_pthread_execution" time="19.331220" /><testcase classname="reel_board:portability.posix.common.newlib" name="portability.posix.common.newlib.posix_pthread_termination" time="19.331220" /><testcase classname="reel_board:portability.posix.common.newlib" name="portability.posix.common.newlib.posix_multiple_threads_single_key" time="19.331220" /><testcase classname="reel_board:portability.posix.common.newlib" name="portability.posix.common.newlib.posix_single_thread_multiple_keys" time="19.331220" /><testcase classname="reel_board:portability.posix.common.newlib" name="portability.posix.common.newlib.posix_clock" time="19.331220" /><testcase classname="reel_board:portability.posix.common.newlib" name="portability.posix.common.newlib.posix_semaphore" time="19.331220" /><testcase classname="reel_board:portability.posix.common.newlib" name="portability.posix.common.newlib.posix_normal_mutex" time="19.331220" /><testcase classname="reel_board:portability.posix.common.newlib" name="portability.posix.common.newlib.posix_recursive_mutex" time="19.331220" /><testcase classname="reel_board:portability.posix.common.newlib" name="portability.posix.common.newlib.posix_mqueue" time="19.331220" /><testcase classname="reel_board:portability.posix.common.newlib" name="portability.posix.common.newlib.posix_realtime" time="19.331220" /><testcase classname="reel_board:portability.posix.common.newlib" name="portability.posix.common.newlib.posix_timer" time="19.331220" /><testcase classname="reel_board:portability.posix.common.newlib" name="portability.posix.common.newlib.posix_rw_lock" time="19.331220" /><testcase classname="reel_board:benchmark.kernel.timing.default" name="benchmark.kernel.timing.default" time="11.648564" /><testcase classname="reel_board:benchmark.kernel.timing.userspace" name="benchmark.kernel.timing.userspace" time="13.080263" /><testcase classname="reel_board:kernel.objects.tracing" name="kernel.objects.tracing.philosophers_tracing" time="3.440154" /><testcase classname="reel_board:kernel.objects.tracing" name="kernel.objects.tracing.obj_tracing" time="3.440154" /><testcase classname="reel_board:kernel.scheduler.metairq" name="kernel.scheduler.metairq.preempt" time="3.793113" /><testcase classname="reel_board:kernel.scheduler.deadline" name="kernel.scheduler.deadline.deadline" time="3.565231" /><testcase classname="reel_board:kernel.scheduler.preempt" name="kernel.scheduler.preempt.preempt" time="3.206452" /><testcase classname="reel_board:kernel.scheduler" name="kernel.scheduler.bad_priorities" time="22.567101" /><testcase classname="reel_board:kernel.scheduler" name="kernel.scheduler.priority_cooperative" time="22.567101" /><testcase classname="reel_board:kernel.scheduler" name="kernel.scheduler.priority_preemptible" time="22.567101" /><testcase classname="reel_board:kernel.scheduler" name="kernel.scheduler.yield_cooperative" time="22.567101" /><testcase classname="reel_board:kernel.scheduler" name="kernel.scheduler.sleep_cooperative" time="22.567101" /><testcase classname="reel_board:kernel.scheduler" name="kernel.scheduler.sleep_wakeup_preemptible" time="22.567101" /><testcase classname="reel_board:kernel.scheduler" name="kernel.scheduler.pending_thread_wakeup" time="22.567101" /><testcase classname="reel_board:kernel.scheduler" name="kernel.scheduler.time_slicing_preemptible" time="22.567101" /><testcase classname="reel_board:kernel.scheduler" name="kernel.scheduler.time_slicing_disable_preemptible" time="22.567101" /><testcase classname="reel_board:kernel.scheduler" name="kernel.scheduler.lock_preemptible" time="22.567101" /><testcase classname="reel_board:kernel.scheduler" name="kernel.scheduler.unlock_preemptible" time="22.567101" /><testcase classname="reel_board:kernel.scheduler" name="kernel.scheduler.unlock_nested_sched_lock" time="22.567101" /><testcase classname="reel_board:kernel.scheduler" name="kernel.scheduler.sched_is_preempt_thread" time="22.567101" /><testcase classname="reel_board:kernel.scheduler" name="kernel.scheduler.slice_reset" time="22.567101" /><testcase classname="reel_board:kernel.scheduler" name="kernel.scheduler.slice_scheduling" time="22.567101" /><testcase classname="reel_board:kernel.scheduler" name="kernel.scheduler.priority_scheduling" time="22.567101" /><testcase classname="reel_board:kernel.scheduler" name="kernel.scheduler.wakeup_expired_timer_thread" time="22.567101" /><testcase classname="reel_board:kernel.scheduler" name="kernel.scheduler.user_k_wakeup" time="22.567101" /><testcase classname="reel_board:kernel.scheduler" name="kernel.scheduler.user_k_is_preempt" time="22.567101" /><testcase classname="reel_board:kernel.scheduler.no_timeslicing" name="kernel.scheduler.no_timeslicing.bad_priorities" time="6.647424" /><testcase classname="reel_board:kernel.scheduler.no_timeslicing" name="kernel.scheduler.no_timeslicing.priority_cooperative" time="6.647424" /><testcase classname="reel_board:kernel.scheduler.no_timeslicing" name="kernel.scheduler.no_timeslicing.priority_preemptible" time="6.647424" /><testcase classname="reel_board:kernel.scheduler.no_timeslicing" name="kernel.scheduler.no_timeslicing.yield_cooperative" time="6.647424" /><testcase classname="reel_board:kernel.scheduler.no_timeslicing" name="kernel.scheduler.no_timeslicing.sleep_cooperative" time="6.647424" /><testcase classname="reel_board:kernel.scheduler.no_timeslicing" name="kernel.scheduler.no_timeslicing.sleep_wakeup_preemptible" time="6.647424" /><testcase classname="reel_board:kernel.scheduler.no_timeslicing" name="kernel.scheduler.no_timeslicing.pending_thread_wakeup" time="6.647424" /><testcase classname="reel_board:kernel.scheduler.no_timeslicing" name="kernel.scheduler.no_timeslicing.time_slicing_preemptible" time="6.647424"><skipped message="Skipped" type="skipped" /></testcase><testcase classname="reel_board:kernel.scheduler.no_timeslicing" name="kernel.scheduler.no_timeslicing.time_slicing_disable_preemptible" time="6.647424"><skipped message="Skipped" type="skipped" /></testcase><testcase classname="reel_board:kernel.scheduler.no_timeslicing" name="kernel.scheduler.no_timeslicing.lock_preemptible" time="6.647424" /><testcase classname="reel_board:kernel.scheduler.no_timeslicing" name="kernel.scheduler.no_timeslicing.unlock_preemptible" time="6.647424" /><testcase classname="reel_board:kernel.scheduler.no_timeslicing" name="kernel.scheduler.no_timeslicing.unlock_nested_sched_lock" time="6.647424" /><testcase classname="reel_board:kernel.scheduler.no_timeslicing" name="kernel.scheduler.no_timeslicing.sched_is_preempt_thread" time="6.647424" /><testcase classname="reel_board:kernel.scheduler.no_timeslicing" name="kernel.scheduler.no_timeslicing.slice_reset" time="6.647424"><skipped message="Skipped" type="skipped" /></testcase><testcase classname="reel_board:kernel.scheduler.no_timeslicing" name="kernel.scheduler.no_timeslicing.slice_scheduling" time="6.647424"><skipped message="Skipped" type="skipped" /></testcase><testcase classname="reel_board:kernel.scheduler.no_timeslicing" name="kernel.scheduler.no_timeslicing.priority_scheduling" time="6.647424" /><testcase classname="reel_board:kernel.scheduler.no_timeslicing" name="kernel.scheduler.no_timeslicing.wakeup_expired_timer_thread" time="6.647424" /><testcase classname="reel_board:kernel.scheduler.no_timeslicing" name="kernel.scheduler.no_timeslicing.user_k_wakeup" time="6.647424" /><testcase classname="reel_board:kernel.scheduler.no_timeslicing" name="kernel.scheduler.no_timeslicing.user_k_is_preempt" time="6.647424" /><testcase classname="reel_board:kernel.scheduler.multiq" name="kernel.scheduler.multiq.bad_priorities" time="23.157202" /><testcase classname="reel_board:kernel.scheduler.multiq" name="kernel.scheduler.multiq.priority_cooperative" time="23.157202" /><testcase classname="reel_board:kernel.scheduler.multiq" name="kernel.scheduler.multiq.priority_preemptible" time="23.157202" /><testcase classname="reel_board:kernel.scheduler.multiq" name="kernel.scheduler.multiq.yield_cooperative" time="23.157202" /><testcase classname="reel_board:kernel.scheduler.multiq" name="kernel.scheduler.multiq.sleep_cooperative" time="23.157202" /><testcase classname="reel_board:kernel.scheduler.multiq" name="kernel.scheduler.multiq.sleep_wakeup_preemptible" time="23.157202" /><testcase classname="reel_board:kernel.scheduler.multiq" name="kernel.scheduler.multiq.pending_thread_wakeup" time="23.157202" /><testcase classname="reel_board:kernel.scheduler.multiq" name="kernel.scheduler.multiq.time_slicing_preemptible" time="23.157202" /><testcase classname="reel_board:kernel.scheduler.multiq" name="kernel.scheduler.multiq.time_slicing_disable_preemptible" time="23.157202" /><testcase classname="reel_board:kernel.scheduler.multiq" name="kernel.scheduler.multiq.lock_preemptible" time="23.157202" /><testcase classname="reel_board:kernel.scheduler.multiq" name="kernel.scheduler.multiq.unlock_preemptible" time="23.157202" /><testcase classname="reel_board:kernel.scheduler.multiq" name="kernel.scheduler.multiq.unlock_nested_sched_lock" time="23.157202" /><testcase classname="reel_board:kernel.scheduler.multiq" name="kernel.scheduler.multiq.sched_is_preempt_thread" time="23.157202" /><testcase classname="reel_board:kernel.scheduler.multiq" name="kernel.scheduler.multiq.slice_reset" time="23.157202" /><testcase classname="reel_board:kernel.scheduler.multiq" name="kernel.scheduler.multiq.slice_scheduling" time="23.157202" /><testcase classname="reel_board:kernel.scheduler.multiq" name="kernel.scheduler.multiq.priority_scheduling" time="23.157202" /><testcase classname="reel_board:kernel.scheduler.multiq" name="kernel.scheduler.multiq.wakeup_expired_timer_thread" time="23.157202" /><testcase classname="reel_board:kernel.scheduler.multiq" name="kernel.scheduler.multiq.user_k_wakeup" time="23.157202" /><testcase classname="reel_board:kernel.scheduler.multiq" name="kernel.scheduler.multiq.user_k_is_preempt" time="23.157202" /><testcase classname="reel_board:kernel.scheduler.multiq_no_timeslicing" name="kernel.scheduler.multiq_no_timeslicing.bad_priorities" time="7.989954" /><testcase classname="reel_board:kernel.scheduler.multiq_no_timeslicing" name="kernel.scheduler.multiq_no_timeslicing.priority_cooperative" time="7.989954" /><testcase classname="reel_board:kernel.scheduler.multiq_no_timeslicing" name="kernel.scheduler.multiq_no_timeslicing.priority_preemptible" time="7.989954" /><testcase classname="reel_board:kernel.scheduler.multiq_no_timeslicing" name="kernel.scheduler.multiq_no_timeslicing.yield_cooperative" time="7.989954" /><testcase classname="reel_board:kernel.scheduler.multiq_no_timeslicing" name="kernel.scheduler.multiq_no_timeslicing.sleep_cooperative" time="7.989954" /><testcase classname="reel_board:kernel.scheduler.multiq_no_timeslicing" name="kernel.scheduler.multiq_no_timeslicing.sleep_wakeup_preemptible" time="7.989954" /><testcase classname="reel_board:kernel.scheduler.multiq_no_timeslicing" name="kernel.scheduler.multiq_no_timeslicing.pending_thread_wakeup" time="7.989954" /><testcase classname="reel_board:kernel.scheduler.multiq_no_timeslicing" name="kernel.scheduler.multiq_no_timeslicing.time_slicing_preemptible" time="7.989954"><skipped message="Skipped" type="skipped" /></testcase><testcase classname="reel_board:kernel.scheduler.multiq_no_timeslicing" name="kernel.scheduler.multiq_no_timeslicing.time_slicing_disable_preemptible" time="7.989954"><skipped message="Skipped" type="skipped" /></testcase><testcase classname="reel_board:kernel.scheduler.multiq_no_timeslicing" name="kernel.scheduler.multiq_no_timeslicing.lock_preemptible" time="7.989954" /><testcase classname="reel_board:kernel.scheduler.multiq_no_timeslicing" name="kernel.scheduler.multiq_no_timeslicing.unlock_preemptible" time="7.989954" /><testcase classname="reel_board:kernel.scheduler.multiq_no_timeslicing" name="kernel.scheduler.multiq_no_timeslicing.unlock_nested_sched_lock" time="7.989954" /><testcase classname="reel_board:kernel.scheduler.multiq_no_timeslicing" name="kernel.scheduler.multiq_no_timeslicing.sched_is_preempt_thread" time="7.989954" /><testcase classname="reel_board:kernel.scheduler.multiq_no_timeslicing" name="kernel.scheduler.multiq_no_timeslicing.slice_reset" time="7.989954"><skipped message="Skipped" type="skipped" /></testcase><testcase classname="reel_board:kernel.scheduler.multiq_no_timeslicing" name="kernel.scheduler.multiq_no_timeslicing.slice_scheduling" time="7.989954"><skipped message="Skipped" type="skipped" /></testcase><testcase classname="reel_board:kernel.scheduler.multiq_no_timeslicing" name="kernel.scheduler.multiq_no_timeslicing.priority_scheduling" time="7.989954" /><testcase classname="reel_board:kernel.scheduler.multiq_no_timeslicing" name="kernel.scheduler.multiq_no_timeslicing.wakeup_expired_timer_thread" time="7.989954" /><testcase classname="reel_board:kernel.scheduler.multiq_no_timeslicing" name="kernel.scheduler.multiq_no_timeslicing.user_k_wakeup" time="7.989954" /><testcase classname="reel_board:kernel.scheduler.multiq_no_timeslicing" name="kernel.scheduler.multiq_no_timeslicing.user_k_is_preempt" time="7.989954" /><testcase classname="reel_board:kernel.fifo" name="kernel.fifo.fifo_thread2thread" time="4.660031" /><testcase classname="reel_board:kernel.fifo" name="kernel.fifo.fifo_thread2isr" time="4.660031" /><testcase classname="reel_board:kernel.fifo" name="kernel.fifo.fifo_isr2thread" time="4.660031" /><testcase classname="reel_board:kernel.fifo" name="kernel.fifo.fifo_get_fail" time="4.660031" /><testcase classname="reel_board:kernel.fifo" name="kernel.fifo.fifo_loop" time="4.660031" /><testcase classname="reel_board:kernel.fifo" name="kernel.fifo.fifo_cancel_wait" time="4.660031" /><testcase classname="reel_board:kernel.fifo" name="kernel.fifo.fifo_is_empty_thread" time="4.660031" /><testcase classname="reel_board:kernel.fifo" name="kernel.fifo.fifo_is_empty_isr" time="4.660031" /><testcase classname="reel_board:kernel.fifo.poll" name="kernel.fifo.poll.fifo_thread2thread" time="4.580932" /><testcase classname="reel_board:kernel.fifo.poll" name="kernel.fifo.poll.fifo_thread2isr" time="4.580932" /><testcase classname="reel_board:kernel.fifo.poll" name="kernel.fifo.poll.fifo_isr2thread" time="4.580932" /><testcase classname="reel_board:kernel.fifo.poll" name="kernel.fifo.poll.fifo_get_fail" time="4.580932" /><testcase classname="reel_board:kernel.fifo.poll" name="kernel.fifo.poll.fifo_loop" time="4.580932" /><testcase classname="reel_board:kernel.fifo.poll" name="kernel.fifo.poll.fifo_cancel_wait" time="4.580932" /><testcase classname="reel_board:kernel.fifo.poll" name="kernel.fifo.poll.fifo_is_empty_thread" time="4.580932" /><testcase classname="reel_board:kernel.fifo.poll" name="kernel.fifo.poll.fifo_is_empty_isr" time="4.580932" /><testcase classname="reel_board:kernel.fifo.usage" name="kernel.fifo.usage.single_fifo_play" time="3.991873" /><testcase classname="reel_board:kernel.fifo.usage" name="kernel.fifo.usage.dual_fifo_play" time="3.991873" /><testcase classname="reel_board:kernel.fifo.usage" name="kernel.fifo.usage.isr_fifo_play" time="3.991873" /><testcase classname="reel_board:kernel.fifo.usage.poll" name="kernel.fifo.usage.poll.single_fifo_play" time="3.816021" /><testcase classname="reel_board:kernel.fifo.usage.poll" name="kernel.fifo.usage.poll.dual_fifo_play" time="3.816021" /><testcase classname="reel_board:kernel.fifo.usage.poll" name="kernel.fifo.usage.poll.isr_fifo_play" time="3.816021" /><testcase classname="reel_board:kernel.fifo.timeout" name="kernel.fifo.timeout.timeout_empty_fifo" time="4.082089" /><testcase classname="reel_board:kernel.fifo.timeout" name="kernel.fifo.timeout.timeout_non_empty_fifo" time="4.082089" /><testcase classname="reel_board:kernel.fifo.timeout" name="kernel.fifo.timeout.timeout_fifo_thread" time="4.082089" /><testcase classname="reel_board:kernel.fifo.timeout" name="kernel.fifo.timeout.timeout_threads_pend_on_fifo" time="4.082089" /><testcase classname="reel_board:kernel.fifo.timeout" name="kernel.fifo.timeout.timeout_threads_pend_on_dual_fifos" time="4.082089" /><testcase classname="reel_board:kernel.fifo.timeout" name="kernel.fifo.timeout.timeout_threads_pend_fail_on_fifo" time="4.082089" /><testcase classname="reel_board:kernel.fifo.timeout.poll" name="kernel.fifo.timeout.poll.timeout_empty_fifo" time="4.477994" /><testcase classname="reel_board:kernel.fifo.timeout.poll" name="kernel.fifo.timeout.poll.timeout_non_empty_fifo" time="4.477994" /><testcase classname="reel_board:kernel.fifo.timeout.poll" name="kernel.fifo.timeout.poll.timeout_fifo_thread" time="4.477994" /><testcase classname="reel_board:kernel.fifo.timeout.poll" name="kernel.fifo.timeout.poll.timeout_threads_pend_on_fifo" time="4.477994" /><testcase classname="reel_board:kernel.fifo.timeout.poll" name="kernel.fifo.timeout.poll.timeout_threads_pend_on_dual_fifos" time="4.477994" /><testcase classname="reel_board:kernel.fifo.timeout.poll" name="kernel.fifo.timeout.poll.timeout_threads_pend_fail_on_fifo" time="4.477994" /><testcase classname="reel_board:kernel.tickless.concept" name="kernel.tickless.concept.tickless_sysclock" time="5.142561" /><testcase classname="reel_board:kernel.tickless.concept" name="kernel.tickless.concept.tickless_slice" time="5.142561" /><testcase classname="reel_board:kernel.lifo" name="kernel.lifo.lifo_thread2thread" time="3.890071" /><testcase classname="reel_board:kernel.lifo" name="kernel.lifo.lifo_thread2isr" time="3.890071" /><testcase classname="reel_board:kernel.lifo" name="kernel.lifo.lifo_isr2thread" time="3.890071" /><testcase classname="reel_board:kernel.lifo" name="kernel.lifo.lifo_get_fail" time="3.890071" /><testcase classname="reel_board:kernel.lifo" name="kernel.lifo.lifo_loop" time="3.890071" /><testcase classname="reel_board:kernel.lifo.usage" name="kernel.lifo.usage.lifo_nowait" time="4.131023" /><testcase classname="reel_board:kernel.lifo.usage" name="kernel.lifo.usage.lifo_wait" time="4.131023" /><testcase classname="reel_board:kernel.lifo.usage" name="kernel.lifo.usage.timeout_empty_lifo" time="4.131023" /><testcase classname="reel_board:kernel.lifo.usage" name="kernel.lifo.usage.timeout_non_empty_lifo" time="4.131023" /><testcase classname="reel_board:kernel.lifo.usage" name="kernel.lifo.usage.timeout_lifo_thread" time="4.131023" /><testcase classname="reel_board:kernel.lifo.usage" name="kernel.lifo.usage.timeout_threads_pend_on_lifo" time="4.131023" /><testcase classname="reel_board:kernel.common.timing" name="kernel.common.timing.sleep" time="10.682133" /><testcase classname="reel_board:kernel.common.timing" name="kernel.common.timing.usleep" time="10.682133" /><testcase classname="reel_board:kernel.common.timing" name="kernel.common.timing.sleep_forever" time="10.682133" /><testcase classname="reel_board:kernel.message_queue" name="kernel.message_queue.msgq_thread" time="7.117126" /><testcase classname="reel_board:kernel.message_queue" name="kernel.message_queue.msgq_thread_overflow" time="7.117126" /><testcase classname="reel_board:kernel.message_queue" name="kernel.message_queue.msgq_user_thread" time="7.117126" /><testcase classname="reel_board:kernel.message_queue" name="kernel.message_queue.msgq_user_thread_overflow" time="7.117126" /><testcase classname="reel_board:kernel.message_queue" name="kernel.message_queue.msgq_isr" time="7.117126" /><testcase classname="reel_board:kernel.message_queue" name="kernel.message_queue.msgq_put_fail" time="7.117126" /><testcase classname="reel_board:kernel.message_queue" name="kernel.message_queue.msgq_get_fail" time="7.117126" /><testcase classname="reel_board:kernel.message_queue" name="kernel.message_queue.msgq_user_put_fail" time="7.117126" /><testcase classname="reel_board:kernel.message_queue" name="kernel.message_queue.msgq_user_get_fail" time="7.117126" /><testcase classname="reel_board:kernel.message_queue" name="kernel.message_queue.msgq_attrs_get" time="7.117126" /><testcase classname="reel_board:kernel.message_queue" name="kernel.message_queue.msgq_user_attrs_get" time="7.117126" /><testcase classname="reel_board:kernel.message_queue" name="kernel.message_queue.msgq_purge_when_put" time="7.117126" /><testcase classname="reel_board:kernel.message_queue" name="kernel.message_queue.msgq_user_purge_when_put" time="7.117126" /><testcase classname="reel_board:kernel.message_queue" name="kernel.message_queue.msgq_pend_thread" time="7.117126" /><testcase classname="reel_board:kernel.message_queue" name="kernel.message_queue.msgq_alloc" time="7.117126" /><testcase classname="reel_board:arch.common.xip" name="arch.common.xip.globals" time="3.166007" /><testcase classname="reel_board:kernel.memory_pool.sys" name="kernel.memory_pool.sys.sys_mem_pool_alloc_free" time="6.483077" /><testcase classname="reel_board:kernel.memory_pool.sys" name="kernel.memory_pool.sys.sys_mem_pool_alloc_align4" time="6.483077" /><testcase classname="reel_board:kernel.memory_pool.sys" name="kernel.memory_pool.sys.sys_mem_pool_min_block_size" time="6.483077" /><testcase classname="reel_board:kernel.memory_pool" name="kernel.memory_pool.pool_block_get" time="6.755256" /><testcase classname="reel_board:kernel.memory_pool" name="kernel.memory_pool.pool_block_get_timeout" time="6.755256" /><testcase classname="reel_board:kernel.memory_pool" name="kernel.memory_pool.pool_block_get_wait" time="6.755256" /><testcase classname="reel_board:kernel.memory_pool" name="kernel.memory_pool.pool_malloc" time="6.755256" /><testcase classname="reel_board:kernel.memory_pool.api" name="kernel.memory_pool.api.mpool_alloc_free_thread" time="3.557552" /><testcase classname="reel_board:kernel.memory_pool.api" name="kernel.memory_pool.api.mpool_alloc_free_isr" time="3.557552" /><testcase classname="reel_board:kernel.memory_pool.api" name="kernel.memory_pool.api.mpool_kdefine_extern" time="3.557552" /><testcase classname="reel_board:kernel.memory_pool.api" name="kernel.memory_pool.api.mpool_alloc_size" time="3.557552" /><testcase classname="reel_board:kernel.memory_pool.api" name="kernel.memory_pool.api.mpool_alloc_timeout" time="3.557552" /><testcase classname="reel_board:kernel.memory_pool.api" name="kernel.memory_pool.api.sys_heap_mem_pool_assign" time="3.557552" /><testcase classname="reel_board:kernel.memory_pool.threadsafe" name="kernel.memory_pool.threadsafe.mpool_threadsafe" time="3.392488" /><testcase classname="reel_board:kernel.memory_pool.concept" name="kernel.memory_pool.concept.mpool_alloc_wait_prio" time="9.592541" /><testcase classname="reel_board:kernel.memory_pool.concept" name="kernel.memory_pool.concept.mpool_alloc_size_roundup" time="9.592541" /><testcase classname="reel_board:kernel.memory_pool.concept" name="kernel.memory_pool.concept.mpool_alloc_merge_failed_diff_size" time="9.592541" /><testcase classname="reel_board:kernel.memory_pool.concept" name="kernel.memory_pool.concept.mpool_alloc_merge_failed_diff_parent" time="9.592541" /><testcase classname="reel_board:kernel.mutex" name="kernel.mutex.mutex_lock_unlock" time="11.923057" /><testcase classname="reel_board:kernel.mutex" name="kernel.mutex.mutex_reent_lock_forever" time="11.923057" /><testcase classname="reel_board:kernel.mutex" name="kernel.mutex.mutex_reent_lock_no_wait" time="11.923057" /><testcase classname="reel_board:kernel.mutex" name="kernel.mutex.mutex_reent_lock_timeout_fail" time="11.923057" /><testcase classname="reel_board:kernel.mutex" name="kernel.mutex.mutex_reent_lock_timeout_pass" time="11.923057" /><testcase classname="reel_board:system.mutex" name="system.mutex.mutex" time="13.303047" /><testcase classname="reel_board:system.mutex" name="system.mutex.user_access" time="13.303047" /><testcase classname="reel_board:system.mutex" name="system.mutex.supervisor_access" time="13.303047" /><testcase classname="reel_board:system.mutex.nouser" name="system.mutex.nouser.mutex" time="11.077801" /><testcase classname="reel_board:system.mutex.nouser" name="system.mutex.nouser.user_access" time="11.077801"><skipped message="Skipped" type="skipped" /></testcase><testcase classname="reel_board:system.mutex.nouser" name="system.mutex.nouser.supervisor_access" time="11.077801" /><testcase classname="reel_board:kernel.futex" name="kernel.futex.user_futex_bad" time="6.243090" /><testcase classname="reel_board:kernel.futex" name="kernel.futex.futex_wait_forever_wake" time="6.243090" /><testcase classname="reel_board:kernel.futex" name="kernel.futex.futex_wait_timeout_wake" time="6.243090" /><testcase classname="reel_board:kernel.futex" name="kernel.futex.futex_wait_nowait_wake" time="6.243090" /><testcase classname="reel_board:kernel.futex" name="kernel.futex.futex_wait_forever_wake_from_isr" time="6.243090" /><testcase classname="reel_board:kernel.futex" name="kernel.futex.futex_multiple_threads_wait_wake" time="6.243090" /><testcase classname="reel_board:kernel.futex" name="kernel.futex.multiple_futex_wait_wake" time="6.243090" /><testcase classname="reel_board:kernel.futex" name="kernel.futex.futex_wait_forever" time="6.243090" /><testcase classname="reel_board:kernel.futex" name="kernel.futex.futex_wait_timeout" time="6.243090" /><testcase classname="reel_board:kernel.futex" name="kernel.futex.futex_wait_nowait" time="6.243090" /><testcase classname="reel_board:kernel.memory_protection" name="kernel.memory_protection.permission_inheritance" time="7.754899" /><testcase classname="reel_board:kernel.memory_protection" name="kernel.memory_protection.mem_domain_valid_access" time="7.754899" /><testcase classname="reel_board:kernel.memory_protection" name="kernel.memory_protection.mem_domain_invalid_access" time="7.754899" /><testcase classname="reel_board:kernel.memory_protection" name="kernel.memory_protection.mem_domain_partitions_user_rw" time="7.754899" /><testcase classname="reel_board:kernel.memory_protection" name="kernel.memory_protection.mem_domain_partitions_supervisor_rw" time="7.754899" /><testcase classname="reel_board:kernel.memory_protection" name="kernel.memory_protection.mem_domain_partitions_user_ro" time="7.754899" /><testcase classname="reel_board:kernel.memory_protection" name="kernel.memory_protection.mem_domain_add_partitions_invalid" time="7.754899" /><testcase classname="reel_board:kernel.memory_protection" name="kernel.memory_protection.mem_domain_add_partitions_simple" time="7.754899" /><testcase classname="reel_board:kernel.memory_protection" name="kernel.memory_protection.mem_domain_remove_partitions_simple" time="7.754899" /><testcase classname="reel_board:kernel.memory_protection" name="kernel.memory_protection.mem_domain_remove_partitions" time="7.754899" /><testcase classname="reel_board:kernel.memory_protection" name="kernel.memory_protection.mem_domain_remove_thread" time="7.754899" /><testcase classname="reel_board:kernel.memory_protection" name="kernel.memory_protection.mem_domain_destroy" time="7.754899" /><testcase classname="reel_board:kernel.memory_protection" name="kernel.memory_protection.kobject_access_grant" time="7.754899" /><testcase classname="reel_board:kernel.memory_protection" name="kernel.memory_protection.syscall_invalid_kobject" time="7.754899" /><testcase classname="reel_board:kernel.memory_protection" name="kernel.memory_protection.thread_without_kobject_permission" time="7.754899" /><testcase classname="reel_board:kernel.memory_protection" name="kernel.memory_protection.kobject_revoke_access" time="7.754899" /><testcase classname="reel_board:kernel.memory_protection" name="kernel.memory_protection.kobject_grant_access_kobj" time="7.754899" /><testcase classname="reel_board:kernel.memory_protection" name="kernel.memory_protection.kobject_grant_access_kobj_invalid" time="7.754899" /><testcase classname="reel_board:kernel.memory_protection" name="kernel.memory_protection.kobject_release_from_user" time="7.754899" /><testcase classname="reel_board:kernel.memory_protection" name="kernel.memory_protection.kobject_access_all_grant" time="7.754899" /><testcase classname="reel_board:kernel.memory_protection" name="kernel.memory_protection.thread_has_residual_permissions" time="7.754899" /><testcase classname="reel_board:kernel.memory_protection" name="kernel.memory_protection.kobject_access_grant_to_invalid_thread" time="7.754899" /><testcase classname="reel_board:kernel.memory_protection" name="kernel.memory_protection.kobject_access_invalid_kobject" time="7.754899" /><testcase classname="reel_board:kernel.memory_protection" name="kernel.memory_protection.access_kobject_without_init_access" time="7.754899" /><testcase classname="reel_board:kernel.memory_protection" name="kernel.memory_protection.access_kobject_without_init_with_access" time="7.754899" /><testcase classname="reel_board:kernel.memory_protection" name="kernel.memory_protection.kobject_reinitialize_thread_kobj" time="7.754899" /><testcase classname="reel_board:kernel.memory_protection" name="kernel.memory_protection.create_new_thread_from_user" time="7.754899" /><testcase classname="reel_board:kernel.memory_protection" name="kernel.memory_protection.create_new_thread_from_user_no_access_stack" time="7.754899" /><testcase classname="reel_board:kernel.memory_protection" name="kernel.memory_protection.create_new_thread_from_user_invalid_stacksize" time="7.754899"><skipped message="Skipped" type="skipped" /></testcase><testcase classname="reel_board:kernel.memory_protection" name="kernel.memory_protection.create_new_thread_from_user_huge_stacksize" time="7.754899"><skipped message="Skipped" type="skipped" /></testcase><testcase classname="reel_board:kernel.memory_protection" name="kernel.memory_protection.create_new_supervisor_thread_from_user" time="7.754899" /><testcase classname="reel_board:kernel.memory_protection" name="kernel.memory_protection.create_new_essential_thread_from_user" time="7.754899" /><testcase classname="reel_board:kernel.memory_protection" name="kernel.memory_protection.create_new_higher_prio_thread_from_user" time="7.754899" /><testcase classname="reel_board:kernel.memory_protection" name="kernel.memory_protection.create_new_invalid_prio_thread_from_user" time="7.754899" /><testcase classname="reel_board:kernel.memory_protection.sys_sem" name="kernel.memory_protection.sys_sem.basic_sem_test" time="7.615157" /><testcase classname="reel_board:kernel.memory_protection.sys_sem" name="kernel.memory_protection.sys_sem.simple_sem_from_isr" time="7.615157" /><testcase classname="reel_board:kernel.memory_protection.sys_sem" name="kernel.memory_protection.sys_sem.sem_take_timeout_isr" time="7.615157" /><testcase classname="reel_board:kernel.memory_protection.sys_sem" name="kernel.memory_protection.sys_sem.sem_give_take_from_isr" time="7.615157" /><testcase classname="reel_board:kernel.memory_protection.sys_sem" name="kernel.memory_protection.sys_sem.simple_sem_from_task" time="7.615157" /><testcase classname="reel_board:kernel.memory_protection.sys_sem" name="kernel.memory_protection.sys_sem.sem_take_no_wait" time="7.615157" /><testcase classname="reel_board:kernel.memory_protection.sys_sem" name="kernel.memory_protection.sys_sem.sem_take_no_wait_fails" time="7.615157" /><testcase classname="reel_board:kernel.memory_protection.sys_sem" name="kernel.memory_protection.sys_sem.sem_take_timeout_fails" time="7.615157" /><testcase classname="reel_board:kernel.memory_protection.sys_sem" name="kernel.memory_protection.sys_sem.sem_take_timeout" time="7.615157" /><testcase classname="reel_board:kernel.memory_protection.sys_sem" name="kernel.memory_protection.sys_sem.sem_take_timeout_forever" time="7.615157" /><testcase classname="reel_board:kernel.memory_protection.sys_sem" name="kernel.memory_protection.sys_sem.sem_take_multiple" time="7.615157" /><testcase classname="reel_board:kernel.memory_protection.sys_sem" name="kernel.memory_protection.sys_sem.sem_give_limit" time="7.615157" /><testcase classname="reel_board:kernel.memory_protection.sys_sem" name="kernel.memory_protection.sys_sem.sem_multiple_threads_wait" time="7.615157" /><testcase classname="reel_board:kernel.memory_protection.sys_sem.nouser" name="kernel.memory_protection.sys_sem.nouser.simple_sem_from_isr" time="4.852023" /><testcase classname="reel_board:kernel.memory_protection.sys_sem.nouser" name="kernel.memory_protection.sys_sem.nouser.sem_take_timeout_isr" time="4.852023" /><testcase classname="reel_board:kernel.memory_protection.sys_sem.nouser" name="kernel.memory_protection.sys_sem.nouser.sem_give_take_from_isr" time="4.852023" /><testcase classname="reel_board:kernel.memory_protection.sys_sem.nouser" name="kernel.memory_protection.sys_sem.nouser.simple_sem_from_task" time="4.852023" /><testcase classname="reel_board:kernel.memory_protection.sys_sem.nouser" name="kernel.memory_protection.sys_sem.nouser.sem_take_no_wait" time="4.852023" /><testcase classname="reel_board:kernel.memory_protection.sys_sem.nouser" name="kernel.memory_protection.sys_sem.nouser.sem_take_no_wait_fails" time="4.852023" /><testcase classname="reel_board:kernel.memory_protection.sys_sem.nouser" name="kernel.memory_protection.sys_sem.nouser.sem_take_timeout_fails" time="4.852023" /><testcase classname="reel_board:kernel.memory_protection.sys_sem.nouser" name="kernel.memory_protection.sys_sem.nouser.sem_take_timeout" time="4.852023" /><testcase classname="reel_board:kernel.memory_protection.sys_sem.nouser" name="kernel.memory_protection.sys_sem.nouser.sem_take_timeout_forever" time="4.852023" /><testcase classname="reel_board:kernel.memory_protection.sys_sem.nouser" name="kernel.memory_protection.sys_sem.nouser.sem_take_multiple" time="4.852023" /><testcase classname="reel_board:kernel.memory_protection.sys_sem.nouser" name="kernel.memory_protection.sys_sem.nouser.sem_give_limit" time="4.852023" /><testcase classname="reel_board:kernel.memory_protection.sys_sem.nouser" name="kernel.memory_protection.sys_sem.nouser.sem_multiple_threads_wait" time="4.852023" /><testcase classname="reel_board:kernel.memory_protection.stack_random" name="kernel.memory_protection.stack_random.stack_pt_randomization" time="3.884046" /><testcase classname="reel_board:kernel.memory_protection.syscalls" name="kernel.memory_protection.syscalls.string_nlen" time="21.485966" /><testcase classname="reel_board:kernel.memory_protection.syscalls" name="kernel.memory_protection.syscalls.to_copy" time="21.485966" /><testcase classname="reel_board:kernel.memory_protection.syscalls" name="kernel.memory_protection.syscalls.user_string_copy" time="21.485966" /><testcase classname="reel_board:kernel.memory_protection.syscalls" name="kernel.memory_protection.syscalls.user_string_alloc_copy" time="21.485966" /><testcase classname="reel_board:kernel.memory_protection.syscalls" name="kernel.memory_protection.syscalls.arg64" time="21.485966" /><testcase classname="reel_board:kernel.memory_protection.syscalls" name="kernel.memory_protection.syscalls.syscall_torture" time="21.485966" /><testcase classname="reel_board:kernel.memory_protection.stackprot" name="kernel.memory_protection.stackprot.create_alt_thread" time="7.069042" /><testcase classname="reel_board:kernel.memory_protection.stackprot" name="kernel.memory_protection.stackprot.stackprot" time="7.069042" /><testcase classname="reel_board:kernel.memory_protection.obj_validation" name="kernel.memory_protection.obj_validation.generic_object" time="5.119411" /><testcase classname="reel_board:kernel.memory_protection.userspace" name="kernel.memory_protection.userspace.stack_buffer" time="7.893927" /><testcase classname="reel_board:kernel.memory_protection.userspace" name="kernel.memory_protection.userspace.unimplemented_syscall" time="7.893927" /><testcase classname="reel_board:kernel.memory_protection.userspace" name="kernel.memory_protection.userspace.bad_syscall" time="7.893927" /><testcase classname="reel_board:kernel.memory_protection.userspace" name="kernel.memory_protection.userspace.oops_panic" time="7.893927" /><testcase classname="reel_board:kernel.memory_protection.userspace" name="kernel.memory_protection.userspace.oops_oops" time="7.893927" /><testcase classname="reel_board:kernel.memory_protection.userspace" name="kernel.memory_protection.userspace.oops_exception" time="7.893927" /><testcase classname="reel_board:kernel.memory_protection.userspace" name="kernel.memory_protection.userspace.oops_maxint" time="7.893927" /><testcase classname="reel_board:kernel.memory_protection.userspace" name="kernel.memory_protection.userspace.oops_stackcheck" time="7.893927" /><testcase classname="reel_board:kernel.memory_protection.userspace" name="kernel.memory_protection.userspace.object_recycle" time="7.893927" /><testcase classname="reel_board:kernel.memory_protection.userspace" name="kernel.memory_protection.userspace.syscall_context" time="7.893927" /><testcase classname="reel_board:kernel.common.sleep" name="kernel.common.sleep.early_sleep" time="4.850667" /><testcase classname="reel_board:kernel.objects" name="kernel.objects.pending_fifo" time="10.265041" /><testcase classname="reel_board:kernel.objects" name="kernel.objects.pending_lifo" time="10.265041" /><testcase classname="reel_board:kernel.objects" name="kernel.objects.pending_timer" time="10.265041" /><testcase classname="reel_board:kernel.stack.usage" name="kernel.stack.usage.stack_thread2thread" time="5.837188" /><testcase classname="reel_board:kernel.stack.usage" name="kernel.stack.usage.stack_user_thread2thread" time="5.837188" /><testcase classname="reel_board:kernel.stack.usage" name="kernel.stack.usage.stack_thread2isr" time="5.837188" /><testcase classname="reel_board:kernel.stack.usage" name="kernel.stack.usage.stack_pop_fail" time="5.837188" /><testcase classname="reel_board:kernel.stack.usage" name="kernel.stack.usage.stack_user_pop_fail" time="5.837188" /><testcase classname="reel_board:kernel.stack.usage" name="kernel.stack.usage.stack_alloc_thread2thread" time="5.837188" /><testcase classname="reel_board:kernel.stack.usage" name="kernel.stack.usage.single_stack_play" time="5.837188" /><testcase classname="reel_board:kernel.stack.usage" name="kernel.stack.usage.dual_stack_play" time="5.837188" /><testcase classname="reel_board:kernel.stack.usage" name="kernel.stack.usage.isr_stack_play" time="5.837188" /><testcase classname="reel_board:kernel.workqueue.api" name="kernel.workqueue.api.workq_start_before_submit" time="8.572162" /><testcase classname="reel_board:kernel.workqueue.api" name="kernel.workqueue.api.user_workq_start_before_submit" time="8.572162" /><testcase classname="reel_board:kernel.workqueue.api" name="kernel.workqueue.api.user_workq_granted_access_setup" time="8.572162" /><testcase classname="reel_board:kernel.workqueue.api" name="kernel.workqueue.api.user_workq_granted_access" time="8.572162" /><testcase classname="reel_board:kernel.workqueue.api" name="kernel.workqueue.api.work_submit_to_multipleq" time="8.572162" /><testcase classname="reel_board:kernel.workqueue.api" name="kernel.workqueue.api.work_resubmit_to_queue" time="8.572162" /><testcase classname="reel_board:kernel.workqueue.api" name="kernel.workqueue.api.work_submit_to_queue_thread" time="8.572162" /><testcase classname="reel_board:kernel.workqueue.api" name="kernel.workqueue.api.work_submit_to_queue_isr" time="8.572162" /><testcase classname="reel_board:kernel.workqueue.api" name="kernel.workqueue.api.work_submit_thread" time="8.572162" /><testcase classname="reel_board:kernel.workqueue.api" name="kernel.workqueue.api.work_submit_isr" time="8.572162" /><testcase classname="reel_board:kernel.workqueue.api" name="kernel.workqueue.api.work_submit_handler" time="8.572162" /><testcase classname="reel_board:kernel.workqueue.api" name="kernel.workqueue.api.user_work_submit_to_queue_thread" time="8.572162" /><testcase classname="reel_board:kernel.workqueue.api" name="kernel.workqueue.api.delayed_work_submit_to_queue_thread" time="8.572162" /><testcase classname="reel_board:kernel.workqueue.api" name="kernel.workqueue.api.delayed_work_submit_to_queue_isr" time="8.572162" /><testcase classname="reel_board:kernel.workqueue.api" name="kernel.workqueue.api.delayed_work_submit_thread" time="8.572162" /><testcase classname="reel_board:kernel.workqueue.api" name="kernel.workqueue.api.delayed_work_submit_isr" time="8.572162" /><testcase classname="reel_board:kernel.workqueue.api" name="kernel.workqueue.api.delayed_work_submit_handler" time="8.572162" /><testcase classname="reel_board:kernel.workqueue.api" name="kernel.workqueue.api.delayed_work_cancel_from_queue_thread" time="8.572162" /><testcase classname="reel_board:kernel.workqueue.api" name="kernel.workqueue.api.delayed_work_cancel_from_queue_isr" time="8.572162" /><testcase classname="reel_board:kernel.workqueue.api" name="kernel.workqueue.api.delayed_work_cancel_thread" time="8.572162" /><testcase classname="reel_board:kernel.workqueue.api" name="kernel.workqueue.api.delayed_work_cancel_isr" time="8.572162" /><testcase classname="reel_board:kernel.workqueue.api" name="kernel.workqueue.api.triggered_work_submit_to_queue_thread" time="8.572162" /><testcase classname="reel_board:kernel.workqueue.api" name="kernel.workqueue.api.triggered_work_submit_to_queue_isr" time="8.572162" /><testcase classname="reel_board:kernel.workqueue.api" name="kernel.workqueue.api.triggered_work_submit_thread" time="8.572162" /><testcase classname="reel_board:kernel.workqueue.api" name="kernel.workqueue.api.triggered_work_submit_isr" time="8.572162" /><testcase classname="reel_board:kernel.workqueue.api" name="kernel.workqueue.api.triggered_work_cancel_from_queue_thread" time="8.572162" /><testcase classname="reel_board:kernel.workqueue.api" name="kernel.workqueue.api.triggered_work_cancel_from_queue_isr" time="8.572162" /><testcase classname="reel_board:kernel.workqueue.api" name="kernel.workqueue.api.triggered_work_cancel_thread" time="8.572162" /><testcase classname="reel_board:kernel.workqueue.api" name="kernel.workqueue.api.triggered_work_cancel_isr" time="8.572162" /><testcase classname="reel_board:kernel.workqueue" name="kernel.workqueue.sequence" time="9.305054" /><testcase classname="reel_board:kernel.workqueue" name="kernel.workqueue.resubmit" time="9.305054" /><testcase classname="reel_board:kernel.workqueue" name="kernel.workqueue.delayed" time="9.305054" /><testcase classname="reel_board:kernel.workqueue" name="kernel.workqueue.delayed_resubmit" time="9.305054" /><testcase classname="reel_board:kernel.workqueue" name="kernel.workqueue.delayed_resubmit_thread" time="9.305054" /><testcase classname="reel_board:kernel.workqueue" name="kernel.workqueue.delayed_cancel" time="9.305054" /><testcase classname="reel_board:kernel.workqueue" name="kernel.workqueue.triggered" time="9.305054" /><testcase classname="reel_board:kernel.workqueue" name="kernel.workqueue.already_triggered" time="9.305054" /><testcase classname="reel_board:kernel.workqueue" name="kernel.workqueue.triggered_resubmit" time="9.305054" /><testcase classname="reel_board:kernel.workqueue" name="kernel.workqueue.triggered_no_wait" time="9.305054" /><testcase classname="reel_board:kernel.workqueue" name="kernel.workqueue.triggered_no_wait_expired" time="9.305054" /><testcase classname="reel_board:kernel.workqueue" name="kernel.workqueue.triggered_wait" time="9.305054" /><testcase classname="reel_board:kernel.workqueue" name="kernel.workqueue.triggered_wait_expired" time="9.305054" /><testcase classname="reel_board:kernel.timer" name="kernel.timer.time_conversions" time="8.546972" /><testcase classname="reel_board:kernel.timer" name="kernel.timer.timer_duration_period" time="8.546972" /><testcase classname="reel_board:kernel.timer" name="kernel.timer.timer_period_0" time="8.546972" /><testcase classname="reel_board:kernel.timer" name="kernel.timer.timer_expirefn_null" time="8.546972" /><testcase classname="reel_board:kernel.timer" name="kernel.timer.timer_periodicity" time="8.546972" /><testcase classname="reel_board:kernel.timer" name="kernel.timer.timer_status_get" time="8.546972" /><testcase classname="reel_board:kernel.timer" name="kernel.timer.timer_status_get_anytime" time="8.546972" /><testcase classname="reel_board:kernel.timer" name="kernel.timer.timer_status_sync" time="8.546972" /><testcase classname="reel_board:kernel.timer" name="kernel.timer.timer_k_define" time="8.546972"><failure message="failed" type="failure">*** Booting Zephyr OS build zephyr-v2.2.0-273-g350dc0601d15  ***
Running test suite timer_api
===================================================================
starting test - test_time_conversions
PASS - test_time_conversions
===================================================================
starting test - test_timer_duration_period
PASS - test_timer_duration_period
===================================================================
starting test - test_timer_period_0
PASS - test_timer_period_0
===================================================================
starting test - test_timer_expirefn_null
PASS - test_timer_expirefn_null
===================================================================
starting test - test_timer_periodicity
PASS - test_timer_periodicity
===================================================================
starting test - test_timer_status_get
PASS - test_timer_status_get
===================================================================
starting test - test_timer_status_get_anytime
PASS - test_timer_status_get_anytime
===================================================================
starting test - test_timer_status_sync
PASS - test_timer_status_sync
===================================================================
starting test - test_timer_k_define

    Assertion failed at ZEPHYR_BASE/tests/kernel/timer/timer_api/src/main.c:64: duration_expire: interval &gt;= 100 is false

FAIL - test_timer_k_define
===================================================================
starting test - test_timer_user_data
PASS - test_timer_user_data
===================================================================
starting test - test_timer_remaining_get
PASS - test_timer_remaining_get
===================================================================
Test suite timer_api failed.
===================================================================
PROJECT EXECUTION FAILED
</failure></testcase><testcase classname="reel_board:kernel.timer" name="kernel.timer.timer_user_data" time="8.546972" /><testcase classname="reel_board:kernel.timer" name="kernel.timer.timer_remaining_get" time="8.546972" /><testcase classname="reel_board:kernel.timer.tickless" name="kernel.timer.tickless.time_conversions" time="8.863001" /><testcase classname="reel_board:kernel.timer.tickless" name="kernel.timer.tickless.timer_duration_period" time="8.863001" /><testcase classname="reel_board:kernel.timer.tickless" name="kernel.timer.tickless.timer_period_0" time="8.863001" /><testcase classname="reel_board:kernel.timer.tickless" name="kernel.timer.tickless.timer_expirefn_null" time="8.863001" /><testcase classname="reel_board:kernel.timer.tickless" name="kernel.timer.tickless.timer_periodicity" time="8.863001" /><testcase classname="reel_board:kernel.timer.tickless" name="kernel.timer.tickless.timer_status_get" time="8.863001" /><testcase classname="reel_board:kernel.timer.tickless" name="kernel.timer.tickless.timer_status_get_anytime" time="8.863001" /><testcase classname="reel_board:kernel.timer.tickless" name="kernel.timer.tickless.timer_status_sync" time="8.863001" /><testcase classname="reel_board:kernel.timer.tickless" name="kernel.timer.tickless.timer_k_define" time="8.863001" /><testcase classname="reel_board:kernel.timer.tickless" name="kernel.timer.tickless.timer_user_data" time="8.863001" /><testcase classname="reel_board:kernel.timer.tickless" name="kernel.timer.tickless.timer_remaining_get" time="8.863001" /><testcase classname="reel_board:kernel.timer.monotonic" name="kernel.timer.monotonic.timer" time="7.088494" /><testcase classname="reel_board:kernel.common.profiling" name="kernel.common.profiling.call_stacks_analyze_main" time="3.882180" /><testcase classname="reel_board:kernel.common.profiling" name="kernel.common.profiling.call_stacks_analyze_idle" time="3.882180" /><testcase classname="reel_board:kernel.common.profiling" name="kernel.common.profiling.call_stacks_analyze_workq" time="3.882180" /><testcase classname="reel_board:kernel.semaphore" name="kernel.semaphore.k_sema_init" time="20.920335" /><testcase classname="reel_board:kernel.semaphore" name="kernel.semaphore.sema_thread2thread" time="20.920335" /><testcase classname="reel_board:kernel.semaphore" name="kernel.semaphore.sema_thread2isr" time="20.920335" /><testcase classname="reel_board:kernel.semaphore" name="kernel.semaphore.sema_reset" time="20.920335" /><testcase classname="reel_board:kernel.semaphore" name="kernel.semaphore.sema_count_get" time="20.920335" /><testcase classname="reel_board:kernel.semaphore" name="kernel.semaphore.simple_sem_from_isr" time="20.920335" /><testcase classname="reel_board:kernel.semaphore" name="kernel.semaphore.simple_sem_from_task" time="20.920335" /><testcase classname="reel_board:kernel.semaphore" name="kernel.semaphore.sem_take_no_wait" time="20.920335" /><testcase classname="reel_board:kernel.semaphore" name="kernel.semaphore.sem_take_no_wait_fails" time="20.920335" /><testcase classname="reel_board:kernel.semaphore" name="kernel.semaphore.sem_take_timeout_fails" time="20.920335" /><testcase classname="reel_board:kernel.semaphore" name="kernel.semaphore.sem_take_timeout" time="20.920335" /><testcase classname="reel_board:kernel.semaphore" name="kernel.semaphore.sem_take_timeout_forever" time="20.920335" /><testcase classname="reel_board:kernel.semaphore" name="kernel.semaphore.sem_take_timeout_isr" time="20.920335" /><testcase classname="reel_board:kernel.semaphore" name="kernel.semaphore.sem_take_multiple" time="20.920335" /><testcase classname="reel_board:kernel.semaphore" name="kernel.semaphore.sem_give_take_from_isr" time="20.920335" /><testcase classname="reel_board:kernel.semaphore" name="kernel.semaphore.sem_multiple_threads_wait" time="20.920335" /><testcase classname="reel_board:kernel.semaphore" name="kernel.semaphore.sem_measure_timeouts" time="20.920335" /><testcase classname="reel_board:kernel.semaphore" name="kernel.semaphore.sem_measure_timeout_from_thread" time="20.920335" /><testcase classname="reel_board:kernel.semaphore" name="kernel.semaphore.sem_multiple_take_and_timeouts" time="20.920335" /><testcase classname="reel_board:kernel.semaphore" name="kernel.semaphore.sem_multi_take_timeout_diff_sem" time="20.920335" /><testcase classname="reel_board:kernel.fp_sharing.float_disable.arm" name="kernel.fp_sharing.float_disable.arm.k_float_disable_common" time="6.060952" /><testcase classname="reel_board:kernel.fp_sharing.float_disable.arm" name="kernel.fp_sharing.float_disable.arm.k_float_disable_irq" time="6.060952" /><testcase classname="reel_board:kernel.fp_sharing.float_disable.arm" name="kernel.fp_sharing.float_disable.arm.k_float_disable_syscall" time="6.060952" /><testcase classname="reel_board:kernel.mailbox.usage" name="kernel.mailbox.usage.msg_receiver" time="3.524087" /><testcase classname="reel_board:kernel.mailbox.api" name="kernel.mailbox.api.mbox_kinit" time="4.484285" /><testcase classname="reel_board:kernel.mailbox.api" name="kernel.mailbox.api.mbox_kdefine" time="4.484285" /><testcase classname="reel_board:kernel.mailbox.api" name="kernel.mailbox.api.mbox_put_get_null" time="4.484285" /><testcase classname="reel_board:kernel.mailbox.api" name="kernel.mailbox.api.mbox_put_get_buffer" time="4.484285" /><testcase classname="reel_board:kernel.mailbox.api" name="kernel.mailbox.api.mbox_async_put_get_buffer" time="4.484285" /><testcase classname="reel_board:kernel.mailbox.api" name="kernel.mailbox.api.mbox_async_put_get_block" time="4.484285" /><testcase classname="reel_board:kernel.mailbox.api" name="kernel.mailbox.api.mbox_target_source_thread_buffer" time="4.484285" /><testcase classname="reel_board:kernel.mailbox.api" name="kernel.mailbox.api.mbox_target_source_thread_block" time="4.484285" /><testcase classname="reel_board:kernel.mailbox.api" name="kernel.mailbox.api.mbox_incorrect_receiver_tid" time="4.484285" /><testcase classname="reel_board:kernel.mailbox.api" name="kernel.mailbox.api.mbox_incorrect_transmit_tid" time="4.484285" /><testcase classname="reel_board:kernel.mailbox.api" name="kernel.mailbox.api.mbox_timed_out_mbox_get" time="4.484285" /><testcase classname="reel_board:kernel.mailbox.api" name="kernel.mailbox.api.mbox_block_get_invalid_pool" time="4.484285" /><testcase classname="reel_board:kernel.mailbox.api" name="kernel.mailbox.api.mbox_msg_tid_mismatch" time="4.484285" /><testcase classname="reel_board:kernel.mailbox.api" name="kernel.mailbox.api.mbox_block_get_buff_to_pool" time="4.484285" /><testcase classname="reel_board:kernel.mailbox.api" name="kernel.mailbox.api.mbox_block_get_buff_to_smaller_pool" time="4.484285" /><testcase classname="reel_board:kernel.mailbox.api" name="kernel.mailbox.api.mbox_dispose_size_0_msg" time="4.484285" /><testcase classname="reel_board:kernel.mailbox.api" name="kernel.mailbox.api.mbox_clean_up_tx_pool" time="4.484285" /><testcase classname="reel_board:kernel.mailbox.api" name="kernel.mailbox.api.mbox_async_put_to_waiting_get" time="4.484285" /><testcase classname="reel_board:kernel.mailbox.api" name="kernel.mailbox.api.mbox_get_waiting_put_incorrect_tid" time="4.484285" /><testcase classname="reel_board:kernel.mailbox.api" name="kernel.mailbox.api.mbox_async_multiple_put" time="4.484285" /><testcase classname="reel_board:kernel.mailbox.api" name="kernel.mailbox.api.mbox_multiple_waiting_get" time="4.484285" /><testcase classname="reel_board:kernel.memory_heap" name="kernel.memory_heap.mheap_malloc_free" time="4.091099" /><testcase classname="reel_board:kernel.memory_heap" name="kernel.memory_heap.mheap_calloc" time="4.091099" /><testcase classname="reel_board:kernel.memory_heap" name="kernel.memory_heap.mheap_malloc_align4" time="4.091099" /><testcase classname="reel_board:kernel.memory_heap" name="kernel.memory_heap.mheap_min_block_size" time="4.091099" /><testcase classname="reel_board:kernel.memory_heap" name="kernel.memory_heap.mheap_block_desc" time="4.091099" /><testcase classname="reel_board:arch.interrupt" name="arch.interrupt.isr_dynamic" time="5.303917" /><testcase classname="reel_board:arch.interrupt" name="arch.interrupt.nested_isr" time="5.303917" /><testcase classname="reel_board:arch.interrupt" name="arch.interrupt.prevent_interruption" time="5.303917" /><testcase classname="reel_board:kernel.common.stack_protection" name="kernel.common.stack_protection.fatal" time="6.415001" /><testcase classname="reel_board:kernel.common.stack_protection_no_userspace" name="kernel.common.stack_protection_no_userspace.fatal" time="3.795122" /><testcase classname="reel_board:kernel.common.stack_protection_arm_fp_sharing" name="kernel.common.stack_protection_arm_fp_sharing.fatal" time="7.084038" /><testcase classname="reel_board:kernel.common.stack_sentinel" name="kernel.common.stack_sentinel.fatal" time="3.746800" /><testcase classname="reel_board:kernel.poll" name="kernel.poll.poll_no_wait" time="8.521948" /><testcase classname="reel_board:kernel.poll" name="kernel.poll.poll_wait" time="8.521948" /><testcase classname="reel_board:kernel.poll" name="kernel.poll.poll_zero_events" time="8.521948" /><testcase classname="reel_board:kernel.poll" name="kernel.poll.poll_cancel_main_low_prio" time="8.521948" /><testcase classname="reel_board:kernel.poll" name="kernel.poll.poll_cancel_main_high_prio" time="8.521948" /><testcase classname="reel_board:kernel.poll" name="kernel.poll.poll_multi" time="8.521948" /><testcase classname="reel_board:kernel.poll" name="kernel.poll.poll_threadstate" time="8.521948" /><testcase classname="reel_board:kernel.common" name="kernel.common.verify_bootdelay" time="7.137159" /><testcase classname="reel_board:kernel.common" name="kernel.common.irq_offload" time="7.137159" /><testcase classname="reel_board:kernel.common" name="kernel.common.byteorder_memcpy_swap" time="7.137159" /><testcase classname="reel_board:kernel.common" name="kernel.common.byteorder_mem_swap" time="7.137159" /><testcase classname="reel_board:kernel.common" name="kernel.common.sys_get_be64" time="7.137159" /><testcase classname="reel_board:kernel.common" name="kernel.common.sys_put_be64" time="7.137159" /><testcase classname="reel_board:kernel.common" name="kernel.common.sys_get_be32" time="7.137159" /><testcase classname="reel_board:kernel.common" name="kernel.common.sys_put_be32" time="7.137159" /><testcase classname="reel_board:kernel.common" name="kernel.common.sys_get_be16" time="7.137159" /><testcase classname="reel_board:kernel.common" name="kernel.common.sys_put_be16" time="7.137159" /><testcase classname="reel_board:kernel.common" name="kernel.common.sys_get_le16" time="7.137159" /><testcase classname="reel_board:kernel.common" name="kernel.common.sys_put_le16" time="7.137159" /><testcase classname="reel_board:kernel.common" name="kernel.common.sys_get_le32" time="7.137159" /><testcase classname="reel_board:kernel.common" name="kernel.common.sys_put_le32" time="7.137159" /><testcase classname="reel_board:kernel.common" name="kernel.common.sys_get_le64" time="7.137159" /><testcase classname="reel_board:kernel.common" name="kernel.common.sys_put_le64" time="7.137159" /><testcase classname="reel_board:kernel.common" name="kernel.common.atomic" time="7.137159" /><testcase classname="reel_board:kernel.common" name="kernel.common.bitfield" time="7.137159"><skipped message="Skipped" type="skipped" /></testcase><testcase classname="reel_board:kernel.common" name="kernel.common.printk" time="7.137159" /><testcase classname="reel_board:kernel.common" name="kernel.common.timeout_order" time="7.137159" /><testcase classname="reel_board:kernel.common" name="kernel.common.clock_uptime" time="7.137159" /><testcase classname="reel_board:kernel.common" name="kernel.common.clock_cycle" time="7.137159" /><testcase classname="reel_board:kernel.common" name="kernel.common.version" time="7.137159" /><testcase classname="reel_board:kernel.common" name="kernel.common.multilib" time="7.137159" /><testcase classname="reel_board:kernel.common" name="kernel.common.thread_context" time="7.137159" /><testcase classname="reel_board:kernel.common" name="kernel.common.bounds_check_mitigation" time="7.137159" /><testcase classname="reel_board:kernel.common" name="kernel.common.kernel_interrupts" time="9.681179" /><testcase classname="reel_board:kernel.common" name="kernel.common.kernel_timer_interrupts" time="9.681179"><skipped message="Skipped" type="skipped" /></testcase><testcase classname="reel_board:kernel.common" name="kernel.common.kernel_ctx_thread" time="9.681179" /><testcase classname="reel_board:kernel.common" name="kernel.common.busy_wait" time="9.681179" /><testcase classname="reel_board:kernel.common" name="kernel.common.k_sleep" time="9.681179" /><testcase classname="reel_board:kernel.common" name="kernel.common.kernel_cpu_idle_atomic" time="9.681179"><skipped message="Skipped" type="skipped" /></testcase><testcase classname="reel_board:kernel.common" name="kernel.common.kernel_cpu_idle" time="9.681179"><skipped message="Skipped" type="skipped" /></testcase><testcase classname="reel_board:kernel.common" name="kernel.common.k_yield" time="9.681179" /><testcase classname="reel_board:kernel.common" name="kernel.common.kernel_thread" time="9.681179" /><testcase classname="reel_board:kernel.common.critical" name="kernel.common.critical.critical" time="23.890115" /><testcase classname="reel_board:kernel.pipe.api" name="kernel.pipe.api.pipe_thread2thread" time="6.228241" /><testcase classname="reel_board:kernel.pipe.api" name="kernel.pipe.api.pipe_user_thread2thread" time="6.228241" /><testcase classname="reel_board:kernel.pipe.api" name="kernel.pipe.api.pipe_user_put_fail" time="6.228241" /><testcase classname="reel_board:kernel.pipe.api" name="kernel.pipe.api.pipe_user_get_fail" time="6.228241" /><testcase classname="reel_board:kernel.pipe.api" name="kernel.pipe.api.resource_pool_auto_free" time="6.228241" /><testcase classname="reel_board:kernel.pipe.api" name="kernel.pipe.api.pipe_put_fail" time="6.228241" /><testcase classname="reel_board:kernel.pipe.api" name="kernel.pipe.api.pipe_get_fail" time="6.228241" /><testcase classname="reel_board:kernel.pipe.api" name="kernel.pipe.api.pipe_block_put" time="6.228241" /><testcase classname="reel_board:kernel.pipe.api" name="kernel.pipe.api.pipe_block_put_sema" time="6.228241" /><testcase classname="reel_board:kernel.pipe.api" name="kernel.pipe.api.pipe_get_put" time="6.228241" /><testcase classname="reel_board:kernel.pipe.api" name="kernel.pipe.api.half_pipe_block_put_sema" time="6.228241" /><testcase classname="reel_board:kernel.pipe.api" name="kernel.pipe.api.half_pipe_get_put" time="6.228241" /><testcase classname="reel_board:kernel.pipe.api" name="kernel.pipe.api.half_pipe_saturating_block_put" time="6.228241" /><testcase classname="reel_board:kernel.pipe.api" name="kernel.pipe.api.pipe_alloc" time="6.228241" /><testcase classname="reel_board:kernel.pipe.api" name="kernel.pipe.api.pipe_reader_wait" time="6.228241" /><testcase classname="reel_board:kernel.pipe.api" name="kernel.pipe.api.pipe_block_writer_wait" time="6.228241" /><testcase classname="reel_board:kernel.pipe" name="kernel.pipe.pipe_on_single_elements" time="7.917813" /><testcase classname="reel_board:kernel.pipe" name="kernel.pipe.pipe_on_multiple_elements" time="7.917813" /><testcase classname="reel_board:kernel.pipe" name="kernel.pipe.pipe_forever_wait" time="7.917813" /><testcase classname="reel_board:kernel.pipe" name="kernel.pipe.pipe_timeout" time="7.917813" /><testcase classname="reel_board:kernel.pipe" name="kernel.pipe.pipe_get_on_empty_pipe" time="7.917813" /><testcase classname="reel_board:kernel.pipe" name="kernel.pipe.pipe_forever_timeout" time="7.917813" /><testcase classname="reel_board:kernel.pipe" name="kernel.pipe.pipe_get_timeout" time="7.917813" /><testcase classname="reel_board:kernel.pipe" name="kernel.pipe.pipe_get_invalid_size" time="7.917813" /><testcase classname="reel_board:kernel.queue" name="kernel.queue.queue_supv_to_user" time="7.330694" /><testcase classname="reel_board:kernel.queue" name="kernel.queue.queue_alloc_prepend_user" time="7.330694" /><testcase classname="reel_board:kernel.queue" name="kernel.queue.queue_alloc_append_user" time="7.330694" /><testcase classname="reel_board:kernel.queue" name="kernel.queue.auto_free" time="7.330694" /><testcase classname="reel_board:kernel.queue" name="kernel.queue.queue_thread2thread" time="7.330694" /><testcase classname="reel_board:kernel.queue" name="kernel.queue.queue_thread2isr" time="7.330694" /><testcase classname="reel_board:kernel.queue" name="kernel.queue.queue_isr2thread" time="7.330694" /><testcase classname="reel_board:kernel.queue" name="kernel.queue.queue_get_2threads" time="7.330694" /><testcase classname="reel_board:kernel.queue" name="kernel.queue.queue_get_fail" time="7.330694" /><testcase classname="reel_board:kernel.queue" name="kernel.queue.queue_loop" time="7.330694" /><testcase classname="reel_board:kernel.queue" name="kernel.queue.queue_alloc" time="7.330694" /><testcase classname="reel_board:kernel.queue.poll" name="kernel.queue.poll.queue_supv_to_user" time="6.710977" /><testcase classname="reel_board:kernel.queue.poll" name="kernel.queue.poll.queue_alloc_prepend_user" time="6.710977" /><testcase classname="reel_board:kernel.queue.poll" name="kernel.queue.poll.queue_alloc_append_user" time="6.710977" /><testcase classname="reel_board:kernel.queue.poll" name="kernel.queue.poll.auto_free" time="6.710977" /><testcase classname="reel_board:kernel.queue.poll" name="kernel.queue.poll.queue_thread2thread" time="6.710977" /><testcase classname="reel_board:kernel.queue.poll" name="kernel.queue.poll.queue_thread2isr" time="6.710977" /><testcase classname="reel_board:kernel.queue.poll" name="kernel.queue.poll.queue_isr2thread" time="6.710977" /><testcase classname="reel_board:kernel.queue.poll" name="kernel.queue.poll.queue_get_2threads" time="6.710977" /><testcase classname="reel_board:kernel.queue.poll" name="kernel.queue.poll.queue_get_fail" time="6.710977" /><testcase classname="reel_board:kernel.queue.poll" name="kernel.queue.poll.queue_loop" time="6.710977" /><testcase classname="reel_board:kernel.queue.poll" name="kernel.queue.poll.queue_alloc" time="6.710977" /><testcase classname="reel_board:kernel.threads.init" name="kernel.threads.init.kdefine_preempt_thread" time="10.488955" /><testcase classname="reel_board:kernel.threads.init" name="kernel.threads.init.kdefine_coop_thread" time="10.488955" /><testcase classname="reel_board:kernel.threads.init" name="kernel.threads.init.kinit_preempt_thread" time="10.488955" /><testcase classname="reel_board:kernel.threads.init" name="kernel.threads.init.kinit_coop_thread" time="10.488955" /><testcase classname="reel_board:kernel.threads.apis" name="kernel.threads.apis.threads_spawn_params" time="10.930498" /><testcase classname="reel_board:kernel.threads.apis" name="kernel.threads.apis.threads_spawn_priority" time="10.930498" /><testcase classname="reel_board:kernel.threads.apis" name="kernel.threads.apis.threads_spawn_delay" time="10.930498" /><testcase classname="reel_board:kernel.threads.apis" name="kernel.threads.apis.threads_spawn_forever" time="10.930498" /><testcase classname="reel_board:kernel.threads.apis" name="kernel.threads.apis.thread_start" time="10.930498" /><testcase classname="reel_board:kernel.threads.apis" name="kernel.threads.apis.threads_suspend_resume_cooperative" time="10.930498" /><testcase classname="reel_board:kernel.threads.apis" name="kernel.threads.apis.threads_suspend_resume_preemptible" time="10.930498" /><testcase classname="reel_board:kernel.threads.apis" name="kernel.threads.apis.threads_priority_set" time="10.930498" /><testcase classname="reel_board:kernel.threads.apis" name="kernel.threads.apis.threads_abort_self" time="10.930498" /><testcase classname="reel_board:kernel.threads.apis" name="kernel.threads.apis.threads_abort_others" time="10.930498" /><testcase classname="reel_board:kernel.threads.apis" name="kernel.threads.apis.threads_abort_repeat" time="10.930498" /><testcase classname="reel_board:kernel.threads.apis" name="kernel.threads.apis.abort_handler" time="10.930498" /><testcase classname="reel_board:kernel.threads.apis" name="kernel.threads.apis.delayed_thread_abort" time="10.930498" /><testcase classname="reel_board:kernel.threads.apis" name="kernel.threads.apis.essential_thread_operation" time="10.930498" /><testcase classname="reel_board:kernel.threads.apis" name="kernel.threads.apis.systhreads_main" time="10.930498" /><testcase classname="reel_board:kernel.threads.apis" name="kernel.threads.apis.systhreads_idle" time="10.930498" /><testcase classname="reel_board:kernel.threads.apis" name="kernel.threads.apis.customdata_get_set_coop" time="10.930498" /><testcase classname="reel_board:kernel.threads.apis" name="kernel.threads.apis.customdata_get_set_preempt" time="10.930498" /><testcase classname="reel_board:kernel.threads.apis" name="kernel.threads.apis.k_thread_foreach" time="10.930498" /><testcase classname="reel_board:kernel.threads.apis" name="kernel.threads.apis.thread_name_get_set" time="10.930498" /><testcase classname="reel_board:kernel.threads.apis" name="kernel.threads.apis.thread_name_user_get_set" time="10.930498" /><testcase classname="reel_board:kernel.threads.apis" name="kernel.threads.apis.user_mode" time="10.930498"><skipped message="Skipped" type="skipped" /></testcase><testcase classname="reel_board:kernel.threads.apis" name="kernel.threads.apis.threads_cpu_mask" time="10.930498" /><testcase classname="reel_board:kernel.threads.apis" name="kernel.threads.apis.threads_suspend_timeout" time="10.930498" /><testcase classname="reel_board:kernel.threads.apis" name="kernel.threads.apis.threads_suspend" time="10.930498" /><testcase classname="reel_board:kernel.threads.dynamic" name="kernel.threads.dynamic.kernel_create_dyn_user_thread" time="7.412674" /><testcase classname="reel_board:kernel.threads.dynamic" name="kernel.threads.dynamic.user_create_dyn_user_thread" time="7.412674" /><testcase classname="reel_board:kernel.threads.dynamic" name="kernel.threads.dynamic.dyn_thread_perms" time="7.412674" /><testcase classname="reel_board:kernel.threads.dynamic" name="kernel.threads.dynamic.thread_index_management" time="7.412674" /><testcase classname="reel_board:kernel.memory_slabs.concept" name="kernel.memory_slabs.concept.mslab_alloc_wait_prio" time="5.982663" /><testcase classname="reel_board:kernel.memory_slabs.threadsafe" name="kernel.memory_slabs.threadsafe.mslab_threadsafe" time="3.311606" /><testcase classname="reel_board:kernel.memory_slabs.api" name="kernel.memory_slabs.api.mslab" time="4.345951" /><testcase classname="reel_board:kernel.memory_slabs.api" name="kernel.memory_slabs.api.mslab_kinit" time="9.690097" /><testcase classname="reel_board:kernel.memory_slabs.api" name="kernel.memory_slabs.api.mslab_kdefine" time="9.690097" /><testcase classname="reel_board:kernel.memory_slabs.api" name="kernel.memory_slabs.api.mslab_kdefine_extern" time="9.690097" /><testcase classname="reel_board:kernel.memory_slabs.api" name="kernel.memory_slabs.api.mslab_alloc_free_thread" time="9.690097" /><testcase classname="reel_board:kernel.memory_slabs.api" name="kernel.memory_slabs.api.mslab_alloc_align" time="9.690097" /><testcase classname="reel_board:kernel.memory_slabs.api" name="kernel.memory_slabs.api.mslab_alloc_timeout" time="9.690097" /><testcase classname="reel_board:kernel.memory_slabs.api" name="kernel.memory_slabs.api.mslab_used_get" time="9.690097" /><testcase classname="reel_board:testing.ztest.verbose_0" name="testing.ztest.verbose_0.empty_test" time="3.241061" /><testcase classname="reel_board:testing.ztest.verbose_0" name="testing.ztest.verbose_0.assert_tests" time="3.241061" /><testcase classname="reel_board:testing.ztest.verbose_0" name="testing.ztest.verbose_0.assert_mem_equal" time="3.241061" /><testcase classname="reel_board:testing.ztest.verbose_1" name="testing.ztest.verbose_1.empty_test" time="3.398136" /><testcase classname="reel_board:testing.ztest.verbose_1" name="testing.ztest.verbose_1.assert_tests" time="3.398136" /><testcase classname="reel_board:testing.ztest.verbose_1" name="testing.ztest.verbose_1.assert_mem_equal" time="3.398136" /><testcase classname="reel_board:testing.ztest.verbose_2" name="testing.ztest.verbose_2.empty_test" time="3.472553" /><testcase classname="reel_board:testing.ztest.verbose_2" name="testing.ztest.verbose_2.assert_tests" time="3.472553" /><testcase classname="reel_board:testing.ztest.verbose_2" name="testing.ztest.verbose_2.assert_mem_equal" time="3.472553" /><testcase classname="reel_board:testing.ztest.regular_output" name="testing.ztest.regular_output.assert_pass" time="3.146348" /><testcase classname="reel_board:testing.ztest.regular_output" name="testing.ztest.regular_output.assert_skip" time="3.146348"><skipped message="Skipped" type="skipped" /></testcase><testcase classname="reel_board:drivers.pwm" name="drivers.pwm.pwm_usec" time="11.809412" /><testcase classname="reel_board:drivers.pwm" name="drivers.pwm.pwm_nsec" time="11.809412" /><testcase classname="reel_board:drivers.pwm" name="drivers.pwm.pwm_cycle" time="11.809412" /><testcase classname="reel_board:drivers.entropy" name="drivers.entropy.entropy_get_entropy" time="3.424709" /><testcase classname="reel_board:drivers.device_id" name="drivers.device_id.device_id_get" time="3.881475" /><testcase classname="reel_board:drivers.device_id" name="drivers.device_id.device_id_enotsup" time="3.881475" /><testcase classname="reel_board:net.ieee802154.l2" name="net.ieee802154.l2.init" time="8.237823" /><testcase classname="reel_board:net.ieee802154.l2" name="net.ieee802154.l2.parsing_ns_pkt" time="8.237823" /><testcase classname="reel_board:net.ieee802154.l2" name="net.ieee802154.l2.sending_ns_pkt" time="8.237823" /><testcase classname="reel_board:net.ieee802154.l2" name="net.ieee802154.l2.parsing_ack_pkt" time="8.237823" /><testcase classname="reel_board:net.ieee802154.l2" name="net.ieee802154.l2.replying_ack_pkt" time="8.237823" /><testcase classname="reel_board:net.ieee802154.l2" name="net.ieee802154.l2.parsing_beacon_pkt" time="8.237823" /><testcase classname="reel_board:net.ieee802154.l2" name="net.ieee802154.l2.parsing_sec_data_pkt" time="8.237823" /><testcase classname="reel_board:net.ieee802154.fragment" name="net.ieee802154.fragment.fragment_sam00_dam00" time="6.622080" /><testcase classname="reel_board:net.ieee802154.fragment" name="net.ieee802154.fragment.fragment_sam01_dam01" time="6.622080" /><testcase classname="reel_board:net.ieee802154.fragment" name="net.ieee802154.fragment.fragment_sam10_dam10" time="6.622080" /><testcase classname="reel_board:net.ieee802154.fragment" name="net.ieee802154.fragment.fragment_sam00_m1_dam00" time="6.622080" /><testcase classname="reel_board:net.ieee802154.fragment" name="net.ieee802154.fragment.fragment_sam01_m1_dam01" time="6.622080" /><testcase classname="reel_board:net.ieee802154.fragment" name="net.ieee802154.fragment.fragment_sam10_m1_dam10" time="6.622080" /><testcase classname="reel_board:net.ieee802154.fragment" name="net.ieee802154.fragment.fragment_ipv6_dispatch_small" time="6.622080" /><testcase classname="reel_board:net.ieee802154.fragment" name="net.ieee802154.fragment.fragment_ipv6_dispatch_big" time="6.622080" /><testcase classname="reel_board:crypto.rand32" name="crypto.rand32.rand32" time="3.795209" /><testcase classname="reel_board:crypto.rand32.random_sw_systimer" name="crypto.rand32.random_sw_systimer.rand32" time="3.102173" /><testcase classname="reel_board:crypto.rand32.random_hw_xoroshiro" name="crypto.rand32.random_hw_xoroshiro.rand32" time="3.518002" /><testcase classname="reel_board:crypto.rand32.random_ctr_drbg" name="crypto.rand32.random_ctr_drbg.rand32" time="3.061730" /><testcase classname="reel_board:crypto.mbedtls" name="crypto.mbedtls.mbedtls" time="25.229601" /><testcase classname="reel_board:arch.arm.ramfunc" name="arch.arm.ramfunc.arm_ramfunc" time="5.873316" /><testcase classname="reel_board:arch.interrupt.arm.irq_vector_table" name="arch.interrupt.arm.irq_vector_table.arm_irq_vector_table" time="3.990211" /><testcase classname="reel_board:arch.arm.swap.common" name="arch.arm.swap.common.arm_thread_swap" time="6.572278" /><testcase classname="reel_board:arch.arm.swap.common" name="arch.arm.swap.common.arm_syscalls" time="6.572278" /><testcase classname="reel_board:arch.arm.swap.common.no_optimizations" name="arch.arm.swap.common.no_optimizations.arm_thread_swap" time="11.058714" /><testcase classname="reel_board:arch.arm.swap.common.no_optimizations" name="arch.arm.swap.common.no_optimizations.arm_syscalls" time="11.058714" /><testcase classname="reel_board:arch.arm.swap.common.fp_sharing" name="arch.arm.swap.common.fp_sharing.arm_thread_swap" time="6.997016" /><testcase classname="reel_board:arch.arm.swap.common.fp_sharing" name="arch.arm.swap.common.fp_sharing.arm_syscalls" time="6.997016" /><testcase classname="reel_board:arch.arm.swap.common.fp_sharing.no_optimizations" name="arch.arm.swap.common.fp_sharing.no_optimizations.arm_thread_swap" time="10.009591" /><testcase classname="reel_board:arch.arm.swap.common.fp_sharing.no_optimizations" name="arch.arm.swap.common.fp_sharing.no_optimizations.arm_syscalls" time="10.009591" /><testcase classname="reel_board:arch.arm.irq_advanced_features" name="arch.arm.irq_advanced_features.arm_dynamic_direct_interrupts" time="3.357385" /><testcase classname="reel_board:arch.arm.irq_advanced_features" name="arch.arm.irq_advanced_features.arm_zero_latency_irqs" time="3.357385" /><testcase classname="reel_board:arch.interrupt.arm" name="arch.interrupt.arm.arm_interrupt" time="5.632132" /><testcase classname="reel_board:arch.interrupt.arm" name="arch.interrupt.arm.arm_user_interrupt" time="5.632132" /><testcase classname="reel_board:arch.interrupt.no_optimizations" name="arch.interrupt.no_optimizations.arm_interrupt" time="10.393585" /><testcase classname="reel_board:arch.interrupt.no_optimizations" name="arch.interrupt.no_optimizations.arm_user_interrupt" time="10.393585" /><testcase classname="reel_board:shell.core" name="shell.core.cmd_help" time="4.746069" /><testcase classname="reel_board:shell.core" name="shell.core.cmd_clear" time="4.746069" /><testcase classname="reel_board:shell.core" name="shell.core.cmd_shell" time="4.746069" /><testcase classname="reel_board:shell.core" name="shell.core.cmd_history" time="4.746069" /><testcase classname="reel_board:shell.core" name="shell.core.cmd_select" time="4.746069" /><testcase classname="reel_board:shell.core" name="shell.core.cmd_resize" time="4.746069" /><testcase classname="reel_board:shell.core" name="shell.core.shell_module" time="4.746069" /><testcase classname="reel_board:shell.core" name="shell.core.shell_wildcards_static" time="4.746069" /><testcase classname="reel_board:shell.core" name="shell.core.shell_wildcards_dynamic" time="4.746069" /><testcase classname="reel_board:usb.bos" name="usb.bos.usb_bos_macros" time="4.070129" /><testcase classname="reel_board:usb.bos" name="usb.bos.usb_bos" time="4.070129" /><testcase classname="reel_board:usb.desc_sections" name="usb.desc_sections.desc_sections" time="4.345566" /><testcase classname="reel_board:usb.device" name="usb.device.usb_dc_api_invalid" time="6.264060" /><testcase classname="reel_board:usb.device" name="usb.device.usb_dc_api" time="6.264060" /><testcase classname="reel_board:usb.device" name="usb.device.usb_dc_api_read_write" time="6.264060" /><testcase classname="reel_board:usb.device" name="usb.device.usb_deconfig" time="6.264060" /><testcase classname="reel_board:usb.device" name="usb.device.usb_disable" time="6.264060" /><testcase classname="reel_board:tracing.backends.openocd" name="tracing.backends.openocd" time="3.756226" /><testcase classname="reel_board:logging.log_list" name="logging.log_list.log_list" time="4.188349" /><testcase classname="reel_board:logging.log_list" name="logging.log_list.log_list_multiple_items" time="4.188349" /><testcase classname="reel_board:logging.log_core" name="logging.log_core.log_backend_runtime_filtering" time="3.518155" /><testcase classname="reel_board:logging.log_core" name="logging.log_core.log_overflow" time="3.518155" /><testcase classname="reel_board:logging.log_core" name="logging.log_core.log_arguments" time="3.518155" /><testcase classname="reel_board:logging.log_core" name="logging.log_core.log_from_declared_module" time="3.518155" /><testcase classname="reel_board:logging.log_core" name="logging.log_core.log_strdup_gc" time="3.518155" /><testcase classname="reel_board:logging.log_core" name="logging.log_core.log_strdup_detect_miss" time="3.518155" /><testcase classname="reel_board:logging.log_core" name="logging.log_core.strdup_trimming" time="3.518155" /><testcase classname="reel_board:logging.log_core" name="logging.log_core.log_msg_dropped_notification" time="3.518155" /><testcase classname="reel_board:logging.log_core" name="logging.log_core.z_log_get_s_mask" time="3.518155" /><testcase classname="reel_board:logging.log_core" name="logging.log_core.log_panic" time="3.518155" /><testcase classname="reel_board:logging.log_msg" name="logging.log_msg.log_std_msg" time="4.849033" /><testcase classname="reel_board:logging.log_msg" name="logging.log_msg.log_hexdump_msg" time="4.849033" /><testcase classname="reel_board:logging.log_msg" name="logging.log_msg.log_hexdump_data_get_single_chunk" time="4.849033" /><testcase classname="reel_board:logging.log_msg" name="logging.log_msg.log_hexdump_data_get_two_chunks" time="4.849033" /><testcase classname="reel_board:logging.log_msg" name="logging.log_msg.log_hexdump_data_get_multiple_chunks" time="4.849033" /><testcase classname="reel_board:logging.log_output" name="logging.log_output.log_output_raw_string" time="3.586111" /><testcase classname="reel_board:logging.log_output" name="logging.log_output.log_output_string" time="3.586111" /><testcase classname="reel_board:shell.history" name="shell.history.history_add_get" time="4.562253" /><testcase classname="reel_board:shell.history" name="shell.history.history_purge" time="4.562253" /><testcase classname="reel_board:shell.history" name="shell.history.history_get_up_and_down" time="4.562253" /><testcase classname="reel_board:shell.history" name="shell.history.too_long_line_not_stored" time="4.562253" /><testcase classname="reel_board:shell.history" name="shell.history.no_duplicates_in_a_row" time="4.562253" /><testcase classname="reel_board:shell.history" name="shell.history.storing_long_buffers" time="4.562253" /><testcase classname="reel_board:libraries.encoding.jwt" name="libraries.encoding.jwt.jwt" time="6.859038" /></testsuite></testsuites>